#1 0 80000000 70040497 r 09         f0040000  auipc    s1, 0x70040
#2 0 80000004 00048493 r 09         f0040000  addi     s1, s1, 0
#3 0 80000008 70040917 r 12         f0040008  auipc    s2, 0x70040
#4 0 8000000c 23a90913 r 12         f0040242  addi     s2, s2, 570
#5 0 80000010 70040a97 r 15         f0040010  auipc    s5, 0x70040
#6 0 80000014 242a8a93 r 15         f0040252  addi     s5, s5, 578
#7 0 80000018     42c1 r 05         00000010  c.li     t0, 0x10
#8 0 8000001a 0002f2d7 r 05         00000010  vsetvli t0, t0, e8,m1,tu,mu  +
#8 0 8000001a 0002f2d7 c 0c20       00000010  vsetvli t0, t0, e8,m1,tu,mu  +
#8 0 8000001a 0002f2d7 c 0c21       00000000  vsetvli t0, t0, e8,m1,tu,mu
#9 0 8000001e 02048007 v 00 00000000000000000000000000000000340737e0a29831318d305a88a8f64332 vle8.v v0, (s1)
#10 0 80000022 02090087 v 01 000000000000000000000000000000003c4fcf098815f7aba6d2ae2816157e2b vle8.v v1, (s2)
#11 0 80000026 2e008057 v 00 000000000000000000000000000000000848f8e92a8dc69a2be2f4a0bee33d19 vxor.vv v0, v0, v1
#12 0 8000002a 020a8027 m f0040261   00000008  vse8.v v0, (s5)
#13 0 8000002e     4d81 r 1b         00000000  c.li     s11, 0x0
#14 0 80000030     4325 r 06         00000009  c.li     t1, 0x9
#15 0 80000032 70040a17 r 14         f0040032  auipc    s4, 0x70040
#16 0 80000036 fcea0a13 r 14         f0040000  addi     s4, s4, -50
#17 0 8000003a 70040997 r 13         f004003a  auipc    s3, 0x70040
#18 0 8000003e 00898993 r 13         f0040042  addi     s3, s3, 8
#19 0 80000042 70040a97 r 15         f0040042  auipc    s5, 0x70040
#20 0 80000046 210a8a93 r 15         f0040252  addi     s5, s5, 528
#21 0 8000004a     42c1 r 05         00000010  c.li     t0, 0x10
#22 0 8000004c 0002f2d7 r 05         00000010  vsetvli t0, t0, e8,m1,tu,mu  +
#22 0 8000004c 0002f2d7 c 0c20       00000010  vsetvli t0, t0, e8,m1,tu,mu  +
#22 0 8000004c 0002f2d7 c 0c21       00000000  vsetvli t0, t0, e8,m1,tu,mu
#23 0 80000050 020a8107 v 02 000000000000000000000000000000000848f8e92a8dc69a2be2f4a0bee33d19 vle8.v v2, (s5)
#24 0 80000054 06298187 v 03 000000000000000000000000000000003052411ee55db4b8f198bfe0ae1127d4 vluxei8.v v3, (s3), v2
#25 0 80000058 020a81a7 m f0040261   00000030  vse8.v v3, (s5)
#26 0 8000005c     42c1 r 05         00000010  c.li     t0, 0x10
#27 0 8000005e 70040497 r 09         f004005e  auipc    s1, 0x70040
#28 0 80000062 1f448493 r 09         f0040252  addi     s1, s1, 500
#29 0 80000066 70040917 r 12         f0040066  auipc    s2, 0x70040
#30 0 8000006a 27090913 r 12         f00402d6  addi     s2, s2, 624
#31 0 8000006e 0002f2d7 r 05         00000010  vsetvli t0, t0, e8,m1,tu,mu  +
#31 0 8000006e 0002f2d7 c 0c20       00000010  vsetvli t0, t0, e8,m1,tu,mu  +
#31 0 8000006e 0002f2d7 c 0c21       00000000  vsetvli t0, t0, e8,m1,tu,mu
#32 0 80000072 02090087 v 01 000000000000000000000000000000000b06010c07020d08030e09040f0a0500 vle8.v v1, (s2)
#33 0 80000076 06148187 v 03 00000000000000000000000000000000e598271ef11141b8ae52b4e0305dbfd4 vluxei8.v v3, (s1), v1
#34 0 8000007a 020481a7 m f0040261   000000e5  vse8.v v3, (s1)
#35 0 8000007e 70040917 r 12         f004007e  auipc    s2, 0x70040
#36 0 80000082 1d490913 r 12         f0040252  addi     s2, s2, 468
#37 0 80000086     4291 r 05         00000004  c.li     t0, 0x4
#38 0 80000088 0002f2d7 r 05         00000004  vsetvli t0, t0, e8,m1,tu,mu  +
#38 0 80000088 0002f2d7 c 0c20       00000004  vsetvli t0, t0, e8,m1,tu,mu  +
#38 0 80000088 0002f2d7 c 0c21       00000000  vsetvli t0, t0, e8,m1,tu,mu
#39 0 8000008c     4f91 r 1f         00000004  c.li     t6, 0x4
#40 0 8000008e 70040997 r 13         f004008e  auipc    s3, 0x70040
#41 0 80000092 28c98993 r 13         f004031a  addi     s3, s3, 652
#42 0 80000096     4e81 r 1d         00000000  c.li     t4, 0x0
#43 0 80000098 5e0ec157 v 02 000000000000000000000000000000000848f8e92a8dc69a2be2f4a000000000 vmv.v.x v2, t4
#44 0 8000009c 5e0ec2d7 v 05 0000000000000000000000000000000000000000000000000000000000000000 vmv.v.x v5, t4
#45 0 800000a0 5e0ec557 v 0a 0000000000000000000000000000000000000000000000000000000000000000 vmv.v.x v10, t4
#46 0 800000a4 5e0ec757 v 0e 0000000000000000000000000000000000000000000000000000000000000000 vmv.v.x v14, t4
#47 0 800000a8 5e0ec957 v 12 0000000000000000000000000000000000000000000000000000000000000000 vmv.v.x v18, t4
#48 0 800000ac 5e0ecb57 v 16 0000000000000000000000000000000000000000000000000000000000000000 vmv.v.x v22, t4
#49 0 800000b0 5e0ec0d7 v 01 000000000000000000000000000000000b06010c07020d08030e090400000000 vmv.v.x v1, t4
#50 0 800000b4 02090307 v 06 00000000000000000000000000000000000000000000000000000000305dbfd4 vle8.v v6, (s2)
#51 0 800000b8 08000393 r 07         00000080  addi     t2, zero, 128
#52 0 800000bc 5e03c0d7 v 01 000000000000000000000000000000000b06010c07020d08030e090480808080 vmv.v.x v1, t2
#53 0 800000c0 26608757 v 0e 0000000000000000000000000000000000000000000000000000000000008080 vand.vv v14, v6, v1
#54 0 800000c4 66e03057 v 00 000000000000000000000000000000000848f8e92a8dc69a2be2f4a0bee33d13 vmsne.vi v0, v14, 0
#55 0 800000c8 9660b557 v 0a 0000000000000000000000000000000000000000000000000000000060ba7ea8 vsll.vi v10, v6, 1
#56 0 800000cc     4e6d r 1c         0000001b  c.li     t3, 0x1b
#57 0 800000ce 5e0e4157 v 02 000000000000000000000000000000000848f8e92a8dc69a2be2f4a01b1b1b1b vmv.v.x v2, t3
#58 0 800000d2 2ca10557 v 0a 0000000000000000000000000000000000000000000000000000000060ba65b3 vxor.vv v10, v10, v2, v0.t
#59 0 800000d6 2ea30957 v 12 0000000000000000000000000000000000000000000000000000000050e7da67 vxor.vv v18, v10, v6
#60 0 800000da 70040397 r 07         f00400da  auipc    t2, 0x70040
#61 0 800000de 21838393 r 07         f00402f2  addi     t2, t2, 536
#62 0 800000e2 02038007 v 00 000000000000000000000000000000000848f8e92a8dc69a2be2f4a000000001 vle8.v v0, (t2)
#63 0 800000e6     4e81 r 1d         00000000  c.li     t4, 0x0
#64 0 800000e8 5e0ec1d7 v 03 00000000000000000000000000000000e598271ef11141b8ae52b4e000000000 vmv.v.x v3, t4
#65 0 800000ec 5e0ec157 v 02 000000000000000000000000000000000848f8e92a8dc69a2be2f4a000000000 vmv.v.x v2, t4
#66 0 800000f0 28a18157 v 02 000000000000000000000000000000000848f8e92a8dc69a2be2f4a0000000b3 vor.vv v2, v10, v3, v0.t
#67 0 800000f4 70040397 r 07         f00400f4  auipc    t2, 0x70040
#68 0 800000f8 20238393 r 07         f00402f6  addi     t2, t2, 514
#69 0 800000fc 02038007 v 00 000000000000000000000000000000000848f8e92a8dc69a2be2f4a000000002 vle8.v v0, (t2)
#70 0 80000100     4e81 r 1d         00000000  c.li     t4, 0x0
#71 0 80000102 5e0ec1d7 v 03 00000000000000000000000000000000e598271ef11141b8ae52b4e000000000 vmv.v.x v3, t4
#72 0 80000106 29218157 v 02 000000000000000000000000000000000848f8e92a8dc69a2be2f4a00000dab3 vor.vv v2, v18, v3, v0.t
#73 0 8000010a 70040397 r 07         f004010a  auipc    t2, 0x70040
#74 0 8000010e 1f038393 r 07         f00402fa  addi     t2, t2, 496
#75 0 80000112 02038007 v 00 000000000000000000000000000000000848f8e92a8dc69a2be2f4a000000004 vle8.v v0, (t2)
#76 0 80000116     4e81 r 1d         00000000  c.li     t4, 0x0
#77 0 80000118 5e0ec1d7 v 03 00000000000000000000000000000000e598271ef11141b8ae52b4e000000000 vmv.v.x v3, t4
#78 0 8000011c 28618157 v 02 000000000000000000000000000000000848f8e92a8dc69a2be2f4a0005ddab3 vor.vv v2, v6, v3, v0.t
#79 0 80000120 70040397 r 07         f0040120  auipc    t2, 0x70040
#80 0 80000124 1de38393 r 07         f00402fe  addi     t2, t2, 478
#81 0 80000128 02038007 v 00 000000000000000000000000000000000848f8e92a8dc69a2be2f4a000000008 vle8.v v0, (t2)
#82 0 8000012c     4e81 r 1d         00000000  c.li     t4, 0x0
#83 0 8000012e 5e0ec1d7 v 03 00000000000000000000000000000000e598271ef11141b8ae52b4e000000000 vmv.v.x v3, t4
#84 0 80000132 28618157 v 02 000000000000000000000000000000000848f8e92a8dc69a2be2f4a0305ddab3 vor.vv v2, v6, v3, v0.t
#85 0 80000136 70040397 r 07         f0040136  auipc    t2, 0x70040
#86 0 8000013a 1bc38393 r 07         f00402f2  addi     t2, t2, 444
#87 0 8000013e 02038007 v 00 000000000000000000000000000000000848f8e92a8dc69a2be2f4a000000001 vle8.v v0, (t2)
#88 0 80000142 0e21a257 v 04 0000000000000000000000000000000000000000000000000000000000000004 vredxor.vs v4, v2, v3
#89 0 80000146 284182d7 v 05 0000000000000000000000000000000000000000000000000000000000000004 vor.vv v5, v4, v3, v0.t
#90 0 8000014a 70040397 r 07         f004014a  auipc    t2, 0x70040
#91 0 8000014e 1a838393 r 07         f00402f2  addi     t2, t2, 424
#92 0 80000152 02038007 v 00 000000000000000000000000000000000848f8e92a8dc69a2be2f4a000000001 vle8.v v0, (t2)
#93 0 80000156     4e81 r 1d         00000000  c.li     t4, 0x0
#94 0 80000158 5e0ec157 v 02 000000000000000000000000000000000848f8e92a8dc69a2be2f4a000000000 vmv.v.x v2, t4
#95 0 8000015c 28610157 v 02 000000000000000000000000000000000848f8e92a8dc69a2be2f4a0000000d4 vor.vv v2, v6, v2, v0.t
#96 0 80000160 70040397 r 07         f0040160  auipc    t2, 0x70040
#97 0 80000164 19638393 r 07         f00402f6  addi     t2, t2, 406
#98 0 80000168 02038007 v 00 000000000000000000000000000000000848f8e92a8dc69a2be2f4a000000002 vle8.v v0, (t2)
#99 0 8000016c     4e81 r 1d         00000000  c.li     t4, 0x0
#100 0 8000016e 5e0ec1d7 v 03 00000000000000000000000000000000e598271ef11141b8ae52b4e000000000 vmv.v.x v3, t4
#101 0 80000172 28a18157 v 02 000000000000000000000000000000000848f8e92a8dc69a2be2f4a0000065d4 vor.vv v2, v10, v3, v0.t
#102 0 80000176 70040397 r 07         f0040176  auipc    t2, 0x70040
#103 0 8000017a 18438393 r 07         f00402fa  addi     t2, t2, 388
#104 0 8000017e 02038007 v 00 000000000000000000000000000000000848f8e92a8dc69a2be2f4a000000004 vle8.v v0, (t2)
#105 0 80000182     4e81 r 1d         00000000  c.li     t4, 0x0
#106 0 80000184 5e0ec1d7 v 03 00000000000000000000000000000000e598271ef11141b8ae52b4e000000000 vmv.v.x v3, t4
#107 0 80000188 29218157 v 02 000000000000000000000000000000000848f8e92a8dc69a2be2f4a000e765d4 vor.vv v2, v18, v3, v0.t
#108 0 8000018c 70040397 r 07         f004018c  auipc    t2, 0x70040
#109 0 80000190 17238393 r 07         f00402fe  addi     t2, t2, 370
#110 0 80000194 02038007 v 00 000000000000000000000000000000000848f8e92a8dc69a2be2f4a000000008 vle8.v v0, (t2)
#111 0 80000198     4e81 r 1d         00000000  c.li     t4, 0x0
#112 0 8000019a 5e0ec1d7 v 03 00000000000000000000000000000000e598271ef11141b8ae52b4e000000000 vmv.v.x v3, t4
#113 0 8000019e 28618157 v 02 000000000000000000000000000000000848f8e92a8dc69a2be2f4a030e765d4 vor.vv v2, v6, v3, v0.t
#114 0 800001a2 70040397 r 07         f00401a2  auipc    t2, 0x70040
#115 0 800001a6 15438393 r 07         f00402f6  addi     t2, t2, 340
#116 0 800001aa 02038007 v 00 000000000000000000000000000000000848f8e92a8dc69a2be2f4a000000002 vle8.v v0, (t2)
#117 0 800001ae 0e21a257 v 04 0000000000000000000000000000000000000000000000000000000000000066 vredxor.vs v4, v2, v3
#118 0 800001b2 3a40bb57 v 16 0000000000000000000000000000000000000000000000000000000000006600 vslideup.vi v22, v4, 1
#119 0 800001b6 296182d7 v 05 0000000000000000000000000000000000000000000000000000000000006604 vor.vv v5, v22, v3, v0.t
#120 0 800001ba 70040397 r 07         f00401ba  auipc    t2, 0x70040
#121 0 800001be 13838393 r 07         f00402f2  addi     t2, t2, 312
#122 0 800001c2 02038007 v 00 000000000000000000000000000000000848f8e92a8dc69a2be2f4a000000001 vle8.v v0, (t2)
#123 0 800001c6     4e81 r 1d         00000000  c.li     t4, 0x0
#124 0 800001c8 5e0ec157 v 02 000000000000000000000000000000000848f8e92a8dc69a2be2f4a000000000 vmv.v.x v2, t4
#125 0 800001cc 28610157 v 02 000000000000000000000000000000000848f8e92a8dc69a2be2f4a0000000d4 vor.vv v2, v6, v2, v0.t
#126 0 800001d0 70040397 r 07         f00401d0  auipc    t2, 0x70040
#127 0 800001d4 12638393 r 07         f00402f6  addi     t2, t2, 294
#128 0 800001d8 02038007 v 00 000000000000000000000000000000000848f8e92a8dc69a2be2f4a000000002 vle8.v v0, (t2)
#129 0 800001dc     4e81 r 1d         00000000  c.li     t4, 0x0
#130 0 800001de 5e0ec1d7 v 03 00000000000000000000000000000000e598271ef11141b8ae52b4e000000000 vmv.v.x v3, t4
#131 0 800001e2 28618157 v 02 000000000000000000000000000000000848f8e92a8dc69a2be2f4a00000bfd4 vor.vv v2, v6, v3, v0.t
#132 0 800001e6 70040397 r 07         f00401e6  auipc    t2, 0x70040
#133 0 800001ea 11438393 r 07         f00402fa  addi     t2, t2, 276
#134 0 800001ee 02038007 v 00 000000000000000000000000000000000848f8e92a8dc69a2be2f4a000000004 vle8.v v0, (t2)
#135 0 800001f2     4e81 r 1d         00000000  c.li     t4, 0x0
#136 0 800001f4 5e0ec1d7 v 03 00000000000000000000000000000000e598271ef11141b8ae52b4e000000000 vmv.v.x v3, t4
#137 0 800001f8 28a18157 v 02 000000000000000000000000000000000848f8e92a8dc69a2be2f4a000babfd4 vor.vv v2, v10, v3, v0.t
#138 0 800001fc 70040397 r 07         f00401fc  auipc    t2, 0x70040
#139 0 80000200 10238393 r 07         f00402fe  addi     t2, t2, 258
#140 0 80000204 02038007 v 00 000000000000000000000000000000000848f8e92a8dc69a2be2f4a000000008 vle8.v v0, (t2)
#141 0 80000208     4e81 r 1d         00000000  c.li     t4, 0x0
#142 0 8000020a 5e0ec1d7 v 03 00000000000000000000000000000000e598271ef11141b8ae52b4e000000000 vmv.v.x v3, t4
#143 0 8000020e 29218157 v 02 000000000000000000000000000000000848f8e92a8dc69a2be2f4a050babfd4 vor.vv v2, v18, v3, v0.t
#144 0 80000212 70040397 r 07         f0040212  auipc    t2, 0x70040
#145 0 80000216 0e838393 r 07         f00402fa  addi     t2, t2, 232
#146 0 8000021a 02038007 v 00 000000000000000000000000000000000848f8e92a8dc69a2be2f4a000000004 vle8.v v0, (t2)
#147 0 8000021e 0e21a257 v 04 0000000000000000000000000000000000000000000000000000000000000081 vredxor.vs v4, v2, v3
#148 0 80000222 3a413b57 v 16 0000000000000000000000000000000000000000000000000000000000816600 vslideup.vi v22, v4, 2
#149 0 80000226 296182d7 v 05 0000000000000000000000000000000000000000000000000000000000816604 vor.vv v5, v22, v3, v0.t
#150 0 8000022a 70040397 r 07         f004022a  auipc    t2, 0x70040
#151 0 8000022e 0c838393 r 07         f00402f2  addi     t2, t2, 200
#152 0 80000232 02038007 v 00 000000000000000000000000000000000848f8e92a8dc69a2be2f4a000000001 vle8.v v0, (t2)
#153 0 80000236     4e81 r 1d         00000000  c.li     t4, 0x0
#154 0 80000238 5e0ec157 v 02 000000000000000000000000000000000848f8e92a8dc69a2be2f4a000000000 vmv.v.x v2, t4
#155 0 8000023c 29210157 v 02 000000000000000000000000000000000848f8e92a8dc69a2be2f4a000000067 vor.vv v2, v18, v2, v0.t
#156 0 80000240 70040397 r 07         f0040240  auipc    t2, 0x70040
#157 0 80000244 0b638393 r 07         f00402f6  addi     t2, t2, 182
#158 0 80000248 02038007 v 00 000000000000000000000000000000000848f8e92a8dc69a2be2f4a000000002 vle8.v v0, (t2)
#159 0 8000024c     4e81 r 1d         00000000  c.li     t4, 0x0
#160 0 8000024e 5e0ec1d7 v 03 00000000000000000000000000000000e598271ef11141b8ae52b4e000000000 vmv.v.x v3, t4
#161 0 80000252 28618157 v 02 000000000000000000000000000000000848f8e92a8dc69a2be2f4a00000bf67 vor.vv v2, v6, v3, v0.t
#162 0 80000256 70040397 r 07         f0040256  auipc    t2, 0x70040
#163 0 8000025a 0a438393 r 07         f00402fa  addi     t2, t2, 164
#164 0 8000025e 02038007 v 00 000000000000000000000000000000000848f8e92a8dc69a2be2f4a000000004 vle8.v v0, (t2)
#165 0 80000262     4e81 r 1d         00000000  c.li     t4, 0x0
#166 0 80000264 5e0ec1d7 v 03 00000000000000000000000000000000e598271ef11141b8ae52b4e000000000 vmv.v.x v3, t4
#167 0 80000268 28618157 v 02 000000000000000000000000000000000848f8e92a8dc69a2be2f4a0005dbf67 vor.vv v2, v6, v3, v0.t
#168 0 8000026c 70040397 r 07         f004026c  auipc    t2, 0x70040
#169 0 80000270 09238393 r 07         f00402fe  addi     t2, t2, 146
#170 0 80000274 02038007 v 00 000000000000000000000000000000000848f8e92a8dc69a2be2f4a000000008 vle8.v v0, (t2)
#171 0 80000278     4e81 r 1d         00000000  c.li     t4, 0x0
#172 0 8000027a 5e0ec1d7 v 03 00000000000000000000000000000000e598271ef11141b8ae52b4e000000000 vmv.v.x v3, t4
#173 0 8000027e 28a18157 v 02 000000000000000000000000000000000848f8e92a8dc69a2be2f4a0605dbf67 vor.vv v2, v10, v3, v0.t
#174 0 80000282 0e21a257 v 04 00000000000000000000000000000000000000000000000000000000000000e5 vredxor.vs v4, v2, v3
#175 0 80000286 3a41bb57 v 16 00000000000000000000000000000000000000000000000000000000e5816600 vslideup.vi v22, v4, 3
#176 0 8000028a 296182d7 v 05 00000000000000000000000000000000000000000000000000000000e5816604 vor.vv v5, v22, v3, v0.t
#177 0 8000028e 020902a7 m f0040255   000000e5  vse8.v v5, (s2)
#178 0 80000292     0911 r 12         f0040256  c.addi   s2, 0x4
#179 0 80000294     0991 r 13         f004031e  c.addi   s3, 0x4
#180 0 80000296     1ffd r 1f         00000003  c.addi   t6, -0x1
#181 0 80000298 de0f9fe3 r 00         00000000  bne      t6, zero, . - 0x202
#182 0 80000096     4e81 r 1d         00000000  c.li     t4, 0x0
#183 0 80000098 5e0ec157 v 02 000000000000000000000000000000000848f8e92a8dc69a2be2f4a000000000 vmv.v.x v2, t4
#184 0 8000009c 5e0ec2d7 v 05 0000000000000000000000000000000000000000000000000000000000000000 vmv.v.x v5, t4
#185 0 800000a0 5e0ec557 v 0a 0000000000000000000000000000000000000000000000000000000000000000 vmv.v.x v10, t4
#186 0 800000a4 5e0ec757 v 0e 0000000000000000000000000000000000000000000000000000000000000000 vmv.v.x v14, t4
#187 0 800000a8 5e0ec957 v 12 0000000000000000000000000000000000000000000000000000000000000000 vmv.v.x v18, t4
#188 0 800000ac 5e0ecb57 v 16 0000000000000000000000000000000000000000000000000000000000000000 vmv.v.x v22, t4
#189 0 800000b0 5e0ec0d7 v 01 000000000000000000000000000000000b06010c07020d08030e090400000000 vmv.v.x v1, t4
#190 0 800000b4 02090307 v 06 00000000000000000000000000000000000000000000000000000000ae52b4e0 vle8.v v6, (s2)
#191 0 800000b8 08000393 r 07         00000080  addi     t2, zero, 128
#192 0 800000bc 5e03c0d7 v 01 000000000000000000000000000000000b06010c07020d08030e090480808080 vmv.v.x v1, t2
#193 0 800000c0 26608757 v 0e 0000000000000000000000000000000000000000000000000000000080008080 vand.vv v14, v6, v1
#194 0 800000c4 66e03057 v 00 000000000000000000000000000000000848f8e92a8dc69a2be2f4a00000000b vmsne.vi v0, v14, 0
#195 0 800000c8 9660b557 v 0a 000000000000000000000000000000000000000000000000000000005ca468c0 vsll.vi v10, v6, 1
#196 0 800000cc     4e6d r 1c         0000001b  c.li     t3, 0x1b
#197 0 800000ce 5e0e4157 v 02 000000000000000000000000000000000848f8e92a8dc69a2be2f4a01b1b1b1b vmv.v.x v2, t3
#198 0 800000d2 2ca10557 v 0a 0000000000000000000000000000000000000000000000000000000047a473db vxor.vv v10, v10, v2, v0.t
#199 0 800000d6 2ea30957 v 12 00000000000000000000000000000000000000000000000000000000e9f6c73b vxor.vv v18, v10, v6
#200 0 800000da 70040397 r 07         f00400da  auipc    t2, 0x70040
#201 0 800000de 21838393 r 07         f00402f2  addi     t2, t2, 536
#202 0 800000e2 02038007 v 00 000000000000000000000000000000000848f8e92a8dc69a2be2f4a000000001 vle8.v v0, (t2)
#203 0 800000e6     4e81 r 1d         00000000  c.li     t4, 0x0
#204 0 800000e8 5e0ec1d7 v 03 00000000000000000000000000000000e598271ef11141b8ae52b4e000000000 vmv.v.x v3, t4
#205 0 800000ec 5e0ec157 v 02 000000000000000000000000000000000848f8e92a8dc69a2be2f4a000000000 vmv.v.x v2, t4
#206 0 800000f0 28a18157 v 02 000000000000000000000000000000000848f8e92a8dc69a2be2f4a0000000db vor.vv v2, v10, v3, v0.t
#207 0 800000f4 70040397 r 07         f00400f4  auipc    t2, 0x70040
#208 0 800000f8 20238393 r 07         f00402f6  addi     t2, t2, 514
#209 0 800000fc 02038007 v 00 000000000000000000000000000000000848f8e92a8dc69a2be2f4a000000002 vle8.v v0, (t2)
#210 0 80000100     4e81 r 1d         00000000  c.li     t4, 0x0
#211 0 80000102 5e0ec1d7 v 03 00000000000000000000000000000000e598271ef11141b8ae52b4e000000000 vmv.v.x v3, t4
#212 0 80000106 29218157 v 02 000000000000000000000000000000000848f8e92a8dc69a2be2f4a00000c7db vor.vv v2, v18, v3, v0.t
#213 0 8000010a 70040397 r 07         f004010a  auipc    t2, 0x70040
#214 0 8000010e 1f038393 r 07         f00402fa  addi     t2, t2, 496
#215 0 80000112 02038007 v 00 000000000000000000000000000000000848f8e92a8dc69a2be2f4a000000004 vle8.v v0, (t2)
#216 0 80000116     4e81 r 1d         00000000  c.li     t4, 0x0
#217 0 80000118 5e0ec1d7 v 03 00000000000000000000000000000000e598271ef11141b8ae52b4e000000000 vmv.v.x v3, t4
#218 0 8000011c 28618157 v 02 000000000000000000000000000000000848f8e92a8dc69a2be2f4a00052c7db vor.vv v2, v6, v3, v0.t
#219 0 80000120 70040397 r 07         f0040120  auipc    t2, 0x70040
#220 0 80000124 1de38393 r 07         f00402fe  addi     t2, t2, 478
#221 0 80000128 02038007 v 00 000000000000000000000000000000000848f8e92a8dc69a2be2f4a000000008 vle8.v v0, (t2)
#222 0 8000012c     4e81 r 1d         00000000  c.li     t4, 0x0
#223 0 8000012e 5e0ec1d7 v 03 00000000000000000000000000000000e598271ef11141b8ae52b4e000000000 vmv.v.x v3, t4
#224 0 80000132 28618157 v 02 000000000000000000000000000000000848f8e92a8dc69a2be2f4a0ae52c7db vor.vv v2, v6, v3, v0.t
#225 0 80000136 70040397 r 07         f0040136  auipc    t2, 0x70040
#226 0 8000013a 1bc38393 r 07         f00402f2  addi     t2, t2, 444
#227 0 8000013e 02038007 v 00 000000000000000000000000000000000848f8e92a8dc69a2be2f4a000000001 vle8.v v0, (t2)
#228 0 80000142 0e21a257 v 04 00000000000000000000000000000000000000000000000000000000000000e0 vredxor.vs v4, v2, v3
#229 0 80000146 284182d7 v 05 00000000000000000000000000000000000000000000000000000000000000e0 vor.vv v5, v4, v3, v0.t
#230 0 8000014a 70040397 r 07         f004014a  auipc    t2, 0x70040
#231 0 8000014e 1a838393 r 07         f00402f2  addi     t2, t2, 424
#232 0 80000152 02038007 v 00 000000000000000000000000000000000848f8e92a8dc69a2be2f4a000000001 vle8.v v0, (t2)
#233 0 80000156     4e81 r 1d         00000000  c.li     t4, 0x0
#234 0 80000158 5e0ec157 v 02 000000000000000000000000000000000848f8e92a8dc69a2be2f4a000000000 vmv.v.x v2, t4
#235 0 8000015c 28610157 v 02 000000000000000000000000000000000848f8e92a8dc69a2be2f4a0000000e0 vor.vv v2, v6, v2, v0.t
#236 0 80000160 70040397 r 07         f0040160  auipc    t2, 0x70040
#237 0 80000164 19638393 r 07         f00402f6  addi     t2, t2, 406
#238 0 80000168 02038007 v 00 000000000000000000000000000000000848f8e92a8dc69a2be2f4a000000002 vle8.v v0, (t2)
#239 0 8000016c     4e81 r 1d         00000000  c.li     t4, 0x0
#240 0 8000016e 5e0ec1d7 v 03 00000000000000000000000000000000e598271ef11141b8ae52b4e000000000 vmv.v.x v3, t4
#241 0 80000172 28a18157 v 02 000000000000000000000000000000000848f8e92a8dc69a2be2f4a0000073e0 vor.vv v2, v10, v3, v0.t
#242 0 80000176 70040397 r 07         f0040176  auipc    t2, 0x70040
#243 0 8000017a 18438393 r 07         f00402fa  addi     t2, t2, 388
#244 0 8000017e 02038007 v 00 000000000000000000000000000000000848f8e92a8dc69a2be2f4a000000004 vle8.v v0, (t2)
#245 0 80000182     4e81 r 1d         00000000  c.li     t4, 0x0
#246 0 80000184 5e0ec1d7 v 03 00000000000000000000000000000000e598271ef11141b8ae52b4e000000000 vmv.v.x v3, t4
#247 0 80000188 29218157 v 02 000000000000000000000000000000000848f8e92a8dc69a2be2f4a000f673e0 vor.vv v2, v18, v3, v0.t
#248 0 8000018c 70040397 r 07         f004018c  auipc    t2, 0x70040
#249 0 80000190 17238393 r 07         f00402fe  addi     t2, t2, 370
#250 0 80000194 02038007 v 00 000000000000000000000000000000000848f8e92a8dc69a2be2f4a000000008 vle8.v v0, (t2)
#251 0 80000198     4e81 r 1d         00000000  c.li     t4, 0x0
#252 0 8000019a 5e0ec1d7 v 03 00000000000000000000000000000000e598271ef11141b8ae52b4e000000000 vmv.v.x v3, t4
#253 0 8000019e 28618157 v 02 000000000000000000000000000000000848f8e92a8dc69a2be2f4a0aef673e0 vor.vv v2, v6, v3, v0.t
#254 0 800001a2 70040397 r 07         f00401a2  auipc    t2, 0x70040
#255 0 800001a6 15438393 r 07         f00402f6  addi     t2, t2, 340
#256 0 800001aa 02038007 v 00 000000000000000000000000000000000848f8e92a8dc69a2be2f4a000000002 vle8.v v0, (t2)
#257 0 800001ae 0e21a257 v 04 00000000000000000000000000000000000000000000000000000000000000cb vredxor.vs v4, v2, v3
#258 0 800001b2 3a40bb57 v 16 000000000000000000000000000000000000000000000000000000000000cb00 vslideup.vi v22, v4, 1
#259 0 800001b6 296182d7 v 05 000000000000000000000000000000000000000000000000000000000000cbe0 vor.vv v5, v22, v3, v0.t
#260 0 800001ba 70040397 r 07         f00401ba  auipc    t2, 0x70040
#261 0 800001be 13838393 r 07         f00402f2  addi     t2, t2, 312
#262 0 800001c2 02038007 v 00 000000000000000000000000000000000848f8e92a8dc69a2be2f4a000000001 vle8.v v0, (t2)
#263 0 800001c6     4e81 r 1d         00000000  c.li     t4, 0x0
#264 0 800001c8 5e0ec157 v 02 000000000000000000000000000000000848f8e92a8dc69a2be2f4a000000000 vmv.v.x v2, t4
#265 0 800001cc 28610157 v 02 000000000000000000000000000000000848f8e92a8dc69a2be2f4a0000000e0 vor.vv v2, v6, v2, v0.t
#266 0 800001d0 70040397 r 07         f00401d0  auipc    t2, 0x70040
#267 0 800001d4 12638393 r 07         f00402f6  addi     t2, t2, 294
#268 0 800001d8 02038007 v 00 000000000000000000000000000000000848f8e92a8dc69a2be2f4a000000002 vle8.v v0, (t2)
#269 0 800001dc     4e81 r 1d         00000000  c.li     t4, 0x0
#270 0 800001de 5e0ec1d7 v 03 00000000000000000000000000000000e598271ef11141b8ae52b4e000000000 vmv.v.x v3, t4
#271 0 800001e2 28618157 v 02 000000000000000000000000000000000848f8e92a8dc69a2be2f4a00000b4e0 vor.vv v2, v6, v3, v0.t
#272 0 800001e6 70040397 r 07         f00401e6  auipc    t2, 0x70040
#273 0 800001ea 11438393 r 07         f00402fa  addi     t2, t2, 276
#274 0 800001ee 02038007 v 00 000000000000000000000000000000000848f8e92a8dc69a2be2f4a000000004 vle8.v v0, (t2)
#275 0 800001f2     4e81 r 1d         00000000  c.li     t4, 0x0
#276 0 800001f4 5e0ec1d7 v 03 00000000000000000000000000000000e598271ef11141b8ae52b4e000000000 vmv.v.x v3, t4
#277 0 800001f8 28a18157 v 02 000000000000000000000000000000000848f8e92a8dc69a2be2f4a000a4b4e0 vor.vv v2, v10, v3, v0.t
#278 0 800001fc 70040397 r 07         f00401fc  auipc    t2, 0x70040
#279 0 80000200 10238393 r 07         f00402fe  addi     t2, t2, 258
#280 0 80000204 02038007 v 00 000000000000000000000000000000000848f8e92a8dc69a2be2f4a000000008 vle8.v v0, (t2)
#281 0 80000208     4e81 r 1d         00000000  c.li     t4, 0x0
#282 0 8000020a 5e0ec1d7 v 03 00000000000000000000000000000000e598271ef11141b8ae52b4e000000000 vmv.v.x v3, t4
#283 0 8000020e 29218157 v 02 000000000000000000000000000000000848f8e92a8dc69a2be2f4a0e9a4b4e0 vor.vv v2, v18, v3, v0.t
#284 0 80000212 70040397 r 07         f0040212  auipc    t2, 0x70040
#285 0 80000216 0e838393 r 07         f00402fa  addi     t2, t2, 232
#286 0 8000021a 02038007 v 00 000000000000000000000000000000000848f8e92a8dc69a2be2f4a000000004 vle8.v v0, (t2)
#287 0 8000021e 0e21a257 v 04 0000000000000000000000000000000000000000000000000000000000000019 vredxor.vs v4, v2, v3
#288 0 80000222 3a413b57 v 16 000000000000000000000000000000000000000000000000000000000019cb00 vslideup.vi v22, v4, 2
#289 0 80000226 296182d7 v 05 000000000000000000000000000000000000000000000000000000000019cbe0 vor.vv v5, v22, v3, v0.t
#290 0 8000022a 70040397 r 07         f004022a  auipc    t2, 0x70040
#291 0 8000022e 0c838393 r 07         f00402f2  addi     t2, t2, 200
#292 0 80000232 02038007 v 00 000000000000000000000000000000000848f8e92a8dc69a2be2f4a000000001 vle8.v v0, (t2)
#293 0 80000236     4e81 r 1d         00000000  c.li     t4, 0x0
#294 0 80000238 5e0ec157 v 02 000000000000000000000000000000000848f8e92a8dc69a2be2f4a000000000 vmv.v.x v2, t4
#295 0 8000023c 29210157 v 02 000000000000000000000000000000000848f8e92a8dc69a2be2f4a00000003b vor.vv v2, v18, v2, v0.t
#296 0 80000240 70040397 r 07         f0040240  auipc    t2, 0x70040
#297 0 80000244 0b638393 r 07         f00402f6  addi     t2, t2, 182
#298 0 80000248 02038007 v 00 000000000000000000000000000000000848f8e92a8dc69a2be2f4a000000002 vle8.v v0, (t2)
#299 0 8000024c     4e81 r 1d         00000000  c.li     t4, 0x0
#300 0 8000024e 5e0ec1d7 v 03 00000000000000000000000000000000e598271ef11141b8ae52b4e000000000 vmv.v.x v3, t4
#301 0 80000252 28618157 v 02 000000000000000000000000000000000848f8e92a8dc69a2be2f4a00000b43b vor.vv v2, v6, v3, v0.t
#302 0 80000256 70040397 r 07         f0040256  auipc    t2, 0x70040
#303 0 8000025a 0a438393 r 07         f00402fa  addi     t2, t2, 164
#304 0 8000025e 02038007 v 00 000000000000000000000000000000000848f8e92a8dc69a2be2f4a000000004 vle8.v v0, (t2)
#305 0 80000262     4e81 r 1d         00000000  c.li     t4, 0x0
#306 0 80000264 5e0ec1d7 v 03 00000000000000000000000000000000e598271ef11141b8ae52b4e000000000 vmv.v.x v3, t4
#307 0 80000268 28618157 v 02 000000000000000000000000000000000848f8e92a8dc69a2be2f4a00052b43b vor.vv v2, v6, v3, v0.t
#308 0 8000026c 70040397 r 07         f004026c  auipc    t2, 0x70040
#309 0 80000270 09238393 r 07         f00402fe  addi     t2, t2, 146
#310 0 80000274 02038007 v 00 000000000000000000000000000000000848f8e92a8dc69a2be2f4a000000008 vle8.v v0, (t2)
#311 0 80000278     4e81 r 1d         00000000  c.li     t4, 0x0
#312 0 8000027a 5e0ec1d7 v 03 00000000000000000000000000000000e598271ef11141b8ae52b4e000000000 vmv.v.x v3, t4
#313 0 8000027e 28a18157 v 02 000000000000000000000000000000000848f8e92a8dc69a2be2f4a04752b43b vor.vv v2, v10, v3, v0.t
#314 0 80000282 0e21a257 v 04 000000000000000000000000000000000000000000000000000000000000009a vredxor.vs v4, v2, v3
#315 0 80000286 3a41bb57 v 16 000000000000000000000000000000000000000000000000000000009a19cb00 vslideup.vi v22, v4, 3
#316 0 8000028a 296182d7 v 05 000000000000000000000000000000000000000000000000000000009a19cbe0 vor.vv v5, v22, v3, v0.t
#317 0 8000028e 020902a7 m f0040259   0000009a  vse8.v v5, (s2)
#318 0 80000292     0911 r 12         f004025a  c.addi   s2, 0x4
#319 0 80000294     0991 r 13         f0040322  c.addi   s3, 0x4
#320 0 80000296     1ffd r 1f         00000002  c.addi   t6, -0x1
#321 0 80000298 de0f9fe3 r 00         00000000  bne      t6, zero, . - 0x202
#322 0 80000096     4e81 r 1d         00000000  c.li     t4, 0x0
#323 0 80000098 5e0ec157 v 02 000000000000000000000000000000000848f8e92a8dc69a2be2f4a000000000 vmv.v.x v2, t4
#324 0 8000009c 5e0ec2d7 v 05 0000000000000000000000000000000000000000000000000000000000000000 vmv.v.x v5, t4
#325 0 800000a0 5e0ec557 v 0a 0000000000000000000000000000000000000000000000000000000000000000 vmv.v.x v10, t4
#326 0 800000a4 5e0ec757 v 0e 0000000000000000000000000000000000000000000000000000000000000000 vmv.v.x v14, t4
#327 0 800000a8 5e0ec957 v 12 0000000000000000000000000000000000000000000000000000000000000000 vmv.v.x v18, t4
#328 0 800000ac 5e0ecb57 v 16 0000000000000000000000000000000000000000000000000000000000000000 vmv.v.x v22, t4
#329 0 800000b0 5e0ec0d7 v 01 000000000000000000000000000000000b06010c07020d08030e090400000000 vmv.v.x v1, t4
#330 0 800000b4 02090307 v 06 00000000000000000000000000000000000000000000000000000000f11141b8 vle8.v v6, (s2)
#331 0 800000b8 08000393 r 07         00000080  addi     t2, zero, 128
#332 0 800000bc 5e03c0d7 v 01 000000000000000000000000000000000b06010c07020d08030e090480808080 vmv.v.x v1, t2
#333 0 800000c0 26608757 v 0e 0000000000000000000000000000000000000000000000000000000080000080 vand.vv v14, v6, v1
#334 0 800000c4 66e03057 v 00 000000000000000000000000000000000848f8e92a8dc69a2be2f4a000000009 vmsne.vi v0, v14, 0
#335 0 800000c8 9660b557 v 0a 00000000000000000000000000000000000000000000000000000000e2228270 vsll.vi v10, v6, 1
#336 0 800000cc     4e6d r 1c         0000001b  c.li     t3, 0x1b
#337 0 800000ce 5e0e4157 v 02 000000000000000000000000000000000848f8e92a8dc69a2be2f4a01b1b1b1b vmv.v.x v2, t3
#338 0 800000d2 2ca10557 v 0a 00000000000000000000000000000000000000000000000000000000f922826b vxor.vv v10, v10, v2, v0.t
#339 0 800000d6 2ea30957 v 12 000000000000000000000000000000000000000000000000000000000833c3d3 vxor.vv v18, v10, v6
#340 0 800000da 70040397 r 07         f00400da  auipc    t2, 0x70040
#341 0 800000de 21838393 r 07         f00402f2  addi     t2, t2, 536
#342 0 800000e2 02038007 v 00 000000000000000000000000000000000848f8e92a8dc69a2be2f4a000000001 vle8.v v0, (t2)
#343 0 800000e6     4e81 r 1d         00000000  c.li     t4, 0x0
#344 0 800000e8 5e0ec1d7 v 03 00000000000000000000000000000000e598271ef11141b8ae52b4e000000000 vmv.v.x v3, t4
#345 0 800000ec 5e0ec157 v 02 000000000000000000000000000000000848f8e92a8dc69a2be2f4a000000000 vmv.v.x v2, t4
#346 0 800000f0 28a18157 v 02 000000000000000000000000000000000848f8e92a8dc69a2be2f4a00000006b vor.vv v2, v10, v3, v0.t
#347 0 800000f4 70040397 r 07         f00400f4  auipc    t2, 0x70040
#348 0 800000f8 20238393 r 07         f00402f6  addi     t2, t2, 514
#349 0 800000fc 02038007 v 00 000000000000000000000000000000000848f8e92a8dc69a2be2f4a000000002 vle8.v v0, (t2)
#350 0 80000100     4e81 r 1d         00000000  c.li     t4, 0x0
#351 0 80000102 5e0ec1d7 v 03 00000000000000000000000000000000e598271ef11141b8ae52b4e000000000 vmv.v.x v3, t4
#352 0 80000106 29218157 v 02 000000000000000000000000000000000848f8e92a8dc69a2be2f4a00000c36b vor.vv v2, v18, v3, v0.t
#353 0 8000010a 70040397 r 07         f004010a  auipc    t2, 0x70040
#354 0 8000010e 1f038393 r 07         f00402fa  addi     t2, t2, 496
#355 0 80000112 02038007 v 00 000000000000000000000000000000000848f8e92a8dc69a2be2f4a000000004 vle8.v v0, (t2)
#356 0 80000116     4e81 r 1d         00000000  c.li     t4, 0x0
#357 0 80000118 5e0ec1d7 v 03 00000000000000000000000000000000e598271ef11141b8ae52b4e000000000 vmv.v.x v3, t4
#358 0 8000011c 28618157 v 02 000000000000000000000000000000000848f8e92a8dc69a2be2f4a00011c36b vor.vv v2, v6, v3, v0.t
#359 0 80000120 70040397 r 07         f0040120  auipc    t2, 0x70040
#360 0 80000124 1de38393 r 07         f00402fe  addi     t2, t2, 478
#361 0 80000128 02038007 v 00 000000000000000000000000000000000848f8e92a8dc69a2be2f4a000000008 vle8.v v0, (t2)
#362 0 8000012c     4e81 r 1d         00000000  c.li     t4, 0x0
#363 0 8000012e 5e0ec1d7 v 03 00000000000000000000000000000000e598271ef11141b8ae52b4e000000000 vmv.v.x v3, t4
#364 0 80000132 28618157 v 02 000000000000000000000000000000000848f8e92a8dc69a2be2f4a0f111c36b vor.vv v2, v6, v3, v0.t
#365 0 80000136 70040397 r 07         f0040136  auipc    t2, 0x70040
#366 0 8000013a 1bc38393 r 07         f00402f2  addi     t2, t2, 444
#367 0 8000013e 02038007 v 00 000000000000000000000000000000000848f8e92a8dc69a2be2f4a000000001 vle8.v v0, (t2)
#368 0 80000142 0e21a257 v 04 0000000000000000000000000000000000000000000000000000000000000048 vredxor.vs v4, v2, v3
#369 0 80000146 284182d7 v 05 0000000000000000000000000000000000000000000000000000000000000048 vor.vv v5, v4, v3, v0.t
#370 0 8000014a 70040397 r 07         f004014a  auipc    t2, 0x70040
#371 0 8000014e 1a838393 r 07         f00402f2  addi     t2, t2, 424
#372 0 80000152 02038007 v 00 000000000000000000000000000000000848f8e92a8dc69a2be2f4a000000001 vle8.v v0, (t2)
#373 0 80000156     4e81 r 1d         00000000  c.li     t4, 0x0
#374 0 80000158 5e0ec157 v 02 000000000000000000000000000000000848f8e92a8dc69a2be2f4a000000000 vmv.v.x v2, t4
#375 0 8000015c 28610157 v 02 000000000000000000000000000000000848f8e92a8dc69a2be2f4a0000000b8 vor.vv v2, v6, v2, v0.t
#376 0 80000160 70040397 r 07         f0040160  auipc    t2, 0x70040
#377 0 80000164 19638393 r 07         f00402f6  addi     t2, t2, 406
#378 0 80000168 02038007 v 00 000000000000000000000000000000000848f8e92a8dc69a2be2f4a000000002 vle8.v v0, (t2)
#379 0 8000016c     4e81 r 1d         00000000  c.li     t4, 0x0
#380 0 8000016e 5e0ec1d7 v 03 00000000000000000000000000000000e598271ef11141b8ae52b4e000000000 vmv.v.x v3, t4
#381 0 80000172 28a18157 v 02 000000000000000000000000000000000848f8e92a8dc69a2be2f4a0000082b8 vor.vv v2, v10, v3, v0.t
#382 0 80000176 70040397 r 07         f0040176  auipc    t2, 0x70040
#383 0 8000017a 18438393 r 07         f00402fa  addi     t2, t2, 388
#384 0 8000017e 02038007 v 00 000000000000000000000000000000000848f8e92a8dc69a2be2f4a000000004 vle8.v v0, (t2)
#385 0 80000182     4e81 r 1d         00000000  c.li     t4, 0x0
#386 0 80000184 5e0ec1d7 v 03 00000000000000000000000000000000e598271ef11141b8ae52b4e000000000 vmv.v.x v3, t4
#387 0 80000188 29218157 v 02 000000000000000000000000000000000848f8e92a8dc69a2be2f4a0003382b8 vor.vv v2, v18, v3, v0.t
#388 0 8000018c 70040397 r 07         f004018c  auipc    t2, 0x70040
#389 0 80000190 17238393 r 07         f00402fe  addi     t2, t2, 370
#390 0 80000194 02038007 v 00 000000000000000000000000000000000848f8e92a8dc69a2be2f4a000000008 vle8.v v0, (t2)
#391 0 80000198     4e81 r 1d         00000000  c.li     t4, 0x0
#392 0 8000019a 5e0ec1d7 v 03 00000000000000000000000000000000e598271ef11141b8ae52b4e000000000 vmv.v.x v3, t4
#393 0 8000019e 28618157 v 02 000000000000000000000000000000000848f8e92a8dc69a2be2f4a0f13382b8 vor.vv v2, v6, v3, v0.t
#394 0 800001a2 70040397 r 07         f00401a2  auipc    t2, 0x70040
#395 0 800001a6 15438393 r 07         f00402f6  addi     t2, t2, 340
#396 0 800001aa 02038007 v 00 000000000000000000000000000000000848f8e92a8dc69a2be2f4a000000002 vle8.v v0, (t2)
#397 0 800001ae 0e21a257 v 04 00000000000000000000000000000000000000000000000000000000000000f8 vredxor.vs v4, v2, v3
#398 0 800001b2 3a40bb57 v 16 000000000000000000000000000000000000000000000000000000000000f800 vslideup.vi v22, v4, 1
#399 0 800001b6 296182d7 v 05 000000000000000000000000000000000000000000000000000000000000f848 vor.vv v5, v22, v3, v0.t
#400 0 800001ba 70040397 r 07         f00401ba  auipc    t2, 0x70040
#401 0 800001be 13838393 r 07         f00402f2  addi     t2, t2, 312
#402 0 800001c2 02038007 v 00 000000000000000000000000000000000848f8e92a8dc69a2be2f4a000000001 vle8.v v0, (t2)
#403 0 800001c6     4e81 r 1d         00000000  c.li     t4, 0x0
#404 0 800001c8 5e0ec157 v 02 000000000000000000000000000000000848f8e92a8dc69a2be2f4a000000000 vmv.v.x v2, t4
#405 0 800001cc 28610157 v 02 000000000000000000000000000000000848f8e92a8dc69a2be2f4a0000000b8 vor.vv v2, v6, v2, v0.t
#406 0 800001d0 70040397 r 07         f00401d0  auipc    t2, 0x70040
#407 0 800001d4 12638393 r 07         f00402f6  addi     t2, t2, 294
#408 0 800001d8 02038007 v 00 000000000000000000000000000000000848f8e92a8dc69a2be2f4a000000002 vle8.v v0, (t2)
#409 0 800001dc     4e81 r 1d         00000000  c.li     t4, 0x0
#410 0 800001de 5e0ec1d7 v 03 00000000000000000000000000000000e598271ef11141b8ae52b4e000000000 vmv.v.x v3, t4
#411 0 800001e2 28618157 v 02 000000000000000000000000000000000848f8e92a8dc69a2be2f4a0000041b8 vor.vv v2, v6, v3, v0.t
#412 0 800001e6 70040397 r 07         f00401e6  auipc    t2, 0x70040
#413 0 800001ea 11438393 r 07         f00402fa  addi     t2, t2, 276
#414 0 800001ee 02038007 v 00 000000000000000000000000000000000848f8e92a8dc69a2be2f4a000000004 vle8.v v0, (t2)
#415 0 800001f2     4e81 r 1d         00000000  c.li     t4, 0x0
#416 0 800001f4 5e0ec1d7 v 03 00000000000000000000000000000000e598271ef11141b8ae52b4e000000000 vmv.v.x v3, t4
#417 0 800001f8 28a18157 v 02 000000000000000000000000000000000848f8e92a8dc69a2be2f4a0002241b8 vor.vv v2, v10, v3, v0.t
#418 0 800001fc 70040397 r 07         f00401fc  auipc    t2, 0x70040
#419 0 80000200 10238393 r 07         f00402fe  addi     t2, t2, 258
#420 0 80000204 02038007 v 00 000000000000000000000000000000000848f8e92a8dc69a2be2f4a000000008 vle8.v v0, (t2)
#421 0 80000208     4e81 r 1d         00000000  c.li     t4, 0x0
#422 0 8000020a 5e0ec1d7 v 03 00000000000000000000000000000000e598271ef11141b8ae52b4e000000000 vmv.v.x v3, t4
#423 0 8000020e 29218157 v 02 000000000000000000000000000000000848f8e92a8dc69a2be2f4a0082241b8 vor.vv v2, v18, v3, v0.t
#424 0 80000212 70040397 r 07         f0040212  auipc    t2, 0x70040
#425 0 80000216 0e838393 r 07         f00402fa  addi     t2, t2, 232
#426 0 8000021a 02038007 v 00 000000000000000000000000000000000848f8e92a8dc69a2be2f4a000000004 vle8.v v0, (t2)
#427 0 8000021e 0e21a257 v 04 00000000000000000000000000000000000000000000000000000000000000d3 vredxor.vs v4, v2, v3
#428 0 80000222 3a413b57 v 16 0000000000000000000000000000000000000000000000000000000000d3f800 vslideup.vi v22, v4, 2
#429 0 80000226 296182d7 v 05 0000000000000000000000000000000000000000000000000000000000d3f848 vor.vv v5, v22, v3, v0.t
#430 0 8000022a 70040397 r 07         f004022a  auipc    t2, 0x70040
#431 0 8000022e 0c838393 r 07         f00402f2  addi     t2, t2, 200
#432 0 80000232 02038007 v 00 000000000000000000000000000000000848f8e92a8dc69a2be2f4a000000001 vle8.v v0, (t2)
#433 0 80000236     4e81 r 1d         00000000  c.li     t4, 0x0
#434 0 80000238 5e0ec157 v 02 000000000000000000000000000000000848f8e92a8dc69a2be2f4a000000000 vmv.v.x v2, t4
#435 0 8000023c 29210157 v 02 000000000000000000000000000000000848f8e92a8dc69a2be2f4a0000000d3 vor.vv v2, v18, v2, v0.t
#436 0 80000240 70040397 r 07         f0040240  auipc    t2, 0x70040
#437 0 80000244 0b638393 r 07         f00402f6  addi     t2, t2, 182
#438 0 80000248 02038007 v 00 000000000000000000000000000000000848f8e92a8dc69a2be2f4a000000002 vle8.v v0, (t2)
#439 0 8000024c     4e81 r 1d         00000000  c.li     t4, 0x0
#440 0 8000024e 5e0ec1d7 v 03 00000000000000000000000000000000e598271ef11141b8ae52b4e000000000 vmv.v.x v3, t4
#441 0 80000252 28618157 v 02 000000000000000000000000000000000848f8e92a8dc69a2be2f4a0000041d3 vor.vv v2, v6, v3, v0.t
#442 0 80000256 70040397 r 07         f0040256  auipc    t2, 0x70040
#443 0 8000025a 0a438393 r 07         f00402fa  addi     t2, t2, 164
#444 0 8000025e 02038007 v 00 000000000000000000000000000000000848f8e92a8dc69a2be2f4a000000004 vle8.v v0, (t2)
#445 0 80000262     4e81 r 1d         00000000  c.li     t4, 0x0
#446 0 80000264 5e0ec1d7 v 03 00000000000000000000000000000000e598271ef11141b8ae52b4e000000000 vmv.v.x v3, t4
#447 0 80000268 28618157 v 02 000000000000000000000000000000000848f8e92a8dc69a2be2f4a0001141d3 vor.vv v2, v6, v3, v0.t
#448 0 8000026c 70040397 r 07         f004026c  auipc    t2, 0x70040
#449 0 80000270 09238393 r 07         f00402fe  addi     t2, t2, 146
#450 0 80000274 02038007 v 00 000000000000000000000000000000000848f8e92a8dc69a2be2f4a000000008 vle8.v v0, (t2)
#451 0 80000278     4e81 r 1d         00000000  c.li     t4, 0x0
#452 0 8000027a 5e0ec1d7 v 03 00000000000000000000000000000000e598271ef11141b8ae52b4e000000000 vmv.v.x v3, t4
#453 0 8000027e 28a18157 v 02 000000000000000000000000000000000848f8e92a8dc69a2be2f4a0f91141d3 vor.vv v2, v10, v3, v0.t
#454 0 80000282 0e21a257 v 04 000000000000000000000000000000000000000000000000000000000000007a vredxor.vs v4, v2, v3
#455 0 80000286 3a41bb57 v 16 000000000000000000000000000000000000000000000000000000007ad3f800 vslideup.vi v22, v4, 3
#456 0 8000028a 296182d7 v 05 000000000000000000000000000000000000000000000000000000007ad3f848 vor.vv v5, v22, v3, v0.t
#457 0 8000028e 020902a7 m f004025d   0000007a  vse8.v v5, (s2)
#458 0 80000292     0911 r 12         f004025e  c.addi   s2, 0x4
#459 0 80000294     0991 r 13         f0040326  c.addi   s3, 0x4
#460 0 80000296     1ffd r 1f         00000001  c.addi   t6, -0x1
#461 0 80000298 de0f9fe3 r 00         00000000  bne      t6, zero, . - 0x202
#462 0 80000096     4e81 r 1d         00000000  c.li     t4, 0x0
#463 0 80000098 5e0ec157 v 02 000000000000000000000000000000000848f8e92a8dc69a2be2f4a000000000 vmv.v.x v2, t4
#464 0 8000009c 5e0ec2d7 v 05 0000000000000000000000000000000000000000000000000000000000000000 vmv.v.x v5, t4
#465 0 800000a0 5e0ec557 v 0a 0000000000000000000000000000000000000000000000000000000000000000 vmv.v.x v10, t4
#466 0 800000a4 5e0ec757 v 0e 0000000000000000000000000000000000000000000000000000000000000000 vmv.v.x v14, t4
#467 0 800000a8 5e0ec957 v 12 0000000000000000000000000000000000000000000000000000000000000000 vmv.v.x v18, t4
#468 0 800000ac 5e0ecb57 v 16 0000000000000000000000000000000000000000000000000000000000000000 vmv.v.x v22, t4
#469 0 800000b0 5e0ec0d7 v 01 000000000000000000000000000000000b06010c07020d08030e090400000000 vmv.v.x v1, t4
#470 0 800000b4 02090307 v 06 00000000000000000000000000000000000000000000000000000000e598271e vle8.v v6, (s2)
#471 0 800000b8 08000393 r 07         00000080  addi     t2, zero, 128
#472 0 800000bc 5e03c0d7 v 01 000000000000000000000000000000000b06010c07020d08030e090480808080 vmv.v.x v1, t2
#473 0 800000c0 26608757 v 0e 0000000000000000000000000000000000000000000000000000000080800000 vand.vv v14, v6, v1
#474 0 800000c4 66e03057 v 00 000000000000000000000000000000000848f8e92a8dc69a2be2f4a00000000c vmsne.vi v0, v14, 0
#475 0 800000c8 9660b557 v 0a 00000000000000000000000000000000000000000000000000000000ca304e3c vsll.vi v10, v6, 1
#476 0 800000cc     4e6d r 1c         0000001b  c.li     t3, 0x1b
#477 0 800000ce 5e0e4157 v 02 000000000000000000000000000000000848f8e92a8dc69a2be2f4a01b1b1b1b vmv.v.x v2, t3
#478 0 800000d2 2ca10557 v 0a 00000000000000000000000000000000000000000000000000000000d12b4e3c vxor.vv v10, v10, v2, v0.t
#479 0 800000d6 2ea30957 v 12 0000000000000000000000000000000000000000000000000000000034b36922 vxor.vv v18, v10, v6
#480 0 800000da 70040397 r 07         f00400da  auipc    t2, 0x70040
#481 0 800000de 21838393 r 07         f00402f2  addi     t2, t2, 536
#482 0 800000e2 02038007 v 00 000000000000000000000000000000000848f8e92a8dc69a2be2f4a000000001 vle8.v v0, (t2)
#483 0 800000e6     4e81 r 1d         00000000  c.li     t4, 0x0
#484 0 800000e8 5e0ec1d7 v 03 00000000000000000000000000000000e598271ef11141b8ae52b4e000000000 vmv.v.x v3, t4
#485 0 800000ec 5e0ec157 v 02 000000000000000000000000000000000848f8e92a8dc69a2be2f4a000000000 vmv.v.x v2, t4
#486 0 800000f0 28a18157 v 02 000000000000000000000000000000000848f8e92a8dc69a2be2f4a00000003c vor.vv v2, v10, v3, v0.t
#487 0 800000f4 70040397 r 07         f00400f4  auipc    t2, 0x70040
#488 0 800000f8 20238393 r 07         f00402f6  addi     t2, t2, 514
#489 0 800000fc 02038007 v 00 000000000000000000000000000000000848f8e92a8dc69a2be2f4a000000002 vle8.v v0, (t2)
#490 0 80000100     4e81 r 1d         00000000  c.li     t4, 0x0
#491 0 80000102 5e0ec1d7 v 03 00000000000000000000000000000000e598271ef11141b8ae52b4e000000000 vmv.v.x v3, t4
#492 0 80000106 29218157 v 02 000000000000000000000000000000000848f8e92a8dc69a2be2f4a00000693c vor.vv v2, v18, v3, v0.t
#493 0 8000010a 70040397 r 07         f004010a  auipc    t2, 0x70040
#494 0 8000010e 1f038393 r 07         f00402fa  addi     t2, t2, 496
#495 0 80000112 02038007 v 00 000000000000000000000000000000000848f8e92a8dc69a2be2f4a000000004 vle8.v v0, (t2)
#496 0 80000116     4e81 r 1d         00000000  c.li     t4, 0x0
#497 0 80000118 5e0ec1d7 v 03 00000000000000000000000000000000e598271ef11141b8ae52b4e000000000 vmv.v.x v3, t4
#498 0 8000011c 28618157 v 02 000000000000000000000000000000000848f8e92a8dc69a2be2f4a00098693c vor.vv v2, v6, v3, v0.t
#499 0 80000120 70040397 r 07         f0040120  auipc    t2, 0x70040
#500 0 80000124 1de38393 r 07         f00402fe  addi     t2, t2, 478
#501 0 80000128 02038007 v 00 000000000000000000000000000000000848f8e92a8dc69a2be2f4a000000008 vle8.v v0, (t2)
#502 0 8000012c     4e81 r 1d         00000000  c.li     t4, 0x0
#503 0 8000012e 5e0ec1d7 v 03 00000000000000000000000000000000e598271ef11141b8ae52b4e000000000 vmv.v.x v3, t4
#504 0 80000132 28618157 v 02 000000000000000000000000000000000848f8e92a8dc69a2be2f4a0e598693c vor.vv v2, v6, v3, v0.t
#505 0 80000136 70040397 r 07         f0040136  auipc    t2, 0x70040
#506 0 8000013a 1bc38393 r 07         f00402f2  addi     t2, t2, 444
#507 0 8000013e 02038007 v 00 000000000000000000000000000000000848f8e92a8dc69a2be2f4a000000001 vle8.v v0, (t2)
#508 0 80000142 0e21a257 v 04 0000000000000000000000000000000000000000000000000000000000000028 vredxor.vs v4, v2, v3
#509 0 80000146 284182d7 v 05 0000000000000000000000000000000000000000000000000000000000000028 vor.vv v5, v4, v3, v0.t
#510 0 8000014a 70040397 r 07         f004014a  auipc    t2, 0x70040
#511 0 8000014e 1a838393 r 07         f00402f2  addi     t2, t2, 424
#512 0 80000152 02038007 v 00 000000000000000000000000000000000848f8e92a8dc69a2be2f4a000000001 vle8.v v0, (t2)
#513 0 80000156     4e81 r 1d         00000000  c.li     t4, 0x0
#514 0 80000158 5e0ec157 v 02 000000000000000000000000000000000848f8e92a8dc69a2be2f4a000000000 vmv.v.x v2, t4
#515 0 8000015c 28610157 v 02 000000000000000000000000000000000848f8e92a8dc69a2be2f4a00000001e vor.vv v2, v6, v2, v0.t
#516 0 80000160 70040397 r 07         f0040160  auipc    t2, 0x70040
#517 0 80000164 19638393 r 07         f00402f6  addi     t2, t2, 406
#518 0 80000168 02038007 v 00 000000000000000000000000000000000848f8e92a8dc69a2be2f4a000000002 vle8.v v0, (t2)
#519 0 8000016c     4e81 r 1d         00000000  c.li     t4, 0x0
#520 0 8000016e 5e0ec1d7 v 03 00000000000000000000000000000000e598271ef11141b8ae52b4e000000000 vmv.v.x v3, t4
#521 0 80000172 28a18157 v 02 000000000000000000000000000000000848f8e92a8dc69a2be2f4a000004e1e vor.vv v2, v10, v3, v0.t
#522 0 80000176 70040397 r 07         f0040176  auipc    t2, 0x70040
#523 0 8000017a 18438393 r 07         f00402fa  addi     t2, t2, 388
#524 0 8000017e 02038007 v 00 000000000000000000000000000000000848f8e92a8dc69a2be2f4a000000004 vle8.v v0, (t2)
#525 0 80000182     4e81 r 1d         00000000  c.li     t4, 0x0
#526 0 80000184 5e0ec1d7 v 03 00000000000000000000000000000000e598271ef11141b8ae52b4e000000000 vmv.v.x v3, t4
#527 0 80000188 29218157 v 02 000000000000000000000000000000000848f8e92a8dc69a2be2f4a000b34e1e vor.vv v2, v18, v3, v0.t
#528 0 8000018c 70040397 r 07         f004018c  auipc    t2, 0x70040
#529 0 80000190 17238393 r 07         f00402fe  addi     t2, t2, 370
#530 0 80000194 02038007 v 00 000000000000000000000000000000000848f8e92a8dc69a2be2f4a000000008 vle8.v v0, (t2)
#531 0 80000198     4e81 r 1d         00000000  c.li     t4, 0x0
#532 0 8000019a 5e0ec1d7 v 03 00000000000000000000000000000000e598271ef11141b8ae52b4e000000000 vmv.v.x v3, t4
#533 0 8000019e 28618157 v 02 000000000000000000000000000000000848f8e92a8dc69a2be2f4a0e5b34e1e vor.vv v2, v6, v3, v0.t
#534 0 800001a2 70040397 r 07         f00401a2  auipc    t2, 0x70040
#535 0 800001a6 15438393 r 07         f00402f6  addi     t2, t2, 340
#536 0 800001aa 02038007 v 00 000000000000000000000000000000000848f8e92a8dc69a2be2f4a000000002 vle8.v v0, (t2)
#537 0 800001ae 0e21a257 v 04 0000000000000000000000000000000000000000000000000000000000000006 vredxor.vs v4, v2, v3
#538 0 800001b2 3a40bb57 v 16 0000000000000000000000000000000000000000000000000000000000000600 vslideup.vi v22, v4, 1
#539 0 800001b6 296182d7 v 05 0000000000000000000000000000000000000000000000000000000000000628 vor.vv v5, v22, v3, v0.t
#540 0 800001ba 70040397 r 07         f00401ba  auipc    t2, 0x70040
#541 0 800001be 13838393 r 07         f00402f2  addi     t2, t2, 312
#542 0 800001c2 02038007 v 00 000000000000000000000000000000000848f8e92a8dc69a2be2f4a000000001 vle8.v v0, (t2)
#543 0 800001c6     4e81 r 1d         00000000  c.li     t4, 0x0
#544 0 800001c8 5e0ec157 v 02 000000000000000000000000000000000848f8e92a8dc69a2be2f4a000000000 vmv.v.x v2, t4
#545 0 800001cc 28610157 v 02 000000000000000000000000000000000848f8e92a8dc69a2be2f4a00000001e vor.vv v2, v6, v2, v0.t
#546 0 800001d0 70040397 r 07         f00401d0  auipc    t2, 0x70040
#547 0 800001d4 12638393 r 07         f00402f6  addi     t2, t2, 294
#548 0 800001d8 02038007 v 00 000000000000000000000000000000000848f8e92a8dc69a2be2f4a000000002 vle8.v v0, (t2)
#549 0 800001dc     4e81 r 1d         00000000  c.li     t4, 0x0
#550 0 800001de 5e0ec1d7 v 03 00000000000000000000000000000000e598271ef11141b8ae52b4e000000000 vmv.v.x v3, t4
#551 0 800001e2 28618157 v 02 000000000000000000000000000000000848f8e92a8dc69a2be2f4a00000271e vor.vv v2, v6, v3, v0.t
#552 0 800001e6 70040397 r 07         f00401e6  auipc    t2, 0x70040
#553 0 800001ea 11438393 r 07         f00402fa  addi     t2, t2, 276
#554 0 800001ee 02038007 v 00 000000000000000000000000000000000848f8e92a8dc69a2be2f4a000000004 vle8.v v0, (t2)
#555 0 800001f2     4e81 r 1d         00000000  c.li     t4, 0x0
#556 0 800001f4 5e0ec1d7 v 03 00000000000000000000000000000000e598271ef11141b8ae52b4e000000000 vmv.v.x v3, t4
#557 0 800001f8 28a18157 v 02 000000000000000000000000000000000848f8e92a8dc69a2be2f4a0002b271e vor.vv v2, v10, v3, v0.t
#558 0 800001fc 70040397 r 07         f00401fc  auipc    t2, 0x70040
#559 0 80000200 10238393 r 07         f00402fe  addi     t2, t2, 258
#560 0 80000204 02038007 v 00 000000000000000000000000000000000848f8e92a8dc69a2be2f4a000000008 vle8.v v0, (t2)
#561 0 80000208     4e81 r 1d         00000000  c.li     t4, 0x0
#562 0 8000020a 5e0ec1d7 v 03 00000000000000000000000000000000e598271ef11141b8ae52b4e000000000 vmv.v.x v3, t4
#563 0 8000020e 29218157 v 02 000000000000000000000000000000000848f8e92a8dc69a2be2f4a0342b271e vor.vv v2, v18, v3, v0.t
#564 0 80000212 70040397 r 07         f0040212  auipc    t2, 0x70040
#565 0 80000216 0e838393 r 07         f00402fa  addi     t2, t2, 232
#566 0 8000021a 02038007 v 00 000000000000000000000000000000000848f8e92a8dc69a2be2f4a000000004 vle8.v v0, (t2)
#567 0 8000021e 0e21a257 v 04 0000000000000000000000000000000000000000000000000000000000000026 vredxor.vs v4, v2, v3
#568 0 80000222 3a413b57 v 16 0000000000000000000000000000000000000000000000000000000000260600 vslideup.vi v22, v4, 2
#569 0 80000226 296182d7 v 05 0000000000000000000000000000000000000000000000000000000000260628 vor.vv v5, v22, v3, v0.t
#570 0 8000022a 70040397 r 07         f004022a  auipc    t2, 0x70040
#571 0 8000022e 0c838393 r 07         f00402f2  addi     t2, t2, 200
#572 0 80000232 02038007 v 00 000000000000000000000000000000000848f8e92a8dc69a2be2f4a000000001 vle8.v v0, (t2)
#573 0 80000236     4e81 r 1d         00000000  c.li     t4, 0x0
#574 0 80000238 5e0ec157 v 02 000000000000000000000000000000000848f8e92a8dc69a2be2f4a000000000 vmv.v.x v2, t4
#575 0 8000023c 29210157 v 02 000000000000000000000000000000000848f8e92a8dc69a2be2f4a000000022 vor.vv v2, v18, v2, v0.t
#576 0 80000240 70040397 r 07         f0040240  auipc    t2, 0x70040
#577 0 80000244 0b638393 r 07         f00402f6  addi     t2, t2, 182
#578 0 80000248 02038007 v 00 000000000000000000000000000000000848f8e92a8dc69a2be2f4a000000002 vle8.v v0, (t2)
#579 0 8000024c     4e81 r 1d         00000000  c.li     t4, 0x0
#580 0 8000024e 5e0ec1d7 v 03 00000000000000000000000000000000e598271ef11141b8ae52b4e000000000 vmv.v.x v3, t4
#581 0 80000252 28618157 v 02 000000000000000000000000000000000848f8e92a8dc69a2be2f4a000002722 vor.vv v2, v6, v3, v0.t
#582 0 80000256 70040397 r 07         f0040256  auipc    t2, 0x70040
#583 0 8000025a 0a438393 r 07         f00402fa  addi     t2, t2, 164
#584 0 8000025e 02038007 v 00 000000000000000000000000000000000848f8e92a8dc69a2be2f4a000000004 vle8.v v0, (t2)
#585 0 80000262     4e81 r 1d         00000000  c.li     t4, 0x0
#586 0 80000264 5e0ec1d7 v 03 00000000000000000000000000000000e598271ef11141b8ae52b4e000000000 vmv.v.x v3, t4
#587 0 80000268 28618157 v 02 000000000000000000000000000000000848f8e92a8dc69a2be2f4a000982722 vor.vv v2, v6, v3, v0.t
#588 0 8000026c 70040397 r 07         f004026c  auipc    t2, 0x70040
#589 0 80000270 09238393 r 07         f00402fe  addi     t2, t2, 146
#590 0 80000274 02038007 v 00 000000000000000000000000000000000848f8e92a8dc69a2be2f4a000000008 vle8.v v0, (t2)
#591 0 80000278     4e81 r 1d         00000000  c.li     t4, 0x0
#592 0 8000027a 5e0ec1d7 v 03 00000000000000000000000000000000e598271ef11141b8ae52b4e000000000 vmv.v.x v3, t4
#593 0 8000027e 28a18157 v 02 000000000000000000000000000000000848f8e92a8dc69a2be2f4a0d1982722 vor.vv v2, v10, v3, v0.t
#594 0 80000282 0e21a257 v 04 000000000000000000000000000000000000000000000000000000000000004c vredxor.vs v4, v2, v3
#595 0 80000286 3a41bb57 v 16 000000000000000000000000000000000000000000000000000000004c260600 vslideup.vi v22, v4, 3
#596 0 8000028a 296182d7 v 05 000000000000000000000000000000000000000000000000000000004c260628 vor.vv v5, v22, v3, v0.t
#597 0 8000028e 020902a7 m f0040261   0000004c  vse8.v v5, (s2)
#598 0 80000292     0911 r 12         f0040262  c.addi   s2, 0x4
#599 0 80000294     0991 r 13         f004032a  c.addi   s3, 0x4
#600 0 80000296     1ffd r 1f         00000000  c.addi   t6, -0x1
#601 0 80000298 de0f9fe3 r 00         00000000  bne      t6, zero, . - 0x202
#602 0 8000029c 70040917 r 12         f004029c  auipc    s2, 0x70040
#603 0 800002a0 fa690913 r 12         f0040242  addi     s2, s2, -90
#604 0 800002a4 70040997 r 13         f00402a4  auipc    s3, 0x70040
#605 0 800002a8 d9e98993 r 13         f0040042  addi     s3, s3, -610
#606 0 800002ac 70040a17 r 14         f00402ac  auipc    s4, 0x70040
#607 0 800002b0 d8ca0a13 r 14         f0040038  addi     s4, s4, -628
#608 0 800002b4     4291 r 05         00000004  c.li     t0, 0x4
#609 0 800002b6 70040497 r 09         f00402b6  auipc    s1, 0x70040
#610 0 800002ba e8c48493 r 09         f0040142  addi     s1, s1, -372
#611 0 800002be 0002f2d7 r 05         00000004  vsetvli t0, t0, e8,m1,tu,mu  +
#611 0 800002be 0002f2d7 c 0c20       00000004  vsetvli t0, t0, e8,m1,tu,mu  +
#611 0 800002be 0002f2d7 c 0c21       00000000  vsetvli t0, t0, e8,m1,tu,mu
#612 0 800002c2 02090307 v 06 0000000000000000000000000000000000000000000000000000000016157e2b vle8.v v6, (s2)
#613 0 800002c6     0911 r 12         f0040246  c.addi   s2, 0x4
#614 0 800002c8 02090387 v 07 00000000000000000000000000000000000000000000000000000000a6d2ae28 vle8.v v7, (s2)
#615 0 800002cc     0911 r 12         f004024a  c.addi   s2, 0x4
#616 0 800002ce 02090407 v 08 000000000000000000000000000000000000000000000000000000008815f7ab vle8.v v8, (s2)
#617 0 800002d2     0911 r 12         f004024e  c.addi   s2, 0x4
#618 0 800002d4 02090487 v 09 000000000000000000000000000000000000000000000000000000003c4fcf09 vle8.v v9, (s2)
#619 0 800002d8     1951 r 12         f0040242  c.addi   s2, -0xc
#620 0 800002da 0002f2d7 r 05         00000004  vsetvli t0, t0, e8,m1,tu,mu  +
#620 0 800002da 0002f2d7 c 0c20       00000004  vsetvli t0, t0, e8,m1,tu,mu  +
#620 0 800002da 0002f2d7 c 0c21       00000000  vsetvli t0, t0, e8,m1,tu,mu
#621 0 800002de 70040e17 r 1c         f00402de  auipc    t3, 0x70040
#622 0 800002e2 ff4e0e13 r 1c         f00402d2  addi     t3, t3, -12
#623 0 800002e6 70040e97 r 1d         f00402e6  auipc    t4, 0x70040
#624 0 800002ea 01ce8e93 r 1d         f0040302  addi     t4, t4, 28
#625 0 800002ee 020e0007 v 00 000000000000000000000000000000000848f8e92a8dc69a2be2f4a000030201 vle8.v v0, (t3)
#626 0 800002f2 020e84a7 m f0040305   0000003c  vse8.v v9, (t4)
#627 0 800002f6 060e8507 v 0a 00000000000000000000000000000000000000000000000000000000093c4fcf vluxei8.v v10, (t4), v0
#628 0 800002fa 70040997 r 13         f00402fa  auipc    s3, 0x70040
#629 0 800002fe d4898993 r 13         f0040042  addi     s3, s3, -696
#630 0 80000302 06a98507 v 0a 0000000000000000000000000000000000000000000000000000000001eb848a vluxei8.v v10, (s3), v10
#631 0 80000306 2e650357 v 06 0000000000000000000000000000000000000000000000000000000017fefaa1 vxor.vv v6, v6, v10
#632 0 8000030a     4285 r 05         00000001  c.li     t0, 0x1
#633 0 8000030c 0002f2d7 r 05         00000001  vsetvli t0, t0, e8,m1,tu,mu  +
#633 0 8000030c 0002f2d7 c 0c20       00000001  vsetvli t0, t0, e8,m1,tu,mu  +
#633 0 8000030c 0002f2d7 c 0c21       00000000  vsetvli t0, t0, e8,m1,tu,mu
#634 0 80000310 70040a17 r 14         f0040310  auipc    s4, 0x70040
#635 0 80000314 d28a0a13 r 14         f0040038  addi     s4, s4, -728
#636 0 80000318     9a6e r 14         f0040038  c.add    s4, s11
#637 0 8000031a     0d85 r 1b         00000001  c.addi   s11, 0x1
#638 0 8000031c 020a0f07 v 1e 0000000000000000000000000000000000000000000000000000000000000001 vle8.v v30, (s4)
#639 0 80000320     4291 r 05         00000004  c.li     t0, 0x4
#640 0 80000322 0002f2d7 r 05         00000004  vsetvli t0, t0, e8,m1,tu,mu  +
#640 0 80000322 0002f2d7 c 0c20       00000004  vsetvli t0, t0, e8,m1,tu,mu  +
#640 0 80000322 0002f2d7 c 0c21       00000000  vsetvli t0, t0, e8,m1,tu,mu
#641 0 80000326 2e6f0357 v 06 0000000000000000000000000000000000000000000000000000000017fefaa0 vxor.vv v6, v6, v30
#642 0 8000032a     0a05 r 14         f0040039  c.addi   s4, 0x1
#643 0 8000032c 2e7303d7 v 07 00000000000000000000000000000000000000000000000000000000b12c5488 vxor.vv v7, v7, v6
#644 0 80000330 2e838457 v 08 000000000000000000000000000000000000000000000000000000003939a323 vxor.vv v8, v8, v7
#645 0 80000334 2e9404d7 v 09 0000000000000000000000000000000000000000000000000000000005766c2a vxor.vv v9, v9, v8
#646 0 80000338 70040917 r 12         f0040338  auipc    s2, 0x70040
#647 0 8000033c f0a90913 r 12         f0040242  addi     s2, s2, -246
#648 0 80000340     4291 r 05         00000004  c.li     t0, 0x4
#649 0 80000342 0002f2d7 r 05         00000004  vsetvli t0, t0, e8,m1,tu,mu  +
#649 0 80000342 0002f2d7 c 0c20       00000004  vsetvli t0, t0, e8,m1,tu,mu  +
#649 0 80000342 0002f2d7 c 0c21       00000000  vsetvli t0, t0, e8,m1,tu,mu
#650 0 80000346 02090327 m f0040245   00000017  vse8.v v6, (s2)
#651 0 8000034a     0911 r 12         f0040246  c.addi   s2, 0x4
#652 0 8000034c 020903a7 m f0040249   000000b1  vse8.v v7, (s2)
#653 0 80000350     0911 r 12         f004024a  c.addi   s2, 0x4
#654 0 80000352 02090427 m f004024d   00000039  vse8.v v8, (s2)
#655 0 80000356     0911 r 12         f004024e  c.addi   s2, 0x4
#656 0 80000358 020904a7 m f0040251   00000005  vse8.v v9, (s2)
#657 0 8000035c 70040a97 r 15         f004035c  auipc    s5, 0x70040
#658 0 80000360 ef6a8a93 r 15         f0040252  addi     s5, s5, -266
#659 0 80000364 70040917 r 12         f0040364  auipc    s2, 0x70040
#660 0 80000368 ede90913 r 12         f0040242  addi     s2, s2, -290
#661 0 8000036c     42c1 r 05         00000010  c.li     t0, 0x10
#662 0 8000036e 0002f2d7 r 05         00000010  vsetvli t0, t0, e8,m1,tu,mu  +
#662 0 8000036e 0002f2d7 c 0c20       00000010  vsetvli t0, t0, e8,m1,tu,mu  +
#662 0 8000036e 0002f2d7 c 0c21       00000000  vsetvli t0, t0, e8,m1,tu,mu
#663 0 80000372 02090007 v 00 0000000000000000000000000000000005766c2a3939a323b12c548817fefaa0 vle8.v v0, (s2)
#664 0 80000376 020a8087 v 01 000000000000000000000000000000004c2606287ad3f8489a19cbe0e5816604 vle8.v v1, (s5)
#665 0 8000037a 2e100157 v 02 0000000000000000000000000000000049506a0243ea5b6b2b359f68f27f9ca4 vxor.vv v2, v1, v0
#666 0 8000037e 020a8127 m f0040261   00000049  vse8.v v2, (s5)
#667 0 80000382     137d r 06         00000008  c.addi   t1, -0x1
#668 0 80000384 ca0317e3 r 00         00000000  bne      t1, zero, . - 0x352
#669 0 80000032 70040a17 r 14         f0040032  auipc    s4, 0x70040
#670 0 80000036 fcea0a13 r 14         f0040000  addi     s4, s4, -50
#671 0 8000003a 70040997 r 13         f004003a  auipc    s3, 0x70040
#672 0 8000003e 00898993 r 13         f0040042  addi     s3, s3, 8
#673 0 80000042 70040a97 r 15         f0040042  auipc    s5, 0x70040
#674 0 80000046 210a8a93 r 15         f0040252  addi     s5, s5, 528
#675 0 8000004a     42c1 r 05         00000010  c.li     t0, 0x10
#676 0 8000004c 0002f2d7 r 05         00000010  vsetvli t0, t0, e8,m1,tu,mu  +
#676 0 8000004c 0002f2d7 c 0c20       00000010  vsetvli t0, t0, e8,m1,tu,mu  +
#676 0 8000004c 0002f2d7 c 0c21       00000000  vsetvli t0, t0, e8,m1,tu,mu
#677 0 80000050 020a8107 v 02 0000000000000000000000000000000049506a0243ea5b6b2b359f68f27f9ca4 vle8.v v2, (s5)
#678 0 80000054 06298187 v 03 000000000000000000000000000000003b5302771a87397ff196db4589d2de49 vluxei8.v v3, (s3), v2
#679 0 80000058 020a81a7 m f0040261   0000003b  vse8.v v3, (s5)
#680 0 8000005c     42c1 r 05         00000010  c.li     t0, 0x10
#681 0 8000005e 70040497 r 09         f004005e  auipc    s1, 0x70040
#682 0 80000062 1f448493 r 09         f0040252  addi     s1, s1, 500
#683 0 80000066 70040917 r 12         f0040066  auipc    s2, 0x70040
#684 0 8000006a 27090913 r 12         f00402d6  addi     s2, s2, 624
#685 0 8000006e 0002f2d7 r 05         00000010  vsetvli t0, t0, e8,m1,tu,mu  +
#685 0 8000006e 0002f2d7 c 0c20       00000010  vsetvli t0, t0, e8,m1,tu,mu  +
#685 0 8000006e 0002f2d7 c 0c21       00000000  vsetvli t0, t0, e8,m1,tu,mu
#686 0 80000072 02090087 v 01 000000000000000000000000000000000b06010c07020d08030e09040f0a0500 vle8.v v1, (s2)
#687 0 80000076 06148187 v 03 000000000000000000000000000000001a96de77f1d2027f895339453b87db49 vluxei8.v v3, (s1), v1
#688 0 8000007a 020481a7 m f0040261   0000001a  vse8.v v3, (s1)
#689 0 8000007e 70040917 r 12         f004007e  auipc    s2, 0x70040
#690 0 80000082 1d490913 r 12         f0040252  addi     s2, s2, 468
#691 0 80000086     4291 r 05         00000004  c.li     t0, 0x4
#692 0 80000088 0002f2d7 r 05         00000004  vsetvli t0, t0, e8,m1,tu,mu  +
#692 0 80000088 0002f2d7 c 0c20       00000004  vsetvli t0, t0, e8,m1,tu,mu  +
#692 0 80000088 0002f2d7 c 0c21       00000000  vsetvli t0, t0, e8,m1,tu,mu
#693 0 8000008c     4f91 r 1f         00000004  c.li     t6, 0x4
#694 0 8000008e 70040997 r 13         f004008e  auipc    s3, 0x70040
#695 0 80000092 28c98993 r 13         f004031a  addi     s3, s3, 652
#696 0 80000096     4e81 r 1d         00000000  c.li     t4, 0x0
#697 0 80000098 5e0ec157 v 02 0000000000000000000000000000000049506a0243ea5b6b2b359f6800000000 vmv.v.x v2, t4
#698 0 8000009c 5e0ec2d7 v 05 0000000000000000000000000000000000000000000000000000000000000000 vmv.v.x v5, t4
#699 0 800000a0 5e0ec557 v 0a 0000000000000000000000000000000000000000000000000000000000000000 vmv.v.x v10, t4
#700 0 800000a4 5e0ec757 v 0e 0000000000000000000000000000000000000000000000000000000000000000 vmv.v.x v14, t4
#701 0 800000a8 5e0ec957 v 12 0000000000000000000000000000000000000000000000000000000000000000 vmv.v.x v18, t4
#702 0 800000ac 5e0ecb57 v 16 0000000000000000000000000000000000000000000000000000000000000000 vmv.v.x v22, t4
#703 0 800000b0 5e0ec0d7 v 01 000000000000000000000000000000000b06010c07020d08030e090400000000 vmv.v.x v1, t4
#704 0 800000b4 02090307 v 06 000000000000000000000000000000000000000000000000000000003b87db49 vle8.v v6, (s2)
#705 0 800000b8 08000393 r 07         00000080  addi     t2, zero, 128
#706 0 800000bc 5e03c0d7 v 01 000000000000000000000000000000000b06010c07020d08030e090480808080 vmv.v.x v1, t2
#707 0 800000c0 26608757 v 0e 0000000000000000000000000000000000000000000000000000000000808000 vand.vv v14, v6, v1
#708 0 800000c4 66e03057 v 00 0000000000000000000000000000000005766c2a3939a323b12c548817fefaa6 vmsne.vi v0, v14, 0
#709 0 800000c8 9660b557 v 0a 00000000000000000000000000000000000000000000000000000000760eb692 vsll.vi v10, v6, 1
#710 0 800000cc     4e6d r 1c         0000001b  c.li     t3, 0x1b
#711 0 800000ce 5e0e4157 v 02 0000000000000000000000000000000049506a0243ea5b6b2b359f681b1b1b1b vmv.v.x v2, t3
#712 0 800000d2 2ca10557 v 0a 000000000000000000000000000000000000000000000000000000007615ad92 vxor.vv v10, v10, v2, v0.t
#713 0 800000d6 2ea30957 v 12 000000000000000000000000000000000000000000000000000000004d9276db vxor.vv v18, v10, v6
#714 0 800000da 70040397 r 07         f00400da  auipc    t2, 0x70040
#715 0 800000de 21838393 r 07         f00402f2  addi     t2, t2, 536
#716 0 800000e2 02038007 v 00 0000000000000000000000000000000005766c2a3939a323b12c548800000001 vle8.v v0, (t2)
#717 0 800000e6     4e81 r 1d         00000000  c.li     t4, 0x0
#718 0 800000e8 5e0ec1d7 v 03 000000000000000000000000000000001a96de77f1d2027f8953394500000000 vmv.v.x v3, t4
#719 0 800000ec 5e0ec157 v 02 0000000000000000000000000000000049506a0243ea5b6b2b359f6800000000 vmv.v.x v2, t4
#720 0 800000f0 28a18157 v 02 0000000000000000000000000000000049506a0243ea5b6b2b359f6800000092 vor.vv v2, v10, v3, v0.t
#721 0 800000f4 70040397 r 07         f00400f4  auipc    t2, 0x70040
#722 0 800000f8 20238393 r 07         f00402f6  addi     t2, t2, 514
#723 0 800000fc 02038007 v 00 0000000000000000000000000000000005766c2a3939a323b12c548800000002 vle8.v v0, (t2)
#724 0 80000100     4e81 r 1d         00000000  c.li     t4, 0x0
#725 0 80000102 5e0ec1d7 v 03 000000000000000000000000000000001a96de77f1d2027f8953394500000000 vmv.v.x v3, t4
#726 0 80000106 29218157 v 02 0000000000000000000000000000000049506a0243ea5b6b2b359f6800007692 vor.vv v2, v18, v3, v0.t
#727 0 8000010a 70040397 r 07         f004010a  auipc    t2, 0x70040
#728 0 8000010e 1f038393 r 07         f00402fa  addi     t2, t2, 496
#729 0 80000112 02038007 v 00 0000000000000000000000000000000005766c2a3939a323b12c548800000004 vle8.v v0, (t2)
#730 0 80000116     4e81 r 1d         00000000  c.li     t4, 0x0
#731 0 80000118 5e0ec1d7 v 03 000000000000000000000000000000001a96de77f1d2027f8953394500000000 vmv.v.x v3, t4
#732 0 8000011c 28618157 v 02 0000000000000000000000000000000049506a0243ea5b6b2b359f6800877692 vor.vv v2, v6, v3, v0.t
#733 0 80000120 70040397 r 07         f0040120  auipc    t2, 0x70040
#734 0 80000124 1de38393 r 07         f00402fe  addi     t2, t2, 478
#735 0 80000128 02038007 v 00 0000000000000000000000000000000005766c2a3939a323b12c548800000008 vle8.v v0, (t2)
#736 0 8000012c     4e81 r 1d         00000000  c.li     t4, 0x0
#737 0 8000012e 5e0ec1d7 v 03 000000000000000000000000000000001a96de77f1d2027f8953394500000000 vmv.v.x v3, t4
#738 0 80000132 28618157 v 02 0000000000000000000000000000000049506a0243ea5b6b2b359f683b877692 vor.vv v2, v6, v3, v0.t
#739 0 80000136 70040397 r 07         f0040136  auipc    t2, 0x70040
#740 0 8000013a 1bc38393 r 07         f00402f2  addi     t2, t2, 444
#741 0 8000013e 02038007 v 00 0000000000000000000000000000000005766c2a3939a323b12c548800000001 vle8.v v0, (t2)
#742 0 80000142 0e21a257 v 04 0000000000000000000000000000000000000000000000000000000000000058 vredxor.vs v4, v2, v3
#743 0 80000146 284182d7 v 05 0000000000000000000000000000000000000000000000000000000000000058 vor.vv v5, v4, v3, v0.t
#744 0 8000014a 70040397 r 07         f004014a  auipc    t2, 0x70040
#745 0 8000014e 1a838393 r 07         f00402f2  addi     t2, t2, 424
#746 0 80000152 02038007 v 00 0000000000000000000000000000000005766c2a3939a323b12c548800000001 vle8.v v0, (t2)
#747 0 80000156     4e81 r 1d         00000000  c.li     t4, 0x0
#748 0 80000158 5e0ec157 v 02 0000000000000000000000000000000049506a0243ea5b6b2b359f6800000000 vmv.v.x v2, t4
#749 0 8000015c 28610157 v 02 0000000000000000000000000000000049506a0243ea5b6b2b359f6800000049 vor.vv v2, v6, v2, v0.t
#750 0 80000160 70040397 r 07         f0040160  auipc    t2, 0x70040
#751 0 80000164 19638393 r 07         f00402f6  addi     t2, t2, 406
#752 0 80000168 02038007 v 00 0000000000000000000000000000000005766c2a3939a323b12c548800000002 vle8.v v0, (t2)
#753 0 8000016c     4e81 r 1d         00000000  c.li     t4, 0x0
#754 0 8000016e 5e0ec1d7 v 03 000000000000000000000000000000001a96de77f1d2027f8953394500000000 vmv.v.x v3, t4
#755 0 80000172 28a18157 v 02 0000000000000000000000000000000049506a0243ea5b6b2b359f680000ad49 vor.vv v2, v10, v3, v0.t
#756 0 80000176 70040397 r 07         f0040176  auipc    t2, 0x70040
#757 0 8000017a 18438393 r 07         f00402fa  addi     t2, t2, 388
#758 0 8000017e 02038007 v 00 0000000000000000000000000000000005766c2a3939a323b12c548800000004 vle8.v v0, (t2)
#759 0 80000182     4e81 r 1d         00000000  c.li     t4, 0x0
#760 0 80000184 5e0ec1d7 v 03 000000000000000000000000000000001a96de77f1d2027f8953394500000000 vmv.v.x v3, t4
#761 0 80000188 29218157 v 02 0000000000000000000000000000000049506a0243ea5b6b2b359f680092ad49 vor.vv v2, v18, v3, v0.t
#762 0 8000018c 70040397 r 07         f004018c  auipc    t2, 0x70040
#763 0 80000190 17238393 r 07         f00402fe  addi     t2, t2, 370
#764 0 80000194 02038007 v 00 0000000000000000000000000000000005766c2a3939a323b12c548800000008 vle8.v v0, (t2)
#765 0 80000198     4e81 r 1d         00000000  c.li     t4, 0x0
#766 0 8000019a 5e0ec1d7 v 03 000000000000000000000000000000001a96de77f1d2027f8953394500000000 vmv.v.x v3, t4
#767 0 8000019e 28618157 v 02 0000000000000000000000000000000049506a0243ea5b6b2b359f683b92ad49 vor.vv v2, v6, v3, v0.t
#768 0 800001a2 70040397 r 07         f00401a2  auipc    t2, 0x70040
#769 0 800001a6 15438393 r 07         f00402f6  addi     t2, t2, 340
#770 0 800001aa 02038007 v 00 0000000000000000000000000000000005766c2a3939a323b12c548800000002 vle8.v v0, (t2)
#771 0 800001ae 0e21a257 v 04 000000000000000000000000000000000000000000000000000000000000004d vredxor.vs v4, v2, v3
#772 0 800001b2 3a40bb57 v 16 0000000000000000000000000000000000000000000000000000000000004d00 vslideup.vi v22, v4, 1
#773 0 800001b6 296182d7 v 05 0000000000000000000000000000000000000000000000000000000000004d58 vor.vv v5, v22, v3, v0.t
#774 0 800001ba 70040397 r 07         f00401ba  auipc    t2, 0x70040
#775 0 800001be 13838393 r 07         f00402f2  addi     t2, t2, 312
#776 0 800001c2 02038007 v 00 0000000000000000000000000000000005766c2a3939a323b12c548800000001 vle8.v v0, (t2)
#777 0 800001c6     4e81 r 1d         00000000  c.li     t4, 0x0
#778 0 800001c8 5e0ec157 v 02 0000000000000000000000000000000049506a0243ea5b6b2b359f6800000000 vmv.v.x v2, t4
#779 0 800001cc 28610157 v 02 0000000000000000000000000000000049506a0243ea5b6b2b359f6800000049 vor.vv v2, v6, v2, v0.t
#780 0 800001d0 70040397 r 07         f00401d0  auipc    t2, 0x70040
#781 0 800001d4 12638393 r 07         f00402f6  addi     t2, t2, 294
#782 0 800001d8 02038007 v 00 0000000000000000000000000000000005766c2a3939a323b12c548800000002 vle8.v v0, (t2)
#783 0 800001dc     4e81 r 1d         00000000  c.li     t4, 0x0
#784 0 800001de 5e0ec1d7 v 03 000000000000000000000000000000001a96de77f1d2027f8953394500000000 vmv.v.x v3, t4
#785 0 800001e2 28618157 v 02 0000000000000000000000000000000049506a0243ea5b6b2b359f680000db49 vor.vv v2, v6, v3, v0.t
#786 0 800001e6 70040397 r 07         f00401e6  auipc    t2, 0x70040
#787 0 800001ea 11438393 r 07         f00402fa  addi     t2, t2, 276
#788 0 800001ee 02038007 v 00 0000000000000000000000000000000005766c2a3939a323b12c548800000004 vle8.v v0, (t2)
#789 0 800001f2     4e81 r 1d         00000000  c.li     t4, 0x0
#790 0 800001f4 5e0ec1d7 v 03 000000000000000000000000000000001a96de77f1d2027f8953394500000000 vmv.v.x v3, t4
#791 0 800001f8 28a18157 v 02 0000000000000000000000000000000049506a0243ea5b6b2b359f680015db49 vor.vv v2, v10, v3, v0.t
#792 0 800001fc 70040397 r 07         f00401fc  auipc    t2, 0x70040
#793 0 80000200 10238393 r 07         f00402fe  addi     t2, t2, 258
#794 0 80000204 02038007 v 00 0000000000000000000000000000000005766c2a3939a323b12c548800000008 vle8.v v0, (t2)
#795 0 80000208     4e81 r 1d         00000000  c.li     t4, 0x0
#796 0 8000020a 5e0ec1d7 v 03 000000000000000000000000000000001a96de77f1d2027f8953394500000000 vmv.v.x v3, t4
#797 0 8000020e 29218157 v 02 0000000000000000000000000000000049506a0243ea5b6b2b359f684d15db49 vor.vv v2, v18, v3, v0.t
#798 0 80000212 70040397 r 07         f0040212  auipc    t2, 0x70040
#799 0 80000216 0e838393 r 07         f00402fa  addi     t2, t2, 232
#800 0 8000021a 02038007 v 00 0000000000000000000000000000000005766c2a3939a323b12c548800000004 vle8.v v0, (t2)
#801 0 8000021e 0e21a257 v 04 00000000000000000000000000000000000000000000000000000000000000ca vredxor.vs v4, v2, v3
#802 0 80000222 3a413b57 v 16 0000000000000000000000000000000000000000000000000000000000ca4d00 vslideup.vi v22, v4, 2
#803 0 80000226 296182d7 v 05 0000000000000000000000000000000000000000000000000000000000ca4d58 vor.vv v5, v22, v3, v0.t
#804 0 8000022a 70040397 r 07         f004022a  auipc    t2, 0x70040
#805 0 8000022e 0c838393 r 07         f00402f2  addi     t2, t2, 200
#806 0 80000232 02038007 v 00 0000000000000000000000000000000005766c2a3939a323b12c548800000001 vle8.v v0, (t2)
#807 0 80000236     4e81 r 1d         00000000  c.li     t4, 0x0
#808 0 80000238 5e0ec157 v 02 0000000000000000000000000000000049506a0243ea5b6b2b359f6800000000 vmv.v.x v2, t4
#809 0 8000023c 29210157 v 02 0000000000000000000000000000000049506a0243ea5b6b2b359f68000000db vor.vv v2, v18, v2, v0.t
#810 0 80000240 70040397 r 07         f0040240  auipc    t2, 0x70040
#811 0 80000244 0b638393 r 07         f00402f6  addi     t2, t2, 182
#812 0 80000248 02038007 v 00 0000000000000000000000000000000005766c2a3939a323b12c548800000002 vle8.v v0, (t2)
#813 0 8000024c     4e81 r 1d         00000000  c.li     t4, 0x0
#814 0 8000024e 5e0ec1d7 v 03 000000000000000000000000000000001a96de77f1d2027f8953394500000000 vmv.v.x v3, t4
#815 0 80000252 28618157 v 02 0000000000000000000000000000000049506a0243ea5b6b2b359f680000dbdb vor.vv v2, v6, v3, v0.t
#816 0 80000256 70040397 r 07         f0040256  auipc    t2, 0x70040
#817 0 8000025a 0a438393 r 07         f00402fa  addi     t2, t2, 164
#818 0 8000025e 02038007 v 00 0000000000000000000000000000000005766c2a3939a323b12c548800000004 vle8.v v0, (t2)
#819 0 80000262     4e81 r 1d         00000000  c.li     t4, 0x0
#820 0 80000264 5e0ec1d7 v 03 000000000000000000000000000000001a96de77f1d2027f8953394500000000 vmv.v.x v3, t4
#821 0 80000268 28618157 v 02 0000000000000000000000000000000049506a0243ea5b6b2b359f680087dbdb vor.vv v2, v6, v3, v0.t
#822 0 8000026c 70040397 r 07         f004026c  auipc    t2, 0x70040
#823 0 80000270 09238393 r 07         f00402fe  addi     t2, t2, 146
#824 0 80000274 02038007 v 00 0000000000000000000000000000000005766c2a3939a323b12c548800000008 vle8.v v0, (t2)
#825 0 80000278     4e81 r 1d         00000000  c.li     t4, 0x0
#826 0 8000027a 5e0ec1d7 v 03 000000000000000000000000000000001a96de77f1d2027f8953394500000000 vmv.v.x v3, t4
#827 0 8000027e 28a18157 v 02 0000000000000000000000000000000049506a0243ea5b6b2b359f687687dbdb vor.vv v2, v10, v3, v0.t
#828 0 80000282 0e21a257 v 04 00000000000000000000000000000000000000000000000000000000000000f1 vredxor.vs v4, v2, v3
#829 0 80000286 3a41bb57 v 16 00000000000000000000000000000000000000000000000000000000f1ca4d00 vslideup.vi v22, v4, 3
#830 0 8000028a 296182d7 v 05 00000000000000000000000000000000000000000000000000000000f1ca4d58 vor.vv v5, v22, v3, v0.t
#831 0 8000028e 020902a7 m f0040255   000000f1  vse8.v v5, (s2)
#832 0 80000292     0911 r 12         f0040256  c.addi   s2, 0x4
#833 0 80000294     0991 r 13         f004031e  c.addi   s3, 0x4
#834 0 80000296     1ffd r 1f         00000003  c.addi   t6, -0x1
#835 0 80000298 de0f9fe3 r 00         00000000  bne      t6, zero, . - 0x202
#836 0 80000096     4e81 r 1d         00000000  c.li     t4, 0x0
#837 0 80000098 5e0ec157 v 02 0000000000000000000000000000000049506a0243ea5b6b2b359f6800000000 vmv.v.x v2, t4
#838 0 8000009c 5e0ec2d7 v 05 0000000000000000000000000000000000000000000000000000000000000000 vmv.v.x v5, t4
#839 0 800000a0 5e0ec557 v 0a 0000000000000000000000000000000000000000000000000000000000000000 vmv.v.x v10, t4
#840 0 800000a4 5e0ec757 v 0e 0000000000000000000000000000000000000000000000000000000000000000 vmv.v.x v14, t4
#841 0 800000a8 5e0ec957 v 12 0000000000000000000000000000000000000000000000000000000000000000 vmv.v.x v18, t4
#842 0 800000ac 5e0ecb57 v 16 0000000000000000000000000000000000000000000000000000000000000000 vmv.v.x v22, t4
#843 0 800000b0 5e0ec0d7 v 01 000000000000000000000000000000000b06010c07020d08030e090400000000 vmv.v.x v1, t4
#844 0 800000b4 02090307 v 06 0000000000000000000000000000000000000000000000000000000089533945 vle8.v v6, (s2)
#845 0 800000b8 08000393 r 07         00000080  addi     t2, zero, 128
#846 0 800000bc 5e03c0d7 v 01 000000000000000000000000000000000b06010c07020d08030e090480808080 vmv.v.x v1, t2
#847 0 800000c0 26608757 v 0e 0000000000000000000000000000000000000000000000000000000080000000 vand.vv v14, v6, v1
#848 0 800000c4 66e03057 v 00 0000000000000000000000000000000005766c2a3939a323b12c548800000008 vmsne.vi v0, v14, 0
#849 0 800000c8 9660b557 v 0a 0000000000000000000000000000000000000000000000000000000012a6728a vsll.vi v10, v6, 1
#850 0 800000cc     4e6d r 1c         0000001b  c.li     t3, 0x1b
#851 0 800000ce 5e0e4157 v 02 0000000000000000000000000000000049506a0243ea5b6b2b359f681b1b1b1b vmv.v.x v2, t3
#852 0 800000d2 2ca10557 v 0a 0000000000000000000000000000000000000000000000000000000009a6728a vxor.vv v10, v10, v2, v0.t
#853 0 800000d6 2ea30957 v 12 0000000000000000000000000000000000000000000000000000000080f54bcf vxor.vv v18, v10, v6
#854 0 800000da 70040397 r 07         f00400da  auipc    t2, 0x70040
#855 0 800000de 21838393 r 07         f00402f2  addi     t2, t2, 536
#856 0 800000e2 02038007 v 00 0000000000000000000000000000000005766c2a3939a323b12c548800000001 vle8.v v0, (t2)
#857 0 800000e6     4e81 r 1d         00000000  c.li     t4, 0x0
#858 0 800000e8 5e0ec1d7 v 03 000000000000000000000000000000001a96de77f1d2027f8953394500000000 vmv.v.x v3, t4
#859 0 800000ec 5e0ec157 v 02 0000000000000000000000000000000049506a0243ea5b6b2b359f6800000000 vmv.v.x v2, t4
#860 0 800000f0 28a18157 v 02 0000000000000000000000000000000049506a0243ea5b6b2b359f680000008a vor.vv v2, v10, v3, v0.t
#861 0 800000f4 70040397 r 07         f00400f4  auipc    t2, 0x70040
#862 0 800000f8 20238393 r 07         f00402f6  addi     t2, t2, 514
#863 0 800000fc 02038007 v 00 0000000000000000000000000000000005766c2a3939a323b12c548800000002 vle8.v v0, (t2)
#864 0 80000100     4e81 r 1d         00000000  c.li     t4, 0x0
#865 0 80000102 5e0ec1d7 v 03 000000000000000000000000000000001a96de77f1d2027f8953394500000000 vmv.v.x v3, t4
#866 0 80000106 29218157 v 02 0000000000000000000000000000000049506a0243ea5b6b2b359f6800004b8a vor.vv v2, v18, v3, v0.t
#867 0 8000010a 70040397 r 07         f004010a  auipc    t2, 0x70040
#868 0 8000010e 1f038393 r 07         f00402fa  addi     t2, t2, 496
#869 0 80000112 02038007 v 00 0000000000000000000000000000000005766c2a3939a323b12c548800000004 vle8.v v0, (t2)
#870 0 80000116     4e81 r 1d         00000000  c.li     t4, 0x0
#871 0 80000118 5e0ec1d7 v 03 000000000000000000000000000000001a96de77f1d2027f8953394500000000 vmv.v.x v3, t4
#872 0 8000011c 28618157 v 02 0000000000000000000000000000000049506a0243ea5b6b2b359f6800534b8a vor.vv v2, v6, v3, v0.t
#873 0 80000120 70040397 r 07         f0040120  auipc    t2, 0x70040
#874 0 80000124 1de38393 r 07         f00402fe  addi     t2, t2, 478
#875 0 80000128 02038007 v 00 0000000000000000000000000000000005766c2a3939a323b12c548800000008 vle8.v v0, (t2)
#876 0 8000012c     4e81 r 1d         00000000  c.li     t4, 0x0
#877 0 8000012e 5e0ec1d7 v 03 000000000000000000000000000000001a96de77f1d2027f8953394500000000 vmv.v.x v3, t4
#878 0 80000132 28618157 v 02 0000000000000000000000000000000049506a0243ea5b6b2b359f6889534b8a vor.vv v2, v6, v3, v0.t
#879 0 80000136 70040397 r 07         f0040136  auipc    t2, 0x70040
#880 0 8000013a 1bc38393 r 07         f00402f2  addi     t2, t2, 444
#881 0 8000013e 02038007 v 00 0000000000000000000000000000000005766c2a3939a323b12c548800000001 vle8.v v0, (t2)
#882 0 80000142 0e21a257 v 04 000000000000000000000000000000000000000000000000000000000000001b vredxor.vs v4, v2, v3
#883 0 80000146 284182d7 v 05 000000000000000000000000000000000000000000000000000000000000001b vor.vv v5, v4, v3, v0.t
#884 0 8000014a 70040397 r 07         f004014a  auipc    t2, 0x70040
#885 0 8000014e 1a838393 r 07         f00402f2  addi     t2, t2, 424
#886 0 80000152 02038007 v 00 0000000000000000000000000000000005766c2a3939a323b12c548800000001 vle8.v v0, (t2)
#887 0 80000156     4e81 r 1d         00000000  c.li     t4, 0x0
#888 0 80000158 5e0ec157 v 02 0000000000000000000000000000000049506a0243ea5b6b2b359f6800000000 vmv.v.x v2, t4
#889 0 8000015c 28610157 v 02 0000000000000000000000000000000049506a0243ea5b6b2b359f6800000045 vor.vv v2, v6, v2, v0.t
#890 0 80000160 70040397 r 07         f0040160  auipc    t2, 0x70040
#891 0 80000164 19638393 r 07         f00402f6  addi     t2, t2, 406
#892 0 80000168 02038007 v 00 0000000000000000000000000000000005766c2a3939a323b12c548800000002 vle8.v v0, (t2)
#893 0 8000016c     4e81 r 1d         00000000  c.li     t4, 0x0
#894 0 8000016e 5e0ec1d7 v 03 000000000000000000000000000000001a96de77f1d2027f8953394500000000 vmv.v.x v3, t4
#895 0 80000172 28a18157 v 02 0000000000000000000000000000000049506a0243ea5b6b2b359f6800007245 vor.vv v2, v10, v3, v0.t
#896 0 80000176 70040397 r 07         f0040176  auipc    t2, 0x70040
#897 0 8000017a 18438393 r 07         f00402fa  addi     t2, t2, 388
#898 0 8000017e 02038007 v 00 0000000000000000000000000000000005766c2a3939a323b12c548800000004 vle8.v v0, (t2)
#899 0 80000182     4e81 r 1d         00000000  c.li     t4, 0x0
#900 0 80000184 5e0ec1d7 v 03 000000000000000000000000000000001a96de77f1d2027f8953394500000000 vmv.v.x v3, t4
#901 0 80000188 29218157 v 02 0000000000000000000000000000000049506a0243ea5b6b2b359f6800f57245 vor.vv v2, v18, v3, v0.t
#902 0 8000018c 70040397 r 07         f004018c  auipc    t2, 0x70040
#903 0 80000190 17238393 r 07         f00402fe  addi     t2, t2, 370
#904 0 80000194 02038007 v 00 0000000000000000000000000000000005766c2a3939a323b12c548800000008 vle8.v v0, (t2)
#905 0 80000198     4e81 r 1d         00000000  c.li     t4, 0x0
#906 0 8000019a 5e0ec1d7 v 03 000000000000000000000000000000001a96de77f1d2027f8953394500000000 vmv.v.x v3, t4
#907 0 8000019e 28618157 v 02 0000000000000000000000000000000049506a0243ea5b6b2b359f6889f57245 vor.vv v2, v6, v3, v0.t
#908 0 800001a2 70040397 r 07         f00401a2  auipc    t2, 0x70040
#909 0 800001a6 15438393 r 07         f00402f6  addi     t2, t2, 340
#910 0 800001aa 02038007 v 00 0000000000000000000000000000000005766c2a3939a323b12c548800000002 vle8.v v0, (t2)
#911 0 800001ae 0e21a257 v 04 000000000000000000000000000000000000000000000000000000000000004b vredxor.vs v4, v2, v3
#912 0 800001b2 3a40bb57 v 16 0000000000000000000000000000000000000000000000000000000000004b00 vslideup.vi v22, v4, 1
#913 0 800001b6 296182d7 v 05 0000000000000000000000000000000000000000000000000000000000004b1b vor.vv v5, v22, v3, v0.t
#914 0 800001ba 70040397 r 07         f00401ba  auipc    t2, 0x70040
#915 0 800001be 13838393 r 07         f00402f2  addi     t2, t2, 312
#916 0 800001c2 02038007 v 00 0000000000000000000000000000000005766c2a3939a323b12c548800000001 vle8.v v0, (t2)
#917 0 800001c6     4e81 r 1d         00000000  c.li     t4, 0x0
#918 0 800001c8 5e0ec157 v 02 0000000000000000000000000000000049506a0243ea5b6b2b359f6800000000 vmv.v.x v2, t4
#919 0 800001cc 28610157 v 02 0000000000000000000000000000000049506a0243ea5b6b2b359f6800000045 vor.vv v2, v6, v2, v0.t
#920 0 800001d0 70040397 r 07         f00401d0  auipc    t2, 0x70040
#921 0 800001d4 12638393 r 07         f00402f6  addi     t2, t2, 294
#922 0 800001d8 02038007 v 00 0000000000000000000000000000000005766c2a3939a323b12c548800000002 vle8.v v0, (t2)
#923 0 800001dc     4e81 r 1d         00000000  c.li     t4, 0x0
#924 0 800001de 5e0ec1d7 v 03 000000000000000000000000000000001a96de77f1d2027f8953394500000000 vmv.v.x v3, t4
#925 0 800001e2 28618157 v 02 0000000000000000000000000000000049506a0243ea5b6b2b359f6800003945 vor.vv v2, v6, v3, v0.t
#926 0 800001e6 70040397 r 07         f00401e6  auipc    t2, 0x70040
#927 0 800001ea 11438393 r 07         f00402fa  addi     t2, t2, 276
#928 0 800001ee 02038007 v 00 0000000000000000000000000000000005766c2a3939a323b12c548800000004 vle8.v v0, (t2)
#929 0 800001f2     4e81 r 1d         00000000  c.li     t4, 0x0
#930 0 800001f4 5e0ec1d7 v 03 000000000000000000000000000000001a96de77f1d2027f8953394500000000 vmv.v.x v3, t4
#931 0 800001f8 28a18157 v 02 0000000000000000000000000000000049506a0243ea5b6b2b359f6800a63945 vor.vv v2, v10, v3, v0.t
#932 0 800001fc 70040397 r 07         f00401fc  auipc    t2, 0x70040
#933 0 80000200 10238393 r 07         f00402fe  addi     t2, t2, 258
#934 0 80000204 02038007 v 00 0000000000000000000000000000000005766c2a3939a323b12c548800000008 vle8.v v0, (t2)
#935 0 80000208     4e81 r 1d         00000000  c.li     t4, 0x0
#936 0 8000020a 5e0ec1d7 v 03 000000000000000000000000000000001a96de77f1d2027f8953394500000000 vmv.v.x v3, t4
#937 0 8000020e 29218157 v 02 0000000000000000000000000000000049506a0243ea5b6b2b359f6880a63945 vor.vv v2, v18, v3, v0.t
#938 0 80000212 70040397 r 07         f0040212  auipc    t2, 0x70040
#939 0 80000216 0e838393 r 07         f00402fa  addi     t2, t2, 232
#940 0 8000021a 02038007 v 00 0000000000000000000000000000000005766c2a3939a323b12c548800000004 vle8.v v0, (t2)
#941 0 8000021e 0e21a257 v 04 000000000000000000000000000000000000000000000000000000000000005a vredxor.vs v4, v2, v3
#942 0 80000222 3a413b57 v 16 00000000000000000000000000000000000000000000000000000000005a4b00 vslideup.vi v22, v4, 2
#943 0 80000226 296182d7 v 05 00000000000000000000000000000000000000000000000000000000005a4b1b vor.vv v5, v22, v3, v0.t
#944 0 8000022a 70040397 r 07         f004022a  auipc    t2, 0x70040
#945 0 8000022e 0c838393 r 07         f00402f2  addi     t2, t2, 200
#946 0 80000232 02038007 v 00 0000000000000000000000000000000005766c2a3939a323b12c548800000001 vle8.v v0, (t2)
#947 0 80000236     4e81 r 1d         00000000  c.li     t4, 0x0
#948 0 80000238 5e0ec157 v 02 0000000000000000000000000000000049506a0243ea5b6b2b359f6800000000 vmv.v.x v2, t4
#949 0 8000023c 29210157 v 02 0000000000000000000000000000000049506a0243ea5b6b2b359f68000000cf vor.vv v2, v18, v2, v0.t
#950 0 80000240 70040397 r 07         f0040240  auipc    t2, 0x70040
#951 0 80000244 0b638393 r 07         f00402f6  addi     t2, t2, 182
#952 0 80000248 02038007 v 00 0000000000000000000000000000000005766c2a3939a323b12c548800000002 vle8.v v0, (t2)
#953 0 8000024c     4e81 r 1d         00000000  c.li     t4, 0x0
#954 0 8000024e 5e0ec1d7 v 03 000000000000000000000000000000001a96de77f1d2027f8953394500000000 vmv.v.x v3, t4
#955 0 80000252 28618157 v 02 0000000000000000000000000000000049506a0243ea5b6b2b359f68000039cf vor.vv v2, v6, v3, v0.t
#956 0 80000256 70040397 r 07         f0040256  auipc    t2, 0x70040
#957 0 8000025a 0a438393 r 07         f00402fa  addi     t2, t2, 164
#958 0 8000025e 02038007 v 00 0000000000000000000000000000000005766c2a3939a323b12c548800000004 vle8.v v0, (t2)
#959 0 80000262     4e81 r 1d         00000000  c.li     t4, 0x0
#960 0 80000264 5e0ec1d7 v 03 000000000000000000000000000000001a96de77f1d2027f8953394500000000 vmv.v.x v3, t4
#961 0 80000268 28618157 v 02 0000000000000000000000000000000049506a0243ea5b6b2b359f68005339cf vor.vv v2, v6, v3, v0.t
#962 0 8000026c 70040397 r 07         f004026c  auipc    t2, 0x70040
#963 0 80000270 09238393 r 07         f00402fe  addi     t2, t2, 146
#964 0 80000274 02038007 v 00 0000000000000000000000000000000005766c2a3939a323b12c548800000008 vle8.v v0, (t2)
#965 0 80000278     4e81 r 1d         00000000  c.li     t4, 0x0
#966 0 8000027a 5e0ec1d7 v 03 000000000000000000000000000000001a96de77f1d2027f8953394500000000 vmv.v.x v3, t4
#967 0 8000027e 28a18157 v 02 0000000000000000000000000000000049506a0243ea5b6b2b359f68095339cf vor.vv v2, v10, v3, v0.t
#968 0 80000282 0e21a257 v 04 00000000000000000000000000000000000000000000000000000000000000ac vredxor.vs v4, v2, v3
#969 0 80000286 3a41bb57 v 16 00000000000000000000000000000000000000000000000000000000ac5a4b00 vslideup.vi v22, v4, 3
#970 0 8000028a 296182d7 v 05 00000000000000000000000000000000000000000000000000000000ac5a4b1b vor.vv v5, v22, v3, v0.t
#971 0 8000028e 020902a7 m f0040259   000000ac  vse8.v v5, (s2)
#972 0 80000292     0911 r 12         f004025a  c.addi   s2, 0x4
#973 0 80000294     0991 r 13         f0040322  c.addi   s3, 0x4
#974 0 80000296     1ffd r 1f         00000002  c.addi   t6, -0x1
#975 0 80000298 de0f9fe3 r 00         00000000  bne      t6, zero, . - 0x202
#976 0 80000096     4e81 r 1d         00000000  c.li     t4, 0x0
#977 0 80000098 5e0ec157 v 02 0000000000000000000000000000000049506a0243ea5b6b2b359f6800000000 vmv.v.x v2, t4
#978 0 8000009c 5e0ec2d7 v 05 0000000000000000000000000000000000000000000000000000000000000000 vmv.v.x v5, t4
#979 0 800000a0 5e0ec557 v 0a 0000000000000000000000000000000000000000000000000000000000000000 vmv.v.x v10, t4
#980 0 800000a4 5e0ec757 v 0e 0000000000000000000000000000000000000000000000000000000000000000 vmv.v.x v14, t4
#981 0 800000a8 5e0ec957 v 12 0000000000000000000000000000000000000000000000000000000000000000 vmv.v.x v18, t4
#982 0 800000ac 5e0ecb57 v 16 0000000000000000000000000000000000000000000000000000000000000000 vmv.v.x v22, t4
#983 0 800000b0 5e0ec0d7 v 01 000000000000000000000000000000000b06010c07020d08030e090400000000 vmv.v.x v1, t4
#984 0 800000b4 02090307 v 06 00000000000000000000000000000000000000000000000000000000f1d2027f vle8.v v6, (s2)
#985 0 800000b8 08000393 r 07         00000080  addi     t2, zero, 128
#986 0 800000bc 5e03c0d7 v 01 000000000000000000000000000000000b06010c07020d08030e090480808080 vmv.v.x v1, t2
#987 0 800000c0 26608757 v 0e 0000000000000000000000000000000000000000000000000000000080800000 vand.vv v14, v6, v1
#988 0 800000c4 66e03057 v 00 0000000000000000000000000000000005766c2a3939a323b12c54880000000c vmsne.vi v0, v14, 0
#989 0 800000c8 9660b557 v 0a 00000000000000000000000000000000000000000000000000000000e2a404fe vsll.vi v10, v6, 1
#990 0 800000cc     4e6d r 1c         0000001b  c.li     t3, 0x1b
#991 0 800000ce 5e0e4157 v 02 0000000000000000000000000000000049506a0243ea5b6b2b359f681b1b1b1b vmv.v.x v2, t3
#992 0 800000d2 2ca10557 v 0a 00000000000000000000000000000000000000000000000000000000f9bf04fe vxor.vv v10, v10, v2, v0.t
#993 0 800000d6 2ea30957 v 12 00000000000000000000000000000000000000000000000000000000086d0681 vxor.vv v18, v10, v6
#994 0 800000da 70040397 r 07         f00400da  auipc    t2, 0x70040
#995 0 800000de 21838393 r 07         f00402f2  addi     t2, t2, 536
#996 0 800000e2 02038007 v 00 0000000000000000000000000000000005766c2a3939a323b12c548800000001 vle8.v v0, (t2)
#997 0 800000e6     4e81 r 1d         00000000  c.li     t4, 0x0
#998 0 800000e8 5e0ec1d7 v 03 000000000000000000000000000000001a96de77f1d2027f8953394500000000 vmv.v.x v3, t4
#999 0 800000ec 5e0ec157 v 02 0000000000000000000000000000000049506a0243ea5b6b2b359f6800000000 vmv.v.x v2, t4
#1000 0 800000f0 28a18157 v 02 0000000000000000000000000000000049506a0243ea5b6b2b359f68000000fe vor.vv v2, v10, v3, v0.t
#1001 0 800000f4 70040397 r 07         f00400f4  auipc    t2, 0x70040
#1002 0 800000f8 20238393 r 07         f00402f6  addi     t2, t2, 514
#1003 0 800000fc 02038007 v 00 0000000000000000000000000000000005766c2a3939a323b12c548800000002 vle8.v v0, (t2)
#1004 0 80000100     4e81 r 1d         00000000  c.li     t4, 0x0
#1005 0 80000102 5e0ec1d7 v 03 000000000000000000000000000000001a96de77f1d2027f8953394500000000 vmv.v.x v3, t4
#1006 0 80000106 29218157 v 02 0000000000000000000000000000000049506a0243ea5b6b2b359f68000006fe vor.vv v2, v18, v3, v0.t
#1007 0 8000010a 70040397 r 07         f004010a  auipc    t2, 0x70040
#1008 0 8000010e 1f038393 r 07         f00402fa  addi     t2, t2, 496
#1009 0 80000112 02038007 v 00 0000000000000000000000000000000005766c2a3939a323b12c548800000004 vle8.v v0, (t2)
#1010 0 80000116     4e81 r 1d         00000000  c.li     t4, 0x0
#1011 0 80000118 5e0ec1d7 v 03 000000000000000000000000000000001a96de77f1d2027f8953394500000000 vmv.v.x v3, t4
#1012 0 8000011c 28618157 v 02 0000000000000000000000000000000049506a0243ea5b6b2b359f6800d206fe vor.vv v2, v6, v3, v0.t
#1013 0 80000120 70040397 r 07         f0040120  auipc    t2, 0x70040
#1014 0 80000124 1de38393 r 07         f00402fe  addi     t2, t2, 478
#1015 0 80000128 02038007 v 00 0000000000000000000000000000000005766c2a3939a323b12c548800000008 vle8.v v0, (t2)
#1016 0 8000012c     4e81 r 1d         00000000  c.li     t4, 0x0
#1017 0 8000012e 5e0ec1d7 v 03 000000000000000000000000000000001a96de77f1d2027f8953394500000000 vmv.v.x v3, t4
#1018 0 80000132 28618157 v 02 0000000000000000000000000000000049506a0243ea5b6b2b359f68f1d206fe vor.vv v2, v6, v3, v0.t
#1019 0 80000136 70040397 r 07         f0040136  auipc    t2, 0x70040
#1020 0 8000013a 1bc38393 r 07         f00402f2  addi     t2, t2, 444
#1021 0 8000013e 02038007 v 00 0000000000000000000000000000000005766c2a3939a323b12c548800000001 vle8.v v0, (t2)
#1022 0 80000142 0e21a257 v 04 00000000000000000000000000000000000000000000000000000000000000db vredxor.vs v4, v2, v3
#1023 0 80000146 284182d7 v 05 00000000000000000000000000000000000000000000000000000000000000db vor.vv v5, v4, v3, v0.t
#1024 0 8000014a 70040397 r 07         f004014a  auipc    t2, 0x70040
#1025 0 8000014e 1a838393 r 07         f00402f2  addi     t2, t2, 424
#1026 0 80000152 02038007 v 00 0000000000000000000000000000000005766c2a3939a323b12c548800000001 vle8.v v0, (t2)
#1027 0 80000156     4e81 r 1d         00000000  c.li     t4, 0x0
#1028 0 80000158 5e0ec157 v 02 0000000000000000000000000000000049506a0243ea5b6b2b359f6800000000 vmv.v.x v2, t4
#1029 0 8000015c 28610157 v 02 0000000000000000000000000000000049506a0243ea5b6b2b359f680000007f vor.vv v2, v6, v2, v0.t
#1030 0 80000160 70040397 r 07         f0040160  auipc    t2, 0x70040
#1031 0 80000164 19638393 r 07         f00402f6  addi     t2, t2, 406
#1032 0 80000168 02038007 v 00 0000000000000000000000000000000005766c2a3939a323b12c548800000002 vle8.v v0, (t2)
#1033 0 8000016c     4e81 r 1d         00000000  c.li     t4, 0x0
#1034 0 8000016e 5e0ec1d7 v 03 000000000000000000000000000000001a96de77f1d2027f8953394500000000 vmv.v.x v3, t4
#1035 0 80000172 28a18157 v 02 0000000000000000000000000000000049506a0243ea5b6b2b359f680000047f vor.vv v2, v10, v3, v0.t
#1036 0 80000176 70040397 r 07         f0040176  auipc    t2, 0x70040
#1037 0 8000017a 18438393 r 07         f00402fa  addi     t2, t2, 388
#1038 0 8000017e 02038007 v 00 0000000000000000000000000000000005766c2a3939a323b12c548800000004 vle8.v v0, (t2)
#1039 0 80000182     4e81 r 1d         00000000  c.li     t4, 0x0
#1040 0 80000184 5e0ec1d7 v 03 000000000000000000000000000000001a96de77f1d2027f8953394500000000 vmv.v.x v3, t4
#1041 0 80000188 29218157 v 02 0000000000000000000000000000000049506a0243ea5b6b2b359f68006d047f vor.vv v2, v18, v3, v0.t
#1042 0 8000018c 70040397 r 07         f004018c  auipc    t2, 0x70040
#1043 0 80000190 17238393 r 07         f00402fe  addi     t2, t2, 370
#1044 0 80000194 02038007 v 00 0000000000000000000000000000000005766c2a3939a323b12c548800000008 vle8.v v0, (t2)
#1045 0 80000198     4e81 r 1d         00000000  c.li     t4, 0x0
#1046 0 8000019a 5e0ec1d7 v 03 000000000000000000000000000000001a96de77f1d2027f8953394500000000 vmv.v.x v3, t4
#1047 0 8000019e 28618157 v 02 0000000000000000000000000000000049506a0243ea5b6b2b359f68f16d047f vor.vv v2, v6, v3, v0.t
#1048 0 800001a2 70040397 r 07         f00401a2  auipc    t2, 0x70040
#1049 0 800001a6 15438393 r 07         f00402f6  addi     t2, t2, 340
#1050 0 800001aa 02038007 v 00 0000000000000000000000000000000005766c2a3939a323b12c548800000002 vle8.v v0, (t2)
#1051 0 800001ae 0e21a257 v 04 00000000000000000000000000000000000000000000000000000000000000e7 vredxor.vs v4, v2, v3
#1052 0 800001b2 3a40bb57 v 16 000000000000000000000000000000000000000000000000000000000000e700 vslideup.vi v22, v4, 1
#1053 0 800001b6 296182d7 v 05 000000000000000000000000000000000000000000000000000000000000e7db vor.vv v5, v22, v3, v0.t
#1054 0 800001ba 70040397 r 07         f00401ba  auipc    t2, 0x70040
#1055 0 800001be 13838393 r 07         f00402f2  addi     t2, t2, 312
#1056 0 800001c2 02038007 v 00 0000000000000000000000000000000005766c2a3939a323b12c548800000001 vle8.v v0, (t2)
#1057 0 800001c6     4e81 r 1d         00000000  c.li     t4, 0x0
#1058 0 800001c8 5e0ec157 v 02 0000000000000000000000000000000049506a0243ea5b6b2b359f6800000000 vmv.v.x v2, t4
#1059 0 800001cc 28610157 v 02 0000000000000000000000000000000049506a0243ea5b6b2b359f680000007f vor.vv v2, v6, v2, v0.t
#1060 0 800001d0 70040397 r 07         f00401d0  auipc    t2, 0x70040
#1061 0 800001d4 12638393 r 07         f00402f6  addi     t2, t2, 294
#1062 0 800001d8 02038007 v 00 0000000000000000000000000000000005766c2a3939a323b12c548800000002 vle8.v v0, (t2)
#1063 0 800001dc     4e81 r 1d         00000000  c.li     t4, 0x0
#1064 0 800001de 5e0ec1d7 v 03 000000000000000000000000000000001a96de77f1d2027f8953394500000000 vmv.v.x v3, t4
#1065 0 800001e2 28618157 v 02 0000000000000000000000000000000049506a0243ea5b6b2b359f680000027f vor.vv v2, v6, v3, v0.t
#1066 0 800001e6 70040397 r 07         f00401e6  auipc    t2, 0x70040
#1067 0 800001ea 11438393 r 07         f00402fa  addi     t2, t2, 276
#1068 0 800001ee 02038007 v 00 0000000000000000000000000000000005766c2a3939a323b12c548800000004 vle8.v v0, (t2)
#1069 0 800001f2     4e81 r 1d         00000000  c.li     t4, 0x0
#1070 0 800001f4 5e0ec1d7 v 03 000000000000000000000000000000001a96de77f1d2027f8953394500000000 vmv.v.x v3, t4
#1071 0 800001f8 28a18157 v 02 0000000000000000000000000000000049506a0243ea5b6b2b359f6800bf027f vor.vv v2, v10, v3, v0.t
#1072 0 800001fc 70040397 r 07         f00401fc  auipc    t2, 0x70040
#1073 0 80000200 10238393 r 07         f00402fe  addi     t2, t2, 258
#1074 0 80000204 02038007 v 00 0000000000000000000000000000000005766c2a3939a323b12c548800000008 vle8.v v0, (t2)
#1075 0 80000208     4e81 r 1d         00000000  c.li     t4, 0x0
#1076 0 8000020a 5e0ec1d7 v 03 000000000000000000000000000000001a96de77f1d2027f8953394500000000 vmv.v.x v3, t4
#1077 0 8000020e 29218157 v 02 0000000000000000000000000000000049506a0243ea5b6b2b359f6808bf027f vor.vv v2, v18, v3, v0.t
#1078 0 80000212 70040397 r 07         f0040212  auipc    t2, 0x70040
#1079 0 80000216 0e838393 r 07         f00402fa  addi     t2, t2, 232
#1080 0 8000021a 02038007 v 00 0000000000000000000000000000000005766c2a3939a323b12c548800000004 vle8.v v0, (t2)
#1081 0 8000021e 0e21a257 v 04 00000000000000000000000000000000000000000000000000000000000000ca vredxor.vs v4, v2, v3
#1082 0 80000222 3a413b57 v 16 0000000000000000000000000000000000000000000000000000000000cae700 vslideup.vi v22, v4, 2
#1083 0 80000226 296182d7 v 05 0000000000000000000000000000000000000000000000000000000000cae7db vor.vv v5, v22, v3, v0.t
#1084 0 8000022a 70040397 r 07         f004022a  auipc    t2, 0x70040
#1085 0 8000022e 0c838393 r 07         f00402f2  addi     t2, t2, 200
#1086 0 80000232 02038007 v 00 0000000000000000000000000000000005766c2a3939a323b12c548800000001 vle8.v v0, (t2)
#1087 0 80000236     4e81 r 1d         00000000  c.li     t4, 0x0
#1088 0 80000238 5e0ec157 v 02 0000000000000000000000000000000049506a0243ea5b6b2b359f6800000000 vmv.v.x v2, t4
#1089 0 8000023c 29210157 v 02 0000000000000000000000000000000049506a0243ea5b6b2b359f6800000081 vor.vv v2, v18, v2, v0.t
#1090 0 80000240 70040397 r 07         f0040240  auipc    t2, 0x70040
#1091 0 80000244 0b638393 r 07         f00402f6  addi     t2, t2, 182
#1092 0 80000248 02038007 v 00 0000000000000000000000000000000005766c2a3939a323b12c548800000002 vle8.v v0, (t2)
#1093 0 8000024c     4e81 r 1d         00000000  c.li     t4, 0x0
#1094 0 8000024e 5e0ec1d7 v 03 000000000000000000000000000000001a96de77f1d2027f8953394500000000 vmv.v.x v3, t4
#1095 0 80000252 28618157 v 02 0000000000000000000000000000000049506a0243ea5b6b2b359f6800000281 vor.vv v2, v6, v3, v0.t
#1096 0 80000256 70040397 r 07         f0040256  auipc    t2, 0x70040
#1097 0 8000025a 0a438393 r 07         f00402fa  addi     t2, t2, 164
#1098 0 8000025e 02038007 v 00 0000000000000000000000000000000005766c2a3939a323b12c548800000004 vle8.v v0, (t2)
#1099 0 80000262     4e81 r 1d         00000000  c.li     t4, 0x0
#1100 0 80000264 5e0ec1d7 v 03 000000000000000000000000000000001a96de77f1d2027f8953394500000000 vmv.v.x v3, t4
#1101 0 80000268 28618157 v 02 0000000000000000000000000000000049506a0243ea5b6b2b359f6800d20281 vor.vv v2, v6, v3, v0.t
#1102 0 8000026c 70040397 r 07         f004026c  auipc    t2, 0x70040
#1103 0 80000270 09238393 r 07         f00402fe  addi     t2, t2, 146
#1104 0 80000274 02038007 v 00 0000000000000000000000000000000005766c2a3939a323b12c548800000008 vle8.v v0, (t2)
#1105 0 80000278     4e81 r 1d         00000000  c.li     t4, 0x0
#1106 0 8000027a 5e0ec1d7 v 03 000000000000000000000000000000001a96de77f1d2027f8953394500000000 vmv.v.x v3, t4
#1107 0 8000027e 28a18157 v 02 0000000000000000000000000000000049506a0243ea5b6b2b359f68f9d20281 vor.vv v2, v10, v3, v0.t
#1108 0 80000282 0e21a257 v 04 00000000000000000000000000000000000000000000000000000000000000a8 vredxor.vs v4, v2, v3
#1109 0 80000286 3a41bb57 v 16 00000000000000000000000000000000000000000000000000000000a8cae700 vslideup.vi v22, v4, 3
#1110 0 8000028a 296182d7 v 05 00000000000000000000000000000000000000000000000000000000a8cae7db vor.vv v5, v22, v3, v0.t
#1111 0 8000028e 020902a7 m f004025d   000000a8  vse8.v v5, (s2)
#1112 0 80000292     0911 r 12         f004025e  c.addi   s2, 0x4
#1113 0 80000294     0991 r 13         f0040326  c.addi   s3, 0x4
#1114 0 80000296     1ffd r 1f         00000001  c.addi   t6, -0x1
#1115 0 80000298 de0f9fe3 r 00         00000000  bne      t6, zero, . - 0x202
#1116 0 80000096     4e81 r 1d         00000000  c.li     t4, 0x0
#1117 0 80000098 5e0ec157 v 02 0000000000000000000000000000000049506a0243ea5b6b2b359f6800000000 vmv.v.x v2, t4
#1118 0 8000009c 5e0ec2d7 v 05 0000000000000000000000000000000000000000000000000000000000000000 vmv.v.x v5, t4
#1119 0 800000a0 5e0ec557 v 0a 0000000000000000000000000000000000000000000000000000000000000000 vmv.v.x v10, t4
#1120 0 800000a4 5e0ec757 v 0e 0000000000000000000000000000000000000000000000000000000000000000 vmv.v.x v14, t4
#1121 0 800000a8 5e0ec957 v 12 0000000000000000000000000000000000000000000000000000000000000000 vmv.v.x v18, t4
#1122 0 800000ac 5e0ecb57 v 16 0000000000000000000000000000000000000000000000000000000000000000 vmv.v.x v22, t4
#1123 0 800000b0 5e0ec0d7 v 01 000000000000000000000000000000000b06010c07020d08030e090400000000 vmv.v.x v1, t4
#1124 0 800000b4 02090307 v 06 000000000000000000000000000000000000000000000000000000001a96de77 vle8.v v6, (s2)
#1125 0 800000b8 08000393 r 07         00000080  addi     t2, zero, 128
#1126 0 800000bc 5e03c0d7 v 01 000000000000000000000000000000000b06010c07020d08030e090480808080 vmv.v.x v1, t2
#1127 0 800000c0 26608757 v 0e 0000000000000000000000000000000000000000000000000000000000808000 vand.vv v14, v6, v1
#1128 0 800000c4 66e03057 v 00 0000000000000000000000000000000005766c2a3939a323b12c548800000006 vmsne.vi v0, v14, 0
#1129 0 800000c8 9660b557 v 0a 00000000000000000000000000000000000000000000000000000000342cbcee vsll.vi v10, v6, 1
#1130 0 800000cc     4e6d r 1c         0000001b  c.li     t3, 0x1b
#1131 0 800000ce 5e0e4157 v 02 0000000000000000000000000000000049506a0243ea5b6b2b359f681b1b1b1b vmv.v.x v2, t3
#1132 0 800000d2 2ca10557 v 0a 000000000000000000000000000000000000000000000000000000003437a7ee vxor.vv v10, v10, v2, v0.t
#1133 0 800000d6 2ea30957 v 12 000000000000000000000000000000000000000000000000000000002ea17999 vxor.vv v18, v10, v6
#1134 0 800000da 70040397 r 07         f00400da  auipc    t2, 0x70040
#1135 0 800000de 21838393 r 07         f00402f2  addi     t2, t2, 536
#1136 0 800000e2 02038007 v 00 0000000000000000000000000000000005766c2a3939a323b12c548800000001 vle8.v v0, (t2)
#1137 0 800000e6     4e81 r 1d         00000000  c.li     t4, 0x0
#1138 0 800000e8 5e0ec1d7 v 03 000000000000000000000000000000001a96de77f1d2027f8953394500000000 vmv.v.x v3, t4
#1139 0 800000ec 5e0ec157 v 02 0000000000000000000000000000000049506a0243ea5b6b2b359f6800000000 vmv.v.x v2, t4
#1140 0 800000f0 28a18157 v 02 0000000000000000000000000000000049506a0243ea5b6b2b359f68000000ee vor.vv v2, v10, v3, v0.t
#1141 0 800000f4 70040397 r 07         f00400f4  auipc    t2, 0x70040
#1142 0 800000f8 20238393 r 07         f00402f6  addi     t2, t2, 514
#1143 0 800000fc 02038007 v 00 0000000000000000000000000000000005766c2a3939a323b12c548800000002 vle8.v v0, (t2)
#1144 0 80000100     4e81 r 1d         00000000  c.li     t4, 0x0
#1145 0 80000102 5e0ec1d7 v 03 000000000000000000000000000000001a96de77f1d2027f8953394500000000 vmv.v.x v3, t4
#1146 0 80000106 29218157 v 02 0000000000000000000000000000000049506a0243ea5b6b2b359f68000079ee vor.vv v2, v18, v3, v0.t
#1147 0 8000010a 70040397 r 07         f004010a  auipc    t2, 0x70040
#1148 0 8000010e 1f038393 r 07         f00402fa  addi     t2, t2, 496
#1149 0 80000112 02038007 v 00 0000000000000000000000000000000005766c2a3939a323b12c548800000004 vle8.v v0, (t2)
#1150 0 80000116     4e81 r 1d         00000000  c.li     t4, 0x0
#1151 0 80000118 5e0ec1d7 v 03 000000000000000000000000000000001a96de77f1d2027f8953394500000000 vmv.v.x v3, t4
#1152 0 8000011c 28618157 v 02 0000000000000000000000000000000049506a0243ea5b6b2b359f68009679ee vor.vv v2, v6, v3, v0.t
#1153 0 80000120 70040397 r 07         f0040120  auipc    t2, 0x70040
#1154 0 80000124 1de38393 r 07         f00402fe  addi     t2, t2, 478
#1155 0 80000128 02038007 v 00 0000000000000000000000000000000005766c2a3939a323b12c548800000008 vle8.v v0, (t2)
#1156 0 8000012c     4e81 r 1d         00000000  c.li     t4, 0x0
#1157 0 8000012e 5e0ec1d7 v 03 000000000000000000000000000000001a96de77f1d2027f8953394500000000 vmv.v.x v3, t4
#1158 0 80000132 28618157 v 02 0000000000000000000000000000000049506a0243ea5b6b2b359f681a9679ee vor.vv v2, v6, v3, v0.t
#1159 0 80000136 70040397 r 07         f0040136  auipc    t2, 0x70040
#1160 0 8000013a 1bc38393 r 07         f00402f2  addi     t2, t2, 444
#1161 0 8000013e 02038007 v 00 0000000000000000000000000000000005766c2a3939a323b12c548800000001 vle8.v v0, (t2)
#1162 0 80000142 0e21a257 v 04 000000000000000000000000000000000000000000000000000000000000001b vredxor.vs v4, v2, v3
#1163 0 80000146 284182d7 v 05 000000000000000000000000000000000000000000000000000000000000001b vor.vv v5, v4, v3, v0.t
#1164 0 8000014a 70040397 r 07         f004014a  auipc    t2, 0x70040
#1165 0 8000014e 1a838393 r 07         f00402f2  addi     t2, t2, 424
#1166 0 80000152 02038007 v 00 0000000000000000000000000000000005766c2a3939a323b12c548800000001 vle8.v v0, (t2)
#1167 0 80000156     4e81 r 1d         00000000  c.li     t4, 0x0
#1168 0 80000158 5e0ec157 v 02 0000000000000000000000000000000049506a0243ea5b6b2b359f6800000000 vmv.v.x v2, t4
#1169 0 8000015c 28610157 v 02 0000000000000000000000000000000049506a0243ea5b6b2b359f6800000077 vor.vv v2, v6, v2, v0.t
#1170 0 80000160 70040397 r 07         f0040160  auipc    t2, 0x70040
#1171 0 80000164 19638393 r 07         f00402f6  addi     t2, t2, 406
#1172 0 80000168 02038007 v 00 0000000000000000000000000000000005766c2a3939a323b12c548800000002 vle8.v v0, (t2)
#1173 0 8000016c     4e81 r 1d         00000000  c.li     t4, 0x0
#1174 0 8000016e 5e0ec1d7 v 03 000000000000000000000000000000001a96de77f1d2027f8953394500000000 vmv.v.x v3, t4
#1175 0 80000172 28a18157 v 02 0000000000000000000000000000000049506a0243ea5b6b2b359f680000a777 vor.vv v2, v10, v3, v0.t
#1176 0 80000176 70040397 r 07         f0040176  auipc    t2, 0x70040
#1177 0 8000017a 18438393 r 07         f00402fa  addi     t2, t2, 388
#1178 0 8000017e 02038007 v 00 0000000000000000000000000000000005766c2a3939a323b12c548800000004 vle8.v v0, (t2)
#1179 0 80000182     4e81 r 1d         00000000  c.li     t4, 0x0
#1180 0 80000184 5e0ec1d7 v 03 000000000000000000000000000000001a96de77f1d2027f8953394500000000 vmv.v.x v3, t4
#1181 0 80000188 29218157 v 02 0000000000000000000000000000000049506a0243ea5b6b2b359f6800a1a777 vor.vv v2, v18, v3, v0.t
#1182 0 8000018c 70040397 r 07         f004018c  auipc    t2, 0x70040
#1183 0 80000190 17238393 r 07         f00402fe  addi     t2, t2, 370
#1184 0 80000194 02038007 v 00 0000000000000000000000000000000005766c2a3939a323b12c548800000008 vle8.v v0, (t2)
#1185 0 80000198     4e81 r 1d         00000000  c.li     t4, 0x0
#1186 0 8000019a 5e0ec1d7 v 03 000000000000000000000000000000001a96de77f1d2027f8953394500000000 vmv.v.x v3, t4
#1187 0 8000019e 28618157 v 02 0000000000000000000000000000000049506a0243ea5b6b2b359f681aa1a777 vor.vv v2, v6, v3, v0.t
#1188 0 800001a2 70040397 r 07         f00401a2  auipc    t2, 0x70040
#1189 0 800001a6 15438393 r 07         f00402f6  addi     t2, t2, 340
#1190 0 800001aa 02038007 v 00 0000000000000000000000000000000005766c2a3939a323b12c548800000002 vle8.v v0, (t2)
#1191 0 800001ae 0e21a257 v 04 000000000000000000000000000000000000000000000000000000000000006b vredxor.vs v4, v2, v3
#1192 0 800001b2 3a40bb57 v 16 0000000000000000000000000000000000000000000000000000000000006b00 vslideup.vi v22, v4, 1
#1193 0 800001b6 296182d7 v 05 0000000000000000000000000000000000000000000000000000000000006b1b vor.vv v5, v22, v3, v0.t
#1194 0 800001ba 70040397 r 07         f00401ba  auipc    t2, 0x70040
#1195 0 800001be 13838393 r 07         f00402f2  addi     t2, t2, 312
#1196 0 800001c2 02038007 v 00 0000000000000000000000000000000005766c2a3939a323b12c548800000001 vle8.v v0, (t2)
#1197 0 800001c6     4e81 r 1d         00000000  c.li     t4, 0x0
#1198 0 800001c8 5e0ec157 v 02 0000000000000000000000000000000049506a0243ea5b6b2b359f6800000000 vmv.v.x v2, t4
#1199 0 800001cc 28610157 v 02 0000000000000000000000000000000049506a0243ea5b6b2b359f6800000077 vor.vv v2, v6, v2, v0.t
#1200 0 800001d0 70040397 r 07         f00401d0  auipc    t2, 0x70040
#1201 0 800001d4 12638393 r 07         f00402f6  addi     t2, t2, 294
#1202 0 800001d8 02038007 v 00 0000000000000000000000000000000005766c2a3939a323b12c548800000002 vle8.v v0, (t2)
#1203 0 800001dc     4e81 r 1d         00000000  c.li     t4, 0x0
#1204 0 800001de 5e0ec1d7 v 03 000000000000000000000000000000001a96de77f1d2027f8953394500000000 vmv.v.x v3, t4
#1205 0 800001e2 28618157 v 02 0000000000000000000000000000000049506a0243ea5b6b2b359f680000de77 vor.vv v2, v6, v3, v0.t
#1206 0 800001e6 70040397 r 07         f00401e6  auipc    t2, 0x70040
#1207 0 800001ea 11438393 r 07         f00402fa  addi     t2, t2, 276
#1208 0 800001ee 02038007 v 00 0000000000000000000000000000000005766c2a3939a323b12c548800000004 vle8.v v0, (t2)
#1209 0 800001f2     4e81 r 1d         00000000  c.li     t4, 0x0
#1210 0 800001f4 5e0ec1d7 v 03 000000000000000000000000000000001a96de77f1d2027f8953394500000000 vmv.v.x v3, t4
#1211 0 800001f8 28a18157 v 02 0000000000000000000000000000000049506a0243ea5b6b2b359f680037de77 vor.vv v2, v10, v3, v0.t
#1212 0 800001fc 70040397 r 07         f00401fc  auipc    t2, 0x70040
#1213 0 80000200 10238393 r 07         f00402fe  addi     t2, t2, 258
#1214 0 80000204 02038007 v 00 0000000000000000000000000000000005766c2a3939a323b12c548800000008 vle8.v v0, (t2)
#1215 0 80000208     4e81 r 1d         00000000  c.li     t4, 0x0
#1216 0 8000020a 5e0ec1d7 v 03 000000000000000000000000000000001a96de77f1d2027f8953394500000000 vmv.v.x v3, t4
#1217 0 8000020e 29218157 v 02 0000000000000000000000000000000049506a0243ea5b6b2b359f682e37de77 vor.vv v2, v18, v3, v0.t
#1218 0 80000212 70040397 r 07         f0040212  auipc    t2, 0x70040
#1219 0 80000216 0e838393 r 07         f00402fa  addi     t2, t2, 232
#1220 0 8000021a 02038007 v 00 0000000000000000000000000000000005766c2a3939a323b12c548800000004 vle8.v v0, (t2)
#1221 0 8000021e 0e21a257 v 04 00000000000000000000000000000000000000000000000000000000000000b0 vredxor.vs v4, v2, v3
#1222 0 80000222 3a413b57 v 16 0000000000000000000000000000000000000000000000000000000000b06b00 vslideup.vi v22, v4, 2
#1223 0 80000226 296182d7 v 05 0000000000000000000000000000000000000000000000000000000000b06b1b vor.vv v5, v22, v3, v0.t
#1224 0 8000022a 70040397 r 07         f004022a  auipc    t2, 0x70040
#1225 0 8000022e 0c838393 r 07         f00402f2  addi     t2, t2, 200
#1226 0 80000232 02038007 v 00 0000000000000000000000000000000005766c2a3939a323b12c548800000001 vle8.v v0, (t2)
#1227 0 80000236     4e81 r 1d         00000000  c.li     t4, 0x0
#1228 0 80000238 5e0ec157 v 02 0000000000000000000000000000000049506a0243ea5b6b2b359f6800000000 vmv.v.x v2, t4
#1229 0 8000023c 29210157 v 02 0000000000000000000000000000000049506a0243ea5b6b2b359f6800000099 vor.vv v2, v18, v2, v0.t
#1230 0 80000240 70040397 r 07         f0040240  auipc    t2, 0x70040
#1231 0 80000244 0b638393 r 07         f00402f6  addi     t2, t2, 182
#1232 0 80000248 02038007 v 00 0000000000000000000000000000000005766c2a3939a323b12c548800000002 vle8.v v0, (t2)
#1233 0 8000024c     4e81 r 1d         00000000  c.li     t4, 0x0
#1234 0 8000024e 5e0ec1d7 v 03 000000000000000000000000000000001a96de77f1d2027f8953394500000000 vmv.v.x v3, t4
#1235 0 80000252 28618157 v 02 0000000000000000000000000000000049506a0243ea5b6b2b359f680000de99 vor.vv v2, v6, v3, v0.t
#1236 0 80000256 70040397 r 07         f0040256  auipc    t2, 0x70040
#1237 0 8000025a 0a438393 r 07         f00402fa  addi     t2, t2, 164
#1238 0 8000025e 02038007 v 00 0000000000000000000000000000000005766c2a3939a323b12c548800000004 vle8.v v0, (t2)
#1239 0 80000262     4e81 r 1d         00000000  c.li     t4, 0x0
#1240 0 80000264 5e0ec1d7 v 03 000000000000000000000000000000001a96de77f1d2027f8953394500000000 vmv.v.x v3, t4
#1241 0 80000268 28618157 v 02 0000000000000000000000000000000049506a0243ea5b6b2b359f680096de99 vor.vv v2, v6, v3, v0.t
#1242 0 8000026c 70040397 r 07         f004026c  auipc    t2, 0x70040
#1243 0 80000270 09238393 r 07         f00402fe  addi     t2, t2, 146
#1244 0 80000274 02038007 v 00 0000000000000000000000000000000005766c2a3939a323b12c548800000008 vle8.v v0, (t2)
#1245 0 80000278     4e81 r 1d         00000000  c.li     t4, 0x0
#1246 0 8000027a 5e0ec1d7 v 03 000000000000000000000000000000001a96de77f1d2027f8953394500000000 vmv.v.x v3, t4
#1247 0 8000027e 28a18157 v 02 0000000000000000000000000000000049506a0243ea5b6b2b359f683496de99 vor.vv v2, v10, v3, v0.t
#1248 0 80000282 0e21a257 v 04 00000000000000000000000000000000000000000000000000000000000000e5 vredxor.vs v4, v2, v3
#1249 0 80000286 3a41bb57 v 16 00000000000000000000000000000000000000000000000000000000e5b06b00 vslideup.vi v22, v4, 3
#1250 0 8000028a 296182d7 v 05 00000000000000000000000000000000000000000000000000000000e5b06b1b vor.vv v5, v22, v3, v0.t
#1251 0 8000028e 020902a7 m f0040261   000000e5  vse8.v v5, (s2)
#1252 0 80000292     0911 r 12         f0040262  c.addi   s2, 0x4
#1253 0 80000294     0991 r 13         f004032a  c.addi   s3, 0x4
#1254 0 80000296     1ffd r 1f         00000000  c.addi   t6, -0x1
#1255 0 80000298 de0f9fe3 r 00         00000000  bne      t6, zero, . - 0x202
#1256 0 8000029c 70040917 r 12         f004029c  auipc    s2, 0x70040
#1257 0 800002a0 fa690913 r 12         f0040242  addi     s2, s2, -90
#1258 0 800002a4 70040997 r 13         f00402a4  auipc    s3, 0x70040
#1259 0 800002a8 d9e98993 r 13         f0040042  addi     s3, s3, -610
#1260 0 800002ac 70040a17 r 14         f00402ac  auipc    s4, 0x70040
#1261 0 800002b0 d8ca0a13 r 14         f0040038  addi     s4, s4, -628
#1262 0 800002b4     4291 r 05         00000004  c.li     t0, 0x4
#1263 0 800002b6 70040497 r 09         f00402b6  auipc    s1, 0x70040
#1264 0 800002ba e8c48493 r 09         f0040142  addi     s1, s1, -372
#1265 0 800002be 0002f2d7 r 05         00000004  vsetvli t0, t0, e8,m1,tu,mu  +
#1265 0 800002be 0002f2d7 c 0c20       00000004  vsetvli t0, t0, e8,m1,tu,mu  +
#1265 0 800002be 0002f2d7 c 0c21       00000000  vsetvli t0, t0, e8,m1,tu,mu
#1266 0 800002c2 02090307 v 06 0000000000000000000000000000000000000000000000000000000017fefaa0 vle8.v v6, (s2)
#1267 0 800002c6     0911 r 12         f0040246  c.addi   s2, 0x4
#1268 0 800002c8 02090387 v 07 00000000000000000000000000000000000000000000000000000000b12c5488 vle8.v v7, (s2)
#1269 0 800002cc     0911 r 12         f004024a  c.addi   s2, 0x4
#1270 0 800002ce 02090407 v 08 000000000000000000000000000000000000000000000000000000003939a323 vle8.v v8, (s2)
#1271 0 800002d2     0911 r 12         f004024e  c.addi   s2, 0x4
#1272 0 800002d4 02090487 v 09 0000000000000000000000000000000000000000000000000000000005766c2a vle8.v v9, (s2)
#1273 0 800002d8     1951 r 12         f0040242  c.addi   s2, -0xc
#1274 0 800002da 0002f2d7 r 05         00000004  vsetvli t0, t0, e8,m1,tu,mu  +
#1274 0 800002da 0002f2d7 c 0c20       00000004  vsetvli t0, t0, e8,m1,tu,mu  +
#1274 0 800002da 0002f2d7 c 0c21       00000000  vsetvli t0, t0, e8,m1,tu,mu
#1275 0 800002de 70040e17 r 1c         f00402de  auipc    t3, 0x70040
#1276 0 800002e2 ff4e0e13 r 1c         f00402d2  addi     t3, t3, -12
#1277 0 800002e6 70040e97 r 1d         f00402e6  auipc    t4, 0x70040
#1278 0 800002ea 01ce8e93 r 1d         f0040302  addi     t4, t4, 28
#1279 0 800002ee 020e0007 v 00 0000000000000000000000000000000005766c2a3939a323b12c548800030201 vle8.v v0, (t3)
#1280 0 800002f2 020e84a7 m f0040305   00000005  vse8.v v9, (t4)
#1281 0 800002f6 060e8507 v 0a 000000000000000000000000000000000000000000000000000000002a05766c vluxei8.v v10, (t4), v0
#1282 0 800002fa 70040997 r 13         f00402fa  auipc    s3, 0x70040
#1283 0 800002fe d4898993 r 13         f0040042  addi     s3, s3, -696
#1284 0 80000302 06a98507 v 0a 00000000000000000000000000000000000000000000000000000000e56b3850 vluxei8.v v10, (s3), v10
#1285 0 80000306 2e650357 v 06 00000000000000000000000000000000000000000000000000000000f295c2f0 vxor.vv v6, v6, v10
#1286 0 8000030a     4285 r 05         00000001  c.li     t0, 0x1
#1287 0 8000030c 0002f2d7 r 05         00000001  vsetvli t0, t0, e8,m1,tu,mu  +
#1287 0 8000030c 0002f2d7 c 0c20       00000001  vsetvli t0, t0, e8,m1,tu,mu  +
#1287 0 8000030c 0002f2d7 c 0c21       00000000  vsetvli t0, t0, e8,m1,tu,mu
#1288 0 80000310 70040a17 r 14         f0040310  auipc    s4, 0x70040
#1289 0 80000314 d28a0a13 r 14         f0040038  addi     s4, s4, -728
#1290 0 80000318     9a6e r 14         f0040039  c.add    s4, s11
#1291 0 8000031a     0d85 r 1b         00000002  c.addi   s11, 0x1
#1292 0 8000031c 020a0f07 v 1e 0000000000000000000000000000000000000000000000000000000000000002 vle8.v v30, (s4)
#1293 0 80000320     4291 r 05         00000004  c.li     t0, 0x4
#1294 0 80000322 0002f2d7 r 05         00000004  vsetvli t0, t0, e8,m1,tu,mu  +
#1294 0 80000322 0002f2d7 c 0c20       00000004  vsetvli t0, t0, e8,m1,tu,mu  +
#1294 0 80000322 0002f2d7 c 0c21       00000000  vsetvli t0, t0, e8,m1,tu,mu
#1295 0 80000326 2e6f0357 v 06 00000000000000000000000000000000000000000000000000000000f295c2f2 vxor.vv v6, v6, v30
#1296 0 8000032a     0a05 r 14         f004003a  c.addi   s4, 0x1
#1297 0 8000032c 2e7303d7 v 07 0000000000000000000000000000000000000000000000000000000043b9967a vxor.vv v7, v7, v6
#1298 0 80000330 2e838457 v 08 000000000000000000000000000000000000000000000000000000007a803559 vxor.vv v8, v8, v7
#1299 0 80000334 2e9404d7 v 09 000000000000000000000000000000000000000000000000000000007ff65973 vxor.vv v9, v9, v8
#1300 0 80000338 70040917 r 12         f0040338  auipc    s2, 0x70040
#1301 0 8000033c f0a90913 r 12         f0040242  addi     s2, s2, -246
#1302 0 80000340     4291 r 05         00000004  c.li     t0, 0x4
#1303 0 80000342 0002f2d7 r 05         00000004  vsetvli t0, t0, e8,m1,tu,mu  +
#1303 0 80000342 0002f2d7 c 0c20       00000004  vsetvli t0, t0, e8,m1,tu,mu  +
#1303 0 80000342 0002f2d7 c 0c21       00000000  vsetvli t0, t0, e8,m1,tu,mu
#1304 0 80000346 02090327 m f0040245   000000f2  vse8.v v6, (s2)
#1305 0 8000034a     0911 r 12         f0040246  c.addi   s2, 0x4
#1306 0 8000034c 020903a7 m f0040249   00000043  vse8.v v7, (s2)
#1307 0 80000350     0911 r 12         f004024a  c.addi   s2, 0x4
#1308 0 80000352 02090427 m f004024d   0000007a  vse8.v v8, (s2)
#1309 0 80000356     0911 r 12         f004024e  c.addi   s2, 0x4
#1310 0 80000358 020904a7 m f0040251   0000007f  vse8.v v9, (s2)
#1311 0 8000035c 70040a97 r 15         f004035c  auipc    s5, 0x70040
#1312 0 80000360 ef6a8a93 r 15         f0040252  addi     s5, s5, -266
#1313 0 80000364 70040917 r 12         f0040364  auipc    s2, 0x70040
#1314 0 80000368 ede90913 r 12         f0040242  addi     s2, s2, -290
#1315 0 8000036c     42c1 r 05         00000010  c.li     t0, 0x10
#1316 0 8000036e 0002f2d7 r 05         00000010  vsetvli t0, t0, e8,m1,tu,mu  +
#1316 0 8000036e 0002f2d7 c 0c20       00000010  vsetvli t0, t0, e8,m1,tu,mu  +
#1316 0 8000036e 0002f2d7 c 0c21       00000000  vsetvli t0, t0, e8,m1,tu,mu
#1317 0 80000372 02090007 v 00 000000000000000000000000000000007ff659737a80355943b9967af295c2f2 vle8.v v0, (s2)
#1318 0 80000376 020a8087 v 01 00000000000000000000000000000000e5b06b1ba8cae7dbac5a4b1bf1ca4d58 vle8.v v1, (s5)
#1319 0 8000037a 2e100157 v 02 000000000000000000000000000000009a463268d24ad282efe3dd61035f8faa vxor.vv v2, v1, v0
#1320 0 8000037e 020a8127 m f0040261   0000009a  vse8.v v2, (s5)
#1321 0 80000382     137d r 06         00000007  c.addi   t1, -0x1
#1322 0 80000384 ca0317e3 r 00         00000000  bne      t1, zero, . - 0x352
#1323 0 80000032 70040a17 r 14         f0040032  auipc    s4, 0x70040
#1324 0 80000036 fcea0a13 r 14         f0040000  addi     s4, s4, -50
#1325 0 8000003a 70040997 r 13         f004003a  auipc    s3, 0x70040
#1326 0 8000003e 00898993 r 13         f0040042  addi     s3, s3, 8
#1327 0 80000042 70040a97 r 15         f0040042  auipc    s5, 0x70040
#1328 0 80000046 210a8a93 r 15         f0040252  addi     s5, s5, 528
#1329 0 8000004a     42c1 r 05         00000010  c.li     t0, 0x10
#1330 0 8000004c 0002f2d7 r 05         00000010  vsetvli t0, t0, e8,m1,tu,mu  +
#1330 0 8000004c 0002f2d7 c 0c20       00000010  vsetvli t0, t0, e8,m1,tu,mu  +
#1330 0 8000004c 0002f2d7 c 0c21       00000000  vsetvli t0, t0, e8,m1,tu,mu
#1331 0 80000050 020a8107 v 02 000000000000000000000000000000009a463268d24ad282efe3dd61035f8faa vle8.v v2, (s5)
#1332 0 80000054 06298187 v 03 00000000000000000000000000000000b85a2345b5d6b513df11c1ef7bcf73ac vluxei8.v v3, (s3), v2
#1333 0 80000058 020a81a7 m f0040261   000000b8  vse8.v v3, (s5)
#1334 0 8000005c     42c1 r 05         00000010  c.li     t0, 0x10
#1335 0 8000005e 70040497 r 09         f004005e  auipc    s1, 0x70040
#1336 0 80000062 1f448493 r 09         f0040252  addi     s1, s1, 500
#1337 0 80000066 70040917 r 12         f0040066  auipc    s2, 0x70040
#1338 0 8000006a 27090913 r 12         f00402d6  addi     s2, s2, 624
#1339 0 8000006e 0002f2d7 r 05         00000010  vsetvli t0, t0, e8,m1,tu,mu  +
#1339 0 8000006e 0002f2d7 c 0c20       00000010  vsetvli t0, t0, e8,m1,tu,mu  +
#1339 0 8000006e 0002f2d7 c 0c21       00000000  vsetvli t0, t0, e8,m1,tu,mu
#1340 0 80000072 02090087 v 01 000000000000000000000000000000000b06010c07020d08030e09040f0a0500 vle8.v v1, (s2)
#1341 0 80000076 06148187 v 03 00000000000000000000000000000000b5117345dfcf23137b5ab5efb8d6c1ac vluxei8.v v3, (s1), v1
#1342 0 8000007a 020481a7 m f0040261   000000b5  vse8.v v3, (s1)
#1343 0 8000007e 70040917 r 12         f004007e  auipc    s2, 0x70040
#1344 0 80000082 1d490913 r 12         f0040252  addi     s2, s2, 468
#1345 0 80000086     4291 r 05         00000004  c.li     t0, 0x4
#1346 0 80000088 0002f2d7 r 05         00000004  vsetvli t0, t0, e8,m1,tu,mu  +
#1346 0 80000088 0002f2d7 c 0c20       00000004  vsetvli t0, t0, e8,m1,tu,mu  +
#1346 0 80000088 0002f2d7 c 0c21       00000000  vsetvli t0, t0, e8,m1,tu,mu
#1347 0 8000008c     4f91 r 1f         00000004  c.li     t6, 0x4
#1348 0 8000008e 70040997 r 13         f004008e  auipc    s3, 0x70040
#1349 0 80000092 28c98993 r 13         f004031a  addi     s3, s3, 652
#1350 0 80000096     4e81 r 1d         00000000  c.li     t4, 0x0
#1351 0 80000098 5e0ec157 v 02 000000000000000000000000000000009a463268d24ad282efe3dd6100000000 vmv.v.x v2, t4
#1352 0 8000009c 5e0ec2d7 v 05 0000000000000000000000000000000000000000000000000000000000000000 vmv.v.x v5, t4
#1353 0 800000a0 5e0ec557 v 0a 0000000000000000000000000000000000000000000000000000000000000000 vmv.v.x v10, t4
#1354 0 800000a4 5e0ec757 v 0e 0000000000000000000000000000000000000000000000000000000000000000 vmv.v.x v14, t4
#1355 0 800000a8 5e0ec957 v 12 0000000000000000000000000000000000000000000000000000000000000000 vmv.v.x v18, t4
#1356 0 800000ac 5e0ecb57 v 16 0000000000000000000000000000000000000000000000000000000000000000 vmv.v.x v22, t4
#1357 0 800000b0 5e0ec0d7 v 01 000000000000000000000000000000000b06010c07020d08030e090400000000 vmv.v.x v1, t4
#1358 0 800000b4 02090307 v 06 00000000000000000000000000000000000000000000000000000000b8d6c1ac vle8.v v6, (s2)
#1359 0 800000b8 08000393 r 07         00000080  addi     t2, zero, 128
#1360 0 800000bc 5e03c0d7 v 01 000000000000000000000000000000000b06010c07020d08030e090480808080 vmv.v.x v1, t2
#1361 0 800000c0 26608757 v 0e 0000000000000000000000000000000000000000000000000000000080808080 vand.vv v14, v6, v1
#1362 0 800000c4 66e03057 v 00 000000000000000000000000000000007ff659737a80355943b9967af295c2ff vmsne.vi v0, v14, 0
#1363 0 800000c8 9660b557 v 0a 0000000000000000000000000000000000000000000000000000000070ac8258 vsll.vi v10, v6, 1
#1364 0 800000cc     4e6d r 1c         0000001b  c.li     t3, 0x1b
#1365 0 800000ce 5e0e4157 v 02 000000000000000000000000000000009a463268d24ad282efe3dd611b1b1b1b vmv.v.x v2, t3
#1366 0 800000d2 2ca10557 v 0a 000000000000000000000000000000000000000000000000000000006bb79943 vxor.vv v10, v10, v2, v0.t
#1367 0 800000d6 2ea30957 v 12 00000000000000000000000000000000000000000000000000000000d36158ef vxor.vv v18, v10, v6
#1368 0 800000da 70040397 r 07         f00400da  auipc    t2, 0x70040
#1369 0 800000de 21838393 r 07         f00402f2  addi     t2, t2, 536
#1370 0 800000e2 02038007 v 00 000000000000000000000000000000007ff659737a80355943b9967a00000001 vle8.v v0, (t2)
#1371 0 800000e6     4e81 r 1d         00000000  c.li     t4, 0x0
#1372 0 800000e8 5e0ec1d7 v 03 00000000000000000000000000000000b5117345dfcf23137b5ab5ef00000000 vmv.v.x v3, t4
#1373 0 800000ec 5e0ec157 v 02 000000000000000000000000000000009a463268d24ad282efe3dd6100000000 vmv.v.x v2, t4
#1374 0 800000f0 28a18157 v 02 000000000000000000000000000000009a463268d24ad282efe3dd6100000043 vor.vv v2, v10, v3, v0.t
#1375 0 800000f4 70040397 r 07         f00400f4  auipc    t2, 0x70040
#1376 0 800000f8 20238393 r 07         f00402f6  addi     t2, t2, 514
#1377 0 800000fc 02038007 v 00 000000000000000000000000000000007ff659737a80355943b9967a00000002 vle8.v v0, (t2)
#1378 0 80000100     4e81 r 1d         00000000  c.li     t4, 0x0
#1379 0 80000102 5e0ec1d7 v 03 00000000000000000000000000000000b5117345dfcf23137b5ab5ef00000000 vmv.v.x v3, t4
#1380 0 80000106 29218157 v 02 000000000000000000000000000000009a463268d24ad282efe3dd6100005843 vor.vv v2, v18, v3, v0.t
#1381 0 8000010a 70040397 r 07         f004010a  auipc    t2, 0x70040
#1382 0 8000010e 1f038393 r 07         f00402fa  addi     t2, t2, 496
#1383 0 80000112 02038007 v 00 000000000000000000000000000000007ff659737a80355943b9967a00000004 vle8.v v0, (t2)
#1384 0 80000116     4e81 r 1d         00000000  c.li     t4, 0x0
#1385 0 80000118 5e0ec1d7 v 03 00000000000000000000000000000000b5117345dfcf23137b5ab5ef00000000 vmv.v.x v3, t4
#1386 0 8000011c 28618157 v 02 000000000000000000000000000000009a463268d24ad282efe3dd6100d65843 vor.vv v2, v6, v3, v0.t
#1387 0 80000120 70040397 r 07         f0040120  auipc    t2, 0x70040
#1388 0 80000124 1de38393 r 07         f00402fe  addi     t2, t2, 478
#1389 0 80000128 02038007 v 00 000000000000000000000000000000007ff659737a80355943b9967a00000008 vle8.v v0, (t2)
#1390 0 8000012c     4e81 r 1d         00000000  c.li     t4, 0x0
#1391 0 8000012e 5e0ec1d7 v 03 00000000000000000000000000000000b5117345dfcf23137b5ab5ef00000000 vmv.v.x v3, t4
#1392 0 80000132 28618157 v 02 000000000000000000000000000000009a463268d24ad282efe3dd61b8d65843 vor.vv v2, v6, v3, v0.t
#1393 0 80000136 70040397 r 07         f0040136  auipc    t2, 0x70040
#1394 0 8000013a 1bc38393 r 07         f00402f2  addi     t2, t2, 444
#1395 0 8000013e 02038007 v 00 000000000000000000000000000000007ff659737a80355943b9967a00000001 vle8.v v0, (t2)
#1396 0 80000142 0e21a257 v 04 0000000000000000000000000000000000000000000000000000000000000075 vredxor.vs v4, v2, v3
#1397 0 80000146 284182d7 v 05 0000000000000000000000000000000000000000000000000000000000000075 vor.vv v5, v4, v3, v0.t
#1398 0 8000014a 70040397 r 07         f004014a  auipc    t2, 0x70040
#1399 0 8000014e 1a838393 r 07         f00402f2  addi     t2, t2, 424
#1400 0 80000152 02038007 v 00 000000000000000000000000000000007ff659737a80355943b9967a00000001 vle8.v v0, (t2)
#1401 0 80000156     4e81 r 1d         00000000  c.li     t4, 0x0
#1402 0 80000158 5e0ec157 v 02 000000000000000000000000000000009a463268d24ad282efe3dd6100000000 vmv.v.x v2, t4
#1403 0 8000015c 28610157 v 02 000000000000000000000000000000009a463268d24ad282efe3dd61000000ac vor.vv v2, v6, v2, v0.t
#1404 0 80000160 70040397 r 07         f0040160  auipc    t2, 0x70040
#1405 0 80000164 19638393 r 07         f00402f6  addi     t2, t2, 406
#1406 0 80000168 02038007 v 00 000000000000000000000000000000007ff659737a80355943b9967a00000002 vle8.v v0, (t2)
#1407 0 8000016c     4e81 r 1d         00000000  c.li     t4, 0x0
#1408 0 8000016e 5e0ec1d7 v 03 00000000000000000000000000000000b5117345dfcf23137b5ab5ef00000000 vmv.v.x v3, t4
#1409 0 80000172 28a18157 v 02 000000000000000000000000000000009a463268d24ad282efe3dd61000099ac vor.vv v2, v10, v3, v0.t
#1410 0 80000176 70040397 r 07         f0040176  auipc    t2, 0x70040
#1411 0 8000017a 18438393 r 07         f00402fa  addi     t2, t2, 388
#1412 0 8000017e 02038007 v 00 000000000000000000000000000000007ff659737a80355943b9967a00000004 vle8.v v0, (t2)
#1413 0 80000182     4e81 r 1d         00000000  c.li     t4, 0x0
#1414 0 80000184 5e0ec1d7 v 03 00000000000000000000000000000000b5117345dfcf23137b5ab5ef00000000 vmv.v.x v3, t4
#1415 0 80000188 29218157 v 02 000000000000000000000000000000009a463268d24ad282efe3dd61006199ac vor.vv v2, v18, v3, v0.t
#1416 0 8000018c 70040397 r 07         f004018c  auipc    t2, 0x70040
#1417 0 80000190 17238393 r 07         f00402fe  addi     t2, t2, 370
#1418 0 80000194 02038007 v 00 000000000000000000000000000000007ff659737a80355943b9967a00000008 vle8.v v0, (t2)
#1419 0 80000198     4e81 r 1d         00000000  c.li     t4, 0x0
#1420 0 8000019a 5e0ec1d7 v 03 00000000000000000000000000000000b5117345dfcf23137b5ab5ef00000000 vmv.v.x v3, t4
#1421 0 8000019e 28618157 v 02 000000000000000000000000000000009a463268d24ad282efe3dd61b86199ac vor.vv v2, v6, v3, v0.t
#1422 0 800001a2 70040397 r 07         f00401a2  auipc    t2, 0x70040
#1423 0 800001a6 15438393 r 07         f00402f6  addi     t2, t2, 340
#1424 0 800001aa 02038007 v 00 000000000000000000000000000000007ff659737a80355943b9967a00000002 vle8.v v0, (t2)
#1425 0 800001ae 0e21a257 v 04 00000000000000000000000000000000000000000000000000000000000000ec vredxor.vs v4, v2, v3
#1426 0 800001b2 3a40bb57 v 16 000000000000000000000000000000000000000000000000000000000000ec00 vslideup.vi v22, v4, 1
#1427 0 800001b6 296182d7 v 05 000000000000000000000000000000000000000000000000000000000000ec75 vor.vv v5, v22, v3, v0.t
#1428 0 800001ba 70040397 r 07         f00401ba  auipc    t2, 0x70040
#1429 0 800001be 13838393 r 07         f00402f2  addi     t2, t2, 312
#1430 0 800001c2 02038007 v 00 000000000000000000000000000000007ff659737a80355943b9967a00000001 vle8.v v0, (t2)
#1431 0 800001c6     4e81 r 1d         00000000  c.li     t4, 0x0
#1432 0 800001c8 5e0ec157 v 02 000000000000000000000000000000009a463268d24ad282efe3dd6100000000 vmv.v.x v2, t4
#1433 0 800001cc 28610157 v 02 000000000000000000000000000000009a463268d24ad282efe3dd61000000ac vor.vv v2, v6, v2, v0.t
#1434 0 800001d0 70040397 r 07         f00401d0  auipc    t2, 0x70040
#1435 0 800001d4 12638393 r 07         f00402f6  addi     t2, t2, 294
#1436 0 800001d8 02038007 v 00 000000000000000000000000000000007ff659737a80355943b9967a00000002 vle8.v v0, (t2)
#1437 0 800001dc     4e81 r 1d         00000000  c.li     t4, 0x0
#1438 0 800001de 5e0ec1d7 v 03 00000000000000000000000000000000b5117345dfcf23137b5ab5ef00000000 vmv.v.x v3, t4
#1439 0 800001e2 28618157 v 02 000000000000000000000000000000009a463268d24ad282efe3dd610000c1ac vor.vv v2, v6, v3, v0.t
#1440 0 800001e6 70040397 r 07         f00401e6  auipc    t2, 0x70040
#1441 0 800001ea 11438393 r 07         f00402fa  addi     t2, t2, 276
#1442 0 800001ee 02038007 v 00 000000000000000000000000000000007ff659737a80355943b9967a00000004 vle8.v v0, (t2)
#1443 0 800001f2     4e81 r 1d         00000000  c.li     t4, 0x0
#1444 0 800001f4 5e0ec1d7 v 03 00000000000000000000000000000000b5117345dfcf23137b5ab5ef00000000 vmv.v.x v3, t4
#1445 0 800001f8 28a18157 v 02 000000000000000000000000000000009a463268d24ad282efe3dd6100b7c1ac vor.vv v2, v10, v3, v0.t
#1446 0 800001fc 70040397 r 07         f00401fc  auipc    t2, 0x70040
#1447 0 80000200 10238393 r 07         f00402fe  addi     t2, t2, 258
#1448 0 80000204 02038007 v 00 000000000000000000000000000000007ff659737a80355943b9967a00000008 vle8.v v0, (t2)
#1449 0 80000208     4e81 r 1d         00000000  c.li     t4, 0x0
#1450 0 8000020a 5e0ec1d7 v 03 00000000000000000000000000000000b5117345dfcf23137b5ab5ef00000000 vmv.v.x v3, t4
#1451 0 8000020e 29218157 v 02 000000000000000000000000000000009a463268d24ad282efe3dd61d3b7c1ac vor.vv v2, v18, v3, v0.t
#1452 0 80000212 70040397 r 07         f0040212  auipc    t2, 0x70040
#1453 0 80000216 0e838393 r 07         f00402fa  addi     t2, t2, 232
#1454 0 8000021a 02038007 v 00 000000000000000000000000000000007ff659737a80355943b9967a00000004 vle8.v v0, (t2)
#1455 0 8000021e 0e21a257 v 04 0000000000000000000000000000000000000000000000000000000000000009 vredxor.vs v4, v2, v3
#1456 0 80000222 3a413b57 v 16 000000000000000000000000000000000000000000000000000000000009ec00 vslideup.vi v22, v4, 2
#1457 0 80000226 296182d7 v 05 000000000000000000000000000000000000000000000000000000000009ec75 vor.vv v5, v22, v3, v0.t
#1458 0 8000022a 70040397 r 07         f004022a  auipc    t2, 0x70040
#1459 0 8000022e 0c838393 r 07         f00402f2  addi     t2, t2, 200
#1460 0 80000232 02038007 v 00 000000000000000000000000000000007ff659737a80355943b9967a00000001 vle8.v v0, (t2)
#1461 0 80000236     4e81 r 1d         00000000  c.li     t4, 0x0
#1462 0 80000238 5e0ec157 v 02 000000000000000000000000000000009a463268d24ad282efe3dd6100000000 vmv.v.x v2, t4
#1463 0 8000023c 29210157 v 02 000000000000000000000000000000009a463268d24ad282efe3dd61000000ef vor.vv v2, v18, v2, v0.t
#1464 0 80000240 70040397 r 07         f0040240  auipc    t2, 0x70040
#1465 0 80000244 0b638393 r 07         f00402f6  addi     t2, t2, 182
#1466 0 80000248 02038007 v 00 000000000000000000000000000000007ff659737a80355943b9967a00000002 vle8.v v0, (t2)
#1467 0 8000024c     4e81 r 1d         00000000  c.li     t4, 0x0
#1468 0 8000024e 5e0ec1d7 v 03 00000000000000000000000000000000b5117345dfcf23137b5ab5ef00000000 vmv.v.x v3, t4
#1469 0 80000252 28618157 v 02 000000000000000000000000000000009a463268d24ad282efe3dd610000c1ef vor.vv v2, v6, v3, v0.t
#1470 0 80000256 70040397 r 07         f0040256  auipc    t2, 0x70040
#1471 0 8000025a 0a438393 r 07         f00402fa  addi     t2, t2, 164
#1472 0 8000025e 02038007 v 00 000000000000000000000000000000007ff659737a80355943b9967a00000004 vle8.v v0, (t2)
#1473 0 80000262     4e81 r 1d         00000000  c.li     t4, 0x0
#1474 0 80000264 5e0ec1d7 v 03 00000000000000000000000000000000b5117345dfcf23137b5ab5ef00000000 vmv.v.x v3, t4
#1475 0 80000268 28618157 v 02 000000000000000000000000000000009a463268d24ad282efe3dd6100d6c1ef vor.vv v2, v6, v3, v0.t
#1476 0 8000026c 70040397 r 07         f004026c  auipc    t2, 0x70040
#1477 0 80000270 09238393 r 07         f00402fe  addi     t2, t2, 146
#1478 0 80000274 02038007 v 00 000000000000000000000000000000007ff659737a80355943b9967a00000008 vle8.v v0, (t2)
#1479 0 80000278     4e81 r 1d         00000000  c.li     t4, 0x0
#1480 0 8000027a 5e0ec1d7 v 03 00000000000000000000000000000000b5117345dfcf23137b5ab5ef00000000 vmv.v.x v3, t4
#1481 0 8000027e 28a18157 v 02 000000000000000000000000000000009a463268d24ad282efe3dd616bd6c1ef vor.vv v2, v10, v3, v0.t
#1482 0 80000282 0e21a257 v 04 0000000000000000000000000000000000000000000000000000000000000093 vredxor.vs v4, v2, v3
#1483 0 80000286 3a41bb57 v 16 000000000000000000000000000000000000000000000000000000009309ec00 vslideup.vi v22, v4, 3
#1484 0 8000028a 296182d7 v 05 000000000000000000000000000000000000000000000000000000009309ec75 vor.vv v5, v22, v3, v0.t
#1485 0 8000028e 020902a7 m f0040255   00000093  vse8.v v5, (s2)
#1486 0 80000292     0911 r 12         f0040256  c.addi   s2, 0x4
#1487 0 80000294     0991 r 13         f004031e  c.addi   s3, 0x4
#1488 0 80000296     1ffd r 1f         00000003  c.addi   t6, -0x1
#1489 0 80000298 de0f9fe3 r 00         00000000  bne      t6, zero, . - 0x202
#1490 0 80000096     4e81 r 1d         00000000  c.li     t4, 0x0
#1491 0 80000098 5e0ec157 v 02 000000000000000000000000000000009a463268d24ad282efe3dd6100000000 vmv.v.x v2, t4
#1492 0 8000009c 5e0ec2d7 v 05 0000000000000000000000000000000000000000000000000000000000000000 vmv.v.x v5, t4
#1493 0 800000a0 5e0ec557 v 0a 0000000000000000000000000000000000000000000000000000000000000000 vmv.v.x v10, t4
#1494 0 800000a4 5e0ec757 v 0e 0000000000000000000000000000000000000000000000000000000000000000 vmv.v.x v14, t4
#1495 0 800000a8 5e0ec957 v 12 0000000000000000000000000000000000000000000000000000000000000000 vmv.v.x v18, t4
#1496 0 800000ac 5e0ecb57 v 16 0000000000000000000000000000000000000000000000000000000000000000 vmv.v.x v22, t4
#1497 0 800000b0 5e0ec0d7 v 01 000000000000000000000000000000000b06010c07020d08030e090400000000 vmv.v.x v1, t4
#1498 0 800000b4 02090307 v 06 000000000000000000000000000000000000000000000000000000007b5ab5ef vle8.v v6, (s2)
#1499 0 800000b8 08000393 r 07         00000080  addi     t2, zero, 128
#1500 0 800000bc 5e03c0d7 v 01 000000000000000000000000000000000b06010c07020d08030e090480808080 vmv.v.x v1, t2
#1501 0 800000c0 26608757 v 0e 0000000000000000000000000000000000000000000000000000000000008080 vand.vv v14, v6, v1
#1502 0 800000c4 66e03057 v 00 000000000000000000000000000000007ff659737a80355943b9967a00000003 vmsne.vi v0, v14, 0
#1503 0 800000c8 9660b557 v 0a 00000000000000000000000000000000000000000000000000000000f6b46ade vsll.vi v10, v6, 1
#1504 0 800000cc     4e6d r 1c         0000001b  c.li     t3, 0x1b
#1505 0 800000ce 5e0e4157 v 02 000000000000000000000000000000009a463268d24ad282efe3dd611b1b1b1b vmv.v.x v2, t3
#1506 0 800000d2 2ca10557 v 0a 00000000000000000000000000000000000000000000000000000000f6b471c5 vxor.vv v10, v10, v2, v0.t
#1507 0 800000d6 2ea30957 v 12 000000000000000000000000000000000000000000000000000000008deec42a vxor.vv v18, v10, v6
#1508 0 800000da 70040397 r 07         f00400da  auipc    t2, 0x70040
#1509 0 800000de 21838393 r 07         f00402f2  addi     t2, t2, 536
#1510 0 800000e2 02038007 v 00 000000000000000000000000000000007ff659737a80355943b9967a00000001 vle8.v v0, (t2)
#1511 0 800000e6     4e81 r 1d         00000000  c.li     t4, 0x0
#1512 0 800000e8 5e0ec1d7 v 03 00000000000000000000000000000000b5117345dfcf23137b5ab5ef00000000 vmv.v.x v3, t4
#1513 0 800000ec 5e0ec157 v 02 000000000000000000000000000000009a463268d24ad282efe3dd6100000000 vmv.v.x v2, t4
#1514 0 800000f0 28a18157 v 02 000000000000000000000000000000009a463268d24ad282efe3dd61000000c5 vor.vv v2, v10, v3, v0.t
#1515 0 800000f4 70040397 r 07         f00400f4  auipc    t2, 0x70040
#1516 0 800000f8 20238393 r 07         f00402f6  addi     t2, t2, 514
#1517 0 800000fc 02038007 v 00 000000000000000000000000000000007ff659737a80355943b9967a00000002 vle8.v v0, (t2)
#1518 0 80000100     4e81 r 1d         00000000  c.li     t4, 0x0
#1519 0 80000102 5e0ec1d7 v 03 00000000000000000000000000000000b5117345dfcf23137b5ab5ef00000000 vmv.v.x v3, t4
#1520 0 80000106 29218157 v 02 000000000000000000000000000000009a463268d24ad282efe3dd610000c4c5 vor.vv v2, v18, v3, v0.t
#1521 0 8000010a 70040397 r 07         f004010a  auipc    t2, 0x70040
#1522 0 8000010e 1f038393 r 07         f00402fa  addi     t2, t2, 496
#1523 0 80000112 02038007 v 00 000000000000000000000000000000007ff659737a80355943b9967a00000004 vle8.v v0, (t2)
#1524 0 80000116     4e81 r 1d         00000000  c.li     t4, 0x0
#1525 0 80000118 5e0ec1d7 v 03 00000000000000000000000000000000b5117345dfcf23137b5ab5ef00000000 vmv.v.x v3, t4
#1526 0 8000011c 28618157 v 02 000000000000000000000000000000009a463268d24ad282efe3dd61005ac4c5 vor.vv v2, v6, v3, v0.t
#1527 0 80000120 70040397 r 07         f0040120  auipc    t2, 0x70040
#1528 0 80000124 1de38393 r 07         f00402fe  addi     t2, t2, 478
#1529 0 80000128 02038007 v 00 000000000000000000000000000000007ff659737a80355943b9967a00000008 vle8.v v0, (t2)
#1530 0 8000012c     4e81 r 1d         00000000  c.li     t4, 0x0
#1531 0 8000012e 5e0ec1d7 v 03 00000000000000000000000000000000b5117345dfcf23137b5ab5ef00000000 vmv.v.x v3, t4
#1532 0 80000132 28618157 v 02 000000000000000000000000000000009a463268d24ad282efe3dd617b5ac4c5 vor.vv v2, v6, v3, v0.t
#1533 0 80000136 70040397 r 07         f0040136  auipc    t2, 0x70040
#1534 0 8000013a 1bc38393 r 07         f00402f2  addi     t2, t2, 444
#1535 0 8000013e 02038007 v 00 000000000000000000000000000000007ff659737a80355943b9967a00000001 vle8.v v0, (t2)
#1536 0 80000142 0e21a257 v 04 0000000000000000000000000000000000000000000000000000000000000020 vredxor.vs v4, v2, v3
#1537 0 80000146 284182d7 v 05 0000000000000000000000000000000000000000000000000000000000000020 vor.vv v5, v4, v3, v0.t
#1538 0 8000014a 70040397 r 07         f004014a  auipc    t2, 0x70040
#1539 0 8000014e 1a838393 r 07         f00402f2  addi     t2, t2, 424
#1540 0 80000152 02038007 v 00 000000000000000000000000000000007ff659737a80355943b9967a00000001 vle8.v v0, (t2)
#1541 0 80000156     4e81 r 1d         00000000  c.li     t4, 0x0
#1542 0 80000158 5e0ec157 v 02 000000000000000000000000000000009a463268d24ad282efe3dd6100000000 vmv.v.x v2, t4
#1543 0 8000015c 28610157 v 02 000000000000000000000000000000009a463268d24ad282efe3dd61000000ef vor.vv v2, v6, v2, v0.t
#1544 0 80000160 70040397 r 07         f0040160  auipc    t2, 0x70040
#1545 0 80000164 19638393 r 07         f00402f6  addi     t2, t2, 406
#1546 0 80000168 02038007 v 00 000000000000000000000000000000007ff659737a80355943b9967a00000002 vle8.v v0, (t2)
#1547 0 8000016c     4e81 r 1d         00000000  c.li     t4, 0x0
#1548 0 8000016e 5e0ec1d7 v 03 00000000000000000000000000000000b5117345dfcf23137b5ab5ef00000000 vmv.v.x v3, t4
#1549 0 80000172 28a18157 v 02 000000000000000000000000000000009a463268d24ad282efe3dd61000071ef vor.vv v2, v10, v3, v0.t
#1550 0 80000176 70040397 r 07         f0040176  auipc    t2, 0x70040
#1551 0 8000017a 18438393 r 07         f00402fa  addi     t2, t2, 388
#1552 0 8000017e 02038007 v 00 000000000000000000000000000000007ff659737a80355943b9967a00000004 vle8.v v0, (t2)
#1553 0 80000182     4e81 r 1d         00000000  c.li     t4, 0x0
#1554 0 80000184 5e0ec1d7 v 03 00000000000000000000000000000000b5117345dfcf23137b5ab5ef00000000 vmv.v.x v3, t4
#1555 0 80000188 29218157 v 02 000000000000000000000000000000009a463268d24ad282efe3dd6100ee71ef vor.vv v2, v18, v3, v0.t
#1556 0 8000018c 70040397 r 07         f004018c  auipc    t2, 0x70040
#1557 0 80000190 17238393 r 07         f00402fe  addi     t2, t2, 370
#1558 0 80000194 02038007 v 00 000000000000000000000000000000007ff659737a80355943b9967a00000008 vle8.v v0, (t2)
#1559 0 80000198     4e81 r 1d         00000000  c.li     t4, 0x0
#1560 0 8000019a 5e0ec1d7 v 03 00000000000000000000000000000000b5117345dfcf23137b5ab5ef00000000 vmv.v.x v3, t4
#1561 0 8000019e 28618157 v 02 000000000000000000000000000000009a463268d24ad282efe3dd617bee71ef vor.vv v2, v6, v3, v0.t
#1562 0 800001a2 70040397 r 07         f00401a2  auipc    t2, 0x70040
#1563 0 800001a6 15438393 r 07         f00402f6  addi     t2, t2, 340
#1564 0 800001aa 02038007 v 00 000000000000000000000000000000007ff659737a80355943b9967a00000002 vle8.v v0, (t2)
#1565 0 800001ae 0e21a257 v 04 000000000000000000000000000000000000000000000000000000000000000b vredxor.vs v4, v2, v3
#1566 0 800001b2 3a40bb57 v 16 0000000000000000000000000000000000000000000000000000000000000b00 vslideup.vi v22, v4, 1
#1567 0 800001b6 296182d7 v 05 0000000000000000000000000000000000000000000000000000000000000b20 vor.vv v5, v22, v3, v0.t
#1568 0 800001ba 70040397 r 07         f00401ba  auipc    t2, 0x70040
#1569 0 800001be 13838393 r 07         f00402f2  addi     t2, t2, 312
#1570 0 800001c2 02038007 v 00 000000000000000000000000000000007ff659737a80355943b9967a00000001 vle8.v v0, (t2)
#1571 0 800001c6     4e81 r 1d         00000000  c.li     t4, 0x0
#1572 0 800001c8 5e0ec157 v 02 000000000000000000000000000000009a463268d24ad282efe3dd6100000000 vmv.v.x v2, t4
#1573 0 800001cc 28610157 v 02 000000000000000000000000000000009a463268d24ad282efe3dd61000000ef vor.vv v2, v6, v2, v0.t
#1574 0 800001d0 70040397 r 07         f00401d0  auipc    t2, 0x70040
#1575 0 800001d4 12638393 r 07         f00402f6  addi     t2, t2, 294
#1576 0 800001d8 02038007 v 00 000000000000000000000000000000007ff659737a80355943b9967a00000002 vle8.v v0, (t2)
#1577 0 800001dc     4e81 r 1d         00000000  c.li     t4, 0x0
#1578 0 800001de 5e0ec1d7 v 03 00000000000000000000000000000000b5117345dfcf23137b5ab5ef00000000 vmv.v.x v3, t4
#1579 0 800001e2 28618157 v 02 000000000000000000000000000000009a463268d24ad282efe3dd610000b5ef vor.vv v2, v6, v3, v0.t
#1580 0 800001e6 70040397 r 07         f00401e6  auipc    t2, 0x70040
#1581 0 800001ea 11438393 r 07         f00402fa  addi     t2, t2, 276
#1582 0 800001ee 02038007 v 00 000000000000000000000000000000007ff659737a80355943b9967a00000004 vle8.v v0, (t2)
#1583 0 800001f2     4e81 r 1d         00000000  c.li     t4, 0x0
#1584 0 800001f4 5e0ec1d7 v 03 00000000000000000000000000000000b5117345dfcf23137b5ab5ef00000000 vmv.v.x v3, t4
#1585 0 800001f8 28a18157 v 02 000000000000000000000000000000009a463268d24ad282efe3dd6100b4b5ef vor.vv v2, v10, v3, v0.t
#1586 0 800001fc 70040397 r 07         f00401fc  auipc    t2, 0x70040
#1587 0 80000200 10238393 r 07         f00402fe  addi     t2, t2, 258
#1588 0 80000204 02038007 v 00 000000000000000000000000000000007ff659737a80355943b9967a00000008 vle8.v v0, (t2)
#1589 0 80000208     4e81 r 1d         00000000  c.li     t4, 0x0
#1590 0 8000020a 5e0ec1d7 v 03 00000000000000000000000000000000b5117345dfcf23137b5ab5ef00000000 vmv.v.x v3, t4
#1591 0 8000020e 29218157 v 02 000000000000000000000000000000009a463268d24ad282efe3dd618db4b5ef vor.vv v2, v18, v3, v0.t
#1592 0 80000212 70040397 r 07         f0040212  auipc    t2, 0x70040
#1593 0 80000216 0e838393 r 07         f00402fa  addi     t2, t2, 232
#1594 0 8000021a 02038007 v 00 000000000000000000000000000000007ff659737a80355943b9967a00000004 vle8.v v0, (t2)
#1595 0 8000021e 0e21a257 v 04 0000000000000000000000000000000000000000000000000000000000000063 vredxor.vs v4, v2, v3
#1596 0 80000222 3a413b57 v 16 0000000000000000000000000000000000000000000000000000000000630b00 vslideup.vi v22, v4, 2
#1597 0 80000226 296182d7 v 05 0000000000000000000000000000000000000000000000000000000000630b20 vor.vv v5, v22, v3, v0.t
#1598 0 8000022a 70040397 r 07         f004022a  auipc    t2, 0x70040
#1599 0 8000022e 0c838393 r 07         f00402f2  addi     t2, t2, 200
#1600 0 80000232 02038007 v 00 000000000000000000000000000000007ff659737a80355943b9967a00000001 vle8.v v0, (t2)
#1601 0 80000236     4e81 r 1d         00000000  c.li     t4, 0x0
#1602 0 80000238 5e0ec157 v 02 000000000000000000000000000000009a463268d24ad282efe3dd6100000000 vmv.v.x v2, t4
#1603 0 8000023c 29210157 v 02 000000000000000000000000000000009a463268d24ad282efe3dd610000002a vor.vv v2, v18, v2, v0.t
#1604 0 80000240 70040397 r 07         f0040240  auipc    t2, 0x70040
#1605 0 80000244 0b638393 r 07         f00402f6  addi     t2, t2, 182
#1606 0 80000248 02038007 v 00 000000000000000000000000000000007ff659737a80355943b9967a00000002 vle8.v v0, (t2)
#1607 0 8000024c     4e81 r 1d         00000000  c.li     t4, 0x0
#1608 0 8000024e 5e0ec1d7 v 03 00000000000000000000000000000000b5117345dfcf23137b5ab5ef00000000 vmv.v.x v3, t4
#1609 0 80000252 28618157 v 02 000000000000000000000000000000009a463268d24ad282efe3dd610000b52a vor.vv v2, v6, v3, v0.t
#1610 0 80000256 70040397 r 07         f0040256  auipc    t2, 0x70040
#1611 0 8000025a 0a438393 r 07         f00402fa  addi     t2, t2, 164
#1612 0 8000025e 02038007 v 00 000000000000000000000000000000007ff659737a80355943b9967a00000004 vle8.v v0, (t2)
#1613 0 80000262     4e81 r 1d         00000000  c.li     t4, 0x0
#1614 0 80000264 5e0ec1d7 v 03 00000000000000000000000000000000b5117345dfcf23137b5ab5ef00000000 vmv.v.x v3, t4
#1615 0 80000268 28618157 v 02 000000000000000000000000000000009a463268d24ad282efe3dd61005ab52a vor.vv v2, v6, v3, v0.t
#1616 0 8000026c 70040397 r 07         f004026c  auipc    t2, 0x70040
#1617 0 80000270 09238393 r 07         f00402fe  addi     t2, t2, 146
#1618 0 80000274 02038007 v 00 000000000000000000000000000000007ff659737a80355943b9967a00000008 vle8.v v0, (t2)
#1619 0 80000278     4e81 r 1d         00000000  c.li     t4, 0x0
#1620 0 8000027a 5e0ec1d7 v 03 00000000000000000000000000000000b5117345dfcf23137b5ab5ef00000000 vmv.v.x v3, t4
#1621 0 8000027e 28a18157 v 02 000000000000000000000000000000009a463268d24ad282efe3dd61f65ab52a vor.vv v2, v10, v3, v0.t
#1622 0 80000282 0e21a257 v 04 0000000000000000000000000000000000000000000000000000000000000033 vredxor.vs v4, v2, v3
#1623 0 80000286 3a41bb57 v 16 0000000000000000000000000000000000000000000000000000000033630b00 vslideup.vi v22, v4, 3
#1624 0 8000028a 296182d7 v 05 0000000000000000000000000000000000000000000000000000000033630b20 vor.vv v5, v22, v3, v0.t
#1625 0 8000028e 020902a7 m f0040259   00000033  vse8.v v5, (s2)
#1626 0 80000292     0911 r 12         f004025a  c.addi   s2, 0x4
#1627 0 80000294     0991 r 13         f0040322  c.addi   s3, 0x4
#1628 0 80000296     1ffd r 1f         00000002  c.addi   t6, -0x1
#1629 0 80000298 de0f9fe3 r 00         00000000  bne      t6, zero, . - 0x202
#1630 0 80000096     4e81 r 1d         00000000  c.li     t4, 0x0
#1631 0 80000098 5e0ec157 v 02 000000000000000000000000000000009a463268d24ad282efe3dd6100000000 vmv.v.x v2, t4
#1632 0 8000009c 5e0ec2d7 v 05 0000000000000000000000000000000000000000000000000000000000000000 vmv.v.x v5, t4
#1633 0 800000a0 5e0ec557 v 0a 0000000000000000000000000000000000000000000000000000000000000000 vmv.v.x v10, t4
#1634 0 800000a4 5e0ec757 v 0e 0000000000000000000000000000000000000000000000000000000000000000 vmv.v.x v14, t4
#1635 0 800000a8 5e0ec957 v 12 0000000000000000000000000000000000000000000000000000000000000000 vmv.v.x v18, t4
#1636 0 800000ac 5e0ecb57 v 16 0000000000000000000000000000000000000000000000000000000000000000 vmv.v.x v22, t4
#1637 0 800000b0 5e0ec0d7 v 01 000000000000000000000000000000000b06010c07020d08030e090400000000 vmv.v.x v1, t4
#1638 0 800000b4 02090307 v 06 00000000000000000000000000000000000000000000000000000000dfcf2313 vle8.v v6, (s2)
#1639 0 800000b8 08000393 r 07         00000080  addi     t2, zero, 128
#1640 0 800000bc 5e03c0d7 v 01 000000000000000000000000000000000b06010c07020d08030e090480808080 vmv.v.x v1, t2
#1641 0 800000c0 26608757 v 0e 0000000000000000000000000000000000000000000000000000000080800000 vand.vv v14, v6, v1
#1642 0 800000c4 66e03057 v 00 000000000000000000000000000000007ff659737a80355943b9967a0000000c vmsne.vi v0, v14, 0
#1643 0 800000c8 9660b557 v 0a 00000000000000000000000000000000000000000000000000000000be9e4626 vsll.vi v10, v6, 1
#1644 0 800000cc     4e6d r 1c         0000001b  c.li     t3, 0x1b
#1645 0 800000ce 5e0e4157 v 02 000000000000000000000000000000009a463268d24ad282efe3dd611b1b1b1b vmv.v.x v2, t3
#1646 0 800000d2 2ca10557 v 0a 00000000000000000000000000000000000000000000000000000000a5854626 vxor.vv v10, v10, v2, v0.t
#1647 0 800000d6 2ea30957 v 12 000000000000000000000000000000000000000000000000000000007a4a6535 vxor.vv v18, v10, v6
#1648 0 800000da 70040397 r 07         f00400da  auipc    t2, 0x70040
#1649 0 800000de 21838393 r 07         f00402f2  addi     t2, t2, 536
#1650 0 800000e2 02038007 v 00 000000000000000000000000000000007ff659737a80355943b9967a00000001 vle8.v v0, (t2)
#1651 0 800000e6     4e81 r 1d         00000000  c.li     t4, 0x0
#1652 0 800000e8 5e0ec1d7 v 03 00000000000000000000000000000000b5117345dfcf23137b5ab5ef00000000 vmv.v.x v3, t4
#1653 0 800000ec 5e0ec157 v 02 000000000000000000000000000000009a463268d24ad282efe3dd6100000000 vmv.v.x v2, t4
#1654 0 800000f0 28a18157 v 02 000000000000000000000000000000009a463268d24ad282efe3dd6100000026 vor.vv v2, v10, v3, v0.t
#1655 0 800000f4 70040397 r 07         f00400f4  auipc    t2, 0x70040
#1656 0 800000f8 20238393 r 07         f00402f6  addi     t2, t2, 514
#1657 0 800000fc 02038007 v 00 000000000000000000000000000000007ff659737a80355943b9967a00000002 vle8.v v0, (t2)
#1658 0 80000100     4e81 r 1d         00000000  c.li     t4, 0x0
#1659 0 80000102 5e0ec1d7 v 03 00000000000000000000000000000000b5117345dfcf23137b5ab5ef00000000 vmv.v.x v3, t4
#1660 0 80000106 29218157 v 02 000000000000000000000000000000009a463268d24ad282efe3dd6100006526 vor.vv v2, v18, v3, v0.t
#1661 0 8000010a 70040397 r 07         f004010a  auipc    t2, 0x70040
#1662 0 8000010e 1f038393 r 07         f00402fa  addi     t2, t2, 496
#1663 0 80000112 02038007 v 00 000000000000000000000000000000007ff659737a80355943b9967a00000004 vle8.v v0, (t2)
#1664 0 80000116     4e81 r 1d         00000000  c.li     t4, 0x0
#1665 0 80000118 5e0ec1d7 v 03 00000000000000000000000000000000b5117345dfcf23137b5ab5ef00000000 vmv.v.x v3, t4
#1666 0 8000011c 28618157 v 02 000000000000000000000000000000009a463268d24ad282efe3dd6100cf6526 vor.vv v2, v6, v3, v0.t
#1667 0 80000120 70040397 r 07         f0040120  auipc    t2, 0x70040
#1668 0 80000124 1de38393 r 07         f00402fe  addi     t2, t2, 478
#1669 0 80000128 02038007 v 00 000000000000000000000000000000007ff659737a80355943b9967a00000008 vle8.v v0, (t2)
#1670 0 8000012c     4e81 r 1d         00000000  c.li     t4, 0x0
#1671 0 8000012e 5e0ec1d7 v 03 00000000000000000000000000000000b5117345dfcf23137b5ab5ef00000000 vmv.v.x v3, t4
#1672 0 80000132 28618157 v 02 000000000000000000000000000000009a463268d24ad282efe3dd61dfcf6526 vor.vv v2, v6, v3, v0.t
#1673 0 80000136 70040397 r 07         f0040136  auipc    t2, 0x70040
#1674 0 8000013a 1bc38393 r 07         f00402f2  addi     t2, t2, 444
#1675 0 8000013e 02038007 v 00 000000000000000000000000000000007ff659737a80355943b9967a00000001 vle8.v v0, (t2)
#1676 0 80000142 0e21a257 v 04 0000000000000000000000000000000000000000000000000000000000000053 vredxor.vs v4, v2, v3
#1677 0 80000146 284182d7 v 05 0000000000000000000000000000000000000000000000000000000000000053 vor.vv v5, v4, v3, v0.t
#1678 0 8000014a 70040397 r 07         f004014a  auipc    t2, 0x70040
#1679 0 8000014e 1a838393 r 07         f00402f2  addi     t2, t2, 424
#1680 0 80000152 02038007 v 00 000000000000000000000000000000007ff659737a80355943b9967a00000001 vle8.v v0, (t2)
#1681 0 80000156     4e81 r 1d         00000000  c.li     t4, 0x0
#1682 0 80000158 5e0ec157 v 02 000000000000000000000000000000009a463268d24ad282efe3dd6100000000 vmv.v.x v2, t4
#1683 0 8000015c 28610157 v 02 000000000000000000000000000000009a463268d24ad282efe3dd6100000013 vor.vv v2, v6, v2, v0.t
#1684 0 80000160 70040397 r 07         f0040160  auipc    t2, 0x70040
#1685 0 80000164 19638393 r 07         f00402f6  addi     t2, t2, 406
#1686 0 80000168 02038007 v 00 000000000000000000000000000000007ff659737a80355943b9967a00000002 vle8.v v0, (t2)
#1687 0 8000016c     4e81 r 1d         00000000  c.li     t4, 0x0
#1688 0 8000016e 5e0ec1d7 v 03 00000000000000000000000000000000b5117345dfcf23137b5ab5ef00000000 vmv.v.x v3, t4
#1689 0 80000172 28a18157 v 02 000000000000000000000000000000009a463268d24ad282efe3dd6100004613 vor.vv v2, v10, v3, v0.t
#1690 0 80000176 70040397 r 07         f0040176  auipc    t2, 0x70040
#1691 0 8000017a 18438393 r 07         f00402fa  addi     t2, t2, 388
#1692 0 8000017e 02038007 v 00 000000000000000000000000000000007ff659737a80355943b9967a00000004 vle8.v v0, (t2)
#1693 0 80000182     4e81 r 1d         00000000  c.li     t4, 0x0
#1694 0 80000184 5e0ec1d7 v 03 00000000000000000000000000000000b5117345dfcf23137b5ab5ef00000000 vmv.v.x v3, t4
#1695 0 80000188 29218157 v 02 000000000000000000000000000000009a463268d24ad282efe3dd61004a4613 vor.vv v2, v18, v3, v0.t
#1696 0 8000018c 70040397 r 07         f004018c  auipc    t2, 0x70040
#1697 0 80000190 17238393 r 07         f00402fe  addi     t2, t2, 370
#1698 0 80000194 02038007 v 00 000000000000000000000000000000007ff659737a80355943b9967a00000008 vle8.v v0, (t2)
#1699 0 80000198     4e81 r 1d         00000000  c.li     t4, 0x0
#1700 0 8000019a 5e0ec1d7 v 03 00000000000000000000000000000000b5117345dfcf23137b5ab5ef00000000 vmv.v.x v3, t4
#1701 0 8000019e 28618157 v 02 000000000000000000000000000000009a463268d24ad282efe3dd61df4a4613 vor.vv v2, v6, v3, v0.t
#1702 0 800001a2 70040397 r 07         f00401a2  auipc    t2, 0x70040
#1703 0 800001a6 15438393 r 07         f00402f6  addi     t2, t2, 340
#1704 0 800001aa 02038007 v 00 000000000000000000000000000000007ff659737a80355943b9967a00000002 vle8.v v0, (t2)
#1705 0 800001ae 0e21a257 v 04 00000000000000000000000000000000000000000000000000000000000000c0 vredxor.vs v4, v2, v3
#1706 0 800001b2 3a40bb57 v 16 000000000000000000000000000000000000000000000000000000000000c000 vslideup.vi v22, v4, 1
#1707 0 800001b6 296182d7 v 05 000000000000000000000000000000000000000000000000000000000000c053 vor.vv v5, v22, v3, v0.t
#1708 0 800001ba 70040397 r 07         f00401ba  auipc    t2, 0x70040
#1709 0 800001be 13838393 r 07         f00402f2  addi     t2, t2, 312
#1710 0 800001c2 02038007 v 00 000000000000000000000000000000007ff659737a80355943b9967a00000001 vle8.v v0, (t2)
#1711 0 800001c6     4e81 r 1d         00000000  c.li     t4, 0x0
#1712 0 800001c8 5e0ec157 v 02 000000000000000000000000000000009a463268d24ad282efe3dd6100000000 vmv.v.x v2, t4
#1713 0 800001cc 28610157 v 02 000000000000000000000000000000009a463268d24ad282efe3dd6100000013 vor.vv v2, v6, v2, v0.t
#1714 0 800001d0 70040397 r 07         f00401d0  auipc    t2, 0x70040
#1715 0 800001d4 12638393 r 07         f00402f6  addi     t2, t2, 294
#1716 0 800001d8 02038007 v 00 000000000000000000000000000000007ff659737a80355943b9967a00000002 vle8.v v0, (t2)
#1717 0 800001dc     4e81 r 1d         00000000  c.li     t4, 0x0
#1718 0 800001de 5e0ec1d7 v 03 00000000000000000000000000000000b5117345dfcf23137b5ab5ef00000000 vmv.v.x v3, t4
#1719 0 800001e2 28618157 v 02 000000000000000000000000000000009a463268d24ad282efe3dd6100002313 vor.vv v2, v6, v3, v0.t
#1720 0 800001e6 70040397 r 07         f00401e6  auipc    t2, 0x70040
#1721 0 800001ea 11438393 r 07         f00402fa  addi     t2, t2, 276
#1722 0 800001ee 02038007 v 00 000000000000000000000000000000007ff659737a80355943b9967a00000004 vle8.v v0, (t2)
#1723 0 800001f2     4e81 r 1d         00000000  c.li     t4, 0x0
#1724 0 800001f4 5e0ec1d7 v 03 00000000000000000000000000000000b5117345dfcf23137b5ab5ef00000000 vmv.v.x v3, t4
#1725 0 800001f8 28a18157 v 02 000000000000000000000000000000009a463268d24ad282efe3dd6100852313 vor.vv v2, v10, v3, v0.t
#1726 0 800001fc 70040397 r 07         f00401fc  auipc    t2, 0x70040
#1727 0 80000200 10238393 r 07         f00402fe  addi     t2, t2, 258
#1728 0 80000204 02038007 v 00 000000000000000000000000000000007ff659737a80355943b9967a00000008 vle8.v v0, (t2)
#1729 0 80000208     4e81 r 1d         00000000  c.li     t4, 0x0
#1730 0 8000020a 5e0ec1d7 v 03 00000000000000000000000000000000b5117345dfcf23137b5ab5ef00000000 vmv.v.x v3, t4
#1731 0 8000020e 29218157 v 02 000000000000000000000000000000009a463268d24ad282efe3dd617a852313 vor.vv v2, v18, v3, v0.t
#1732 0 80000212 70040397 r 07         f0040212  auipc    t2, 0x70040
#1733 0 80000216 0e838393 r 07         f00402fa  addi     t2, t2, 232
#1734 0 8000021a 02038007 v 00 000000000000000000000000000000007ff659737a80355943b9967a00000004 vle8.v v0, (t2)
#1735 0 8000021e 0e21a257 v 04 00000000000000000000000000000000000000000000000000000000000000cf vredxor.vs v4, v2, v3
#1736 0 80000222 3a413b57 v 16 0000000000000000000000000000000000000000000000000000000000cfc000 vslideup.vi v22, v4, 2
#1737 0 80000226 296182d7 v 05 0000000000000000000000000000000000000000000000000000000000cfc053 vor.vv v5, v22, v3, v0.t
#1738 0 8000022a 70040397 r 07         f004022a  auipc    t2, 0x70040
#1739 0 8000022e 0c838393 r 07         f00402f2  addi     t2, t2, 200
#1740 0 80000232 02038007 v 00 000000000000000000000000000000007ff659737a80355943b9967a00000001 vle8.v v0, (t2)
#1741 0 80000236     4e81 r 1d         00000000  c.li     t4, 0x0
#1742 0 80000238 5e0ec157 v 02 000000000000000000000000000000009a463268d24ad282efe3dd6100000000 vmv.v.x v2, t4
#1743 0 8000023c 29210157 v 02 000000000000000000000000000000009a463268d24ad282efe3dd6100000035 vor.vv v2, v18, v2, v0.t
#1744 0 80000240 70040397 r 07         f0040240  auipc    t2, 0x70040
#1745 0 80000244 0b638393 r 07         f00402f6  addi     t2, t2, 182
#1746 0 80000248 02038007 v 00 000000000000000000000000000000007ff659737a80355943b9967a00000002 vle8.v v0, (t2)
#1747 0 8000024c     4e81 r 1d         00000000  c.li     t4, 0x0
#1748 0 8000024e 5e0ec1d7 v 03 00000000000000000000000000000000b5117345dfcf23137b5ab5ef00000000 vmv.v.x v3, t4
#1749 0 80000252 28618157 v 02 000000000000000000000000000000009a463268d24ad282efe3dd6100002335 vor.vv v2, v6, v3, v0.t
#1750 0 80000256 70040397 r 07         f0040256  auipc    t2, 0x70040
#1751 0 8000025a 0a438393 r 07         f00402fa  addi     t2, t2, 164
#1752 0 8000025e 02038007 v 00 000000000000000000000000000000007ff659737a80355943b9967a00000004 vle8.v v0, (t2)
#1753 0 80000262     4e81 r 1d         00000000  c.li     t4, 0x0
#1754 0 80000264 5e0ec1d7 v 03 00000000000000000000000000000000b5117345dfcf23137b5ab5ef00000000 vmv.v.x v3, t4
#1755 0 80000268 28618157 v 02 000000000000000000000000000000009a463268d24ad282efe3dd6100cf2335 vor.vv v2, v6, v3, v0.t
#1756 0 8000026c 70040397 r 07         f004026c  auipc    t2, 0x70040
#1757 0 80000270 09238393 r 07         f00402fe  addi     t2, t2, 146
#1758 0 80000274 02038007 v 00 000000000000000000000000000000007ff659737a80355943b9967a00000008 vle8.v v0, (t2)
#1759 0 80000278     4e81 r 1d         00000000  c.li     t4, 0x0
#1760 0 8000027a 5e0ec1d7 v 03 00000000000000000000000000000000b5117345dfcf23137b5ab5ef00000000 vmv.v.x v3, t4
#1761 0 8000027e 28a18157 v 02 000000000000000000000000000000009a463268d24ad282efe3dd61a5cf2335 vor.vv v2, v10, v3, v0.t
#1762 0 80000282 0e21a257 v 04 000000000000000000000000000000000000000000000000000000000000007c vredxor.vs v4, v2, v3
#1763 0 80000286 3a41bb57 v 16 000000000000000000000000000000000000000000000000000000007ccfc000 vslideup.vi v22, v4, 3
#1764 0 8000028a 296182d7 v 05 000000000000000000000000000000000000000000000000000000007ccfc053 vor.vv v5, v22, v3, v0.t
#1765 0 8000028e 020902a7 m f004025d   0000007c  vse8.v v5, (s2)
#1766 0 80000292     0911 r 12         f004025e  c.addi   s2, 0x4
#1767 0 80000294     0991 r 13         f0040326  c.addi   s3, 0x4
#1768 0 80000296     1ffd r 1f         00000001  c.addi   t6, -0x1
#1769 0 80000298 de0f9fe3 r 00         00000000  bne      t6, zero, . - 0x202
#1770 0 80000096     4e81 r 1d         00000000  c.li     t4, 0x0
#1771 0 80000098 5e0ec157 v 02 000000000000000000000000000000009a463268d24ad282efe3dd6100000000 vmv.v.x v2, t4
#1772 0 8000009c 5e0ec2d7 v 05 0000000000000000000000000000000000000000000000000000000000000000 vmv.v.x v5, t4
#1773 0 800000a0 5e0ec557 v 0a 0000000000000000000000000000000000000000000000000000000000000000 vmv.v.x v10, t4
#1774 0 800000a4 5e0ec757 v 0e 0000000000000000000000000000000000000000000000000000000000000000 vmv.v.x v14, t4
#1775 0 800000a8 5e0ec957 v 12 0000000000000000000000000000000000000000000000000000000000000000 vmv.v.x v18, t4
#1776 0 800000ac 5e0ecb57 v 16 0000000000000000000000000000000000000000000000000000000000000000 vmv.v.x v22, t4
#1777 0 800000b0 5e0ec0d7 v 01 000000000000000000000000000000000b06010c07020d08030e090400000000 vmv.v.x v1, t4
#1778 0 800000b4 02090307 v 06 00000000000000000000000000000000000000000000000000000000b5117345 vle8.v v6, (s2)
#1779 0 800000b8 08000393 r 07         00000080  addi     t2, zero, 128
#1780 0 800000bc 5e03c0d7 v 01 000000000000000000000000000000000b06010c07020d08030e090480808080 vmv.v.x v1, t2
#1781 0 800000c0 26608757 v 0e 0000000000000000000000000000000000000000000000000000000080000000 vand.vv v14, v6, v1
#1782 0 800000c4 66e03057 v 00 000000000000000000000000000000007ff659737a80355943b9967a00000008 vmsne.vi v0, v14, 0
#1783 0 800000c8 9660b557 v 0a 000000000000000000000000000000000000000000000000000000006a22e68a vsll.vi v10, v6, 1
#1784 0 800000cc     4e6d r 1c         0000001b  c.li     t3, 0x1b
#1785 0 800000ce 5e0e4157 v 02 000000000000000000000000000000009a463268d24ad282efe3dd611b1b1b1b vmv.v.x v2, t3
#1786 0 800000d2 2ca10557 v 0a 000000000000000000000000000000000000000000000000000000007122e68a vxor.vv v10, v10, v2, v0.t
#1787 0 800000d6 2ea30957 v 12 00000000000000000000000000000000000000000000000000000000c43395cf vxor.vv v18, v10, v6
#1788 0 800000da 70040397 r 07         f00400da  auipc    t2, 0x70040
#1789 0 800000de 21838393 r 07         f00402f2  addi     t2, t2, 536
#1790 0 800000e2 02038007 v 00 000000000000000000000000000000007ff659737a80355943b9967a00000001 vle8.v v0, (t2)
#1791 0 800000e6     4e81 r 1d         00000000  c.li     t4, 0x0
#1792 0 800000e8 5e0ec1d7 v 03 00000000000000000000000000000000b5117345dfcf23137b5ab5ef00000000 vmv.v.x v3, t4
#1793 0 800000ec 5e0ec157 v 02 000000000000000000000000000000009a463268d24ad282efe3dd6100000000 vmv.v.x v2, t4
#1794 0 800000f0 28a18157 v 02 000000000000000000000000000000009a463268d24ad282efe3dd610000008a vor.vv v2, v10, v3, v0.t
#1795 0 800000f4 70040397 r 07         f00400f4  auipc    t2, 0x70040
#1796 0 800000f8 20238393 r 07         f00402f6  addi     t2, t2, 514
#1797 0 800000fc 02038007 v 00 000000000000000000000000000000007ff659737a80355943b9967a00000002 vle8.v v0, (t2)
#1798 0 80000100     4e81 r 1d         00000000  c.li     t4, 0x0
#1799 0 80000102 5e0ec1d7 v 03 00000000000000000000000000000000b5117345dfcf23137b5ab5ef00000000 vmv.v.x v3, t4
#1800 0 80000106 29218157 v 02 000000000000000000000000000000009a463268d24ad282efe3dd610000958a vor.vv v2, v18, v3, v0.t
#1801 0 8000010a 70040397 r 07         f004010a  auipc    t2, 0x70040
#1802 0 8000010e 1f038393 r 07         f00402fa  addi     t2, t2, 496
#1803 0 80000112 02038007 v 00 000000000000000000000000000000007ff659737a80355943b9967a00000004 vle8.v v0, (t2)
#1804 0 80000116     4e81 r 1d         00000000  c.li     t4, 0x0
#1805 0 80000118 5e0ec1d7 v 03 00000000000000000000000000000000b5117345dfcf23137b5ab5ef00000000 vmv.v.x v3, t4
#1806 0 8000011c 28618157 v 02 000000000000000000000000000000009a463268d24ad282efe3dd610011958a vor.vv v2, v6, v3, v0.t
#1807 0 80000120 70040397 r 07         f0040120  auipc    t2, 0x70040
#1808 0 80000124 1de38393 r 07         f00402fe  addi     t2, t2, 478
#1809 0 80000128 02038007 v 00 000000000000000000000000000000007ff659737a80355943b9967a00000008 vle8.v v0, (t2)
#1810 0 8000012c     4e81 r 1d         00000000  c.li     t4, 0x0
#1811 0 8000012e 5e0ec1d7 v 03 00000000000000000000000000000000b5117345dfcf23137b5ab5ef00000000 vmv.v.x v3, t4
#1812 0 80000132 28618157 v 02 000000000000000000000000000000009a463268d24ad282efe3dd61b511958a vor.vv v2, v6, v3, v0.t
#1813 0 80000136 70040397 r 07         f0040136  auipc    t2, 0x70040
#1814 0 8000013a 1bc38393 r 07         f00402f2  addi     t2, t2, 444
#1815 0 8000013e 02038007 v 00 000000000000000000000000000000007ff659737a80355943b9967a00000001 vle8.v v0, (t2)
#1816 0 80000142 0e21a257 v 04 00000000000000000000000000000000000000000000000000000000000000bb vredxor.vs v4, v2, v3
#1817 0 80000146 284182d7 v 05 00000000000000000000000000000000000000000000000000000000000000bb vor.vv v5, v4, v3, v0.t
#1818 0 8000014a 70040397 r 07         f004014a  auipc    t2, 0x70040
#1819 0 8000014e 1a838393 r 07         f00402f2  addi     t2, t2, 424
#1820 0 80000152 02038007 v 00 000000000000000000000000000000007ff659737a80355943b9967a00000001 vle8.v v0, (t2)
#1821 0 80000156     4e81 r 1d         00000000  c.li     t4, 0x0
#1822 0 80000158 5e0ec157 v 02 000000000000000000000000000000009a463268d24ad282efe3dd6100000000 vmv.v.x v2, t4
#1823 0 8000015c 28610157 v 02 000000000000000000000000000000009a463268d24ad282efe3dd6100000045 vor.vv v2, v6, v2, v0.t
#1824 0 80000160 70040397 r 07         f0040160  auipc    t2, 0x70040
#1825 0 80000164 19638393 r 07         f00402f6  addi     t2, t2, 406
#1826 0 80000168 02038007 v 00 000000000000000000000000000000007ff659737a80355943b9967a00000002 vle8.v v0, (t2)
#1827 0 8000016c     4e81 r 1d         00000000  c.li     t4, 0x0
#1828 0 8000016e 5e0ec1d7 v 03 00000000000000000000000000000000b5117345dfcf23137b5ab5ef00000000 vmv.v.x v3, t4
#1829 0 80000172 28a18157 v 02 000000000000000000000000000000009a463268d24ad282efe3dd610000e645 vor.vv v2, v10, v3, v0.t
#1830 0 80000176 70040397 r 07         f0040176  auipc    t2, 0x70040
#1831 0 8000017a 18438393 r 07         f00402fa  addi     t2, t2, 388
#1832 0 8000017e 02038007 v 00 000000000000000000000000000000007ff659737a80355943b9967a00000004 vle8.v v0, (t2)
#1833 0 80000182     4e81 r 1d         00000000  c.li     t4, 0x0
#1834 0 80000184 5e0ec1d7 v 03 00000000000000000000000000000000b5117345dfcf23137b5ab5ef00000000 vmv.v.x v3, t4
#1835 0 80000188 29218157 v 02 000000000000000000000000000000009a463268d24ad282efe3dd610033e645 vor.vv v2, v18, v3, v0.t
#1836 0 8000018c 70040397 r 07         f004018c  auipc    t2, 0x70040
#1837 0 80000190 17238393 r 07         f00402fe  addi     t2, t2, 370
#1838 0 80000194 02038007 v 00 000000000000000000000000000000007ff659737a80355943b9967a00000008 vle8.v v0, (t2)
#1839 0 80000198     4e81 r 1d         00000000  c.li     t4, 0x0
#1840 0 8000019a 5e0ec1d7 v 03 00000000000000000000000000000000b5117345dfcf23137b5ab5ef00000000 vmv.v.x v3, t4
#1841 0 8000019e 28618157 v 02 000000000000000000000000000000009a463268d24ad282efe3dd61b533e645 vor.vv v2, v6, v3, v0.t
#1842 0 800001a2 70040397 r 07         f00401a2  auipc    t2, 0x70040
#1843 0 800001a6 15438393 r 07         f00402f6  addi     t2, t2, 340
#1844 0 800001aa 02038007 v 00 000000000000000000000000000000007ff659737a80355943b9967a00000002 vle8.v v0, (t2)
#1845 0 800001ae 0e21a257 v 04 0000000000000000000000000000000000000000000000000000000000000025 vredxor.vs v4, v2, v3
#1846 0 800001b2 3a40bb57 v 16 0000000000000000000000000000000000000000000000000000000000002500 vslideup.vi v22, v4, 1
#1847 0 800001b6 296182d7 v 05 00000000000000000000000000000000000000000000000000000000000025bb vor.vv v5, v22, v3, v0.t
#1848 0 800001ba 70040397 r 07         f00401ba  auipc    t2, 0x70040
#1849 0 800001be 13838393 r 07         f00402f2  addi     t2, t2, 312
#1850 0 800001c2 02038007 v 00 000000000000000000000000000000007ff659737a80355943b9967a00000001 vle8.v v0, (t2)
#1851 0 800001c6     4e81 r 1d         00000000  c.li     t4, 0x0
#1852 0 800001c8 5e0ec157 v 02 000000000000000000000000000000009a463268d24ad282efe3dd6100000000 vmv.v.x v2, t4
#1853 0 800001cc 28610157 v 02 000000000000000000000000000000009a463268d24ad282efe3dd6100000045 vor.vv v2, v6, v2, v0.t
#1854 0 800001d0 70040397 r 07         f00401d0  auipc    t2, 0x70040
#1855 0 800001d4 12638393 r 07         f00402f6  addi     t2, t2, 294
#1856 0 800001d8 02038007 v 00 000000000000000000000000000000007ff659737a80355943b9967a00000002 vle8.v v0, (t2)
#1857 0 800001dc     4e81 r 1d         00000000  c.li     t4, 0x0
#1858 0 800001de 5e0ec1d7 v 03 00000000000000000000000000000000b5117345dfcf23137b5ab5ef00000000 vmv.v.x v3, t4
#1859 0 800001e2 28618157 v 02 000000000000000000000000000000009a463268d24ad282efe3dd6100007345 vor.vv v2, v6, v3, v0.t
#1860 0 800001e6 70040397 r 07         f00401e6  auipc    t2, 0x70040
#1861 0 800001ea 11438393 r 07         f00402fa  addi     t2, t2, 276
#1862 0 800001ee 02038007 v 00 000000000000000000000000000000007ff659737a80355943b9967a00000004 vle8.v v0, (t2)
#1863 0 800001f2     4e81 r 1d         00000000  c.li     t4, 0x0
#1864 0 800001f4 5e0ec1d7 v 03 00000000000000000000000000000000b5117345dfcf23137b5ab5ef00000000 vmv.v.x v3, t4
#1865 0 800001f8 28a18157 v 02 000000000000000000000000000000009a463268d24ad282efe3dd6100227345 vor.vv v2, v10, v3, v0.t
#1866 0 800001fc 70040397 r 07         f00401fc  auipc    t2, 0x70040
#1867 0 80000200 10238393 r 07         f00402fe  addi     t2, t2, 258
#1868 0 80000204 02038007 v 00 000000000000000000000000000000007ff659737a80355943b9967a00000008 vle8.v v0, (t2)
#1869 0 80000208     4e81 r 1d         00000000  c.li     t4, 0x0
#1870 0 8000020a 5e0ec1d7 v 03 00000000000000000000000000000000b5117345dfcf23137b5ab5ef00000000 vmv.v.x v3, t4
#1871 0 8000020e 29218157 v 02 000000000000000000000000000000009a463268d24ad282efe3dd61c4227345 vor.vv v2, v18, v3, v0.t
#1872 0 80000212 70040397 r 07         f0040212  auipc    t2, 0x70040
#1873 0 80000216 0e838393 r 07         f00402fa  addi     t2, t2, 232
#1874 0 8000021a 02038007 v 00 000000000000000000000000000000007ff659737a80355943b9967a00000004 vle8.v v0, (t2)
#1875 0 8000021e 0e21a257 v 04 00000000000000000000000000000000000000000000000000000000000000d0 vredxor.vs v4, v2, v3
#1876 0 80000222 3a413b57 v 16 0000000000000000000000000000000000000000000000000000000000d02500 vslideup.vi v22, v4, 2
#1877 0 80000226 296182d7 v 05 0000000000000000000000000000000000000000000000000000000000d025bb vor.vv v5, v22, v3, v0.t
#1878 0 8000022a 70040397 r 07         f004022a  auipc    t2, 0x70040
#1879 0 8000022e 0c838393 r 07         f00402f2  addi     t2, t2, 200
#1880 0 80000232 02038007 v 00 000000000000000000000000000000007ff659737a80355943b9967a00000001 vle8.v v0, (t2)
#1881 0 80000236     4e81 r 1d         00000000  c.li     t4, 0x0
#1882 0 80000238 5e0ec157 v 02 000000000000000000000000000000009a463268d24ad282efe3dd6100000000 vmv.v.x v2, t4
#1883 0 8000023c 29210157 v 02 000000000000000000000000000000009a463268d24ad282efe3dd61000000cf vor.vv v2, v18, v2, v0.t
#1884 0 80000240 70040397 r 07         f0040240  auipc    t2, 0x70040
#1885 0 80000244 0b638393 r 07         f00402f6  addi     t2, t2, 182
#1886 0 80000248 02038007 v 00 000000000000000000000000000000007ff659737a80355943b9967a00000002 vle8.v v0, (t2)
#1887 0 8000024c     4e81 r 1d         00000000  c.li     t4, 0x0
#1888 0 8000024e 5e0ec1d7 v 03 00000000000000000000000000000000b5117345dfcf23137b5ab5ef00000000 vmv.v.x v3, t4
#1889 0 80000252 28618157 v 02 000000000000000000000000000000009a463268d24ad282efe3dd61000073cf vor.vv v2, v6, v3, v0.t
#1890 0 80000256 70040397 r 07         f0040256  auipc    t2, 0x70040
#1891 0 8000025a 0a438393 r 07         f00402fa  addi     t2, t2, 164
#1892 0 8000025e 02038007 v 00 000000000000000000000000000000007ff659737a80355943b9967a00000004 vle8.v v0, (t2)
#1893 0 80000262     4e81 r 1d         00000000  c.li     t4, 0x0
#1894 0 80000264 5e0ec1d7 v 03 00000000000000000000000000000000b5117345dfcf23137b5ab5ef00000000 vmv.v.x v3, t4
#1895 0 80000268 28618157 v 02 000000000000000000000000000000009a463268d24ad282efe3dd61001173cf vor.vv v2, v6, v3, v0.t
#1896 0 8000026c 70040397 r 07         f004026c  auipc    t2, 0x70040
#1897 0 80000270 09238393 r 07         f00402fe  addi     t2, t2, 146
#1898 0 80000274 02038007 v 00 000000000000000000000000000000007ff659737a80355943b9967a00000008 vle8.v v0, (t2)
#1899 0 80000278     4e81 r 1d         00000000  c.li     t4, 0x0
#1900 0 8000027a 5e0ec1d7 v 03 00000000000000000000000000000000b5117345dfcf23137b5ab5ef00000000 vmv.v.x v3, t4
#1901 0 8000027e 28a18157 v 02 000000000000000000000000000000009a463268d24ad282efe3dd61711173cf vor.vv v2, v10, v3, v0.t
#1902 0 80000282 0e21a257 v 04 00000000000000000000000000000000000000000000000000000000000000dc vredxor.vs v4, v2, v3
#1903 0 80000286 3a41bb57 v 16 00000000000000000000000000000000000000000000000000000000dcd02500 vslideup.vi v22, v4, 3
#1904 0 8000028a 296182d7 v 05 00000000000000000000000000000000000000000000000000000000dcd025bb vor.vv v5, v22, v3, v0.t
#1905 0 8000028e 020902a7 m f0040261   000000dc  vse8.v v5, (s2)
#1906 0 80000292     0911 r 12         f0040262  c.addi   s2, 0x4
#1907 0 80000294     0991 r 13         f004032a  c.addi   s3, 0x4
#1908 0 80000296     1ffd r 1f         00000000  c.addi   t6, -0x1
#1909 0 80000298 de0f9fe3 r 00         00000000  bne      t6, zero, . - 0x202
#1910 0 8000029c 70040917 r 12         f004029c  auipc    s2, 0x70040
#1911 0 800002a0 fa690913 r 12         f0040242  addi     s2, s2, -90
#1912 0 800002a4 70040997 r 13         f00402a4  auipc    s3, 0x70040
#1913 0 800002a8 d9e98993 r 13         f0040042  addi     s3, s3, -610
#1914 0 800002ac 70040a17 r 14         f00402ac  auipc    s4, 0x70040
#1915 0 800002b0 d8ca0a13 r 14         f0040038  addi     s4, s4, -628
#1916 0 800002b4     4291 r 05         00000004  c.li     t0, 0x4
#1917 0 800002b6 70040497 r 09         f00402b6  auipc    s1, 0x70040
#1918 0 800002ba e8c48493 r 09         f0040142  addi     s1, s1, -372
#1919 0 800002be 0002f2d7 r 05         00000004  vsetvli t0, t0, e8,m1,tu,mu  +
#1919 0 800002be 0002f2d7 c 0c20       00000004  vsetvli t0, t0, e8,m1,tu,mu  +
#1919 0 800002be 0002f2d7 c 0c21       00000000  vsetvli t0, t0, e8,m1,tu,mu
#1920 0 800002c2 02090307 v 06 00000000000000000000000000000000000000000000000000000000f295c2f2 vle8.v v6, (s2)
#1921 0 800002c6     0911 r 12         f0040246  c.addi   s2, 0x4
#1922 0 800002c8 02090387 v 07 0000000000000000000000000000000000000000000000000000000043b9967a vle8.v v7, (s2)
#1923 0 800002cc     0911 r 12         f004024a  c.addi   s2, 0x4
#1924 0 800002ce 02090407 v 08 000000000000000000000000000000000000000000000000000000007a803559 vle8.v v8, (s2)
#1925 0 800002d2     0911 r 12         f004024e  c.addi   s2, 0x4
#1926 0 800002d4 02090487 v 09 000000000000000000000000000000000000000000000000000000007ff65973 vle8.v v9, (s2)
#1927 0 800002d8     1951 r 12         f0040242  c.addi   s2, -0xc
#1928 0 800002da 0002f2d7 r 05         00000004  vsetvli t0, t0, e8,m1,tu,mu  +
#1928 0 800002da 0002f2d7 c 0c20       00000004  vsetvli t0, t0, e8,m1,tu,mu  +
#1928 0 800002da 0002f2d7 c 0c21       00000000  vsetvli t0, t0, e8,m1,tu,mu
#1929 0 800002de 70040e17 r 1c         f00402de  auipc    t3, 0x70040
#1930 0 800002e2 ff4e0e13 r 1c         f00402d2  addi     t3, t3, -12
#1931 0 800002e6 70040e97 r 1d         f00402e6  auipc    t4, 0x70040
#1932 0 800002ea 01ce8e93 r 1d         f0040302  addi     t4, t4, 28
#1933 0 800002ee 020e0007 v 00 000000000000000000000000000000007ff659737a80355943b9967a00030201 vle8.v v0, (t3)
#1934 0 800002f2 020e84a7 m f0040305   0000007f  vse8.v v9, (t4)
#1935 0 800002f6 060e8507 v 0a 00000000000000000000000000000000000000000000000000000000737ff659 vluxei8.v v10, (t4), v0
#1936 0 800002fa 70040997 r 13         f00402fa  auipc    s3, 0x70040
#1937 0 800002fe d4898993 r 13         f0040042  addi     s3, s3, -696
#1938 0 80000302 06a98507 v 0a 000000000000000000000000000000000000000000000000000000008fd242cb vluxei8.v v10, (s3), v10
#1939 0 80000306 2e650357 v 06 000000000000000000000000000000000000000000000000000000007d478039 vxor.vv v6, v6, v10
#1940 0 8000030a     4285 r 05         00000001  c.li     t0, 0x1
#1941 0 8000030c 0002f2d7 r 05         00000001  vsetvli t0, t0, e8,m1,tu,mu  +
#1941 0 8000030c 0002f2d7 c 0c20       00000001  vsetvli t0, t0, e8,m1,tu,mu  +
#1941 0 8000030c 0002f2d7 c 0c21       00000000  vsetvli t0, t0, e8,m1,tu,mu
#1942 0 80000310 70040a17 r 14         f0040310  auipc    s4, 0x70040
#1943 0 80000314 d28a0a13 r 14         f0040038  addi     s4, s4, -728
#1944 0 80000318     9a6e r 14         f004003a  c.add    s4, s11
#1945 0 8000031a     0d85 r 1b         00000003  c.addi   s11, 0x1
#1946 0 8000031c 020a0f07 v 1e 0000000000000000000000000000000000000000000000000000000000000004 vle8.v v30, (s4)
#1947 0 80000320     4291 r 05         00000004  c.li     t0, 0x4
#1948 0 80000322 0002f2d7 r 05         00000004  vsetvli t0, t0, e8,m1,tu,mu  +
#1948 0 80000322 0002f2d7 c 0c20       00000004  vsetvli t0, t0, e8,m1,tu,mu  +
#1948 0 80000322 0002f2d7 c 0c21       00000000  vsetvli t0, t0, e8,m1,tu,mu
#1949 0 80000326 2e6f0357 v 06 000000000000000000000000000000000000000000000000000000007d47803d vxor.vv v6, v6, v30
#1950 0 8000032a     0a05 r 14         f004003b  c.addi   s4, 0x1
#1951 0 8000032c 2e7303d7 v 07 000000000000000000000000000000000000000000000000000000003efe1647 vxor.vv v7, v7, v6
#1952 0 80000330 2e838457 v 08 00000000000000000000000000000000000000000000000000000000447e231e vxor.vv v8, v8, v7
#1953 0 80000334 2e9404d7 v 09 000000000000000000000000000000000000000000000000000000003b887a6d vxor.vv v9, v9, v8
#1954 0 80000338 70040917 r 12         f0040338  auipc    s2, 0x70040
#1955 0 8000033c f0a90913 r 12         f0040242  addi     s2, s2, -246
#1956 0 80000340     4291 r 05         00000004  c.li     t0, 0x4
#1957 0 80000342 0002f2d7 r 05         00000004  vsetvli t0, t0, e8,m1,tu,mu  +
#1957 0 80000342 0002f2d7 c 0c20       00000004  vsetvli t0, t0, e8,m1,tu,mu  +
#1957 0 80000342 0002f2d7 c 0c21       00000000  vsetvli t0, t0, e8,m1,tu,mu
#1958 0 80000346 02090327 m f0040245   0000007d  vse8.v v6, (s2)
#1959 0 8000034a     0911 r 12         f0040246  c.addi   s2, 0x4
#1960 0 8000034c 020903a7 m f0040249   0000003e  vse8.v v7, (s2)
#1961 0 80000350     0911 r 12         f004024a  c.addi   s2, 0x4
#1962 0 80000352 02090427 m f004024d   00000044  vse8.v v8, (s2)
#1963 0 80000356     0911 r 12         f004024e  c.addi   s2, 0x4
#1964 0 80000358 020904a7 m f0040251   0000003b  vse8.v v9, (s2)
#1965 0 8000035c 70040a97 r 15         f004035c  auipc    s5, 0x70040
#1966 0 80000360 ef6a8a93 r 15         f0040252  addi     s5, s5, -266
#1967 0 80000364 70040917 r 12         f0040364  auipc    s2, 0x70040
#1968 0 80000368 ede90913 r 12         f0040242  addi     s2, s2, -290
#1969 0 8000036c     42c1 r 05         00000010  c.li     t0, 0x10
#1970 0 8000036e 0002f2d7 r 05         00000010  vsetvli t0, t0, e8,m1,tu,mu  +
#1970 0 8000036e 0002f2d7 c 0c20       00000010  vsetvli t0, t0, e8,m1,tu,mu  +
#1970 0 8000036e 0002f2d7 c 0c21       00000000  vsetvli t0, t0, e8,m1,tu,mu
#1971 0 80000372 02090007 v 00 000000000000000000000000000000003b887a6d447e231e3efe16477d47803d vle8.v v0, (s2)
#1972 0 80000376 020a8087 v 01 00000000000000000000000000000000dcd025bb7ccfc05333630b209309ec75 vle8.v v1, (s5)
#1973 0 8000037a 2e100157 v 02 00000000000000000000000000000000e7585fd638b1e34d0d9d1d67ee4e6c48 vxor.vv v2, v1, v0
#1974 0 8000037e 020a8127 m f0040261   000000e7  vse8.v v2, (s5)
#1975 0 80000382     137d r 06         00000006  c.addi   t1, -0x1
#1976 0 80000384 ca0317e3 r 00         00000000  bne      t1, zero, . - 0x352
#1977 0 80000032 70040a17 r 14         f0040032  auipc    s4, 0x70040
#1978 0 80000036 fcea0a13 r 14         f0040000  addi     s4, s4, -50
#1979 0 8000003a 70040997 r 13         f004003a  auipc    s3, 0x70040
#1980 0 8000003e 00898993 r 13         f0040042  addi     s3, s3, 8
#1981 0 80000042 70040a97 r 15         f0040042  auipc    s5, 0x70040
#1982 0 80000046 210a8a93 r 15         f0040252  addi     s5, s5, 528
#1983 0 8000004a     42c1 r 05         00000010  c.li     t0, 0x10
#1984 0 8000004c 0002f2d7 r 05         00000010  vsetvli t0, t0, e8,m1,tu,mu  +
#1984 0 8000004c 0002f2d7 c 0c20       00000010  vsetvli t0, t0, e8,m1,tu,mu  +
#1984 0 8000004c 0002f2d7 c 0c21       00000000  vsetvli t0, t0, e8,m1,tu,mu
#1985 0 80000050 020a8107 v 02 00000000000000000000000000000000e7585fd638b1e34d0d9d1d67ee4e6c48 vle8.v v2, (s5)
#1986 0 80000054 06298187 v 03 00000000000000000000000000000000946acff607c811e3d75ea485282f5052 vluxei8.v v3, (s3), v2
#1987 0 80000058 020a81a7 m f0040261   00000094  vse8.v v3, (s5)
#1988 0 8000005c     42c1 r 05         00000010  c.li     t0, 0x10
#1989 0 8000005e 70040497 r 09         f004005e  auipc    s1, 0x70040
#1990 0 80000062 1f448493 r 09         f0040252  addi     s1, s1, 500
#1991 0 80000066 70040917 r 12         f0040066  auipc    s2, 0x70040
#1992 0 8000006a 27090913 r 12         f00402d6  addi     s2, s2, 624
#1993 0 8000006e 0002f2d7 r 05         00000010  vsetvli t0, t0, e8,m1,tu,mu  +
#1993 0 8000006e 0002f2d7 c 0c20       00000010  vsetvli t0, t0, e8,m1,tu,mu  +
#1993 0 8000006e 0002f2d7 c 0c21       00000000  vsetvli t0, t0, e8,m1,tu,mu
#1994 0 80000072 02090087 v 01 000000000000000000000000000000000b06010c07020d08030e09040f0a0500 vle8.v v1, (s2)
#1995 0 80000076 06148187 v 03 00000000000000000000000000000000075e50f6d72fcfe3286a118594c8a452 vluxei8.v v3, (s1), v1
#1996 0 8000007a 020481a7 m f0040261   00000007  vse8.v v3, (s1)
#1997 0 8000007e 70040917 r 12         f004007e  auipc    s2, 0x70040
#1998 0 80000082 1d490913 r 12         f0040252  addi     s2, s2, 468
#1999 0 80000086     4291 r 05         00000004  c.li     t0, 0x4
#2000 0 80000088 0002f2d7 r 05         00000004  vsetvli t0, t0, e8,m1,tu,mu  +
#2000 0 80000088 0002f2d7 c 0c20       00000004  vsetvli t0, t0, e8,m1,tu,mu  +
#2000 0 80000088 0002f2d7 c 0c21       00000000  vsetvli t0, t0, e8,m1,tu,mu
#2001 0 8000008c     4f91 r 1f         00000004  c.li     t6, 0x4
#2002 0 8000008e 70040997 r 13         f004008e  auipc    s3, 0x70040
#2003 0 80000092 28c98993 r 13         f004031a  addi     s3, s3, 652
#2004 0 80000096     4e81 r 1d         00000000  c.li     t4, 0x0
#2005 0 80000098 5e0ec157 v 02 00000000000000000000000000000000e7585fd638b1e34d0d9d1d6700000000 vmv.v.x v2, t4
#2006 0 8000009c 5e0ec2d7 v 05 0000000000000000000000000000000000000000000000000000000000000000 vmv.v.x v5, t4
#2007 0 800000a0 5e0ec557 v 0a 0000000000000000000000000000000000000000000000000000000000000000 vmv.v.x v10, t4
#2008 0 800000a4 5e0ec757 v 0e 0000000000000000000000000000000000000000000000000000000000000000 vmv.v.x v14, t4
#2009 0 800000a8 5e0ec957 v 12 0000000000000000000000000000000000000000000000000000000000000000 vmv.v.x v18, t4
#2010 0 800000ac 5e0ecb57 v 16 0000000000000000000000000000000000000000000000000000000000000000 vmv.v.x v22, t4
#2011 0 800000b0 5e0ec0d7 v 01 000000000000000000000000000000000b06010c07020d08030e090400000000 vmv.v.x v1, t4
#2012 0 800000b4 02090307 v 06 0000000000000000000000000000000000000000000000000000000094c8a452 vle8.v v6, (s2)
#2013 0 800000b8 08000393 r 07         00000080  addi     t2, zero, 128
#2014 0 800000bc 5e03c0d7 v 01 000000000000000000000000000000000b06010c07020d08030e090480808080 vmv.v.x v1, t2
#2015 0 800000c0 26608757 v 0e 0000000000000000000000000000000000000000000000000000000080808000 vand.vv v14, v6, v1
#2016 0 800000c4 66e03057 v 00 000000000000000000000000000000003b887a6d447e231e3efe16477d47803e vmsne.vi v0, v14, 0
#2017 0 800000c8 9660b557 v 0a 00000000000000000000000000000000000000000000000000000000289048a4 vsll.vi v10, v6, 1
#2018 0 800000cc     4e6d r 1c         0000001b  c.li     t3, 0x1b
#2019 0 800000ce 5e0e4157 v 02 00000000000000000000000000000000e7585fd638b1e34d0d9d1d671b1b1b1b vmv.v.x v2, t3
#2020 0 800000d2 2ca10557 v 0a 00000000000000000000000000000000000000000000000000000000338b53a4 vxor.vv v10, v10, v2, v0.t
#2021 0 800000d6 2ea30957 v 12 00000000000000000000000000000000000000000000000000000000a743f7f6 vxor.vv v18, v10, v6
#2022 0 800000da 70040397 r 07         f00400da  auipc    t2, 0x70040
#2023 0 800000de 21838393 r 07         f00402f2  addi     t2, t2, 536
#2024 0 800000e2 02038007 v 00 000000000000000000000000000000003b887a6d447e231e3efe164700000001 vle8.v v0, (t2)
#2025 0 800000e6     4e81 r 1d         00000000  c.li     t4, 0x0
#2026 0 800000e8 5e0ec1d7 v 03 00000000000000000000000000000000075e50f6d72fcfe3286a118500000000 vmv.v.x v3, t4
#2027 0 800000ec 5e0ec157 v 02 00000000000000000000000000000000e7585fd638b1e34d0d9d1d6700000000 vmv.v.x v2, t4
#2028 0 800000f0 28a18157 v 02 00000000000000000000000000000000e7585fd638b1e34d0d9d1d67000000a4 vor.vv v2, v10, v3, v0.t
#2029 0 800000f4 70040397 r 07         f00400f4  auipc    t2, 0x70040
#2030 0 800000f8 20238393 r 07         f00402f6  addi     t2, t2, 514
#2031 0 800000fc 02038007 v 00 000000000000000000000000000000003b887a6d447e231e3efe164700000002 vle8.v v0, (t2)
#2032 0 80000100     4e81 r 1d         00000000  c.li     t4, 0x0
#2033 0 80000102 5e0ec1d7 v 03 00000000000000000000000000000000075e50f6d72fcfe3286a118500000000 vmv.v.x v3, t4
#2034 0 80000106 29218157 v 02 00000000000000000000000000000000e7585fd638b1e34d0d9d1d670000f7a4 vor.vv v2, v18, v3, v0.t
#2035 0 8000010a 70040397 r 07         f004010a  auipc    t2, 0x70040
#2036 0 8000010e 1f038393 r 07         f00402fa  addi     t2, t2, 496
#2037 0 80000112 02038007 v 00 000000000000000000000000000000003b887a6d447e231e3efe164700000004 vle8.v v0, (t2)
#2038 0 80000116     4e81 r 1d         00000000  c.li     t4, 0x0
#2039 0 80000118 5e0ec1d7 v 03 00000000000000000000000000000000075e50f6d72fcfe3286a118500000000 vmv.v.x v3, t4
#2040 0 8000011c 28618157 v 02 00000000000000000000000000000000e7585fd638b1e34d0d9d1d6700c8f7a4 vor.vv v2, v6, v3, v0.t
#2041 0 80000120 70040397 r 07         f0040120  auipc    t2, 0x70040
#2042 0 80000124 1de38393 r 07         f00402fe  addi     t2, t2, 478
#2043 0 80000128 02038007 v 00 000000000000000000000000000000003b887a6d447e231e3efe164700000008 vle8.v v0, (t2)
#2044 0 8000012c     4e81 r 1d         00000000  c.li     t4, 0x0
#2045 0 8000012e 5e0ec1d7 v 03 00000000000000000000000000000000075e50f6d72fcfe3286a118500000000 vmv.v.x v3, t4
#2046 0 80000132 28618157 v 02 00000000000000000000000000000000e7585fd638b1e34d0d9d1d6794c8f7a4 vor.vv v2, v6, v3, v0.t
#2047 0 80000136 70040397 r 07         f0040136  auipc    t2, 0x70040
#2048 0 8000013a 1bc38393 r 07         f00402f2  addi     t2, t2, 444
#2049 0 8000013e 02038007 v 00 000000000000000000000000000000003b887a6d447e231e3efe164700000001 vle8.v v0, (t2)
#2050 0 80000142 0e21a257 v 04 000000000000000000000000000000000000000000000000000000000000000f vredxor.vs v4, v2, v3
#2051 0 80000146 284182d7 v 05 000000000000000000000000000000000000000000000000000000000000000f vor.vv v5, v4, v3, v0.t
#2052 0 8000014a 70040397 r 07         f004014a  auipc    t2, 0x70040
#2053 0 8000014e 1a838393 r 07         f00402f2  addi     t2, t2, 424
#2054 0 80000152 02038007 v 00 000000000000000000000000000000003b887a6d447e231e3efe164700000001 vle8.v v0, (t2)
#2055 0 80000156     4e81 r 1d         00000000  c.li     t4, 0x0
#2056 0 80000158 5e0ec157 v 02 00000000000000000000000000000000e7585fd638b1e34d0d9d1d6700000000 vmv.v.x v2, t4
#2057 0 8000015c 28610157 v 02 00000000000000000000000000000000e7585fd638b1e34d0d9d1d6700000052 vor.vv v2, v6, v2, v0.t
#2058 0 80000160 70040397 r 07         f0040160  auipc    t2, 0x70040
#2059 0 80000164 19638393 r 07         f00402f6  addi     t2, t2, 406
#2060 0 80000168 02038007 v 00 000000000000000000000000000000003b887a6d447e231e3efe164700000002 vle8.v v0, (t2)
#2061 0 8000016c     4e81 r 1d         00000000  c.li     t4, 0x0
#2062 0 8000016e 5e0ec1d7 v 03 00000000000000000000000000000000075e50f6d72fcfe3286a118500000000 vmv.v.x v3, t4
#2063 0 80000172 28a18157 v 02 00000000000000000000000000000000e7585fd638b1e34d0d9d1d6700005352 vor.vv v2, v10, v3, v0.t
#2064 0 80000176 70040397 r 07         f0040176  auipc    t2, 0x70040
#2065 0 8000017a 18438393 r 07         f00402fa  addi     t2, t2, 388
#2066 0 8000017e 02038007 v 00 000000000000000000000000000000003b887a6d447e231e3efe164700000004 vle8.v v0, (t2)
#2067 0 80000182     4e81 r 1d         00000000  c.li     t4, 0x0
#2068 0 80000184 5e0ec1d7 v 03 00000000000000000000000000000000075e50f6d72fcfe3286a118500000000 vmv.v.x v3, t4
#2069 0 80000188 29218157 v 02 00000000000000000000000000000000e7585fd638b1e34d0d9d1d6700435352 vor.vv v2, v18, v3, v0.t
#2070 0 8000018c 70040397 r 07         f004018c  auipc    t2, 0x70040
#2071 0 80000190 17238393 r 07         f00402fe  addi     t2, t2, 370
#2072 0 80000194 02038007 v 00 000000000000000000000000000000003b887a6d447e231e3efe164700000008 vle8.v v0, (t2)
#2073 0 80000198     4e81 r 1d         00000000  c.li     t4, 0x0
#2074 0 8000019a 5e0ec1d7 v 03 00000000000000000000000000000000075e50f6d72fcfe3286a118500000000 vmv.v.x v3, t4
#2075 0 8000019e 28618157 v 02 00000000000000000000000000000000e7585fd638b1e34d0d9d1d6794435352 vor.vv v2, v6, v3, v0.t
#2076 0 800001a2 70040397 r 07         f00401a2  auipc    t2, 0x70040
#2077 0 800001a6 15438393 r 07         f00402f6  addi     t2, t2, 340
#2078 0 800001aa 02038007 v 00 000000000000000000000000000000003b887a6d447e231e3efe164700000002 vle8.v v0, (t2)
#2079 0 800001ae 0e21a257 v 04 00000000000000000000000000000000000000000000000000000000000000d6 vredxor.vs v4, v2, v3
#2080 0 800001b2 3a40bb57 v 16 000000000000000000000000000000000000000000000000000000000000d600 vslideup.vi v22, v4, 1
#2081 0 800001b6 296182d7 v 05 000000000000000000000000000000000000000000000000000000000000d60f vor.vv v5, v22, v3, v0.t
#2082 0 800001ba 70040397 r 07         f00401ba  auipc    t2, 0x70040
#2083 0 800001be 13838393 r 07         f00402f2  addi     t2, t2, 312
#2084 0 800001c2 02038007 v 00 000000000000000000000000000000003b887a6d447e231e3efe164700000001 vle8.v v0, (t2)
#2085 0 800001c6     4e81 r 1d         00000000  c.li     t4, 0x0
#2086 0 800001c8 5e0ec157 v 02 00000000000000000000000000000000e7585fd638b1e34d0d9d1d6700000000 vmv.v.x v2, t4
#2087 0 800001cc 28610157 v 02 00000000000000000000000000000000e7585fd638b1e34d0d9d1d6700000052 vor.vv v2, v6, v2, v0.t
#2088 0 800001d0 70040397 r 07         f00401d0  auipc    t2, 0x70040
#2089 0 800001d4 12638393 r 07         f00402f6  addi     t2, t2, 294
#2090 0 800001d8 02038007 v 00 000000000000000000000000000000003b887a6d447e231e3efe164700000002 vle8.v v0, (t2)
#2091 0 800001dc     4e81 r 1d         00000000  c.li     t4, 0x0
#2092 0 800001de 5e0ec1d7 v 03 00000000000000000000000000000000075e50f6d72fcfe3286a118500000000 vmv.v.x v3, t4
#2093 0 800001e2 28618157 v 02 00000000000000000000000000000000e7585fd638b1e34d0d9d1d670000a452 vor.vv v2, v6, v3, v0.t
#2094 0 800001e6 70040397 r 07         f00401e6  auipc    t2, 0x70040
#2095 0 800001ea 11438393 r 07         f00402fa  addi     t2, t2, 276
#2096 0 800001ee 02038007 v 00 000000000000000000000000000000003b887a6d447e231e3efe164700000004 vle8.v v0, (t2)
#2097 0 800001f2     4e81 r 1d         00000000  c.li     t4, 0x0
#2098 0 800001f4 5e0ec1d7 v 03 00000000000000000000000000000000075e50f6d72fcfe3286a118500000000 vmv.v.x v3, t4
#2099 0 800001f8 28a18157 v 02 00000000000000000000000000000000e7585fd638b1e34d0d9d1d67008ba452 vor.vv v2, v10, v3, v0.t
#2100 0 800001fc 70040397 r 07         f00401fc  auipc    t2, 0x70040
#2101 0 80000200 10238393 r 07         f00402fe  addi     t2, t2, 258
#2102 0 80000204 02038007 v 00 000000000000000000000000000000003b887a6d447e231e3efe164700000008 vle8.v v0, (t2)
#2103 0 80000208     4e81 r 1d         00000000  c.li     t4, 0x0
#2104 0 8000020a 5e0ec1d7 v 03 00000000000000000000000000000000075e50f6d72fcfe3286a118500000000 vmv.v.x v3, t4
#2105 0 8000020e 29218157 v 02 00000000000000000000000000000000e7585fd638b1e34d0d9d1d67a78ba452 vor.vv v2, v18, v3, v0.t
#2106 0 80000212 70040397 r 07         f0040212  auipc    t2, 0x70040
#2107 0 80000216 0e838393 r 07         f00402fa  addi     t2, t2, 232
#2108 0 8000021a 02038007 v 00 000000000000000000000000000000003b887a6d447e231e3efe164700000004 vle8.v v0, (t2)
#2109 0 8000021e 0e21a257 v 04 00000000000000000000000000000000000000000000000000000000000000da vredxor.vs v4, v2, v3
#2110 0 80000222 3a413b57 v 16 0000000000000000000000000000000000000000000000000000000000dad600 vslideup.vi v22, v4, 2
#2111 0 80000226 296182d7 v 05 0000000000000000000000000000000000000000000000000000000000dad60f vor.vv v5, v22, v3, v0.t
#2112 0 8000022a 70040397 r 07         f004022a  auipc    t2, 0x70040
#2113 0 8000022e 0c838393 r 07         f00402f2  addi     t2, t2, 200
#2114 0 80000232 02038007 v 00 000000000000000000000000000000003b887a6d447e231e3efe164700000001 vle8.v v0, (t2)
#2115 0 80000236     4e81 r 1d         00000000  c.li     t4, 0x0
#2116 0 80000238 5e0ec157 v 02 00000000000000000000000000000000e7585fd638b1e34d0d9d1d6700000000 vmv.v.x v2, t4
#2117 0 8000023c 29210157 v 02 00000000000000000000000000000000e7585fd638b1e34d0d9d1d67000000f6 vor.vv v2, v18, v2, v0.t
#2118 0 80000240 70040397 r 07         f0040240  auipc    t2, 0x70040
#2119 0 80000244 0b638393 r 07         f00402f6  addi     t2, t2, 182
#2120 0 80000248 02038007 v 00 000000000000000000000000000000003b887a6d447e231e3efe164700000002 vle8.v v0, (t2)
#2121 0 8000024c     4e81 r 1d         00000000  c.li     t4, 0x0
#2122 0 8000024e 5e0ec1d7 v 03 00000000000000000000000000000000075e50f6d72fcfe3286a118500000000 vmv.v.x v3, t4
#2123 0 80000252 28618157 v 02 00000000000000000000000000000000e7585fd638b1e34d0d9d1d670000a4f6 vor.vv v2, v6, v3, v0.t
#2124 0 80000256 70040397 r 07         f0040256  auipc    t2, 0x70040
#2125 0 8000025a 0a438393 r 07         f00402fa  addi     t2, t2, 164
#2126 0 8000025e 02038007 v 00 000000000000000000000000000000003b887a6d447e231e3efe164700000004 vle8.v v0, (t2)
#2127 0 80000262     4e81 r 1d         00000000  c.li     t4, 0x0
#2128 0 80000264 5e0ec1d7 v 03 00000000000000000000000000000000075e50f6d72fcfe3286a118500000000 vmv.v.x v3, t4
#2129 0 80000268 28618157 v 02 00000000000000000000000000000000e7585fd638b1e34d0d9d1d6700c8a4f6 vor.vv v2, v6, v3, v0.t
#2130 0 8000026c 70040397 r 07         f004026c  auipc    t2, 0x70040
#2131 0 80000270 09238393 r 07         f00402fe  addi     t2, t2, 146
#2132 0 80000274 02038007 v 00 000000000000000000000000000000003b887a6d447e231e3efe164700000008 vle8.v v0, (t2)
#2133 0 80000278     4e81 r 1d         00000000  c.li     t4, 0x0
#2134 0 8000027a 5e0ec1d7 v 03 00000000000000000000000000000000075e50f6d72fcfe3286a118500000000 vmv.v.x v3, t4
#2135 0 8000027e 28a18157 v 02 00000000000000000000000000000000e7585fd638b1e34d0d9d1d6733c8a4f6 vor.vv v2, v10, v3, v0.t
#2136 0 80000282 0e21a257 v 04 00000000000000000000000000000000000000000000000000000000000000a9 vredxor.vs v4, v2, v3
#2137 0 80000286 3a41bb57 v 16 00000000000000000000000000000000000000000000000000000000a9dad600 vslideup.vi v22, v4, 3
#2138 0 8000028a 296182d7 v 05 00000000000000000000000000000000000000000000000000000000a9dad60f vor.vv v5, v22, v3, v0.t
#2139 0 8000028e 020902a7 m f0040255   000000a9  vse8.v v5, (s2)
#2140 0 80000292     0911 r 12         f0040256  c.addi   s2, 0x4
#2141 0 80000294     0991 r 13         f004031e  c.addi   s3, 0x4
#2142 0 80000296     1ffd r 1f         00000003  c.addi   t6, -0x1
#2143 0 80000298 de0f9fe3 r 00         00000000  bne      t6, zero, . - 0x202
#2144 0 80000096     4e81 r 1d         00000000  c.li     t4, 0x0
#2145 0 80000098 5e0ec157 v 02 00000000000000000000000000000000e7585fd638b1e34d0d9d1d6700000000 vmv.v.x v2, t4
#2146 0 8000009c 5e0ec2d7 v 05 0000000000000000000000000000000000000000000000000000000000000000 vmv.v.x v5, t4
#2147 0 800000a0 5e0ec557 v 0a 0000000000000000000000000000000000000000000000000000000000000000 vmv.v.x v10, t4
#2148 0 800000a4 5e0ec757 v 0e 0000000000000000000000000000000000000000000000000000000000000000 vmv.v.x v14, t4
#2149 0 800000a8 5e0ec957 v 12 0000000000000000000000000000000000000000000000000000000000000000 vmv.v.x v18, t4
#2150 0 800000ac 5e0ecb57 v 16 0000000000000000000000000000000000000000000000000000000000000000 vmv.v.x v22, t4
#2151 0 800000b0 5e0ec0d7 v 01 000000000000000000000000000000000b06010c07020d08030e090400000000 vmv.v.x v1, t4
#2152 0 800000b4 02090307 v 06 00000000000000000000000000000000000000000000000000000000286a1185 vle8.v v6, (s2)
#2153 0 800000b8 08000393 r 07         00000080  addi     t2, zero, 128
#2154 0 800000bc 5e03c0d7 v 01 000000000000000000000000000000000b06010c07020d08030e090480808080 vmv.v.x v1, t2
#2155 0 800000c0 26608757 v 0e 0000000000000000000000000000000000000000000000000000000000000080 vand.vv v14, v6, v1
#2156 0 800000c4 66e03057 v 00 000000000000000000000000000000003b887a6d447e231e3efe164700000001 vmsne.vi v0, v14, 0
#2157 0 800000c8 9660b557 v 0a 0000000000000000000000000000000000000000000000000000000050d4220a vsll.vi v10, v6, 1
#2158 0 800000cc     4e6d r 1c         0000001b  c.li     t3, 0x1b
#2159 0 800000ce 5e0e4157 v 02 00000000000000000000000000000000e7585fd638b1e34d0d9d1d671b1b1b1b vmv.v.x v2, t3
#2160 0 800000d2 2ca10557 v 0a 0000000000000000000000000000000000000000000000000000000050d42211 vxor.vv v10, v10, v2, v0.t
#2161 0 800000d6 2ea30957 v 12 0000000000000000000000000000000000000000000000000000000078be3394 vxor.vv v18, v10, v6
#2162 0 800000da 70040397 r 07         f00400da  auipc    t2, 0x70040
#2163 0 800000de 21838393 r 07         f00402f2  addi     t2, t2, 536
#2164 0 800000e2 02038007 v 00 000000000000000000000000000000003b887a6d447e231e3efe164700000001 vle8.v v0, (t2)
#2165 0 800000e6     4e81 r 1d         00000000  c.li     t4, 0x0
#2166 0 800000e8 5e0ec1d7 v 03 00000000000000000000000000000000075e50f6d72fcfe3286a118500000000 vmv.v.x v3, t4
#2167 0 800000ec 5e0ec157 v 02 00000000000000000000000000000000e7585fd638b1e34d0d9d1d6700000000 vmv.v.x v2, t4
#2168 0 800000f0 28a18157 v 02 00000000000000000000000000000000e7585fd638b1e34d0d9d1d6700000011 vor.vv v2, v10, v3, v0.t
#2169 0 800000f4 70040397 r 07         f00400f4  auipc    t2, 0x70040
#2170 0 800000f8 20238393 r 07         f00402f6  addi     t2, t2, 514
#2171 0 800000fc 02038007 v 00 000000000000000000000000000000003b887a6d447e231e3efe164700000002 vle8.v v0, (t2)
#2172 0 80000100     4e81 r 1d         00000000  c.li     t4, 0x0
#2173 0 80000102 5e0ec1d7 v 03 00000000000000000000000000000000075e50f6d72fcfe3286a118500000000 vmv.v.x v3, t4
#2174 0 80000106 29218157 v 02 00000000000000000000000000000000e7585fd638b1e34d0d9d1d6700003311 vor.vv v2, v18, v3, v0.t
#2175 0 8000010a 70040397 r 07         f004010a  auipc    t2, 0x70040
#2176 0 8000010e 1f038393 r 07         f00402fa  addi     t2, t2, 496
#2177 0 80000112 02038007 v 00 000000000000000000000000000000003b887a6d447e231e3efe164700000004 vle8.v v0, (t2)
#2178 0 80000116     4e81 r 1d         00000000  c.li     t4, 0x0
#2179 0 80000118 5e0ec1d7 v 03 00000000000000000000000000000000075e50f6d72fcfe3286a118500000000 vmv.v.x v3, t4
#2180 0 8000011c 28618157 v 02 00000000000000000000000000000000e7585fd638b1e34d0d9d1d67006a3311 vor.vv v2, v6, v3, v0.t
#2181 0 80000120 70040397 r 07         f0040120  auipc    t2, 0x70040
#2182 0 80000124 1de38393 r 07         f00402fe  addi     t2, t2, 478
#2183 0 80000128 02038007 v 00 000000000000000000000000000000003b887a6d447e231e3efe164700000008 vle8.v v0, (t2)
#2184 0 8000012c     4e81 r 1d         00000000  c.li     t4, 0x0
#2185 0 8000012e 5e0ec1d7 v 03 00000000000000000000000000000000075e50f6d72fcfe3286a118500000000 vmv.v.x v3, t4
#2186 0 80000132 28618157 v 02 00000000000000000000000000000000e7585fd638b1e34d0d9d1d67286a3311 vor.vv v2, v6, v3, v0.t
#2187 0 80000136 70040397 r 07         f0040136  auipc    t2, 0x70040
#2188 0 8000013a 1bc38393 r 07         f00402f2  addi     t2, t2, 444
#2189 0 8000013e 02038007 v 00 000000000000000000000000000000003b887a6d447e231e3efe164700000001 vle8.v v0, (t2)
#2190 0 80000142 0e21a257 v 04 0000000000000000000000000000000000000000000000000000000000000060 vredxor.vs v4, v2, v3
#2191 0 80000146 284182d7 v 05 0000000000000000000000000000000000000000000000000000000000000060 vor.vv v5, v4, v3, v0.t
#2192 0 8000014a 70040397 r 07         f004014a  auipc    t2, 0x70040
#2193 0 8000014e 1a838393 r 07         f00402f2  addi     t2, t2, 424
#2194 0 80000152 02038007 v 00 000000000000000000000000000000003b887a6d447e231e3efe164700000001 vle8.v v0, (t2)
#2195 0 80000156     4e81 r 1d         00000000  c.li     t4, 0x0
#2196 0 80000158 5e0ec157 v 02 00000000000000000000000000000000e7585fd638b1e34d0d9d1d6700000000 vmv.v.x v2, t4
#2197 0 8000015c 28610157 v 02 00000000000000000000000000000000e7585fd638b1e34d0d9d1d6700000085 vor.vv v2, v6, v2, v0.t
#2198 0 80000160 70040397 r 07         f0040160  auipc    t2, 0x70040
#2199 0 80000164 19638393 r 07         f00402f6  addi     t2, t2, 406
#2200 0 80000168 02038007 v 00 000000000000000000000000000000003b887a6d447e231e3efe164700000002 vle8.v v0, (t2)
#2201 0 8000016c     4e81 r 1d         00000000  c.li     t4, 0x0
#2202 0 8000016e 5e0ec1d7 v 03 00000000000000000000000000000000075e50f6d72fcfe3286a118500000000 vmv.v.x v3, t4
#2203 0 80000172 28a18157 v 02 00000000000000000000000000000000e7585fd638b1e34d0d9d1d6700002285 vor.vv v2, v10, v3, v0.t
#2204 0 80000176 70040397 r 07         f0040176  auipc    t2, 0x70040
#2205 0 8000017a 18438393 r 07         f00402fa  addi     t2, t2, 388
#2206 0 8000017e 02038007 v 00 000000000000000000000000000000003b887a6d447e231e3efe164700000004 vle8.v v0, (t2)
#2207 0 80000182     4e81 r 1d         00000000  c.li     t4, 0x0
#2208 0 80000184 5e0ec1d7 v 03 00000000000000000000000000000000075e50f6d72fcfe3286a118500000000 vmv.v.x v3, t4
#2209 0 80000188 29218157 v 02 00000000000000000000000000000000e7585fd638b1e34d0d9d1d6700be2285 vor.vv v2, v18, v3, v0.t
#2210 0 8000018c 70040397 r 07         f004018c  auipc    t2, 0x70040
#2211 0 80000190 17238393 r 07         f00402fe  addi     t2, t2, 370
#2212 0 80000194 02038007 v 00 000000000000000000000000000000003b887a6d447e231e3efe164700000008 vle8.v v0, (t2)
#2213 0 80000198     4e81 r 1d         00000000  c.li     t4, 0x0
#2214 0 8000019a 5e0ec1d7 v 03 00000000000000000000000000000000075e50f6d72fcfe3286a118500000000 vmv.v.x v3, t4
#2215 0 8000019e 28618157 v 02 00000000000000000000000000000000e7585fd638b1e34d0d9d1d6728be2285 vor.vv v2, v6, v3, v0.t
#2216 0 800001a2 70040397 r 07         f00401a2  auipc    t2, 0x70040
#2217 0 800001a6 15438393 r 07         f00402f6  addi     t2, t2, 340
#2218 0 800001aa 02038007 v 00 000000000000000000000000000000003b887a6d447e231e3efe164700000002 vle8.v v0, (t2)
#2219 0 800001ae 0e21a257 v 04 0000000000000000000000000000000000000000000000000000000000000031 vredxor.vs v4, v2, v3
#2220 0 800001b2 3a40bb57 v 16 0000000000000000000000000000000000000000000000000000000000003100 vslideup.vi v22, v4, 1
#2221 0 800001b6 296182d7 v 05 0000000000000000000000000000000000000000000000000000000000003160 vor.vv v5, v22, v3, v0.t
#2222 0 800001ba 70040397 r 07         f00401ba  auipc    t2, 0x70040
#2223 0 800001be 13838393 r 07         f00402f2  addi     t2, t2, 312
#2224 0 800001c2 02038007 v 00 000000000000000000000000000000003b887a6d447e231e3efe164700000001 vle8.v v0, (t2)
#2225 0 800001c6     4e81 r 1d         00000000  c.li     t4, 0x0
#2226 0 800001c8 5e0ec157 v 02 00000000000000000000000000000000e7585fd638b1e34d0d9d1d6700000000 vmv.v.x v2, t4
#2227 0 800001cc 28610157 v 02 00000000000000000000000000000000e7585fd638b1e34d0d9d1d6700000085 vor.vv v2, v6, v2, v0.t
#2228 0 800001d0 70040397 r 07         f00401d0  auipc    t2, 0x70040
#2229 0 800001d4 12638393 r 07         f00402f6  addi     t2, t2, 294
#2230 0 800001d8 02038007 v 00 000000000000000000000000000000003b887a6d447e231e3efe164700000002 vle8.v v0, (t2)
#2231 0 800001dc     4e81 r 1d         00000000  c.li     t4, 0x0
#2232 0 800001de 5e0ec1d7 v 03 00000000000000000000000000000000075e50f6d72fcfe3286a118500000000 vmv.v.x v3, t4
#2233 0 800001e2 28618157 v 02 00000000000000000000000000000000e7585fd638b1e34d0d9d1d6700001185 vor.vv v2, v6, v3, v0.t
#2234 0 800001e6 70040397 r 07         f00401e6  auipc    t2, 0x70040
#2235 0 800001ea 11438393 r 07         f00402fa  addi     t2, t2, 276
#2236 0 800001ee 02038007 v 00 000000000000000000000000000000003b887a6d447e231e3efe164700000004 vle8.v v0, (t2)
#2237 0 800001f2     4e81 r 1d         00000000  c.li     t4, 0x0
#2238 0 800001f4 5e0ec1d7 v 03 00000000000000000000000000000000075e50f6d72fcfe3286a118500000000 vmv.v.x v3, t4
#2239 0 800001f8 28a18157 v 02 00000000000000000000000000000000e7585fd638b1e34d0d9d1d6700d41185 vor.vv v2, v10, v3, v0.t
#2240 0 800001fc 70040397 r 07         f00401fc  auipc    t2, 0x70040
#2241 0 80000200 10238393 r 07         f00402fe  addi     t2, t2, 258
#2242 0 80000204 02038007 v 00 000000000000000000000000000000003b887a6d447e231e3efe164700000008 vle8.v v0, (t2)
#2243 0 80000208     4e81 r 1d         00000000  c.li     t4, 0x0
#2244 0 8000020a 5e0ec1d7 v 03 00000000000000000000000000000000075e50f6d72fcfe3286a118500000000 vmv.v.x v3, t4
#2245 0 8000020e 29218157 v 02 00000000000000000000000000000000e7585fd638b1e34d0d9d1d6778d41185 vor.vv v2, v18, v3, v0.t
#2246 0 80000212 70040397 r 07         f0040212  auipc    t2, 0x70040
#2247 0 80000216 0e838393 r 07         f00402fa  addi     t2, t2, 232
#2248 0 8000021a 02038007 v 00 000000000000000000000000000000003b887a6d447e231e3efe164700000004 vle8.v v0, (t2)
#2249 0 8000021e 0e21a257 v 04 0000000000000000000000000000000000000000000000000000000000000038 vredxor.vs v4, v2, v3
#2250 0 80000222 3a413b57 v 16 0000000000000000000000000000000000000000000000000000000000383100 vslideup.vi v22, v4, 2
#2251 0 80000226 296182d7 v 05 0000000000000000000000000000000000000000000000000000000000383160 vor.vv v5, v22, v3, v0.t
#2252 0 8000022a 70040397 r 07         f004022a  auipc    t2, 0x70040
#2253 0 8000022e 0c838393 r 07         f00402f2  addi     t2, t2, 200
#2254 0 80000232 02038007 v 00 000000000000000000000000000000003b887a6d447e231e3efe164700000001 vle8.v v0, (t2)
#2255 0 80000236     4e81 r 1d         00000000  c.li     t4, 0x0
#2256 0 80000238 5e0ec157 v 02 00000000000000000000000000000000e7585fd638b1e34d0d9d1d6700000000 vmv.v.x v2, t4
#2257 0 8000023c 29210157 v 02 00000000000000000000000000000000e7585fd638b1e34d0d9d1d6700000094 vor.vv v2, v18, v2, v0.t
#2258 0 80000240 70040397 r 07         f0040240  auipc    t2, 0x70040
#2259 0 80000244 0b638393 r 07         f00402f6  addi     t2, t2, 182
#2260 0 80000248 02038007 v 00 000000000000000000000000000000003b887a6d447e231e3efe164700000002 vle8.v v0, (t2)
#2261 0 8000024c     4e81 r 1d         00000000  c.li     t4, 0x0
#2262 0 8000024e 5e0ec1d7 v 03 00000000000000000000000000000000075e50f6d72fcfe3286a118500000000 vmv.v.x v3, t4
#2263 0 80000252 28618157 v 02 00000000000000000000000000000000e7585fd638b1e34d0d9d1d6700001194 vor.vv v2, v6, v3, v0.t
#2264 0 80000256 70040397 r 07         f0040256  auipc    t2, 0x70040
#2265 0 8000025a 0a438393 r 07         f00402fa  addi     t2, t2, 164
#2266 0 8000025e 02038007 v 00 000000000000000000000000000000003b887a6d447e231e3efe164700000004 vle8.v v0, (t2)
#2267 0 80000262     4e81 r 1d         00000000  c.li     t4, 0x0
#2268 0 80000264 5e0ec1d7 v 03 00000000000000000000000000000000075e50f6d72fcfe3286a118500000000 vmv.v.x v3, t4
#2269 0 80000268 28618157 v 02 00000000000000000000000000000000e7585fd638b1e34d0d9d1d67006a1194 vor.vv v2, v6, v3, v0.t
#2270 0 8000026c 70040397 r 07         f004026c  auipc    t2, 0x70040
#2271 0 80000270 09238393 r 07         f00402fe  addi     t2, t2, 146
#2272 0 80000274 02038007 v 00 000000000000000000000000000000003b887a6d447e231e3efe164700000008 vle8.v v0, (t2)
#2273 0 80000278     4e81 r 1d         00000000  c.li     t4, 0x0
#2274 0 8000027a 5e0ec1d7 v 03 00000000000000000000000000000000075e50f6d72fcfe3286a118500000000 vmv.v.x v3, t4
#2275 0 8000027e 28a18157 v 02 00000000000000000000000000000000e7585fd638b1e34d0d9d1d67506a1194 vor.vv v2, v10, v3, v0.t
#2276 0 80000282 0e21a257 v 04 00000000000000000000000000000000000000000000000000000000000000bf vredxor.vs v4, v2, v3
#2277 0 80000286 3a41bb57 v 16 00000000000000000000000000000000000000000000000000000000bf383100 vslideup.vi v22, v4, 3
#2278 0 8000028a 296182d7 v 05 00000000000000000000000000000000000000000000000000000000bf383160 vor.vv v5, v22, v3, v0.t
#2279 0 8000028e 020902a7 m f0040259   000000bf  vse8.v v5, (s2)
#2280 0 80000292     0911 r 12         f004025a  c.addi   s2, 0x4
#2281 0 80000294     0991 r 13         f0040322  c.addi   s3, 0x4
#2282 0 80000296     1ffd r 1f         00000002  c.addi   t6, -0x1
#2283 0 80000298 de0f9fe3 r 00         00000000  bne      t6, zero, . - 0x202
#2284 0 80000096     4e81 r 1d         00000000  c.li     t4, 0x0
#2285 0 80000098 5e0ec157 v 02 00000000000000000000000000000000e7585fd638b1e34d0d9d1d6700000000 vmv.v.x v2, t4
#2286 0 8000009c 5e0ec2d7 v 05 0000000000000000000000000000000000000000000000000000000000000000 vmv.v.x v5, t4
#2287 0 800000a0 5e0ec557 v 0a 0000000000000000000000000000000000000000000000000000000000000000 vmv.v.x v10, t4
#2288 0 800000a4 5e0ec757 v 0e 0000000000000000000000000000000000000000000000000000000000000000 vmv.v.x v14, t4
#2289 0 800000a8 5e0ec957 v 12 0000000000000000000000000000000000000000000000000000000000000000 vmv.v.x v18, t4
#2290 0 800000ac 5e0ecb57 v 16 0000000000000000000000000000000000000000000000000000000000000000 vmv.v.x v22, t4
#2291 0 800000b0 5e0ec0d7 v 01 000000000000000000000000000000000b06010c07020d08030e090400000000 vmv.v.x v1, t4
#2292 0 800000b4 02090307 v 06 00000000000000000000000000000000000000000000000000000000d72fcfe3 vle8.v v6, (s2)
#2293 0 800000b8 08000393 r 07         00000080  addi     t2, zero, 128
#2294 0 800000bc 5e03c0d7 v 01 000000000000000000000000000000000b06010c07020d08030e090480808080 vmv.v.x v1, t2
#2295 0 800000c0 26608757 v 0e 0000000000000000000000000000000000000000000000000000000080008080 vand.vv v14, v6, v1
#2296 0 800000c4 66e03057 v 00 000000000000000000000000000000003b887a6d447e231e3efe16470000000b vmsne.vi v0, v14, 0
#2297 0 800000c8 9660b557 v 0a 00000000000000000000000000000000000000000000000000000000ae5e9ec6 vsll.vi v10, v6, 1
#2298 0 800000cc     4e6d r 1c         0000001b  c.li     t3, 0x1b
#2299 0 800000ce 5e0e4157 v 02 00000000000000000000000000000000e7585fd638b1e34d0d9d1d671b1b1b1b vmv.v.x v2, t3
#2300 0 800000d2 2ca10557 v 0a 00000000000000000000000000000000000000000000000000000000b55e85dd vxor.vv v10, v10, v2, v0.t
#2301 0 800000d6 2ea30957 v 12 0000000000000000000000000000000000000000000000000000000062714a3e vxor.vv v18, v10, v6
#2302 0 800000da 70040397 r 07         f00400da  auipc    t2, 0x70040
#2303 0 800000de 21838393 r 07         f00402f2  addi     t2, t2, 536
#2304 0 800000e2 02038007 v 00 000000000000000000000000000000003b887a6d447e231e3efe164700000001 vle8.v v0, (t2)
#2305 0 800000e6     4e81 r 1d         00000000  c.li     t4, 0x0
#2306 0 800000e8 5e0ec1d7 v 03 00000000000000000000000000000000075e50f6d72fcfe3286a118500000000 vmv.v.x v3, t4
#2307 0 800000ec 5e0ec157 v 02 00000000000000000000000000000000e7585fd638b1e34d0d9d1d6700000000 vmv.v.x v2, t4
#2308 0 800000f0 28a18157 v 02 00000000000000000000000000000000e7585fd638b1e34d0d9d1d67000000dd vor.vv v2, v10, v3, v0.t
#2309 0 800000f4 70040397 r 07         f00400f4  auipc    t2, 0x70040
#2310 0 800000f8 20238393 r 07         f00402f6  addi     t2, t2, 514
#2311 0 800000fc 02038007 v 00 000000000000000000000000000000003b887a6d447e231e3efe164700000002 vle8.v v0, (t2)
#2312 0 80000100     4e81 r 1d         00000000  c.li     t4, 0x0
#2313 0 80000102 5e0ec1d7 v 03 00000000000000000000000000000000075e50f6d72fcfe3286a118500000000 vmv.v.x v3, t4
#2314 0 80000106 29218157 v 02 00000000000000000000000000000000e7585fd638b1e34d0d9d1d6700004add vor.vv v2, v18, v3, v0.t
#2315 0 8000010a 70040397 r 07         f004010a  auipc    t2, 0x70040
#2316 0 8000010e 1f038393 r 07         f00402fa  addi     t2, t2, 496
#2317 0 80000112 02038007 v 00 000000000000000000000000000000003b887a6d447e231e3efe164700000004 vle8.v v0, (t2)
#2318 0 80000116     4e81 r 1d         00000000  c.li     t4, 0x0
#2319 0 80000118 5e0ec1d7 v 03 00000000000000000000000000000000075e50f6d72fcfe3286a118500000000 vmv.v.x v3, t4
#2320 0 8000011c 28618157 v 02 00000000000000000000000000000000e7585fd638b1e34d0d9d1d67002f4add vor.vv v2, v6, v3, v0.t
#2321 0 80000120 70040397 r 07         f0040120  auipc    t2, 0x70040
#2322 0 80000124 1de38393 r 07         f00402fe  addi     t2, t2, 478
#2323 0 80000128 02038007 v 00 000000000000000000000000000000003b887a6d447e231e3efe164700000008 vle8.v v0, (t2)
#2324 0 8000012c     4e81 r 1d         00000000  c.li     t4, 0x0
#2325 0 8000012e 5e0ec1d7 v 03 00000000000000000000000000000000075e50f6d72fcfe3286a118500000000 vmv.v.x v3, t4
#2326 0 80000132 28618157 v 02 00000000000000000000000000000000e7585fd638b1e34d0d9d1d67d72f4add vor.vv v2, v6, v3, v0.t
#2327 0 80000136 70040397 r 07         f0040136  auipc    t2, 0x70040
#2328 0 8000013a 1bc38393 r 07         f00402f2  addi     t2, t2, 444
#2329 0 8000013e 02038007 v 00 000000000000000000000000000000003b887a6d447e231e3efe164700000001 vle8.v v0, (t2)
#2330 0 80000142 0e21a257 v 04 000000000000000000000000000000000000000000000000000000000000006f vredxor.vs v4, v2, v3
#2331 0 80000146 284182d7 v 05 000000000000000000000000000000000000000000000000000000000000006f vor.vv v5, v4, v3, v0.t
#2332 0 8000014a 70040397 r 07         f004014a  auipc    t2, 0x70040
#2333 0 8000014e 1a838393 r 07         f00402f2  addi     t2, t2, 424
#2334 0 80000152 02038007 v 00 000000000000000000000000000000003b887a6d447e231e3efe164700000001 vle8.v v0, (t2)
#2335 0 80000156     4e81 r 1d         00000000  c.li     t4, 0x0
#2336 0 80000158 5e0ec157 v 02 00000000000000000000000000000000e7585fd638b1e34d0d9d1d6700000000 vmv.v.x v2, t4
#2337 0 8000015c 28610157 v 02 00000000000000000000000000000000e7585fd638b1e34d0d9d1d67000000e3 vor.vv v2, v6, v2, v0.t
#2338 0 80000160 70040397 r 07         f0040160  auipc    t2, 0x70040
#2339 0 80000164 19638393 r 07         f00402f6  addi     t2, t2, 406
#2340 0 80000168 02038007 v 00 000000000000000000000000000000003b887a6d447e231e3efe164700000002 vle8.v v0, (t2)
#2341 0 8000016c     4e81 r 1d         00000000  c.li     t4, 0x0
#2342 0 8000016e 5e0ec1d7 v 03 00000000000000000000000000000000075e50f6d72fcfe3286a118500000000 vmv.v.x v3, t4
#2343 0 80000172 28a18157 v 02 00000000000000000000000000000000e7585fd638b1e34d0d9d1d67000085e3 vor.vv v2, v10, v3, v0.t
#2344 0 80000176 70040397 r 07         f0040176  auipc    t2, 0x70040
#2345 0 8000017a 18438393 r 07         f00402fa  addi     t2, t2, 388
#2346 0 8000017e 02038007 v 00 000000000000000000000000000000003b887a6d447e231e3efe164700000004 vle8.v v0, (t2)
#2347 0 80000182     4e81 r 1d         00000000  c.li     t4, 0x0
#2348 0 80000184 5e0ec1d7 v 03 00000000000000000000000000000000075e50f6d72fcfe3286a118500000000 vmv.v.x v3, t4
#2349 0 80000188 29218157 v 02 00000000000000000000000000000000e7585fd638b1e34d0d9d1d67007185e3 vor.vv v2, v18, v3, v0.t
#2350 0 8000018c 70040397 r 07         f004018c  auipc    t2, 0x70040
#2351 0 80000190 17238393 r 07         f00402fe  addi     t2, t2, 370
#2352 0 80000194 02038007 v 00 000000000000000000000000000000003b887a6d447e231e3efe164700000008 vle8.v v0, (t2)
#2353 0 80000198     4e81 r 1d         00000000  c.li     t4, 0x0
#2354 0 8000019a 5e0ec1d7 v 03 00000000000000000000000000000000075e50f6d72fcfe3286a118500000000 vmv.v.x v3, t4
#2355 0 8000019e 28618157 v 02 00000000000000000000000000000000e7585fd638b1e34d0d9d1d67d77185e3 vor.vv v2, v6, v3, v0.t
#2356 0 800001a2 70040397 r 07         f00401a2  auipc    t2, 0x70040
#2357 0 800001a6 15438393 r 07         f00402f6  addi     t2, t2, 340
#2358 0 800001aa 02038007 v 00 000000000000000000000000000000003b887a6d447e231e3efe164700000002 vle8.v v0, (t2)
#2359 0 800001ae 0e21a257 v 04 00000000000000000000000000000000000000000000000000000000000000c0 vredxor.vs v4, v2, v3
#2360 0 800001b2 3a40bb57 v 16 000000000000000000000000000000000000000000000000000000000000c000 vslideup.vi v22, v4, 1
#2361 0 800001b6 296182d7 v 05 000000000000000000000000000000000000000000000000000000000000c06f vor.vv v5, v22, v3, v0.t
#2362 0 800001ba 70040397 r 07         f00401ba  auipc    t2, 0x70040
#2363 0 800001be 13838393 r 07         f00402f2  addi     t2, t2, 312
#2364 0 800001c2 02038007 v 00 000000000000000000000000000000003b887a6d447e231e3efe164700000001 vle8.v v0, (t2)
#2365 0 800001c6     4e81 r 1d         00000000  c.li     t4, 0x0
#2366 0 800001c8 5e0ec157 v 02 00000000000000000000000000000000e7585fd638b1e34d0d9d1d6700000000 vmv.v.x v2, t4
#2367 0 800001cc 28610157 v 02 00000000000000000000000000000000e7585fd638b1e34d0d9d1d67000000e3 vor.vv v2, v6, v2, v0.t
#2368 0 800001d0 70040397 r 07         f00401d0  auipc    t2, 0x70040
#2369 0 800001d4 12638393 r 07         f00402f6  addi     t2, t2, 294
#2370 0 800001d8 02038007 v 00 000000000000000000000000000000003b887a6d447e231e3efe164700000002 vle8.v v0, (t2)
#2371 0 800001dc     4e81 r 1d         00000000  c.li     t4, 0x0
#2372 0 800001de 5e0ec1d7 v 03 00000000000000000000000000000000075e50f6d72fcfe3286a118500000000 vmv.v.x v3, t4
#2373 0 800001e2 28618157 v 02 00000000000000000000000000000000e7585fd638b1e34d0d9d1d670000cfe3 vor.vv v2, v6, v3, v0.t
#2374 0 800001e6 70040397 r 07         f00401e6  auipc    t2, 0x70040
#2375 0 800001ea 11438393 r 07         f00402fa  addi     t2, t2, 276
#2376 0 800001ee 02038007 v 00 000000000000000000000000000000003b887a6d447e231e3efe164700000004 vle8.v v0, (t2)
#2377 0 800001f2     4e81 r 1d         00000000  c.li     t4, 0x0
#2378 0 800001f4 5e0ec1d7 v 03 00000000000000000000000000000000075e50f6d72fcfe3286a118500000000 vmv.v.x v3, t4
#2379 0 800001f8 28a18157 v 02 00000000000000000000000000000000e7585fd638b1e34d0d9d1d67005ecfe3 vor.vv v2, v10, v3, v0.t
#2380 0 800001fc 70040397 r 07         f00401fc  auipc    t2, 0x70040
#2381 0 80000200 10238393 r 07         f00402fe  addi     t2, t2, 258
#2382 0 80000204 02038007 v 00 000000000000000000000000000000003b887a6d447e231e3efe164700000008 vle8.v v0, (t2)
#2383 0 80000208     4e81 r 1d         00000000  c.li     t4, 0x0
#2384 0 8000020a 5e0ec1d7 v 03 00000000000000000000000000000000075e50f6d72fcfe3286a118500000000 vmv.v.x v3, t4
#2385 0 8000020e 29218157 v 02 00000000000000000000000000000000e7585fd638b1e34d0d9d1d67625ecfe3 vor.vv v2, v18, v3, v0.t
#2386 0 80000212 70040397 r 07         f0040212  auipc    t2, 0x70040
#2387 0 80000216 0e838393 r 07         f00402fa  addi     t2, t2, 232
#2388 0 8000021a 02038007 v 00 000000000000000000000000000000003b887a6d447e231e3efe164700000004 vle8.v v0, (t2)
#2389 0 8000021e 0e21a257 v 04 0000000000000000000000000000000000000000000000000000000000000010 vredxor.vs v4, v2, v3
#2390 0 80000222 3a413b57 v 16 000000000000000000000000000000000000000000000000000000000010c000 vslideup.vi v22, v4, 2
#2391 0 80000226 296182d7 v 05 000000000000000000000000000000000000000000000000000000000010c06f vor.vv v5, v22, v3, v0.t
#2392 0 8000022a 70040397 r 07         f004022a  auipc    t2, 0x70040
#2393 0 8000022e 0c838393 r 07         f00402f2  addi     t2, t2, 200
#2394 0 80000232 02038007 v 00 000000000000000000000000000000003b887a6d447e231e3efe164700000001 vle8.v v0, (t2)
#2395 0 80000236     4e81 r 1d         00000000  c.li     t4, 0x0
#2396 0 80000238 5e0ec157 v 02 00000000000000000000000000000000e7585fd638b1e34d0d9d1d6700000000 vmv.v.x v2, t4
#2397 0 8000023c 29210157 v 02 00000000000000000000000000000000e7585fd638b1e34d0d9d1d670000003e vor.vv v2, v18, v2, v0.t
#2398 0 80000240 70040397 r 07         f0040240  auipc    t2, 0x70040
#2399 0 80000244 0b638393 r 07         f00402f6  addi     t2, t2, 182
#2400 0 80000248 02038007 v 00 000000000000000000000000000000003b887a6d447e231e3efe164700000002 vle8.v v0, (t2)
#2401 0 8000024c     4e81 r 1d         00000000  c.li     t4, 0x0
#2402 0 8000024e 5e0ec1d7 v 03 00000000000000000000000000000000075e50f6d72fcfe3286a118500000000 vmv.v.x v3, t4
#2403 0 80000252 28618157 v 02 00000000000000000000000000000000e7585fd638b1e34d0d9d1d670000cf3e vor.vv v2, v6, v3, v0.t
#2404 0 80000256 70040397 r 07         f0040256  auipc    t2, 0x70040
#2405 0 8000025a 0a438393 r 07         f00402fa  addi     t2, t2, 164
#2406 0 8000025e 02038007 v 00 000000000000000000000000000000003b887a6d447e231e3efe164700000004 vle8.v v0, (t2)
#2407 0 80000262     4e81 r 1d         00000000  c.li     t4, 0x0
#2408 0 80000264 5e0ec1d7 v 03 00000000000000000000000000000000075e50f6d72fcfe3286a118500000000 vmv.v.x v3, t4
#2409 0 80000268 28618157 v 02 00000000000000000000000000000000e7585fd638b1e34d0d9d1d67002fcf3e vor.vv v2, v6, v3, v0.t
#2410 0 8000026c 70040397 r 07         f004026c  auipc    t2, 0x70040
#2411 0 80000270 09238393 r 07         f00402fe  addi     t2, t2, 146
#2412 0 80000274 02038007 v 00 000000000000000000000000000000003b887a6d447e231e3efe164700000008 vle8.v v0, (t2)
#2413 0 80000278     4e81 r 1d         00000000  c.li     t4, 0x0
#2414 0 8000027a 5e0ec1d7 v 03 00000000000000000000000000000000075e50f6d72fcfe3286a118500000000 vmv.v.x v3, t4
#2415 0 8000027e 28a18157 v 02 00000000000000000000000000000000e7585fd638b1e34d0d9d1d67b52fcf3e vor.vv v2, v10, v3, v0.t
#2416 0 80000282 0e21a257 v 04 000000000000000000000000000000000000000000000000000000000000006b vredxor.vs v4, v2, v3
#2417 0 80000286 3a41bb57 v 16 000000000000000000000000000000000000000000000000000000006b10c000 vslideup.vi v22, v4, 3
#2418 0 8000028a 296182d7 v 05 000000000000000000000000000000000000000000000000000000006b10c06f vor.vv v5, v22, v3, v0.t
#2419 0 8000028e 020902a7 m f004025d   0000006b  vse8.v v5, (s2)
#2420 0 80000292     0911 r 12         f004025e  c.addi   s2, 0x4
#2421 0 80000294     0991 r 13         f0040326  c.addi   s3, 0x4
#2422 0 80000296     1ffd r 1f         00000001  c.addi   t6, -0x1
#2423 0 80000298 de0f9fe3 r 00         00000000  bne      t6, zero, . - 0x202
#2424 0 80000096     4e81 r 1d         00000000  c.li     t4, 0x0
#2425 0 80000098 5e0ec157 v 02 00000000000000000000000000000000e7585fd638b1e34d0d9d1d6700000000 vmv.v.x v2, t4
#2426 0 8000009c 5e0ec2d7 v 05 0000000000000000000000000000000000000000000000000000000000000000 vmv.v.x v5, t4
#2427 0 800000a0 5e0ec557 v 0a 0000000000000000000000000000000000000000000000000000000000000000 vmv.v.x v10, t4
#2428 0 800000a4 5e0ec757 v 0e 0000000000000000000000000000000000000000000000000000000000000000 vmv.v.x v14, t4
#2429 0 800000a8 5e0ec957 v 12 0000000000000000000000000000000000000000000000000000000000000000 vmv.v.x v18, t4
#2430 0 800000ac 5e0ecb57 v 16 0000000000000000000000000000000000000000000000000000000000000000 vmv.v.x v22, t4
#2431 0 800000b0 5e0ec0d7 v 01 000000000000000000000000000000000b06010c07020d08030e090400000000 vmv.v.x v1, t4
#2432 0 800000b4 02090307 v 06 00000000000000000000000000000000000000000000000000000000075e50f6 vle8.v v6, (s2)
#2433 0 800000b8 08000393 r 07         00000080  addi     t2, zero, 128
#2434 0 800000bc 5e03c0d7 v 01 000000000000000000000000000000000b06010c07020d08030e090480808080 vmv.v.x v1, t2
#2435 0 800000c0 26608757 v 0e 0000000000000000000000000000000000000000000000000000000000000080 vand.vv v14, v6, v1
#2436 0 800000c4 66e03057 v 00 000000000000000000000000000000003b887a6d447e231e3efe164700000001 vmsne.vi v0, v14, 0
#2437 0 800000c8 9660b557 v 0a 000000000000000000000000000000000000000000000000000000000ebca0ec vsll.vi v10, v6, 1
#2438 0 800000cc     4e6d r 1c         0000001b  c.li     t3, 0x1b
#2439 0 800000ce 5e0e4157 v 02 00000000000000000000000000000000e7585fd638b1e34d0d9d1d671b1b1b1b vmv.v.x v2, t3
#2440 0 800000d2 2ca10557 v 0a 000000000000000000000000000000000000000000000000000000000ebca0f7 vxor.vv v10, v10, v2, v0.t
#2441 0 800000d6 2ea30957 v 12 0000000000000000000000000000000000000000000000000000000009e2f001 vxor.vv v18, v10, v6
#2442 0 800000da 70040397 r 07         f00400da  auipc    t2, 0x70040
#2443 0 800000de 21838393 r 07         f00402f2  addi     t2, t2, 536
#2444 0 800000e2 02038007 v 00 000000000000000000000000000000003b887a6d447e231e3efe164700000001 vle8.v v0, (t2)
#2445 0 800000e6     4e81 r 1d         00000000  c.li     t4, 0x0
#2446 0 800000e8 5e0ec1d7 v 03 00000000000000000000000000000000075e50f6d72fcfe3286a118500000000 vmv.v.x v3, t4
#2447 0 800000ec 5e0ec157 v 02 00000000000000000000000000000000e7585fd638b1e34d0d9d1d6700000000 vmv.v.x v2, t4
#2448 0 800000f0 28a18157 v 02 00000000000000000000000000000000e7585fd638b1e34d0d9d1d67000000f7 vor.vv v2, v10, v3, v0.t
#2449 0 800000f4 70040397 r 07         f00400f4  auipc    t2, 0x70040
#2450 0 800000f8 20238393 r 07         f00402f6  addi     t2, t2, 514
#2451 0 800000fc 02038007 v 00 000000000000000000000000000000003b887a6d447e231e3efe164700000002 vle8.v v0, (t2)
#2452 0 80000100     4e81 r 1d         00000000  c.li     t4, 0x0
#2453 0 80000102 5e0ec1d7 v 03 00000000000000000000000000000000075e50f6d72fcfe3286a118500000000 vmv.v.x v3, t4
#2454 0 80000106 29218157 v 02 00000000000000000000000000000000e7585fd638b1e34d0d9d1d670000f0f7 vor.vv v2, v18, v3, v0.t
#2455 0 8000010a 70040397 r 07         f004010a  auipc    t2, 0x70040
#2456 0 8000010e 1f038393 r 07         f00402fa  addi     t2, t2, 496
#2457 0 80000112 02038007 v 00 000000000000000000000000000000003b887a6d447e231e3efe164700000004 vle8.v v0, (t2)
#2458 0 80000116     4e81 r 1d         00000000  c.li     t4, 0x0
#2459 0 80000118 5e0ec1d7 v 03 00000000000000000000000000000000075e50f6d72fcfe3286a118500000000 vmv.v.x v3, t4
#2460 0 8000011c 28618157 v 02 00000000000000000000000000000000e7585fd638b1e34d0d9d1d67005ef0f7 vor.vv v2, v6, v3, v0.t
#2461 0 80000120 70040397 r 07         f0040120  auipc    t2, 0x70040
#2462 0 80000124 1de38393 r 07         f00402fe  addi     t2, t2, 478
#2463 0 80000128 02038007 v 00 000000000000000000000000000000003b887a6d447e231e3efe164700000008 vle8.v v0, (t2)
#2464 0 8000012c     4e81 r 1d         00000000  c.li     t4, 0x0
#2465 0 8000012e 5e0ec1d7 v 03 00000000000000000000000000000000075e50f6d72fcfe3286a118500000000 vmv.v.x v3, t4
#2466 0 80000132 28618157 v 02 00000000000000000000000000000000e7585fd638b1e34d0d9d1d67075ef0f7 vor.vv v2, v6, v3, v0.t
#2467 0 80000136 70040397 r 07         f0040136  auipc    t2, 0x70040
#2468 0 8000013a 1bc38393 r 07         f00402f2  addi     t2, t2, 444
#2469 0 8000013e 02038007 v 00 000000000000000000000000000000003b887a6d447e231e3efe164700000001 vle8.v v0, (t2)
#2470 0 80000142 0e21a257 v 04 000000000000000000000000000000000000000000000000000000000000005e vredxor.vs v4, v2, v3
#2471 0 80000146 284182d7 v 05 000000000000000000000000000000000000000000000000000000000000005e vor.vv v5, v4, v3, v0.t
#2472 0 8000014a 70040397 r 07         f004014a  auipc    t2, 0x70040
#2473 0 8000014e 1a838393 r 07         f00402f2  addi     t2, t2, 424
#2474 0 80000152 02038007 v 00 000000000000000000000000000000003b887a6d447e231e3efe164700000001 vle8.v v0, (t2)
#2475 0 80000156     4e81 r 1d         00000000  c.li     t4, 0x0
#2476 0 80000158 5e0ec157 v 02 00000000000000000000000000000000e7585fd638b1e34d0d9d1d6700000000 vmv.v.x v2, t4
#2477 0 8000015c 28610157 v 02 00000000000000000000000000000000e7585fd638b1e34d0d9d1d67000000f6 vor.vv v2, v6, v2, v0.t
#2478 0 80000160 70040397 r 07         f0040160  auipc    t2, 0x70040
#2479 0 80000164 19638393 r 07         f00402f6  addi     t2, t2, 406
#2480 0 80000168 02038007 v 00 000000000000000000000000000000003b887a6d447e231e3efe164700000002 vle8.v v0, (t2)
#2481 0 8000016c     4e81 r 1d         00000000  c.li     t4, 0x0
#2482 0 8000016e 5e0ec1d7 v 03 00000000000000000000000000000000075e50f6d72fcfe3286a118500000000 vmv.v.x v3, t4
#2483 0 80000172 28a18157 v 02 00000000000000000000000000000000e7585fd638b1e34d0d9d1d670000a0f6 vor.vv v2, v10, v3, v0.t
#2484 0 80000176 70040397 r 07         f0040176  auipc    t2, 0x70040
#2485 0 8000017a 18438393 r 07         f00402fa  addi     t2, t2, 388
#2486 0 8000017e 02038007 v 00 000000000000000000000000000000003b887a6d447e231e3efe164700000004 vle8.v v0, (t2)
#2487 0 80000182     4e81 r 1d         00000000  c.li     t4, 0x0
#2488 0 80000184 5e0ec1d7 v 03 00000000000000000000000000000000075e50f6d72fcfe3286a118500000000 vmv.v.x v3, t4
#2489 0 80000188 29218157 v 02 00000000000000000000000000000000e7585fd638b1e34d0d9d1d6700e2a0f6 vor.vv v2, v18, v3, v0.t
#2490 0 8000018c 70040397 r 07         f004018c  auipc    t2, 0x70040
#2491 0 80000190 17238393 r 07         f00402fe  addi     t2, t2, 370
#2492 0 80000194 02038007 v 00 000000000000000000000000000000003b887a6d447e231e3efe164700000008 vle8.v v0, (t2)
#2493 0 80000198     4e81 r 1d         00000000  c.li     t4, 0x0
#2494 0 8000019a 5e0ec1d7 v 03 00000000000000000000000000000000075e50f6d72fcfe3286a118500000000 vmv.v.x v3, t4
#2495 0 8000019e 28618157 v 02 00000000000000000000000000000000e7585fd638b1e34d0d9d1d6707e2a0f6 vor.vv v2, v6, v3, v0.t
#2496 0 800001a2 70040397 r 07         f00401a2  auipc    t2, 0x70040
#2497 0 800001a6 15438393 r 07         f00402f6  addi     t2, t2, 340
#2498 0 800001aa 02038007 v 00 000000000000000000000000000000003b887a6d447e231e3efe164700000002 vle8.v v0, (t2)
#2499 0 800001ae 0e21a257 v 04 00000000000000000000000000000000000000000000000000000000000000b3 vredxor.vs v4, v2, v3
#2500 0 800001b2 3a40bb57 v 16 000000000000000000000000000000000000000000000000000000000000b300 vslideup.vi v22, v4, 1
#2501 0 800001b6 296182d7 v 05 000000000000000000000000000000000000000000000000000000000000b35e vor.vv v5, v22, v3, v0.t
#2502 0 800001ba 70040397 r 07         f00401ba  auipc    t2, 0x70040
#2503 0 800001be 13838393 r 07         f00402f2  addi     t2, t2, 312
#2504 0 800001c2 02038007 v 00 000000000000000000000000000000003b887a6d447e231e3efe164700000001 vle8.v v0, (t2)
#2505 0 800001c6     4e81 r 1d         00000000  c.li     t4, 0x0
#2506 0 800001c8 5e0ec157 v 02 00000000000000000000000000000000e7585fd638b1e34d0d9d1d6700000000 vmv.v.x v2, t4
#2507 0 800001cc 28610157 v 02 00000000000000000000000000000000e7585fd638b1e34d0d9d1d67000000f6 vor.vv v2, v6, v2, v0.t
#2508 0 800001d0 70040397 r 07         f00401d0  auipc    t2, 0x70040
#2509 0 800001d4 12638393 r 07         f00402f6  addi     t2, t2, 294
#2510 0 800001d8 02038007 v 00 000000000000000000000000000000003b887a6d447e231e3efe164700000002 vle8.v v0, (t2)
#2511 0 800001dc     4e81 r 1d         00000000  c.li     t4, 0x0
#2512 0 800001de 5e0ec1d7 v 03 00000000000000000000000000000000075e50f6d72fcfe3286a118500000000 vmv.v.x v3, t4
#2513 0 800001e2 28618157 v 02 00000000000000000000000000000000e7585fd638b1e34d0d9d1d67000050f6 vor.vv v2, v6, v3, v0.t
#2514 0 800001e6 70040397 r 07         f00401e6  auipc    t2, 0x70040
#2515 0 800001ea 11438393 r 07         f00402fa  addi     t2, t2, 276
#2516 0 800001ee 02038007 v 00 000000000000000000000000000000003b887a6d447e231e3efe164700000004 vle8.v v0, (t2)
#2517 0 800001f2     4e81 r 1d         00000000  c.li     t4, 0x0
#2518 0 800001f4 5e0ec1d7 v 03 00000000000000000000000000000000075e50f6d72fcfe3286a118500000000 vmv.v.x v3, t4
#2519 0 800001f8 28a18157 v 02 00000000000000000000000000000000e7585fd638b1e34d0d9d1d6700bc50f6 vor.vv v2, v10, v3, v0.t
#2520 0 800001fc 70040397 r 07         f00401fc  auipc    t2, 0x70040
#2521 0 80000200 10238393 r 07         f00402fe  addi     t2, t2, 258
#2522 0 80000204 02038007 v 00 000000000000000000000000000000003b887a6d447e231e3efe164700000008 vle8.v v0, (t2)
#2523 0 80000208     4e81 r 1d         00000000  c.li     t4, 0x0
#2524 0 8000020a 5e0ec1d7 v 03 00000000000000000000000000000000075e50f6d72fcfe3286a118500000000 vmv.v.x v3, t4
#2525 0 8000020e 29218157 v 02 00000000000000000000000000000000e7585fd638b1e34d0d9d1d6709bc50f6 vor.vv v2, v18, v3, v0.t
#2526 0 80000212 70040397 r 07         f0040212  auipc    t2, 0x70040
#2527 0 80000216 0e838393 r 07         f00402fa  addi     t2, t2, 232
#2528 0 8000021a 02038007 v 00 000000000000000000000000000000003b887a6d447e231e3efe164700000004 vle8.v v0, (t2)
#2529 0 8000021e 0e21a257 v 04 0000000000000000000000000000000000000000000000000000000000000013 vredxor.vs v4, v2, v3
#2530 0 80000222 3a413b57 v 16 000000000000000000000000000000000000000000000000000000000013b300 vslideup.vi v22, v4, 2
#2531 0 80000226 296182d7 v 05 000000000000000000000000000000000000000000000000000000000013b35e vor.vv v5, v22, v3, v0.t
#2532 0 8000022a 70040397 r 07         f004022a  auipc    t2, 0x70040
#2533 0 8000022e 0c838393 r 07         f00402f2  addi     t2, t2, 200
#2534 0 80000232 02038007 v 00 000000000000000000000000000000003b887a6d447e231e3efe164700000001 vle8.v v0, (t2)
#2535 0 80000236     4e81 r 1d         00000000  c.li     t4, 0x0
#2536 0 80000238 5e0ec157 v 02 00000000000000000000000000000000e7585fd638b1e34d0d9d1d6700000000 vmv.v.x v2, t4
#2537 0 8000023c 29210157 v 02 00000000000000000000000000000000e7585fd638b1e34d0d9d1d6700000001 vor.vv v2, v18, v2, v0.t
#2538 0 80000240 70040397 r 07         f0040240  auipc    t2, 0x70040
#2539 0 80000244 0b638393 r 07         f00402f6  addi     t2, t2, 182
#2540 0 80000248 02038007 v 00 000000000000000000000000000000003b887a6d447e231e3efe164700000002 vle8.v v0, (t2)
#2541 0 8000024c     4e81 r 1d         00000000  c.li     t4, 0x0
#2542 0 8000024e 5e0ec1d7 v 03 00000000000000000000000000000000075e50f6d72fcfe3286a118500000000 vmv.v.x v3, t4
#2543 0 80000252 28618157 v 02 00000000000000000000000000000000e7585fd638b1e34d0d9d1d6700005001 vor.vv v2, v6, v3, v0.t
#2544 0 80000256 70040397 r 07         f0040256  auipc    t2, 0x70040
#2545 0 8000025a 0a438393 r 07         f00402fa  addi     t2, t2, 164
#2546 0 8000025e 02038007 v 00 000000000000000000000000000000003b887a6d447e231e3efe164700000004 vle8.v v0, (t2)
#2547 0 80000262     4e81 r 1d         00000000  c.li     t4, 0x0
#2548 0 80000264 5e0ec1d7 v 03 00000000000000000000000000000000075e50f6d72fcfe3286a118500000000 vmv.v.x v3, t4
#2549 0 80000268 28618157 v 02 00000000000000000000000000000000e7585fd638b1e34d0d9d1d67005e5001 vor.vv v2, v6, v3, v0.t
#2550 0 8000026c 70040397 r 07         f004026c  auipc    t2, 0x70040
#2551 0 80000270 09238393 r 07         f00402fe  addi     t2, t2, 146
#2552 0 80000274 02038007 v 00 000000000000000000000000000000003b887a6d447e231e3efe164700000008 vle8.v v0, (t2)
#2553 0 80000278     4e81 r 1d         00000000  c.li     t4, 0x0
#2554 0 8000027a 5e0ec1d7 v 03 00000000000000000000000000000000075e50f6d72fcfe3286a118500000000 vmv.v.x v3, t4
#2555 0 8000027e 28a18157 v 02 00000000000000000000000000000000e7585fd638b1e34d0d9d1d670e5e5001 vor.vv v2, v10, v3, v0.t
#2556 0 80000282 0e21a257 v 04 0000000000000000000000000000000000000000000000000000000000000001 vredxor.vs v4, v2, v3
#2557 0 80000286 3a41bb57 v 16 000000000000000000000000000000000000000000000000000000000113b300 vslideup.vi v22, v4, 3
#2558 0 8000028a 296182d7 v 05 000000000000000000000000000000000000000000000000000000000113b35e vor.vv v5, v22, v3, v0.t
#2559 0 8000028e 020902a7 m f0040261   00000001  vse8.v v5, (s2)
#2560 0 80000292     0911 r 12         f0040262  c.addi   s2, 0x4
#2561 0 80000294     0991 r 13         f004032a  c.addi   s3, 0x4
#2562 0 80000296     1ffd r 1f         00000000  c.addi   t6, -0x1
#2563 0 80000298 de0f9fe3 r 00         00000000  bne      t6, zero, . - 0x202
#2564 0 8000029c 70040917 r 12         f004029c  auipc    s2, 0x70040
#2565 0 800002a0 fa690913 r 12         f0040242  addi     s2, s2, -90
#2566 0 800002a4 70040997 r 13         f00402a4  auipc    s3, 0x70040
#2567 0 800002a8 d9e98993 r 13         f0040042  addi     s3, s3, -610
#2568 0 800002ac 70040a17 r 14         f00402ac  auipc    s4, 0x70040
#2569 0 800002b0 d8ca0a13 r 14         f0040038  addi     s4, s4, -628
#2570 0 800002b4     4291 r 05         00000004  c.li     t0, 0x4
#2571 0 800002b6 70040497 r 09         f00402b6  auipc    s1, 0x70040
#2572 0 800002ba e8c48493 r 09         f0040142  addi     s1, s1, -372
#2573 0 800002be 0002f2d7 r 05         00000004  vsetvli t0, t0, e8,m1,tu,mu  +
#2573 0 800002be 0002f2d7 c 0c20       00000004  vsetvli t0, t0, e8,m1,tu,mu  +
#2573 0 800002be 0002f2d7 c 0c21       00000000  vsetvli t0, t0, e8,m1,tu,mu
#2574 0 800002c2 02090307 v 06 000000000000000000000000000000000000000000000000000000007d47803d vle8.v v6, (s2)
#2575 0 800002c6     0911 r 12         f0040246  c.addi   s2, 0x4
#2576 0 800002c8 02090387 v 07 000000000000000000000000000000000000000000000000000000003efe1647 vle8.v v7, (s2)
#2577 0 800002cc     0911 r 12         f004024a  c.addi   s2, 0x4
#2578 0 800002ce 02090407 v 08 00000000000000000000000000000000000000000000000000000000447e231e vle8.v v8, (s2)
#2579 0 800002d2     0911 r 12         f004024e  c.addi   s2, 0x4
#2580 0 800002d4 02090487 v 09 000000000000000000000000000000000000000000000000000000003b887a6d vle8.v v9, (s2)
#2581 0 800002d8     1951 r 12         f0040242  c.addi   s2, -0xc
#2582 0 800002da 0002f2d7 r 05         00000004  vsetvli t0, t0, e8,m1,tu,mu  +
#2582 0 800002da 0002f2d7 c 0c20       00000004  vsetvli t0, t0, e8,m1,tu,mu  +
#2582 0 800002da 0002f2d7 c 0c21       00000000  vsetvli t0, t0, e8,m1,tu,mu
#2583 0 800002de 70040e17 r 1c         f00402de  auipc    t3, 0x70040
#2584 0 800002e2 ff4e0e13 r 1c         f00402d2  addi     t3, t3, -12
#2585 0 800002e6 70040e97 r 1d         f00402e6  auipc    t4, 0x70040
#2586 0 800002ea 01ce8e93 r 1d         f0040302  addi     t4, t4, 28
#2587 0 800002ee 020e0007 v 00 000000000000000000000000000000003b887a6d447e231e3efe164700030201 vle8.v v0, (t3)
#2588 0 800002f2 020e84a7 m f0040305   0000003b  vse8.v v9, (t4)
#2589 0 800002f6 060e8507 v 0a 000000000000000000000000000000000000000000000000000000006d3b887a vluxei8.v v10, (t4), v0
#2590 0 800002fa 70040997 r 13         f00402fa  auipc    s3, 0x70040
#2591 0 800002fe d4898993 r 13         f0040042  addi     s3, s3, -696
#2592 0 80000302 06a98507 v 0a 000000000000000000000000000000000000000000000000000000003ce2c4da vluxei8.v v10, (s3), v10
#2593 0 80000306 2e650357 v 06 0000000000000000000000000000000000000000000000000000000041a544e7 vxor.vv v6, v6, v10
#2594 0 8000030a     4285 r 05         00000001  c.li     t0, 0x1
#2595 0 8000030c 0002f2d7 r 05         00000001  vsetvli t0, t0, e8,m1,tu,mu  +
#2595 0 8000030c 0002f2d7 c 0c20       00000001  vsetvli t0, t0, e8,m1,tu,mu  +
#2595 0 8000030c 0002f2d7 c 0c21       00000000  vsetvli t0, t0, e8,m1,tu,mu
#2596 0 80000310 70040a17 r 14         f0040310  auipc    s4, 0x70040
#2597 0 80000314 d28a0a13 r 14         f0040038  addi     s4, s4, -728
#2598 0 80000318     9a6e r 14         f004003b  c.add    s4, s11
#2599 0 8000031a     0d85 r 1b         00000004  c.addi   s11, 0x1
#2600 0 8000031c 020a0f07 v 1e 0000000000000000000000000000000000000000000000000000000000000008 vle8.v v30, (s4)
#2601 0 80000320     4291 r 05         00000004  c.li     t0, 0x4
#2602 0 80000322 0002f2d7 r 05         00000004  vsetvli t0, t0, e8,m1,tu,mu  +
#2602 0 80000322 0002f2d7 c 0c20       00000004  vsetvli t0, t0, e8,m1,tu,mu  +
#2602 0 80000322 0002f2d7 c 0c21       00000000  vsetvli t0, t0, e8,m1,tu,mu
#2603 0 80000326 2e6f0357 v 06 0000000000000000000000000000000000000000000000000000000041a544ef vxor.vv v6, v6, v30
#2604 0 8000032a     0a05 r 14         f004003c  c.addi   s4, 0x1
#2605 0 8000032c 2e7303d7 v 07 000000000000000000000000000000000000000000000000000000007f5b52a8 vxor.vv v7, v7, v6
#2606 0 80000330 2e838457 v 08 000000000000000000000000000000000000000000000000000000003b2571b6 vxor.vv v8, v8, v7
#2607 0 80000334 2e9404d7 v 09 0000000000000000000000000000000000000000000000000000000000ad0bdb vxor.vv v9, v9, v8
#2608 0 80000338 70040917 r 12         f0040338  auipc    s2, 0x70040
#2609 0 8000033c f0a90913 r 12         f0040242  addi     s2, s2, -246
#2610 0 80000340     4291 r 05         00000004  c.li     t0, 0x4
#2611 0 80000342 0002f2d7 r 05         00000004  vsetvli t0, t0, e8,m1,tu,mu  +
#2611 0 80000342 0002f2d7 c 0c20       00000004  vsetvli t0, t0, e8,m1,tu,mu  +
#2611 0 80000342 0002f2d7 c 0c21       00000000  vsetvli t0, t0, e8,m1,tu,mu
#2612 0 80000346 02090327 m f0040245   00000041  vse8.v v6, (s2)
#2613 0 8000034a     0911 r 12         f0040246  c.addi   s2, 0x4
#2614 0 8000034c 020903a7 m f0040249   0000007f  vse8.v v7, (s2)
#2615 0 80000350     0911 r 12         f004024a  c.addi   s2, 0x4
#2616 0 80000352 02090427 m f004024d   0000003b  vse8.v v8, (s2)
#2617 0 80000356     0911 r 12         f004024e  c.addi   s2, 0x4
#2618 0 80000358 020904a7 m f0040251   00000000  vse8.v v9, (s2)
#2619 0 8000035c 70040a97 r 15         f004035c  auipc    s5, 0x70040
#2620 0 80000360 ef6a8a93 r 15         f0040252  addi     s5, s5, -266
#2621 0 80000364 70040917 r 12         f0040364  auipc    s2, 0x70040
#2622 0 80000368 ede90913 r 12         f0040242  addi     s2, s2, -290
#2623 0 8000036c     42c1 r 05         00000010  c.li     t0, 0x10
#2624 0 8000036e 0002f2d7 r 05         00000010  vsetvli t0, t0, e8,m1,tu,mu  +
#2624 0 8000036e 0002f2d7 c 0c20       00000010  vsetvli t0, t0, e8,m1,tu,mu  +
#2624 0 8000036e 0002f2d7 c 0c21       00000000  vsetvli t0, t0, e8,m1,tu,mu
#2625 0 80000372 02090007 v 00 0000000000000000000000000000000000ad0bdb3b2571b67f5b52a841a544ef vle8.v v0, (s2)
#2626 0 80000376 020a8087 v 01 000000000000000000000000000000000113b35e6b10c06fbf383160a9dad60f vle8.v v1, (s5)
#2627 0 8000037a 2e100157 v 02 0000000000000000000000000000000001beb8855035b1d9c06363c8e87f92e0 vxor.vv v2, v1, v0
#2628 0 8000037e 020a8127 m f0040261   00000001  vse8.v v2, (s5)
#2629 0 80000382     137d r 06         00000005  c.addi   t1, -0x1
#2630 0 80000384 ca0317e3 r 00         00000000  bne      t1, zero, . - 0x352
#2631 0 80000032 70040a17 r 14         f0040032  auipc    s4, 0x70040
#2632 0 80000036 fcea0a13 r 14         f0040000  addi     s4, s4, -50
#2633 0 8000003a 70040997 r 13         f004003a  auipc    s3, 0x70040
#2634 0 8000003e 00898993 r 13         f0040042  addi     s3, s3, 8
#2635 0 80000042 70040a97 r 15         f0040042  auipc    s5, 0x70040
#2636 0 80000046 210a8a93 r 15         f0040252  addi     s5, s5, 528
#2637 0 8000004a     42c1 r 05         00000010  c.li     t0, 0x10
#2638 0 8000004c 0002f2d7 r 05         00000010  vsetvli t0, t0, e8,m1,tu,mu  +
#2638 0 8000004c 0002f2d7 c 0c20       00000010  vsetvli t0, t0, e8,m1,tu,mu  +
#2638 0 8000004c 0002f2d7 c 0c21       00000000  vsetvli t0, t0, e8,m1,tu,mu
#2639 0 80000050 020a8107 v 02 0000000000000000000000000000000001beb8855035b1d9c06363c8e87f92e0 vle8.v v2, (s5)
#2640 0 80000054 06298187 v 03 000000000000000000000000000000007cae6c975396c835bafbfbe89bd24fe1 vluxei8.v v3, (s3), v2
#2641 0 80000058 020a81a7 m f0040261   0000007c  vse8.v v3, (s5)
#2642 0 8000005c     42c1 r 05         00000010  c.li     t0, 0x10
#2643 0 8000005e 70040497 r 09         f004005e  auipc    s1, 0x70040
#2644 0 80000062 1f448493 r 09         f0040252  addi     s1, s1, 500
#2645 0 80000066 70040917 r 12         f0040066  auipc    s2, 0x70040
#2646 0 8000006a 27090913 r 12         f00402d6  addi     s2, s2, 624
#2647 0 8000006e 0002f2d7 r 05         00000010  vsetvli t0, t0, e8,m1,tu,mu  +
#2647 0 8000006e 0002f2d7 c 0c20       00000010  vsetvli t0, t0, e8,m1,tu,mu  +
#2647 0 8000006e 0002f2d7 c 0c21       00000000  vsetvli t0, t0, e8,m1,tu,mu
#2648 0 80000072 02090087 v 01 000000000000000000000000000000000b06010c07020d08030e09040f0a0500 vle8.v v1, (s2)
#2649 0 80000076 06148187 v 03 0000000000000000000000000000000053fb4f97bad26c359baec8e87c96fbe1 vluxei8.v v3, (s1), v1
#2650 0 8000007a 020481a7 m f0040261   00000053  vse8.v v3, (s1)
#2651 0 8000007e 70040917 r 12         f004007e  auipc    s2, 0x70040
#2652 0 80000082 1d490913 r 12         f0040252  addi     s2, s2, 468
#2653 0 80000086     4291 r 05         00000004  c.li     t0, 0x4
#2654 0 80000088 0002f2d7 r 05         00000004  vsetvli t0, t0, e8,m1,tu,mu  +
#2654 0 80000088 0002f2d7 c 0c20       00000004  vsetvli t0, t0, e8,m1,tu,mu  +
#2654 0 80000088 0002f2d7 c 0c21       00000000  vsetvli t0, t0, e8,m1,tu,mu
#2655 0 8000008c     4f91 r 1f         00000004  c.li     t6, 0x4
#2656 0 8000008e 70040997 r 13         f004008e  auipc    s3, 0x70040
#2657 0 80000092 28c98993 r 13         f004031a  addi     s3, s3, 652
#2658 0 80000096     4e81 r 1d         00000000  c.li     t4, 0x0
#2659 0 80000098 5e0ec157 v 02 0000000000000000000000000000000001beb8855035b1d9c06363c800000000 vmv.v.x v2, t4
#2660 0 8000009c 5e0ec2d7 v 05 0000000000000000000000000000000000000000000000000000000000000000 vmv.v.x v5, t4
#2661 0 800000a0 5e0ec557 v 0a 0000000000000000000000000000000000000000000000000000000000000000 vmv.v.x v10, t4
#2662 0 800000a4 5e0ec757 v 0e 0000000000000000000000000000000000000000000000000000000000000000 vmv.v.x v14, t4
#2663 0 800000a8 5e0ec957 v 12 0000000000000000000000000000000000000000000000000000000000000000 vmv.v.x v18, t4
#2664 0 800000ac 5e0ecb57 v 16 0000000000000000000000000000000000000000000000000000000000000000 vmv.v.x v22, t4
#2665 0 800000b0 5e0ec0d7 v 01 000000000000000000000000000000000b06010c07020d08030e090400000000 vmv.v.x v1, t4
#2666 0 800000b4 02090307 v 06 000000000000000000000000000000000000000000000000000000007c96fbe1 vle8.v v6, (s2)
#2667 0 800000b8 08000393 r 07         00000080  addi     t2, zero, 128
#2668 0 800000bc 5e03c0d7 v 01 000000000000000000000000000000000b06010c07020d08030e090480808080 vmv.v.x v1, t2
#2669 0 800000c0 26608757 v 0e 0000000000000000000000000000000000000000000000000000000000808080 vand.vv v14, v6, v1
#2670 0 800000c4 66e03057 v 00 0000000000000000000000000000000000ad0bdb3b2571b67f5b52a841a544e7 vmsne.vi v0, v14, 0
#2671 0 800000c8 9660b557 v 0a 00000000000000000000000000000000000000000000000000000000f82cf6c2 vsll.vi v10, v6, 1
#2672 0 800000cc     4e6d r 1c         0000001b  c.li     t3, 0x1b
#2673 0 800000ce 5e0e4157 v 02 0000000000000000000000000000000001beb8855035b1d9c06363c81b1b1b1b vmv.v.x v2, t3
#2674 0 800000d2 2ca10557 v 0a 00000000000000000000000000000000000000000000000000000000f837edd9 vxor.vv v10, v10, v2, v0.t
#2675 0 800000d6 2ea30957 v 12 0000000000000000000000000000000000000000000000000000000084a11638 vxor.vv v18, v10, v6
#2676 0 800000da 70040397 r 07         f00400da  auipc    t2, 0x70040
#2677 0 800000de 21838393 r 07         f00402f2  addi     t2, t2, 536
#2678 0 800000e2 02038007 v 00 0000000000000000000000000000000000ad0bdb3b2571b67f5b52a800000001 vle8.v v0, (t2)
#2679 0 800000e6     4e81 r 1d         00000000  c.li     t4, 0x0
#2680 0 800000e8 5e0ec1d7 v 03 0000000000000000000000000000000053fb4f97bad26c359baec8e800000000 vmv.v.x v3, t4
#2681 0 800000ec 5e0ec157 v 02 0000000000000000000000000000000001beb8855035b1d9c06363c800000000 vmv.v.x v2, t4
#2682 0 800000f0 28a18157 v 02 0000000000000000000000000000000001beb8855035b1d9c06363c8000000d9 vor.vv v2, v10, v3, v0.t
#2683 0 800000f4 70040397 r 07         f00400f4  auipc    t2, 0x70040
#2684 0 800000f8 20238393 r 07         f00402f6  addi     t2, t2, 514
#2685 0 800000fc 02038007 v 00 0000000000000000000000000000000000ad0bdb3b2571b67f5b52a800000002 vle8.v v0, (t2)
#2686 0 80000100     4e81 r 1d         00000000  c.li     t4, 0x0
#2687 0 80000102 5e0ec1d7 v 03 0000000000000000000000000000000053fb4f97bad26c359baec8e800000000 vmv.v.x v3, t4
#2688 0 80000106 29218157 v 02 0000000000000000000000000000000001beb8855035b1d9c06363c8000016d9 vor.vv v2, v18, v3, v0.t
#2689 0 8000010a 70040397 r 07         f004010a  auipc    t2, 0x70040
#2690 0 8000010e 1f038393 r 07         f00402fa  addi     t2, t2, 496
#2691 0 80000112 02038007 v 00 0000000000000000000000000000000000ad0bdb3b2571b67f5b52a800000004 vle8.v v0, (t2)
#2692 0 80000116     4e81 r 1d         00000000  c.li     t4, 0x0
#2693 0 80000118 5e0ec1d7 v 03 0000000000000000000000000000000053fb4f97bad26c359baec8e800000000 vmv.v.x v3, t4
#2694 0 8000011c 28618157 v 02 0000000000000000000000000000000001beb8855035b1d9c06363c8009616d9 vor.vv v2, v6, v3, v0.t
#2695 0 80000120 70040397 r 07         f0040120  auipc    t2, 0x70040
#2696 0 80000124 1de38393 r 07         f00402fe  addi     t2, t2, 478
#2697 0 80000128 02038007 v 00 0000000000000000000000000000000000ad0bdb3b2571b67f5b52a800000008 vle8.v v0, (t2)
#2698 0 8000012c     4e81 r 1d         00000000  c.li     t4, 0x0
#2699 0 8000012e 5e0ec1d7 v 03 0000000000000000000000000000000053fb4f97bad26c359baec8e800000000 vmv.v.x v3, t4
#2700 0 80000132 28618157 v 02 0000000000000000000000000000000001beb8855035b1d9c06363c87c9616d9 vor.vv v2, v6, v3, v0.t
#2701 0 80000136 70040397 r 07         f0040136  auipc    t2, 0x70040
#2702 0 8000013a 1bc38393 r 07         f00402f2  addi     t2, t2, 444
#2703 0 8000013e 02038007 v 00 0000000000000000000000000000000000ad0bdb3b2571b67f5b52a800000001 vle8.v v0, (t2)
#2704 0 80000142 0e21a257 v 04 0000000000000000000000000000000000000000000000000000000000000025 vredxor.vs v4, v2, v3
#2705 0 80000146 284182d7 v 05 0000000000000000000000000000000000000000000000000000000000000025 vor.vv v5, v4, v3, v0.t
#2706 0 8000014a 70040397 r 07         f004014a  auipc    t2, 0x70040
#2707 0 8000014e 1a838393 r 07         f00402f2  addi     t2, t2, 424
#2708 0 80000152 02038007 v 00 0000000000000000000000000000000000ad0bdb3b2571b67f5b52a800000001 vle8.v v0, (t2)
#2709 0 80000156     4e81 r 1d         00000000  c.li     t4, 0x0
#2710 0 80000158 5e0ec157 v 02 0000000000000000000000000000000001beb8855035b1d9c06363c800000000 vmv.v.x v2, t4
#2711 0 8000015c 28610157 v 02 0000000000000000000000000000000001beb8855035b1d9c06363c8000000e1 vor.vv v2, v6, v2, v0.t
#2712 0 80000160 70040397 r 07         f0040160  auipc    t2, 0x70040
#2713 0 80000164 19638393 r 07         f00402f6  addi     t2, t2, 406
#2714 0 80000168 02038007 v 00 0000000000000000000000000000000000ad0bdb3b2571b67f5b52a800000002 vle8.v v0, (t2)
#2715 0 8000016c     4e81 r 1d         00000000  c.li     t4, 0x0
#2716 0 8000016e 5e0ec1d7 v 03 0000000000000000000000000000000053fb4f97bad26c359baec8e800000000 vmv.v.x v3, t4
#2717 0 80000172 28a18157 v 02 0000000000000000000000000000000001beb8855035b1d9c06363c80000ede1 vor.vv v2, v10, v3, v0.t
#2718 0 80000176 70040397 r 07         f0040176  auipc    t2, 0x70040
#2719 0 8000017a 18438393 r 07         f00402fa  addi     t2, t2, 388
#2720 0 8000017e 02038007 v 00 0000000000000000000000000000000000ad0bdb3b2571b67f5b52a800000004 vle8.v v0, (t2)
#2721 0 80000182     4e81 r 1d         00000000  c.li     t4, 0x0
#2722 0 80000184 5e0ec1d7 v 03 0000000000000000000000000000000053fb4f97bad26c359baec8e800000000 vmv.v.x v3, t4
#2723 0 80000188 29218157 v 02 0000000000000000000000000000000001beb8855035b1d9c06363c800a1ede1 vor.vv v2, v18, v3, v0.t
#2724 0 8000018c 70040397 r 07         f004018c  auipc    t2, 0x70040
#2725 0 80000190 17238393 r 07         f00402fe  addi     t2, t2, 370
#2726 0 80000194 02038007 v 00 0000000000000000000000000000000000ad0bdb3b2571b67f5b52a800000008 vle8.v v0, (t2)
#2727 0 80000198     4e81 r 1d         00000000  c.li     t4, 0x0
#2728 0 8000019a 5e0ec1d7 v 03 0000000000000000000000000000000053fb4f97bad26c359baec8e800000000 vmv.v.x v3, t4
#2729 0 8000019e 28618157 v 02 0000000000000000000000000000000001beb8855035b1d9c06363c87ca1ede1 vor.vv v2, v6, v3, v0.t
#2730 0 800001a2 70040397 r 07         f00401a2  auipc    t2, 0x70040
#2731 0 800001a6 15438393 r 07         f00402f6  addi     t2, t2, 340
#2732 0 800001aa 02038007 v 00 0000000000000000000000000000000000ad0bdb3b2571b67f5b52a800000002 vle8.v v0, (t2)
#2733 0 800001ae 0e21a257 v 04 00000000000000000000000000000000000000000000000000000000000000d1 vredxor.vs v4, v2, v3
#2734 0 800001b2 3a40bb57 v 16 000000000000000000000000000000000000000000000000000000000000d100 vslideup.vi v22, v4, 1
#2735 0 800001b6 296182d7 v 05 000000000000000000000000000000000000000000000000000000000000d125 vor.vv v5, v22, v3, v0.t
#2736 0 800001ba 70040397 r 07         f00401ba  auipc    t2, 0x70040
#2737 0 800001be 13838393 r 07         f00402f2  addi     t2, t2, 312
#2738 0 800001c2 02038007 v 00 0000000000000000000000000000000000ad0bdb3b2571b67f5b52a800000001 vle8.v v0, (t2)
#2739 0 800001c6     4e81 r 1d         00000000  c.li     t4, 0x0
#2740 0 800001c8 5e0ec157 v 02 0000000000000000000000000000000001beb8855035b1d9c06363c800000000 vmv.v.x v2, t4
#2741 0 800001cc 28610157 v 02 0000000000000000000000000000000001beb8855035b1d9c06363c8000000e1 vor.vv v2, v6, v2, v0.t
#2742 0 800001d0 70040397 r 07         f00401d0  auipc    t2, 0x70040
#2743 0 800001d4 12638393 r 07         f00402f6  addi     t2, t2, 294
#2744 0 800001d8 02038007 v 00 0000000000000000000000000000000000ad0bdb3b2571b67f5b52a800000002 vle8.v v0, (t2)
#2745 0 800001dc     4e81 r 1d         00000000  c.li     t4, 0x0
#2746 0 800001de 5e0ec1d7 v 03 0000000000000000000000000000000053fb4f97bad26c359baec8e800000000 vmv.v.x v3, t4
#2747 0 800001e2 28618157 v 02 0000000000000000000000000000000001beb8855035b1d9c06363c80000fbe1 vor.vv v2, v6, v3, v0.t
#2748 0 800001e6 70040397 r 07         f00401e6  auipc    t2, 0x70040
#2749 0 800001ea 11438393 r 07         f00402fa  addi     t2, t2, 276
#2750 0 800001ee 02038007 v 00 0000000000000000000000000000000000ad0bdb3b2571b67f5b52a800000004 vle8.v v0, (t2)
#2751 0 800001f2     4e81 r 1d         00000000  c.li     t4, 0x0
#2752 0 800001f4 5e0ec1d7 v 03 0000000000000000000000000000000053fb4f97bad26c359baec8e800000000 vmv.v.x v3, t4
#2753 0 800001f8 28a18157 v 02 0000000000000000000000000000000001beb8855035b1d9c06363c80037fbe1 vor.vv v2, v10, v3, v0.t
#2754 0 800001fc 70040397 r 07         f00401fc  auipc    t2, 0x70040
#2755 0 80000200 10238393 r 07         f00402fe  addi     t2, t2, 258
#2756 0 80000204 02038007 v 00 0000000000000000000000000000000000ad0bdb3b2571b67f5b52a800000008 vle8.v v0, (t2)
#2757 0 80000208     4e81 r 1d         00000000  c.li     t4, 0x0
#2758 0 8000020a 5e0ec1d7 v 03 0000000000000000000000000000000053fb4f97bad26c359baec8e800000000 vmv.v.x v3, t4
#2759 0 8000020e 29218157 v 02 0000000000000000000000000000000001beb8855035b1d9c06363c88437fbe1 vor.vv v2, v18, v3, v0.t
#2760 0 80000212 70040397 r 07         f0040212  auipc    t2, 0x70040
#2761 0 80000216 0e838393 r 07         f00402fa  addi     t2, t2, 232
#2762 0 8000021a 02038007 v 00 0000000000000000000000000000000000ad0bdb3b2571b67f5b52a800000004 vle8.v v0, (t2)
#2763 0 8000021e 0e21a257 v 04 00000000000000000000000000000000000000000000000000000000000000a9 vredxor.vs v4, v2, v3
#2764 0 80000222 3a413b57 v 16 0000000000000000000000000000000000000000000000000000000000a9d100 vslideup.vi v22, v4, 2
#2765 0 80000226 296182d7 v 05 0000000000000000000000000000000000000000000000000000000000a9d125 vor.vv v5, v22, v3, v0.t
#2766 0 8000022a 70040397 r 07         f004022a  auipc    t2, 0x70040
#2767 0 8000022e 0c838393 r 07         f00402f2  addi     t2, t2, 200
#2768 0 80000232 02038007 v 00 0000000000000000000000000000000000ad0bdb3b2571b67f5b52a800000001 vle8.v v0, (t2)
#2769 0 80000236     4e81 r 1d         00000000  c.li     t4, 0x0
#2770 0 80000238 5e0ec157 v 02 0000000000000000000000000000000001beb8855035b1d9c06363c800000000 vmv.v.x v2, t4
#2771 0 8000023c 29210157 v 02 0000000000000000000000000000000001beb8855035b1d9c06363c800000038 vor.vv v2, v18, v2, v0.t
#2772 0 80000240 70040397 r 07         f0040240  auipc    t2, 0x70040
#2773 0 80000244 0b638393 r 07         f00402f6  addi     t2, t2, 182
#2774 0 80000248 02038007 v 00 0000000000000000000000000000000000ad0bdb3b2571b67f5b52a800000002 vle8.v v0, (t2)
#2775 0 8000024c     4e81 r 1d         00000000  c.li     t4, 0x0
#2776 0 8000024e 5e0ec1d7 v 03 0000000000000000000000000000000053fb4f97bad26c359baec8e800000000 vmv.v.x v3, t4
#2777 0 80000252 28618157 v 02 0000000000000000000000000000000001beb8855035b1d9c06363c80000fb38 vor.vv v2, v6, v3, v0.t
#2778 0 80000256 70040397 r 07         f0040256  auipc    t2, 0x70040
#2779 0 8000025a 0a438393 r 07         f00402fa  addi     t2, t2, 164
#2780 0 8000025e 02038007 v 00 0000000000000000000000000000000000ad0bdb3b2571b67f5b52a800000004 vle8.v v0, (t2)
#2781 0 80000262     4e81 r 1d         00000000  c.li     t4, 0x0
#2782 0 80000264 5e0ec1d7 v 03 0000000000000000000000000000000053fb4f97bad26c359baec8e800000000 vmv.v.x v3, t4
#2783 0 80000268 28618157 v 02 0000000000000000000000000000000001beb8855035b1d9c06363c80096fb38 vor.vv v2, v6, v3, v0.t
#2784 0 8000026c 70040397 r 07         f004026c  auipc    t2, 0x70040
#2785 0 80000270 09238393 r 07         f00402fe  addi     t2, t2, 146
#2786 0 80000274 02038007 v 00 0000000000000000000000000000000000ad0bdb3b2571b67f5b52a800000008 vle8.v v0, (t2)
#2787 0 80000278     4e81 r 1d         00000000  c.li     t4, 0x0
#2788 0 8000027a 5e0ec1d7 v 03 0000000000000000000000000000000053fb4f97bad26c359baec8e800000000 vmv.v.x v3, t4
#2789 0 8000027e 28a18157 v 02 0000000000000000000000000000000001beb8855035b1d9c06363c8f896fb38 vor.vv v2, v10, v3, v0.t
#2790 0 80000282 0e21a257 v 04 00000000000000000000000000000000000000000000000000000000000000ad vredxor.vs v4, v2, v3
#2791 0 80000286 3a41bb57 v 16 00000000000000000000000000000000000000000000000000000000ada9d100 vslideup.vi v22, v4, 3
#2792 0 8000028a 296182d7 v 05 00000000000000000000000000000000000000000000000000000000ada9d125 vor.vv v5, v22, v3, v0.t
#2793 0 8000028e 020902a7 m f0040255   000000ad  vse8.v v5, (s2)
#2794 0 80000292     0911 r 12         f0040256  c.addi   s2, 0x4
#2795 0 80000294     0991 r 13         f004031e  c.addi   s3, 0x4
#2796 0 80000296     1ffd r 1f         00000003  c.addi   t6, -0x1
#2797 0 80000298 de0f9fe3 r 00         00000000  bne      t6, zero, . - 0x202
#2798 0 80000096     4e81 r 1d         00000000  c.li     t4, 0x0
#2799 0 80000098 5e0ec157 v 02 0000000000000000000000000000000001beb8855035b1d9c06363c800000000 vmv.v.x v2, t4
#2800 0 8000009c 5e0ec2d7 v 05 0000000000000000000000000000000000000000000000000000000000000000 vmv.v.x v5, t4
#2801 0 800000a0 5e0ec557 v 0a 0000000000000000000000000000000000000000000000000000000000000000 vmv.v.x v10, t4
#2802 0 800000a4 5e0ec757 v 0e 0000000000000000000000000000000000000000000000000000000000000000 vmv.v.x v14, t4
#2803 0 800000a8 5e0ec957 v 12 0000000000000000000000000000000000000000000000000000000000000000 vmv.v.x v18, t4
#2804 0 800000ac 5e0ecb57 v 16 0000000000000000000000000000000000000000000000000000000000000000 vmv.v.x v22, t4
#2805 0 800000b0 5e0ec0d7 v 01 000000000000000000000000000000000b06010c07020d08030e090400000000 vmv.v.x v1, t4
#2806 0 800000b4 02090307 v 06 000000000000000000000000000000000000000000000000000000009baec8e8 vle8.v v6, (s2)
#2807 0 800000b8 08000393 r 07         00000080  addi     t2, zero, 128
#2808 0 800000bc 5e03c0d7 v 01 000000000000000000000000000000000b06010c07020d08030e090480808080 vmv.v.x v1, t2
#2809 0 800000c0 26608757 v 0e 0000000000000000000000000000000000000000000000000000000080808080 vand.vv v14, v6, v1
#2810 0 800000c4 66e03057 v 00 0000000000000000000000000000000000ad0bdb3b2571b67f5b52a80000000f vmsne.vi v0, v14, 0
#2811 0 800000c8 9660b557 v 0a 00000000000000000000000000000000000000000000000000000000365c90d0 vsll.vi v10, v6, 1
#2812 0 800000cc     4e6d r 1c         0000001b  c.li     t3, 0x1b
#2813 0 800000ce 5e0e4157 v 02 0000000000000000000000000000000001beb8855035b1d9c06363c81b1b1b1b vmv.v.x v2, t3
#2814 0 800000d2 2ca10557 v 0a 000000000000000000000000000000000000000000000000000000002d478bcb vxor.vv v10, v10, v2, v0.t
#2815 0 800000d6 2ea30957 v 12 00000000000000000000000000000000000000000000000000000000b6e94323 vxor.vv v18, v10, v6
#2816 0 800000da 70040397 r 07         f00400da  auipc    t2, 0x70040
#2817 0 800000de 21838393 r 07         f00402f2  addi     t2, t2, 536
#2818 0 800000e2 02038007 v 00 0000000000000000000000000000000000ad0bdb3b2571b67f5b52a800000001 vle8.v v0, (t2)
#2819 0 800000e6     4e81 r 1d         00000000  c.li     t4, 0x0
#2820 0 800000e8 5e0ec1d7 v 03 0000000000000000000000000000000053fb4f97bad26c359baec8e800000000 vmv.v.x v3, t4
#2821 0 800000ec 5e0ec157 v 02 0000000000000000000000000000000001beb8855035b1d9c06363c800000000 vmv.v.x v2, t4
#2822 0 800000f0 28a18157 v 02 0000000000000000000000000000000001beb8855035b1d9c06363c8000000cb vor.vv v2, v10, v3, v0.t
#2823 0 800000f4 70040397 r 07         f00400f4  auipc    t2, 0x70040
#2824 0 800000f8 20238393 r 07         f00402f6  addi     t2, t2, 514
#2825 0 800000fc 02038007 v 00 0000000000000000000000000000000000ad0bdb3b2571b67f5b52a800000002 vle8.v v0, (t2)
#2826 0 80000100     4e81 r 1d         00000000  c.li     t4, 0x0
#2827 0 80000102 5e0ec1d7 v 03 0000000000000000000000000000000053fb4f97bad26c359baec8e800000000 vmv.v.x v3, t4
#2828 0 80000106 29218157 v 02 0000000000000000000000000000000001beb8855035b1d9c06363c8000043cb vor.vv v2, v18, v3, v0.t
#2829 0 8000010a 70040397 r 07         f004010a  auipc    t2, 0x70040
#2830 0 8000010e 1f038393 r 07         f00402fa  addi     t2, t2, 496
#2831 0 80000112 02038007 v 00 0000000000000000000000000000000000ad0bdb3b2571b67f5b52a800000004 vle8.v v0, (t2)
#2832 0 80000116     4e81 r 1d         00000000  c.li     t4, 0x0
#2833 0 80000118 5e0ec1d7 v 03 0000000000000000000000000000000053fb4f97bad26c359baec8e800000000 vmv.v.x v3, t4
#2834 0 8000011c 28618157 v 02 0000000000000000000000000000000001beb8855035b1d9c06363c800ae43cb vor.vv v2, v6, v3, v0.t
#2835 0 80000120 70040397 r 07         f0040120  auipc    t2, 0x70040
#2836 0 80000124 1de38393 r 07         f00402fe  addi     t2, t2, 478
#2837 0 80000128 02038007 v 00 0000000000000000000000000000000000ad0bdb3b2571b67f5b52a800000008 vle8.v v0, (t2)
#2838 0 8000012c     4e81 r 1d         00000000  c.li     t4, 0x0
#2839 0 8000012e 5e0ec1d7 v 03 0000000000000000000000000000000053fb4f97bad26c359baec8e800000000 vmv.v.x v3, t4
#2840 0 80000132 28618157 v 02 0000000000000000000000000000000001beb8855035b1d9c06363c89bae43cb vor.vv v2, v6, v3, v0.t
#2841 0 80000136 70040397 r 07         f0040136  auipc    t2, 0x70040
#2842 0 8000013a 1bc38393 r 07         f00402f2  addi     t2, t2, 444
#2843 0 8000013e 02038007 v 00 0000000000000000000000000000000000ad0bdb3b2571b67f5b52a800000001 vle8.v v0, (t2)
#2844 0 80000142 0e21a257 v 04 00000000000000000000000000000000000000000000000000000000000000bd vredxor.vs v4, v2, v3
#2845 0 80000146 284182d7 v 05 00000000000000000000000000000000000000000000000000000000000000bd vor.vv v5, v4, v3, v0.t
#2846 0 8000014a 70040397 r 07         f004014a  auipc    t2, 0x70040
#2847 0 8000014e 1a838393 r 07         f00402f2  addi     t2, t2, 424
#2848 0 80000152 02038007 v 00 0000000000000000000000000000000000ad0bdb3b2571b67f5b52a800000001 vle8.v v0, (t2)
#2849 0 80000156     4e81 r 1d         00000000  c.li     t4, 0x0
#2850 0 80000158 5e0ec157 v 02 0000000000000000000000000000000001beb8855035b1d9c06363c800000000 vmv.v.x v2, t4
#2851 0 8000015c 28610157 v 02 0000000000000000000000000000000001beb8855035b1d9c06363c8000000e8 vor.vv v2, v6, v2, v0.t
#2852 0 80000160 70040397 r 07         f0040160  auipc    t2, 0x70040
#2853 0 80000164 19638393 r 07         f00402f6  addi     t2, t2, 406
#2854 0 80000168 02038007 v 00 0000000000000000000000000000000000ad0bdb3b2571b67f5b52a800000002 vle8.v v0, (t2)
#2855 0 8000016c     4e81 r 1d         00000000  c.li     t4, 0x0
#2856 0 8000016e 5e0ec1d7 v 03 0000000000000000000000000000000053fb4f97bad26c359baec8e800000000 vmv.v.x v3, t4
#2857 0 80000172 28a18157 v 02 0000000000000000000000000000000001beb8855035b1d9c06363c800008be8 vor.vv v2, v10, v3, v0.t
#2858 0 80000176 70040397 r 07         f0040176  auipc    t2, 0x70040
#2859 0 8000017a 18438393 r 07         f00402fa  addi     t2, t2, 388
#2860 0 8000017e 02038007 v 00 0000000000000000000000000000000000ad0bdb3b2571b67f5b52a800000004 vle8.v v0, (t2)
#2861 0 80000182     4e81 r 1d         00000000  c.li     t4, 0x0
#2862 0 80000184 5e0ec1d7 v 03 0000000000000000000000000000000053fb4f97bad26c359baec8e800000000 vmv.v.x v3, t4
#2863 0 80000188 29218157 v 02 0000000000000000000000000000000001beb8855035b1d9c06363c800e98be8 vor.vv v2, v18, v3, v0.t
#2864 0 8000018c 70040397 r 07         f004018c  auipc    t2, 0x70040
#2865 0 80000190 17238393 r 07         f00402fe  addi     t2, t2, 370
#2866 0 80000194 02038007 v 00 0000000000000000000000000000000000ad0bdb3b2571b67f5b52a800000008 vle8.v v0, (t2)
#2867 0 80000198     4e81 r 1d         00000000  c.li     t4, 0x0
#2868 0 8000019a 5e0ec1d7 v 03 0000000000000000000000000000000053fb4f97bad26c359baec8e800000000 vmv.v.x v3, t4
#2869 0 8000019e 28618157 v 02 0000000000000000000000000000000001beb8855035b1d9c06363c89be98be8 vor.vv v2, v6, v3, v0.t
#2870 0 800001a2 70040397 r 07         f00401a2  auipc    t2, 0x70040
#2871 0 800001a6 15438393 r 07         f00402f6  addi     t2, t2, 340
#2872 0 800001aa 02038007 v 00 0000000000000000000000000000000000ad0bdb3b2571b67f5b52a800000002 vle8.v v0, (t2)
#2873 0 800001ae 0e21a257 v 04 0000000000000000000000000000000000000000000000000000000000000011 vredxor.vs v4, v2, v3
#2874 0 800001b2 3a40bb57 v 16 0000000000000000000000000000000000000000000000000000000000001100 vslideup.vi v22, v4, 1
#2875 0 800001b6 296182d7 v 05 00000000000000000000000000000000000000000000000000000000000011bd vor.vv v5, v22, v3, v0.t
#2876 0 800001ba 70040397 r 07         f00401ba  auipc    t2, 0x70040
#2877 0 800001be 13838393 r 07         f00402f2  addi     t2, t2, 312
#2878 0 800001c2 02038007 v 00 0000000000000000000000000000000000ad0bdb3b2571b67f5b52a800000001 vle8.v v0, (t2)
#2879 0 800001c6     4e81 r 1d         00000000  c.li     t4, 0x0
#2880 0 800001c8 5e0ec157 v 02 0000000000000000000000000000000001beb8855035b1d9c06363c800000000 vmv.v.x v2, t4
#2881 0 800001cc 28610157 v 02 0000000000000000000000000000000001beb8855035b1d9c06363c8000000e8 vor.vv v2, v6, v2, v0.t
#2882 0 800001d0 70040397 r 07         f00401d0  auipc    t2, 0x70040
#2883 0 800001d4 12638393 r 07         f00402f6  addi     t2, t2, 294
#2884 0 800001d8 02038007 v 00 0000000000000000000000000000000000ad0bdb3b2571b67f5b52a800000002 vle8.v v0, (t2)
#2885 0 800001dc     4e81 r 1d         00000000  c.li     t4, 0x0
#2886 0 800001de 5e0ec1d7 v 03 0000000000000000000000000000000053fb4f97bad26c359baec8e800000000 vmv.v.x v3, t4
#2887 0 800001e2 28618157 v 02 0000000000000000000000000000000001beb8855035b1d9c06363c80000c8e8 vor.vv v2, v6, v3, v0.t
#2888 0 800001e6 70040397 r 07         f00401e6  auipc    t2, 0x70040
#2889 0 800001ea 11438393 r 07         f00402fa  addi     t2, t2, 276
#2890 0 800001ee 02038007 v 00 0000000000000000000000000000000000ad0bdb3b2571b67f5b52a800000004 vle8.v v0, (t2)
#2891 0 800001f2     4e81 r 1d         00000000  c.li     t4, 0x0
#2892 0 800001f4 5e0ec1d7 v 03 0000000000000000000000000000000053fb4f97bad26c359baec8e800000000 vmv.v.x v3, t4
#2893 0 800001f8 28a18157 v 02 0000000000000000000000000000000001beb8855035b1d9c06363c80047c8e8 vor.vv v2, v10, v3, v0.t
#2894 0 800001fc 70040397 r 07         f00401fc  auipc    t2, 0x70040
#2895 0 80000200 10238393 r 07         f00402fe  addi     t2, t2, 258
#2896 0 80000204 02038007 v 00 0000000000000000000000000000000000ad0bdb3b2571b67f5b52a800000008 vle8.v v0, (t2)
#2897 0 80000208     4e81 r 1d         00000000  c.li     t4, 0x0
#2898 0 8000020a 5e0ec1d7 v 03 0000000000000000000000000000000053fb4f97bad26c359baec8e800000000 vmv.v.x v3, t4
#2899 0 8000020e 29218157 v 02 0000000000000000000000000000000001beb8855035b1d9c06363c8b647c8e8 vor.vv v2, v18, v3, v0.t
#2900 0 80000212 70040397 r 07         f0040212  auipc    t2, 0x70040
#2901 0 80000216 0e838393 r 07         f00402fa  addi     t2, t2, 232
#2902 0 8000021a 02038007 v 00 0000000000000000000000000000000000ad0bdb3b2571b67f5b52a800000004 vle8.v v0, (t2)
#2903 0 8000021e 0e21a257 v 04 00000000000000000000000000000000000000000000000000000000000000d1 vredxor.vs v4, v2, v3
#2904 0 80000222 3a413b57 v 16 0000000000000000000000000000000000000000000000000000000000d11100 vslideup.vi v22, v4, 2
#2905 0 80000226 296182d7 v 05 0000000000000000000000000000000000000000000000000000000000d111bd vor.vv v5, v22, v3, v0.t
#2906 0 8000022a 70040397 r 07         f004022a  auipc    t2, 0x70040
#2907 0 8000022e 0c838393 r 07         f00402f2  addi     t2, t2, 200
#2908 0 80000232 02038007 v 00 0000000000000000000000000000000000ad0bdb3b2571b67f5b52a800000001 vle8.v v0, (t2)
#2909 0 80000236     4e81 r 1d         00000000  c.li     t4, 0x0
#2910 0 80000238 5e0ec157 v 02 0000000000000000000000000000000001beb8855035b1d9c06363c800000000 vmv.v.x v2, t4
#2911 0 8000023c 29210157 v 02 0000000000000000000000000000000001beb8855035b1d9c06363c800000023 vor.vv v2, v18, v2, v0.t
#2912 0 80000240 70040397 r 07         f0040240  auipc    t2, 0x70040
#2913 0 80000244 0b638393 r 07         f00402f6  addi     t2, t2, 182
#2914 0 80000248 02038007 v 00 0000000000000000000000000000000000ad0bdb3b2571b67f5b52a800000002 vle8.v v0, (t2)
#2915 0 8000024c     4e81 r 1d         00000000  c.li     t4, 0x0
#2916 0 8000024e 5e0ec1d7 v 03 0000000000000000000000000000000053fb4f97bad26c359baec8e800000000 vmv.v.x v3, t4
#2917 0 80000252 28618157 v 02 0000000000000000000000000000000001beb8855035b1d9c06363c80000c823 vor.vv v2, v6, v3, v0.t
#2918 0 80000256 70040397 r 07         f0040256  auipc    t2, 0x70040
#2919 0 8000025a 0a438393 r 07         f00402fa  addi     t2, t2, 164
#2920 0 8000025e 02038007 v 00 0000000000000000000000000000000000ad0bdb3b2571b67f5b52a800000004 vle8.v v0, (t2)
#2921 0 80000262     4e81 r 1d         00000000  c.li     t4, 0x0
#2922 0 80000264 5e0ec1d7 v 03 0000000000000000000000000000000053fb4f97bad26c359baec8e800000000 vmv.v.x v3, t4
#2923 0 80000268 28618157 v 02 0000000000000000000000000000000001beb8855035b1d9c06363c800aec823 vor.vv v2, v6, v3, v0.t
#2924 0 8000026c 70040397 r 07         f004026c  auipc    t2, 0x70040
#2925 0 80000270 09238393 r 07         f00402fe  addi     t2, t2, 146
#2926 0 80000274 02038007 v 00 0000000000000000000000000000000000ad0bdb3b2571b67f5b52a800000008 vle8.v v0, (t2)
#2927 0 80000278     4e81 r 1d         00000000  c.li     t4, 0x0
#2928 0 8000027a 5e0ec1d7 v 03 0000000000000000000000000000000053fb4f97bad26c359baec8e800000000 vmv.v.x v3, t4
#2929 0 8000027e 28a18157 v 02 0000000000000000000000000000000001beb8855035b1d9c06363c82daec823 vor.vv v2, v10, v3, v0.t
#2930 0 80000282 0e21a257 v 04 0000000000000000000000000000000000000000000000000000000000000068 vredxor.vs v4, v2, v3
#2931 0 80000286 3a41bb57 v 16 0000000000000000000000000000000000000000000000000000000068d11100 vslideup.vi v22, v4, 3
#2932 0 8000028a 296182d7 v 05 0000000000000000000000000000000000000000000000000000000068d111bd vor.vv v5, v22, v3, v0.t
#2933 0 8000028e 020902a7 m f0040259   00000068  vse8.v v5, (s2)
#2934 0 80000292     0911 r 12         f004025a  c.addi   s2, 0x4
#2935 0 80000294     0991 r 13         f0040322  c.addi   s3, 0x4
#2936 0 80000296     1ffd r 1f         00000002  c.addi   t6, -0x1
#2937 0 80000298 de0f9fe3 r 00         00000000  bne      t6, zero, . - 0x202
#2938 0 80000096     4e81 r 1d         00000000  c.li     t4, 0x0
#2939 0 80000098 5e0ec157 v 02 0000000000000000000000000000000001beb8855035b1d9c06363c800000000 vmv.v.x v2, t4
#2940 0 8000009c 5e0ec2d7 v 05 0000000000000000000000000000000000000000000000000000000000000000 vmv.v.x v5, t4
#2941 0 800000a0 5e0ec557 v 0a 0000000000000000000000000000000000000000000000000000000000000000 vmv.v.x v10, t4
#2942 0 800000a4 5e0ec757 v 0e 0000000000000000000000000000000000000000000000000000000000000000 vmv.v.x v14, t4
#2943 0 800000a8 5e0ec957 v 12 0000000000000000000000000000000000000000000000000000000000000000 vmv.v.x v18, t4
#2944 0 800000ac 5e0ecb57 v 16 0000000000000000000000000000000000000000000000000000000000000000 vmv.v.x v22, t4
#2945 0 800000b0 5e0ec0d7 v 01 000000000000000000000000000000000b06010c07020d08030e090400000000 vmv.v.x v1, t4
#2946 0 800000b4 02090307 v 06 00000000000000000000000000000000000000000000000000000000bad26c35 vle8.v v6, (s2)
#2947 0 800000b8 08000393 r 07         00000080  addi     t2, zero, 128
#2948 0 800000bc 5e03c0d7 v 01 000000000000000000000000000000000b06010c07020d08030e090480808080 vmv.v.x v1, t2
#2949 0 800000c0 26608757 v 0e 0000000000000000000000000000000000000000000000000000000080800000 vand.vv v14, v6, v1
#2950 0 800000c4 66e03057 v 00 0000000000000000000000000000000000ad0bdb3b2571b67f5b52a80000000c vmsne.vi v0, v14, 0
#2951 0 800000c8 9660b557 v 0a 0000000000000000000000000000000000000000000000000000000074a4d86a vsll.vi v10, v6, 1
#2952 0 800000cc     4e6d r 1c         0000001b  c.li     t3, 0x1b
#2953 0 800000ce 5e0e4157 v 02 0000000000000000000000000000000001beb8855035b1d9c06363c81b1b1b1b vmv.v.x v2, t3
#2954 0 800000d2 2ca10557 v 0a 000000000000000000000000000000000000000000000000000000006fbfd86a vxor.vv v10, v10, v2, v0.t
#2955 0 800000d6 2ea30957 v 12 00000000000000000000000000000000000000000000000000000000d56db45f vxor.vv v18, v10, v6
#2956 0 800000da 70040397 r 07         f00400da  auipc    t2, 0x70040
#2957 0 800000de 21838393 r 07         f00402f2  addi     t2, t2, 536
#2958 0 800000e2 02038007 v 00 0000000000000000000000000000000000ad0bdb3b2571b67f5b52a800000001 vle8.v v0, (t2)
#2959 0 800000e6     4e81 r 1d         00000000  c.li     t4, 0x0
#2960 0 800000e8 5e0ec1d7 v 03 0000000000000000000000000000000053fb4f97bad26c359baec8e800000000 vmv.v.x v3, t4
#2961 0 800000ec 5e0ec157 v 02 0000000000000000000000000000000001beb8855035b1d9c06363c800000000 vmv.v.x v2, t4
#2962 0 800000f0 28a18157 v 02 0000000000000000000000000000000001beb8855035b1d9c06363c80000006a vor.vv v2, v10, v3, v0.t
#2963 0 800000f4 70040397 r 07         f00400f4  auipc    t2, 0x70040
#2964 0 800000f8 20238393 r 07         f00402f6  addi     t2, t2, 514
#2965 0 800000fc 02038007 v 00 0000000000000000000000000000000000ad0bdb3b2571b67f5b52a800000002 vle8.v v0, (t2)
#2966 0 80000100     4e81 r 1d         00000000  c.li     t4, 0x0
#2967 0 80000102 5e0ec1d7 v 03 0000000000000000000000000000000053fb4f97bad26c359baec8e800000000 vmv.v.x v3, t4
#2968 0 80000106 29218157 v 02 0000000000000000000000000000000001beb8855035b1d9c06363c80000b46a vor.vv v2, v18, v3, v0.t
#2969 0 8000010a 70040397 r 07         f004010a  auipc    t2, 0x70040
#2970 0 8000010e 1f038393 r 07         f00402fa  addi     t2, t2, 496
#2971 0 80000112 02038007 v 00 0000000000000000000000000000000000ad0bdb3b2571b67f5b52a800000004 vle8.v v0, (t2)
#2972 0 80000116     4e81 r 1d         00000000  c.li     t4, 0x0
#2973 0 80000118 5e0ec1d7 v 03 0000000000000000000000000000000053fb4f97bad26c359baec8e800000000 vmv.v.x v3, t4
#2974 0 8000011c 28618157 v 02 0000000000000000000000000000000001beb8855035b1d9c06363c800d2b46a vor.vv v2, v6, v3, v0.t
#2975 0 80000120 70040397 r 07         f0040120  auipc    t2, 0x70040
#2976 0 80000124 1de38393 r 07         f00402fe  addi     t2, t2, 478
#2977 0 80000128 02038007 v 00 0000000000000000000000000000000000ad0bdb3b2571b67f5b52a800000008 vle8.v v0, (t2)
#2978 0 8000012c     4e81 r 1d         00000000  c.li     t4, 0x0
#2979 0 8000012e 5e0ec1d7 v 03 0000000000000000000000000000000053fb4f97bad26c359baec8e800000000 vmv.v.x v3, t4
#2980 0 80000132 28618157 v 02 0000000000000000000000000000000001beb8855035b1d9c06363c8bad2b46a vor.vv v2, v6, v3, v0.t
#2981 0 80000136 70040397 r 07         f0040136  auipc    t2, 0x70040
#2982 0 8000013a 1bc38393 r 07         f00402f2  addi     t2, t2, 444
#2983 0 8000013e 02038007 v 00 0000000000000000000000000000000000ad0bdb3b2571b67f5b52a800000001 vle8.v v0, (t2)
#2984 0 80000142 0e21a257 v 04 00000000000000000000000000000000000000000000000000000000000000b6 vredxor.vs v4, v2, v3
#2985 0 80000146 284182d7 v 05 00000000000000000000000000000000000000000000000000000000000000b6 vor.vv v5, v4, v3, v0.t
#2986 0 8000014a 70040397 r 07         f004014a  auipc    t2, 0x70040
#2987 0 8000014e 1a838393 r 07         f00402f2  addi     t2, t2, 424
#2988 0 80000152 02038007 v 00 0000000000000000000000000000000000ad0bdb3b2571b67f5b52a800000001 vle8.v v0, (t2)
#2989 0 80000156     4e81 r 1d         00000000  c.li     t4, 0x0
#2990 0 80000158 5e0ec157 v 02 0000000000000000000000000000000001beb8855035b1d9c06363c800000000 vmv.v.x v2, t4
#2991 0 8000015c 28610157 v 02 0000000000000000000000000000000001beb8855035b1d9c06363c800000035 vor.vv v2, v6, v2, v0.t
#2992 0 80000160 70040397 r 07         f0040160  auipc    t2, 0x70040
#2993 0 80000164 19638393 r 07         f00402f6  addi     t2, t2, 406
#2994 0 80000168 02038007 v 00 0000000000000000000000000000000000ad0bdb3b2571b67f5b52a800000002 vle8.v v0, (t2)
#2995 0 8000016c     4e81 r 1d         00000000  c.li     t4, 0x0
#2996 0 8000016e 5e0ec1d7 v 03 0000000000000000000000000000000053fb4f97bad26c359baec8e800000000 vmv.v.x v3, t4
#2997 0 80000172 28a18157 v 02 0000000000000000000000000000000001beb8855035b1d9c06363c80000d835 vor.vv v2, v10, v3, v0.t
#2998 0 80000176 70040397 r 07         f0040176  auipc    t2, 0x70040
#2999 0 8000017a 18438393 r 07         f00402fa  addi     t2, t2, 388
#3000 0 8000017e 02038007 v 00 0000000000000000000000000000000000ad0bdb3b2571b67f5b52a800000004 vle8.v v0, (t2)
#3001 0 80000182     4e81 r 1d         00000000  c.li     t4, 0x0
#3002 0 80000184 5e0ec1d7 v 03 0000000000000000000000000000000053fb4f97bad26c359baec8e800000000 vmv.v.x v3, t4
#3003 0 80000188 29218157 v 02 0000000000000000000000000000000001beb8855035b1d9c06363c8006dd835 vor.vv v2, v18, v3, v0.t
#3004 0 8000018c 70040397 r 07         f004018c  auipc    t2, 0x70040
#3005 0 80000190 17238393 r 07         f00402fe  addi     t2, t2, 370
#3006 0 80000194 02038007 v 00 0000000000000000000000000000000000ad0bdb3b2571b67f5b52a800000008 vle8.v v0, (t2)
#3007 0 80000198     4e81 r 1d         00000000  c.li     t4, 0x0
#3008 0 8000019a 5e0ec1d7 v 03 0000000000000000000000000000000053fb4f97bad26c359baec8e800000000 vmv.v.x v3, t4
#3009 0 8000019e 28618157 v 02 0000000000000000000000000000000001beb8855035b1d9c06363c8ba6dd835 vor.vv v2, v6, v3, v0.t
#3010 0 800001a2 70040397 r 07         f00401a2  auipc    t2, 0x70040
#3011 0 800001a6 15438393 r 07         f00402f6  addi     t2, t2, 340
#3012 0 800001aa 02038007 v 00 0000000000000000000000000000000000ad0bdb3b2571b67f5b52a800000002 vle8.v v0, (t2)
#3013 0 800001ae 0e21a257 v 04 000000000000000000000000000000000000000000000000000000000000003a vredxor.vs v4, v2, v3
#3014 0 800001b2 3a40bb57 v 16 0000000000000000000000000000000000000000000000000000000000003a00 vslideup.vi v22, v4, 1
#3015 0 800001b6 296182d7 v 05 0000000000000000000000000000000000000000000000000000000000003ab6 vor.vv v5, v22, v3, v0.t
#3016 0 800001ba 70040397 r 07         f00401ba  auipc    t2, 0x70040
#3017 0 800001be 13838393 r 07         f00402f2  addi     t2, t2, 312
#3018 0 800001c2 02038007 v 00 0000000000000000000000000000000000ad0bdb3b2571b67f5b52a800000001 vle8.v v0, (t2)
#3019 0 800001c6     4e81 r 1d         00000000  c.li     t4, 0x0
#3020 0 800001c8 5e0ec157 v 02 0000000000000000000000000000000001beb8855035b1d9c06363c800000000 vmv.v.x v2, t4
#3021 0 800001cc 28610157 v 02 0000000000000000000000000000000001beb8855035b1d9c06363c800000035 vor.vv v2, v6, v2, v0.t
#3022 0 800001d0 70040397 r 07         f00401d0  auipc    t2, 0x70040
#3023 0 800001d4 12638393 r 07         f00402f6  addi     t2, t2, 294
#3024 0 800001d8 02038007 v 00 0000000000000000000000000000000000ad0bdb3b2571b67f5b52a800000002 vle8.v v0, (t2)
#3025 0 800001dc     4e81 r 1d         00000000  c.li     t4, 0x0
#3026 0 800001de 5e0ec1d7 v 03 0000000000000000000000000000000053fb4f97bad26c359baec8e800000000 vmv.v.x v3, t4
#3027 0 800001e2 28618157 v 02 0000000000000000000000000000000001beb8855035b1d9c06363c800006c35 vor.vv v2, v6, v3, v0.t
#3028 0 800001e6 70040397 r 07         f00401e6  auipc    t2, 0x70040
#3029 0 800001ea 11438393 r 07         f00402fa  addi     t2, t2, 276
#3030 0 800001ee 02038007 v 00 0000000000000000000000000000000000ad0bdb3b2571b67f5b52a800000004 vle8.v v0, (t2)
#3031 0 800001f2     4e81 r 1d         00000000  c.li     t4, 0x0
#3032 0 800001f4 5e0ec1d7 v 03 0000000000000000000000000000000053fb4f97bad26c359baec8e800000000 vmv.v.x v3, t4
#3033 0 800001f8 28a18157 v 02 0000000000000000000000000000000001beb8855035b1d9c06363c800bf6c35 vor.vv v2, v10, v3, v0.t
#3034 0 800001fc 70040397 r 07         f00401fc  auipc    t2, 0x70040
#3035 0 80000200 10238393 r 07         f00402fe  addi     t2, t2, 258
#3036 0 80000204 02038007 v 00 0000000000000000000000000000000000ad0bdb3b2571b67f5b52a800000008 vle8.v v0, (t2)
#3037 0 80000208     4e81 r 1d         00000000  c.li     t4, 0x0
#3038 0 8000020a 5e0ec1d7 v 03 0000000000000000000000000000000053fb4f97bad26c359baec8e800000000 vmv.v.x v3, t4
#3039 0 8000020e 29218157 v 02 0000000000000000000000000000000001beb8855035b1d9c06363c8d5bf6c35 vor.vv v2, v18, v3, v0.t
#3040 0 80000212 70040397 r 07         f0040212  auipc    t2, 0x70040
#3041 0 80000216 0e838393 r 07         f00402fa  addi     t2, t2, 232
#3042 0 8000021a 02038007 v 00 0000000000000000000000000000000000ad0bdb3b2571b67f5b52a800000004 vle8.v v0, (t2)
#3043 0 8000021e 0e21a257 v 04 0000000000000000000000000000000000000000000000000000000000000033 vredxor.vs v4, v2, v3
#3044 0 80000222 3a413b57 v 16 0000000000000000000000000000000000000000000000000000000000333a00 vslideup.vi v22, v4, 2
#3045 0 80000226 296182d7 v 05 0000000000000000000000000000000000000000000000000000000000333ab6 vor.vv v5, v22, v3, v0.t
#3046 0 8000022a 70040397 r 07         f004022a  auipc    t2, 0x70040
#3047 0 8000022e 0c838393 r 07         f00402f2  addi     t2, t2, 200
#3048 0 80000232 02038007 v 00 0000000000000000000000000000000000ad0bdb3b2571b67f5b52a800000001 vle8.v v0, (t2)
#3049 0 80000236     4e81 r 1d         00000000  c.li     t4, 0x0
#3050 0 80000238 5e0ec157 v 02 0000000000000000000000000000000001beb8855035b1d9c06363c800000000 vmv.v.x v2, t4
#3051 0 8000023c 29210157 v 02 0000000000000000000000000000000001beb8855035b1d9c06363c80000005f vor.vv v2, v18, v2, v0.t
#3052 0 80000240 70040397 r 07         f0040240  auipc    t2, 0x70040
#3053 0 80000244 0b638393 r 07         f00402f6  addi     t2, t2, 182
#3054 0 80000248 02038007 v 00 0000000000000000000000000000000000ad0bdb3b2571b67f5b52a800000002 vle8.v v0, (t2)
#3055 0 8000024c     4e81 r 1d         00000000  c.li     t4, 0x0
#3056 0 8000024e 5e0ec1d7 v 03 0000000000000000000000000000000053fb4f97bad26c359baec8e800000000 vmv.v.x v3, t4
#3057 0 80000252 28618157 v 02 0000000000000000000000000000000001beb8855035b1d9c06363c800006c5f vor.vv v2, v6, v3, v0.t
#3058 0 80000256 70040397 r 07         f0040256  auipc    t2, 0x70040
#3059 0 8000025a 0a438393 r 07         f00402fa  addi     t2, t2, 164
#3060 0 8000025e 02038007 v 00 0000000000000000000000000000000000ad0bdb3b2571b67f5b52a800000004 vle8.v v0, (t2)
#3061 0 80000262     4e81 r 1d         00000000  c.li     t4, 0x0
#3062 0 80000264 5e0ec1d7 v 03 0000000000000000000000000000000053fb4f97bad26c359baec8e800000000 vmv.v.x v3, t4
#3063 0 80000268 28618157 v 02 0000000000000000000000000000000001beb8855035b1d9c06363c800d26c5f vor.vv v2, v6, v3, v0.t
#3064 0 8000026c 70040397 r 07         f004026c  auipc    t2, 0x70040
#3065 0 80000270 09238393 r 07         f00402fe  addi     t2, t2, 146
#3066 0 80000274 02038007 v 00 0000000000000000000000000000000000ad0bdb3b2571b67f5b52a800000008 vle8.v v0, (t2)
#3067 0 80000278     4e81 r 1d         00000000  c.li     t4, 0x0
#3068 0 8000027a 5e0ec1d7 v 03 0000000000000000000000000000000053fb4f97bad26c359baec8e800000000 vmv.v.x v3, t4
#3069 0 8000027e 28a18157 v 02 0000000000000000000000000000000001beb8855035b1d9c06363c86fd26c5f vor.vv v2, v10, v3, v0.t
#3070 0 80000282 0e21a257 v 04 000000000000000000000000000000000000000000000000000000000000008e vredxor.vs v4, v2, v3
#3071 0 80000286 3a41bb57 v 16 000000000000000000000000000000000000000000000000000000008e333a00 vslideup.vi v22, v4, 3
#3072 0 8000028a 296182d7 v 05 000000000000000000000000000000000000000000000000000000008e333ab6 vor.vv v5, v22, v3, v0.t
#3073 0 8000028e 020902a7 m f004025d   0000008e  vse8.v v5, (s2)
#3074 0 80000292     0911 r 12         f004025e  c.addi   s2, 0x4
#3075 0 80000294     0991 r 13         f0040326  c.addi   s3, 0x4
#3076 0 80000296     1ffd r 1f         00000001  c.addi   t6, -0x1
#3077 0 80000298 de0f9fe3 r 00         00000000  bne      t6, zero, . - 0x202
#3078 0 80000096     4e81 r 1d         00000000  c.li     t4, 0x0
#3079 0 80000098 5e0ec157 v 02 0000000000000000000000000000000001beb8855035b1d9c06363c800000000 vmv.v.x v2, t4
#3080 0 8000009c 5e0ec2d7 v 05 0000000000000000000000000000000000000000000000000000000000000000 vmv.v.x v5, t4
#3081 0 800000a0 5e0ec557 v 0a 0000000000000000000000000000000000000000000000000000000000000000 vmv.v.x v10, t4
#3082 0 800000a4 5e0ec757 v 0e 0000000000000000000000000000000000000000000000000000000000000000 vmv.v.x v14, t4
#3083 0 800000a8 5e0ec957 v 12 0000000000000000000000000000000000000000000000000000000000000000 vmv.v.x v18, t4
#3084 0 800000ac 5e0ecb57 v 16 0000000000000000000000000000000000000000000000000000000000000000 vmv.v.x v22, t4
#3085 0 800000b0 5e0ec0d7 v 01 000000000000000000000000000000000b06010c07020d08030e090400000000 vmv.v.x v1, t4
#3086 0 800000b4 02090307 v 06 0000000000000000000000000000000000000000000000000000000053fb4f97 vle8.v v6, (s2)
#3087 0 800000b8 08000393 r 07         00000080  addi     t2, zero, 128
#3088 0 800000bc 5e03c0d7 v 01 000000000000000000000000000000000b06010c07020d08030e090480808080 vmv.v.x v1, t2
#3089 0 800000c0 26608757 v 0e 0000000000000000000000000000000000000000000000000000000000800080 vand.vv v14, v6, v1
#3090 0 800000c4 66e03057 v 00 0000000000000000000000000000000000ad0bdb3b2571b67f5b52a800000005 vmsne.vi v0, v14, 0
#3091 0 800000c8 9660b557 v 0a 00000000000000000000000000000000000000000000000000000000a6f69e2e vsll.vi v10, v6, 1
#3092 0 800000cc     4e6d r 1c         0000001b  c.li     t3, 0x1b
#3093 0 800000ce 5e0e4157 v 02 0000000000000000000000000000000001beb8855035b1d9c06363c81b1b1b1b vmv.v.x v2, t3
#3094 0 800000d2 2ca10557 v 0a 00000000000000000000000000000000000000000000000000000000a6ed9e35 vxor.vv v10, v10, v2, v0.t
#3095 0 800000d6 2ea30957 v 12 00000000000000000000000000000000000000000000000000000000f516d1a2 vxor.vv v18, v10, v6
#3096 0 800000da 70040397 r 07         f00400da  auipc    t2, 0x70040
#3097 0 800000de 21838393 r 07         f00402f2  addi     t2, t2, 536
#3098 0 800000e2 02038007 v 00 0000000000000000000000000000000000ad0bdb3b2571b67f5b52a800000001 vle8.v v0, (t2)
#3099 0 800000e6     4e81 r 1d         00000000  c.li     t4, 0x0
#3100 0 800000e8 5e0ec1d7 v 03 0000000000000000000000000000000053fb4f97bad26c359baec8e800000000 vmv.v.x v3, t4
#3101 0 800000ec 5e0ec157 v 02 0000000000000000000000000000000001beb8855035b1d9c06363c800000000 vmv.v.x v2, t4
#3102 0 800000f0 28a18157 v 02 0000000000000000000000000000000001beb8855035b1d9c06363c800000035 vor.vv v2, v10, v3, v0.t
#3103 0 800000f4 70040397 r 07         f00400f4  auipc    t2, 0x70040
#3104 0 800000f8 20238393 r 07         f00402f6  addi     t2, t2, 514
#3105 0 800000fc 02038007 v 00 0000000000000000000000000000000000ad0bdb3b2571b67f5b52a800000002 vle8.v v0, (t2)
#3106 0 80000100     4e81 r 1d         00000000  c.li     t4, 0x0
#3107 0 80000102 5e0ec1d7 v 03 0000000000000000000000000000000053fb4f97bad26c359baec8e800000000 vmv.v.x v3, t4
#3108 0 80000106 29218157 v 02 0000000000000000000000000000000001beb8855035b1d9c06363c80000d135 vor.vv v2, v18, v3, v0.t
#3109 0 8000010a 70040397 r 07         f004010a  auipc    t2, 0x70040
#3110 0 8000010e 1f038393 r 07         f00402fa  addi     t2, t2, 496
#3111 0 80000112 02038007 v 00 0000000000000000000000000000000000ad0bdb3b2571b67f5b52a800000004 vle8.v v0, (t2)
#3112 0 80000116     4e81 r 1d         00000000  c.li     t4, 0x0
#3113 0 80000118 5e0ec1d7 v 03 0000000000000000000000000000000053fb4f97bad26c359baec8e800000000 vmv.v.x v3, t4
#3114 0 8000011c 28618157 v 02 0000000000000000000000000000000001beb8855035b1d9c06363c800fbd135 vor.vv v2, v6, v3, v0.t
#3115 0 80000120 70040397 r 07         f0040120  auipc    t2, 0x70040
#3116 0 80000124 1de38393 r 07         f00402fe  addi     t2, t2, 478
#3117 0 80000128 02038007 v 00 0000000000000000000000000000000000ad0bdb3b2571b67f5b52a800000008 vle8.v v0, (t2)
#3118 0 8000012c     4e81 r 1d         00000000  c.li     t4, 0x0
#3119 0 8000012e 5e0ec1d7 v 03 0000000000000000000000000000000053fb4f97bad26c359baec8e800000000 vmv.v.x v3, t4
#3120 0 80000132 28618157 v 02 0000000000000000000000000000000001beb8855035b1d9c06363c853fbd135 vor.vv v2, v6, v3, v0.t
#3121 0 80000136 70040397 r 07         f0040136  auipc    t2, 0x70040
#3122 0 8000013a 1bc38393 r 07         f00402f2  addi     t2, t2, 444
#3123 0 8000013e 02038007 v 00 0000000000000000000000000000000000ad0bdb3b2571b67f5b52a800000001 vle8.v v0, (t2)
#3124 0 80000142 0e21a257 v 04 000000000000000000000000000000000000000000000000000000000000004c vredxor.vs v4, v2, v3
#3125 0 80000146 284182d7 v 05 000000000000000000000000000000000000000000000000000000000000004c vor.vv v5, v4, v3, v0.t
#3126 0 8000014a 70040397 r 07         f004014a  auipc    t2, 0x70040
#3127 0 8000014e 1a838393 r 07         f00402f2  addi     t2, t2, 424
#3128 0 80000152 02038007 v 00 0000000000000000000000000000000000ad0bdb3b2571b67f5b52a800000001 vle8.v v0, (t2)
#3129 0 80000156     4e81 r 1d         00000000  c.li     t4, 0x0
#3130 0 80000158 5e0ec157 v 02 0000000000000000000000000000000001beb8855035b1d9c06363c800000000 vmv.v.x v2, t4
#3131 0 8000015c 28610157 v 02 0000000000000000000000000000000001beb8855035b1d9c06363c800000097 vor.vv v2, v6, v2, v0.t
#3132 0 80000160 70040397 r 07         f0040160  auipc    t2, 0x70040
#3133 0 80000164 19638393 r 07         f00402f6  addi     t2, t2, 406
#3134 0 80000168 02038007 v 00 0000000000000000000000000000000000ad0bdb3b2571b67f5b52a800000002 vle8.v v0, (t2)
#3135 0 8000016c     4e81 r 1d         00000000  c.li     t4, 0x0
#3136 0 8000016e 5e0ec1d7 v 03 0000000000000000000000000000000053fb4f97bad26c359baec8e800000000 vmv.v.x v3, t4
#3137 0 80000172 28a18157 v 02 0000000000000000000000000000000001beb8855035b1d9c06363c800009e97 vor.vv v2, v10, v3, v0.t
#3138 0 80000176 70040397 r 07         f0040176  auipc    t2, 0x70040
#3139 0 8000017a 18438393 r 07         f00402fa  addi     t2, t2, 388
#3140 0 8000017e 02038007 v 00 0000000000000000000000000000000000ad0bdb3b2571b67f5b52a800000004 vle8.v v0, (t2)
#3141 0 80000182     4e81 r 1d         00000000  c.li     t4, 0x0
#3142 0 80000184 5e0ec1d7 v 03 0000000000000000000000000000000053fb4f97bad26c359baec8e800000000 vmv.v.x v3, t4
#3143 0 80000188 29218157 v 02 0000000000000000000000000000000001beb8855035b1d9c06363c800169e97 vor.vv v2, v18, v3, v0.t
#3144 0 8000018c 70040397 r 07         f004018c  auipc    t2, 0x70040
#3145 0 80000190 17238393 r 07         f00402fe  addi     t2, t2, 370
#3146 0 80000194 02038007 v 00 0000000000000000000000000000000000ad0bdb3b2571b67f5b52a800000008 vle8.v v0, (t2)
#3147 0 80000198     4e81 r 1d         00000000  c.li     t4, 0x0
#3148 0 8000019a 5e0ec1d7 v 03 0000000000000000000000000000000053fb4f97bad26c359baec8e800000000 vmv.v.x v3, t4
#3149 0 8000019e 28618157 v 02 0000000000000000000000000000000001beb8855035b1d9c06363c853169e97 vor.vv v2, v6, v3, v0.t
#3150 0 800001a2 70040397 r 07         f00401a2  auipc    t2, 0x70040
#3151 0 800001a6 15438393 r 07         f00402f6  addi     t2, t2, 340
#3152 0 800001aa 02038007 v 00 0000000000000000000000000000000000ad0bdb3b2571b67f5b52a800000002 vle8.v v0, (t2)
#3153 0 800001ae 0e21a257 v 04 000000000000000000000000000000000000000000000000000000000000004c vredxor.vs v4, v2, v3
#3154 0 800001b2 3a40bb57 v 16 0000000000000000000000000000000000000000000000000000000000004c00 vslideup.vi v22, v4, 1
#3155 0 800001b6 296182d7 v 05 0000000000000000000000000000000000000000000000000000000000004c4c vor.vv v5, v22, v3, v0.t
#3156 0 800001ba 70040397 r 07         f00401ba  auipc    t2, 0x70040
#3157 0 800001be 13838393 r 07         f00402f2  addi     t2, t2, 312
#3158 0 800001c2 02038007 v 00 0000000000000000000000000000000000ad0bdb3b2571b67f5b52a800000001 vle8.v v0, (t2)
#3159 0 800001c6     4e81 r 1d         00000000  c.li     t4, 0x0
#3160 0 800001c8 5e0ec157 v 02 0000000000000000000000000000000001beb8855035b1d9c06363c800000000 vmv.v.x v2, t4
#3161 0 800001cc 28610157 v 02 0000000000000000000000000000000001beb8855035b1d9c06363c800000097 vor.vv v2, v6, v2, v0.t
#3162 0 800001d0 70040397 r 07         f00401d0  auipc    t2, 0x70040
#3163 0 800001d4 12638393 r 07         f00402f6  addi     t2, t2, 294
#3164 0 800001d8 02038007 v 00 0000000000000000000000000000000000ad0bdb3b2571b67f5b52a800000002 vle8.v v0, (t2)
#3165 0 800001dc     4e81 r 1d         00000000  c.li     t4, 0x0
#3166 0 800001de 5e0ec1d7 v 03 0000000000000000000000000000000053fb4f97bad26c359baec8e800000000 vmv.v.x v3, t4
#3167 0 800001e2 28618157 v 02 0000000000000000000000000000000001beb8855035b1d9c06363c800004f97 vor.vv v2, v6, v3, v0.t
#3168 0 800001e6 70040397 r 07         f00401e6  auipc    t2, 0x70040
#3169 0 800001ea 11438393 r 07         f00402fa  addi     t2, t2, 276
#3170 0 800001ee 02038007 v 00 0000000000000000000000000000000000ad0bdb3b2571b67f5b52a800000004 vle8.v v0, (t2)
#3171 0 800001f2     4e81 r 1d         00000000  c.li     t4, 0x0
#3172 0 800001f4 5e0ec1d7 v 03 0000000000000000000000000000000053fb4f97bad26c359baec8e800000000 vmv.v.x v3, t4
#3173 0 800001f8 28a18157 v 02 0000000000000000000000000000000001beb8855035b1d9c06363c800ed4f97 vor.vv v2, v10, v3, v0.t
#3174 0 800001fc 70040397 r 07         f00401fc  auipc    t2, 0x70040
#3175 0 80000200 10238393 r 07         f00402fe  addi     t2, t2, 258
#3176 0 80000204 02038007 v 00 0000000000000000000000000000000000ad0bdb3b2571b67f5b52a800000008 vle8.v v0, (t2)
#3177 0 80000208     4e81 r 1d         00000000  c.li     t4, 0x0
#3178 0 8000020a 5e0ec1d7 v 03 0000000000000000000000000000000053fb4f97bad26c359baec8e800000000 vmv.v.x v3, t4
#3179 0 8000020e 29218157 v 02 0000000000000000000000000000000001beb8855035b1d9c06363c8f5ed4f97 vor.vv v2, v18, v3, v0.t
#3180 0 80000212 70040397 r 07         f0040212  auipc    t2, 0x70040
#3181 0 80000216 0e838393 r 07         f00402fa  addi     t2, t2, 232
#3182 0 8000021a 02038007 v 00 0000000000000000000000000000000000ad0bdb3b2571b67f5b52a800000004 vle8.v v0, (t2)
#3183 0 8000021e 0e21a257 v 04 00000000000000000000000000000000000000000000000000000000000000c0 vredxor.vs v4, v2, v3
#3184 0 80000222 3a413b57 v 16 0000000000000000000000000000000000000000000000000000000000c04c00 vslideup.vi v22, v4, 2
#3185 0 80000226 296182d7 v 05 0000000000000000000000000000000000000000000000000000000000c04c4c vor.vv v5, v22, v3, v0.t
#3186 0 8000022a 70040397 r 07         f004022a  auipc    t2, 0x70040
#3187 0 8000022e 0c838393 r 07         f00402f2  addi     t2, t2, 200
#3188 0 80000232 02038007 v 00 0000000000000000000000000000000000ad0bdb3b2571b67f5b52a800000001 vle8.v v0, (t2)
#3189 0 80000236     4e81 r 1d         00000000  c.li     t4, 0x0
#3190 0 80000238 5e0ec157 v 02 0000000000000000000000000000000001beb8855035b1d9c06363c800000000 vmv.v.x v2, t4
#3191 0 8000023c 29210157 v 02 0000000000000000000000000000000001beb8855035b1d9c06363c8000000a2 vor.vv v2, v18, v2, v0.t
#3192 0 80000240 70040397 r 07         f0040240  auipc    t2, 0x70040
#3193 0 80000244 0b638393 r 07         f00402f6  addi     t2, t2, 182
#3194 0 80000248 02038007 v 00 0000000000000000000000000000000000ad0bdb3b2571b67f5b52a800000002 vle8.v v0, (t2)
#3195 0 8000024c     4e81 r 1d         00000000  c.li     t4, 0x0
#3196 0 8000024e 5e0ec1d7 v 03 0000000000000000000000000000000053fb4f97bad26c359baec8e800000000 vmv.v.x v3, t4
#3197 0 80000252 28618157 v 02 0000000000000000000000000000000001beb8855035b1d9c06363c800004fa2 vor.vv v2, v6, v3, v0.t
#3198 0 80000256 70040397 r 07         f0040256  auipc    t2, 0x70040
#3199 0 8000025a 0a438393 r 07         f00402fa  addi     t2, t2, 164
#3200 0 8000025e 02038007 v 00 0000000000000000000000000000000000ad0bdb3b2571b67f5b52a800000004 vle8.v v0, (t2)
#3201 0 80000262     4e81 r 1d         00000000  c.li     t4, 0x0
#3202 0 80000264 5e0ec1d7 v 03 0000000000000000000000000000000053fb4f97bad26c359baec8e800000000 vmv.v.x v3, t4
#3203 0 80000268 28618157 v 02 0000000000000000000000000000000001beb8855035b1d9c06363c800fb4fa2 vor.vv v2, v6, v3, v0.t
#3204 0 8000026c 70040397 r 07         f004026c  auipc    t2, 0x70040
#3205 0 80000270 09238393 r 07         f00402fe  addi     t2, t2, 146
#3206 0 80000274 02038007 v 00 0000000000000000000000000000000000ad0bdb3b2571b67f5b52a800000008 vle8.v v0, (t2)
#3207 0 80000278     4e81 r 1d         00000000  c.li     t4, 0x0
#3208 0 8000027a 5e0ec1d7 v 03 0000000000000000000000000000000053fb4f97bad26c359baec8e800000000 vmv.v.x v3, t4
#3209 0 8000027e 28a18157 v 02 0000000000000000000000000000000001beb8855035b1d9c06363c8a6fb4fa2 vor.vv v2, v10, v3, v0.t
#3210 0 80000282 0e21a257 v 04 00000000000000000000000000000000000000000000000000000000000000b0 vredxor.vs v4, v2, v3
#3211 0 80000286 3a41bb57 v 16 00000000000000000000000000000000000000000000000000000000b0c04c00 vslideup.vi v22, v4, 3
#3212 0 8000028a 296182d7 v 05 00000000000000000000000000000000000000000000000000000000b0c04c4c vor.vv v5, v22, v3, v0.t
#3213 0 8000028e 020902a7 m f0040261   000000b0  vse8.v v5, (s2)
#3214 0 80000292     0911 r 12         f0040262  c.addi   s2, 0x4
#3215 0 80000294     0991 r 13         f004032a  c.addi   s3, 0x4
#3216 0 80000296     1ffd r 1f         00000000  c.addi   t6, -0x1
#3217 0 80000298 de0f9fe3 r 00         00000000  bne      t6, zero, . - 0x202
#3218 0 8000029c 70040917 r 12         f004029c  auipc    s2, 0x70040
#3219 0 800002a0 fa690913 r 12         f0040242  addi     s2, s2, -90
#3220 0 800002a4 70040997 r 13         f00402a4  auipc    s3, 0x70040
#3221 0 800002a8 d9e98993 r 13         f0040042  addi     s3, s3, -610
#3222 0 800002ac 70040a17 r 14         f00402ac  auipc    s4, 0x70040
#3223 0 800002b0 d8ca0a13 r 14         f0040038  addi     s4, s4, -628
#3224 0 800002b4     4291 r 05         00000004  c.li     t0, 0x4
#3225 0 800002b6 70040497 r 09         f00402b6  auipc    s1, 0x70040
#3226 0 800002ba e8c48493 r 09         f0040142  addi     s1, s1, -372
#3227 0 800002be 0002f2d7 r 05         00000004  vsetvli t0, t0, e8,m1,tu,mu  +
#3227 0 800002be 0002f2d7 c 0c20       00000004  vsetvli t0, t0, e8,m1,tu,mu  +
#3227 0 800002be 0002f2d7 c 0c21       00000000  vsetvli t0, t0, e8,m1,tu,mu
#3228 0 800002c2 02090307 v 06 0000000000000000000000000000000000000000000000000000000041a544ef vle8.v v6, (s2)
#3229 0 800002c6     0911 r 12         f0040246  c.addi   s2, 0x4
#3230 0 800002c8 02090387 v 07 000000000000000000000000000000000000000000000000000000007f5b52a8 vle8.v v7, (s2)
#3231 0 800002cc     0911 r 12         f004024a  c.addi   s2, 0x4
#3232 0 800002ce 02090407 v 08 000000000000000000000000000000000000000000000000000000003b2571b6 vle8.v v8, (s2)
#3233 0 800002d2     0911 r 12         f004024e  c.addi   s2, 0x4
#3234 0 800002d4 02090487 v 09 0000000000000000000000000000000000000000000000000000000000ad0bdb vle8.v v9, (s2)
#3235 0 800002d8     1951 r 12         f0040242  c.addi   s2, -0xc
#3236 0 800002da 0002f2d7 r 05         00000004  vsetvli t0, t0, e8,m1,tu,mu  +
#3236 0 800002da 0002f2d7 c 0c20       00000004  vsetvli t0, t0, e8,m1,tu,mu  +
#3236 0 800002da 0002f2d7 c 0c21       00000000  vsetvli t0, t0, e8,m1,tu,mu
#3237 0 800002de 70040e17 r 1c         f00402de  auipc    t3, 0x70040
#3238 0 800002e2 ff4e0e13 r 1c         f00402d2  addi     t3, t3, -12
#3239 0 800002e6 70040e97 r 1d         f00402e6  auipc    t4, 0x70040
#3240 0 800002ea 01ce8e93 r 1d         f0040302  addi     t4, t4, 28
#3241 0 800002ee 020e0007 v 00 0000000000000000000000000000000000ad0bdb3b2571b67f5b52a800030201 vle8.v v0, (t3)
#3242 0 800002f2 020e84a7 m f0040305   00000000  vse8.v v9, (t4)
#3243 0 800002f6 060e8507 v 0a 00000000000000000000000000000000000000000000000000000000db00ad0b vluxei8.v v10, (t4), v0
#3244 0 800002fa 70040997 r 13         f00402fa  auipc    s3, 0x70040
#3245 0 800002fe d4898993 r 13         f0040042  addi     s3, s3, -696
#3246 0 80000302 06a98507 v 0a 00000000000000000000000000000000000000000000000000000000b963952b vluxei8.v v10, (s3), v10
#3247 0 80000306 2e650357 v 06 00000000000000000000000000000000000000000000000000000000f8c6d1c4 vxor.vv v6, v6, v10
#3248 0 8000030a     4285 r 05         00000001  c.li     t0, 0x1
#3249 0 8000030c 0002f2d7 r 05         00000001  vsetvli t0, t0, e8,m1,tu,mu  +
#3249 0 8000030c 0002f2d7 c 0c20       00000001  vsetvli t0, t0, e8,m1,tu,mu  +
#3249 0 8000030c 0002f2d7 c 0c21       00000000  vsetvli t0, t0, e8,m1,tu,mu
#3250 0 80000310 70040a17 r 14         f0040310  auipc    s4, 0x70040
#3251 0 80000314 d28a0a13 r 14         f0040038  addi     s4, s4, -728
#3252 0 80000318     9a6e r 14         f004003c  c.add    s4, s11
#3253 0 8000031a     0d85 r 1b         00000005  c.addi   s11, 0x1
#3254 0 8000031c 020a0f07 v 1e 0000000000000000000000000000000000000000000000000000000000000010 vle8.v v30, (s4)
#3255 0 80000320     4291 r 05         00000004  c.li     t0, 0x4
#3256 0 80000322 0002f2d7 r 05         00000004  vsetvli t0, t0, e8,m1,tu,mu  +
#3256 0 80000322 0002f2d7 c 0c20       00000004  vsetvli t0, t0, e8,m1,tu,mu  +
#3256 0 80000322 0002f2d7 c 0c21       00000000  vsetvli t0, t0, e8,m1,tu,mu
#3257 0 80000326 2e6f0357 v 06 00000000000000000000000000000000000000000000000000000000f8c6d1d4 vxor.vv v6, v6, v30
#3258 0 8000032a     0a05 r 14         f004003d  c.addi   s4, 0x1
#3259 0 8000032c 2e7303d7 v 07 00000000000000000000000000000000000000000000000000000000879d837c vxor.vv v7, v7, v6
#3260 0 80000330 2e838457 v 08 00000000000000000000000000000000000000000000000000000000bcb8f2ca vxor.vv v8, v8, v7
#3261 0 80000334 2e9404d7 v 09 00000000000000000000000000000000000000000000000000000000bc15f911 vxor.vv v9, v9, v8
#3262 0 80000338 70040917 r 12         f0040338  auipc    s2, 0x70040
#3263 0 8000033c f0a90913 r 12         f0040242  addi     s2, s2, -246
#3264 0 80000340     4291 r 05         00000004  c.li     t0, 0x4
#3265 0 80000342 0002f2d7 r 05         00000004  vsetvli t0, t0, e8,m1,tu,mu  +
#3265 0 80000342 0002f2d7 c 0c20       00000004  vsetvli t0, t0, e8,m1,tu,mu  +
#3265 0 80000342 0002f2d7 c 0c21       00000000  vsetvli t0, t0, e8,m1,tu,mu
#3266 0 80000346 02090327 m f0040245   000000f8  vse8.v v6, (s2)
#3267 0 8000034a     0911 r 12         f0040246  c.addi   s2, 0x4
#3268 0 8000034c 020903a7 m f0040249   00000087  vse8.v v7, (s2)
#3269 0 80000350     0911 r 12         f004024a  c.addi   s2, 0x4
#3270 0 80000352 02090427 m f004024d   000000bc  vse8.v v8, (s2)
#3271 0 80000356     0911 r 12         f004024e  c.addi   s2, 0x4
#3272 0 80000358 020904a7 m f0040251   000000bc  vse8.v v9, (s2)
#3273 0 8000035c 70040a97 r 15         f004035c  auipc    s5, 0x70040
#3274 0 80000360 ef6a8a93 r 15         f0040252  addi     s5, s5, -266
#3275 0 80000364 70040917 r 12         f0040364  auipc    s2, 0x70040
#3276 0 80000368 ede90913 r 12         f0040242  addi     s2, s2, -290
#3277 0 8000036c     42c1 r 05         00000010  c.li     t0, 0x10
#3278 0 8000036e 0002f2d7 r 05         00000010  vsetvli t0, t0, e8,m1,tu,mu  +
#3278 0 8000036e 0002f2d7 c 0c20       00000010  vsetvli t0, t0, e8,m1,tu,mu  +
#3278 0 8000036e 0002f2d7 c 0c21       00000000  vsetvli t0, t0, e8,m1,tu,mu
#3279 0 80000372 02090007 v 00 00000000000000000000000000000000bc15f911bcb8f2ca879d837cf8c6d1d4 vle8.v v0, (s2)
#3280 0 80000376 020a8087 v 01 00000000000000000000000000000000b0c04c4c8e333ab668d111bdada9d125 vle8.v v1, (s5)
#3281 0 8000037a 2e100157 v 02 000000000000000000000000000000000cd5b55d328bc87cef4c92c1556f00f1 vxor.vv v2, v1, v0
#3282 0 8000037e 020a8127 m f0040261   0000000c  vse8.v v2, (s5)
#3283 0 80000382     137d r 06         00000004  c.addi   t1, -0x1
#3284 0 80000384 ca0317e3 r 00         00000000  bne      t1, zero, . - 0x352
#3285 0 80000032 70040a17 r 14         f0040032  auipc    s4, 0x70040
#3286 0 80000036 fcea0a13 r 14         f0040000  addi     s4, s4, -50
#3287 0 8000003a 70040997 r 13         f004003a  auipc    s3, 0x70040
#3288 0 8000003e 00898993 r 13         f0040042  addi     s3, s3, 8
#3289 0 80000042 70040a97 r 15         f0040042  auipc    s5, 0x70040
#3290 0 80000046 210a8a93 r 15         f0040252  addi     s5, s5, 528
#3291 0 8000004a     42c1 r 05         00000010  c.li     t0, 0x10
#3292 0 8000004c 0002f2d7 r 05         00000010  vsetvli t0, t0, e8,m1,tu,mu  +
#3292 0 8000004c 0002f2d7 c 0c20       00000010  vsetvli t0, t0, e8,m1,tu,mu  +
#3292 0 8000004c 0002f2d7 c 0c21       00000000  vsetvli t0, t0, e8,m1,tu,mu
#3293 0 80000050 020a8107 v 02 000000000000000000000000000000000cd5b55d328bc87cef4c92c1556f00f1 vle8.v v2, (s5)
#3294 0 80000054 06298187 v 03 00000000000000000000000000000000fe03d54c233de810df294f78fca863a1 vluxei8.v v3, (s3), v2
#3295 0 80000058 020a81a7 m f0040261   000000fe  vse8.v v3, (s5)
#3296 0 8000005c     42c1 r 05         00000010  c.li     t0, 0x10
#3297 0 8000005e 70040497 r 09         f004005e  auipc    s1, 0x70040
#3298 0 80000062 1f448493 r 09         f0040252  addi     s1, s1, 500
#3299 0 80000066 70040917 r 12         f0040066  auipc    s2, 0x70040
#3300 0 8000006a 27090913 r 12         f00402d6  addi     s2, s2, 624
#3301 0 8000006e 0002f2d7 r 05         00000010  vsetvli t0, t0, e8,m1,tu,mu  +
#3301 0 8000006e 0002f2d7 c 0c20       00000010  vsetvli t0, t0, e8,m1,tu,mu  +
#3301 0 8000006e 0002f2d7 c 0c21       00000000  vsetvli t0, t0, e8,m1,tu,mu
#3302 0 80000072 02090087 v 01 000000000000000000000000000000000b06010c07020d08030e09040f0a0500 vle8.v v1, (s2)
#3303 0 80000076 06148187 v 03 000000000000000000000000000000002329634cdfa8d510fc03e878fe3d4fa1 vluxei8.v v3, (s1), v1
#3304 0 8000007a 020481a7 m f0040261   00000023  vse8.v v3, (s1)
#3305 0 8000007e 70040917 r 12         f004007e  auipc    s2, 0x70040
#3306 0 80000082 1d490913 r 12         f0040252  addi     s2, s2, 468
#3307 0 80000086     4291 r 05         00000004  c.li     t0, 0x4
#3308 0 80000088 0002f2d7 r 05         00000004  vsetvli t0, t0, e8,m1,tu,mu  +
#3308 0 80000088 0002f2d7 c 0c20       00000004  vsetvli t0, t0, e8,m1,tu,mu  +
#3308 0 80000088 0002f2d7 c 0c21       00000000  vsetvli t0, t0, e8,m1,tu,mu
#3309 0 8000008c     4f91 r 1f         00000004  c.li     t6, 0x4
#3310 0 8000008e 70040997 r 13         f004008e  auipc    s3, 0x70040
#3311 0 80000092 28c98993 r 13         f004031a  addi     s3, s3, 652
#3312 0 80000096     4e81 r 1d         00000000  c.li     t4, 0x0
#3313 0 80000098 5e0ec157 v 02 000000000000000000000000000000000cd5b55d328bc87cef4c92c100000000 vmv.v.x v2, t4
#3314 0 8000009c 5e0ec2d7 v 05 0000000000000000000000000000000000000000000000000000000000000000 vmv.v.x v5, t4
#3315 0 800000a0 5e0ec557 v 0a 0000000000000000000000000000000000000000000000000000000000000000 vmv.v.x v10, t4
#3316 0 800000a4 5e0ec757 v 0e 0000000000000000000000000000000000000000000000000000000000000000 vmv.v.x v14, t4
#3317 0 800000a8 5e0ec957 v 12 0000000000000000000000000000000000000000000000000000000000000000 vmv.v.x v18, t4
#3318 0 800000ac 5e0ecb57 v 16 0000000000000000000000000000000000000000000000000000000000000000 vmv.v.x v22, t4
#3319 0 800000b0 5e0ec0d7 v 01 000000000000000000000000000000000b06010c07020d08030e090400000000 vmv.v.x v1, t4
#3320 0 800000b4 02090307 v 06 00000000000000000000000000000000000000000000000000000000fe3d4fa1 vle8.v v6, (s2)
#3321 0 800000b8 08000393 r 07         00000080  addi     t2, zero, 128
#3322 0 800000bc 5e03c0d7 v 01 000000000000000000000000000000000b06010c07020d08030e090480808080 vmv.v.x v1, t2
#3323 0 800000c0 26608757 v 0e 0000000000000000000000000000000000000000000000000000000080000080 vand.vv v14, v6, v1
#3324 0 800000c4 66e03057 v 00 00000000000000000000000000000000bc15f911bcb8f2ca879d837cf8c6d1d9 vmsne.vi v0, v14, 0
#3325 0 800000c8 9660b557 v 0a 00000000000000000000000000000000000000000000000000000000fc7a9e42 vsll.vi v10, v6, 1
#3326 0 800000cc     4e6d r 1c         0000001b  c.li     t3, 0x1b
#3327 0 800000ce 5e0e4157 v 02 000000000000000000000000000000000cd5b55d328bc87cef4c92c11b1b1b1b vmv.v.x v2, t3
#3328 0 800000d2 2ca10557 v 0a 00000000000000000000000000000000000000000000000000000000e77a9e59 vxor.vv v10, v10, v2, v0.t
#3329 0 800000d6 2ea30957 v 12 000000000000000000000000000000000000000000000000000000001947d1f8 vxor.vv v18, v10, v6
#3330 0 800000da 70040397 r 07         f00400da  auipc    t2, 0x70040
#3331 0 800000de 21838393 r 07         f00402f2  addi     t2, t2, 536
#3332 0 800000e2 02038007 v 00 00000000000000000000000000000000bc15f911bcb8f2ca879d837c00000001 vle8.v v0, (t2)
#3333 0 800000e6     4e81 r 1d         00000000  c.li     t4, 0x0
#3334 0 800000e8 5e0ec1d7 v 03 000000000000000000000000000000002329634cdfa8d510fc03e87800000000 vmv.v.x v3, t4
#3335 0 800000ec 5e0ec157 v 02 000000000000000000000000000000000cd5b55d328bc87cef4c92c100000000 vmv.v.x v2, t4
#3336 0 800000f0 28a18157 v 02 000000000000000000000000000000000cd5b55d328bc87cef4c92c100000059 vor.vv v2, v10, v3, v0.t
#3337 0 800000f4 70040397 r 07         f00400f4  auipc    t2, 0x70040
#3338 0 800000f8 20238393 r 07         f00402f6  addi     t2, t2, 514
#3339 0 800000fc 02038007 v 00 00000000000000000000000000000000bc15f911bcb8f2ca879d837c00000002 vle8.v v0, (t2)
#3340 0 80000100     4e81 r 1d         00000000  c.li     t4, 0x0
#3341 0 80000102 5e0ec1d7 v 03 000000000000000000000000000000002329634cdfa8d510fc03e87800000000 vmv.v.x v3, t4
#3342 0 80000106 29218157 v 02 000000000000000000000000000000000cd5b55d328bc87cef4c92c10000d159 vor.vv v2, v18, v3, v0.t
#3343 0 8000010a 70040397 r 07         f004010a  auipc    t2, 0x70040
#3344 0 8000010e 1f038393 r 07         f00402fa  addi     t2, t2, 496
#3345 0 80000112 02038007 v 00 00000000000000000000000000000000bc15f911bcb8f2ca879d837c00000004 vle8.v v0, (t2)
#3346 0 80000116     4e81 r 1d         00000000  c.li     t4, 0x0
#3347 0 80000118 5e0ec1d7 v 03 000000000000000000000000000000002329634cdfa8d510fc03e87800000000 vmv.v.x v3, t4
#3348 0 8000011c 28618157 v 02 000000000000000000000000000000000cd5b55d328bc87cef4c92c1003dd159 vor.vv v2, v6, v3, v0.t
#3349 0 80000120 70040397 r 07         f0040120  auipc    t2, 0x70040
#3350 0 80000124 1de38393 r 07         f00402fe  addi     t2, t2, 478
#3351 0 80000128 02038007 v 00 00000000000000000000000000000000bc15f911bcb8f2ca879d837c00000008 vle8.v v0, (t2)
#3352 0 8000012c     4e81 r 1d         00000000  c.li     t4, 0x0
#3353 0 8000012e 5e0ec1d7 v 03 000000000000000000000000000000002329634cdfa8d510fc03e87800000000 vmv.v.x v3, t4
#3354 0 80000132 28618157 v 02 000000000000000000000000000000000cd5b55d328bc87cef4c92c1fe3dd159 vor.vv v2, v6, v3, v0.t
#3355 0 80000136 70040397 r 07         f0040136  auipc    t2, 0x70040
#3356 0 8000013a 1bc38393 r 07         f00402f2  addi     t2, t2, 444
#3357 0 8000013e 02038007 v 00 00000000000000000000000000000000bc15f911bcb8f2ca879d837c00000001 vle8.v v0, (t2)
#3358 0 80000142 0e21a257 v 04 000000000000000000000000000000000000000000000000000000000000004b vredxor.vs v4, v2, v3
#3359 0 80000146 284182d7 v 05 000000000000000000000000000000000000000000000000000000000000004b vor.vv v5, v4, v3, v0.t
#3360 0 8000014a 70040397 r 07         f004014a  auipc    t2, 0x70040
#3361 0 8000014e 1a838393 r 07         f00402f2  addi     t2, t2, 424
#3362 0 80000152 02038007 v 00 00000000000000000000000000000000bc15f911bcb8f2ca879d837c00000001 vle8.v v0, (t2)
#3363 0 80000156     4e81 r 1d         00000000  c.li     t4, 0x0
#3364 0 80000158 5e0ec157 v 02 000000000000000000000000000000000cd5b55d328bc87cef4c92c100000000 vmv.v.x v2, t4
#3365 0 8000015c 28610157 v 02 000000000000000000000000000000000cd5b55d328bc87cef4c92c1000000a1 vor.vv v2, v6, v2, v0.t
#3366 0 80000160 70040397 r 07         f0040160  auipc    t2, 0x70040
#3367 0 80000164 19638393 r 07         f00402f6  addi     t2, t2, 406
#3368 0 80000168 02038007 v 00 00000000000000000000000000000000bc15f911bcb8f2ca879d837c00000002 vle8.v v0, (t2)
#3369 0 8000016c     4e81 r 1d         00000000  c.li     t4, 0x0
#3370 0 8000016e 5e0ec1d7 v 03 000000000000000000000000000000002329634cdfa8d510fc03e87800000000 vmv.v.x v3, t4
#3371 0 80000172 28a18157 v 02 000000000000000000000000000000000cd5b55d328bc87cef4c92c100009ea1 vor.vv v2, v10, v3, v0.t
#3372 0 80000176 70040397 r 07         f0040176  auipc    t2, 0x70040
#3373 0 8000017a 18438393 r 07         f00402fa  addi     t2, t2, 388
#3374 0 8000017e 02038007 v 00 00000000000000000000000000000000bc15f911bcb8f2ca879d837c00000004 vle8.v v0, (t2)
#3375 0 80000182     4e81 r 1d         00000000  c.li     t4, 0x0
#3376 0 80000184 5e0ec1d7 v 03 000000000000000000000000000000002329634cdfa8d510fc03e87800000000 vmv.v.x v3, t4
#3377 0 80000188 29218157 v 02 000000000000000000000000000000000cd5b55d328bc87cef4c92c100479ea1 vor.vv v2, v18, v3, v0.t
#3378 0 8000018c 70040397 r 07         f004018c  auipc    t2, 0x70040
#3379 0 80000190 17238393 r 07         f00402fe  addi     t2, t2, 370
#3380 0 80000194 02038007 v 00 00000000000000000000000000000000bc15f911bcb8f2ca879d837c00000008 vle8.v v0, (t2)
#3381 0 80000198     4e81 r 1d         00000000  c.li     t4, 0x0
#3382 0 8000019a 5e0ec1d7 v 03 000000000000000000000000000000002329634cdfa8d510fc03e87800000000 vmv.v.x v3, t4
#3383 0 8000019e 28618157 v 02 000000000000000000000000000000000cd5b55d328bc87cef4c92c1fe479ea1 vor.vv v2, v6, v3, v0.t
#3384 0 800001a2 70040397 r 07         f00401a2  auipc    t2, 0x70040
#3385 0 800001a6 15438393 r 07         f00402f6  addi     t2, t2, 340
#3386 0 800001aa 02038007 v 00 00000000000000000000000000000000bc15f911bcb8f2ca879d837c00000002 vle8.v v0, (t2)
#3387 0 800001ae 0e21a257 v 04 0000000000000000000000000000000000000000000000000000000000000086 vredxor.vs v4, v2, v3
#3388 0 800001b2 3a40bb57 v 16 0000000000000000000000000000000000000000000000000000000000008600 vslideup.vi v22, v4, 1
#3389 0 800001b6 296182d7 v 05 000000000000000000000000000000000000000000000000000000000000864b vor.vv v5, v22, v3, v0.t
#3390 0 800001ba 70040397 r 07         f00401ba  auipc    t2, 0x70040
#3391 0 800001be 13838393 r 07         f00402f2  addi     t2, t2, 312
#3392 0 800001c2 02038007 v 00 00000000000000000000000000000000bc15f911bcb8f2ca879d837c00000001 vle8.v v0, (t2)
#3393 0 800001c6     4e81 r 1d         00000000  c.li     t4, 0x0
#3394 0 800001c8 5e0ec157 v 02 000000000000000000000000000000000cd5b55d328bc87cef4c92c100000000 vmv.v.x v2, t4
#3395 0 800001cc 28610157 v 02 000000000000000000000000000000000cd5b55d328bc87cef4c92c1000000a1 vor.vv v2, v6, v2, v0.t
#3396 0 800001d0 70040397 r 07         f00401d0  auipc    t2, 0x70040
#3397 0 800001d4 12638393 r 07         f00402f6  addi     t2, t2, 294
#3398 0 800001d8 02038007 v 00 00000000000000000000000000000000bc15f911bcb8f2ca879d837c00000002 vle8.v v0, (t2)
#3399 0 800001dc     4e81 r 1d         00000000  c.li     t4, 0x0
#3400 0 800001de 5e0ec1d7 v 03 000000000000000000000000000000002329634cdfa8d510fc03e87800000000 vmv.v.x v3, t4
#3401 0 800001e2 28618157 v 02 000000000000000000000000000000000cd5b55d328bc87cef4c92c100004fa1 vor.vv v2, v6, v3, v0.t
#3402 0 800001e6 70040397 r 07         f00401e6  auipc    t2, 0x70040
#3403 0 800001ea 11438393 r 07         f00402fa  addi     t2, t2, 276
#3404 0 800001ee 02038007 v 00 00000000000000000000000000000000bc15f911bcb8f2ca879d837c00000004 vle8.v v0, (t2)
#3405 0 800001f2     4e81 r 1d         00000000  c.li     t4, 0x0
#3406 0 800001f4 5e0ec1d7 v 03 000000000000000000000000000000002329634cdfa8d510fc03e87800000000 vmv.v.x v3, t4
#3407 0 800001f8 28a18157 v 02 000000000000000000000000000000000cd5b55d328bc87cef4c92c1007a4fa1 vor.vv v2, v10, v3, v0.t
#3408 0 800001fc 70040397 r 07         f00401fc  auipc    t2, 0x70040
#3409 0 80000200 10238393 r 07         f00402fe  addi     t2, t2, 258
#3410 0 80000204 02038007 v 00 00000000000000000000000000000000bc15f911bcb8f2ca879d837c00000008 vle8.v v0, (t2)
#3411 0 80000208     4e81 r 1d         00000000  c.li     t4, 0x0
#3412 0 8000020a 5e0ec1d7 v 03 000000000000000000000000000000002329634cdfa8d510fc03e87800000000 vmv.v.x v3, t4
#3413 0 8000020e 29218157 v 02 000000000000000000000000000000000cd5b55d328bc87cef4c92c1197a4fa1 vor.vv v2, v18, v3, v0.t
#3414 0 80000212 70040397 r 07         f0040212  auipc    t2, 0x70040
#3415 0 80000216 0e838393 r 07         f00402fa  addi     t2, t2, 232
#3416 0 8000021a 02038007 v 00 00000000000000000000000000000000bc15f911bcb8f2ca879d837c00000004 vle8.v v0, (t2)
#3417 0 8000021e 0e21a257 v 04 000000000000000000000000000000000000000000000000000000000000008d vredxor.vs v4, v2, v3
#3418 0 80000222 3a413b57 v 16 00000000000000000000000000000000000000000000000000000000008d8600 vslideup.vi v22, v4, 2
#3419 0 80000226 296182d7 v 05 00000000000000000000000000000000000000000000000000000000008d864b vor.vv v5, v22, v3, v0.t
#3420 0 8000022a 70040397 r 07         f004022a  auipc    t2, 0x70040
#3421 0 8000022e 0c838393 r 07         f00402f2  addi     t2, t2, 200
#3422 0 80000232 02038007 v 00 00000000000000000000000000000000bc15f911bcb8f2ca879d837c00000001 vle8.v v0, (t2)
#3423 0 80000236     4e81 r 1d         00000000  c.li     t4, 0x0
#3424 0 80000238 5e0ec157 v 02 000000000000000000000000000000000cd5b55d328bc87cef4c92c100000000 vmv.v.x v2, t4
#3425 0 8000023c 29210157 v 02 000000000000000000000000000000000cd5b55d328bc87cef4c92c1000000f8 vor.vv v2, v18, v2, v0.t
#3426 0 80000240 70040397 r 07         f0040240  auipc    t2, 0x70040
#3427 0 80000244 0b638393 r 07         f00402f6  addi     t2, t2, 182
#3428 0 80000248 02038007 v 00 00000000000000000000000000000000bc15f911bcb8f2ca879d837c00000002 vle8.v v0, (t2)
#3429 0 8000024c     4e81 r 1d         00000000  c.li     t4, 0x0
#3430 0 8000024e 5e0ec1d7 v 03 000000000000000000000000000000002329634cdfa8d510fc03e87800000000 vmv.v.x v3, t4
#3431 0 80000252 28618157 v 02 000000000000000000000000000000000cd5b55d328bc87cef4c92c100004ff8 vor.vv v2, v6, v3, v0.t
#3432 0 80000256 70040397 r 07         f0040256  auipc    t2, 0x70040
#3433 0 8000025a 0a438393 r 07         f00402fa  addi     t2, t2, 164
#3434 0 8000025e 02038007 v 00 00000000000000000000000000000000bc15f911bcb8f2ca879d837c00000004 vle8.v v0, (t2)
#3435 0 80000262     4e81 r 1d         00000000  c.li     t4, 0x0
#3436 0 80000264 5e0ec1d7 v 03 000000000000000000000000000000002329634cdfa8d510fc03e87800000000 vmv.v.x v3, t4
#3437 0 80000268 28618157 v 02 000000000000000000000000000000000cd5b55d328bc87cef4c92c1003d4ff8 vor.vv v2, v6, v3, v0.t
#3438 0 8000026c 70040397 r 07         f004026c  auipc    t2, 0x70040
#3439 0 80000270 09238393 r 07         f00402fe  addi     t2, t2, 146
#3440 0 80000274 02038007 v 00 00000000000000000000000000000000bc15f911bcb8f2ca879d837c00000008 vle8.v v0, (t2)
#3441 0 80000278     4e81 r 1d         00000000  c.li     t4, 0x0
#3442 0 8000027a 5e0ec1d7 v 03 000000000000000000000000000000002329634cdfa8d510fc03e87800000000 vmv.v.x v3, t4
#3443 0 8000027e 28a18157 v 02 000000000000000000000000000000000cd5b55d328bc87cef4c92c1e73d4ff8 vor.vv v2, v10, v3, v0.t
#3444 0 80000282 0e21a257 v 04 000000000000000000000000000000000000000000000000000000000000006d vredxor.vs v4, v2, v3
#3445 0 80000286 3a41bb57 v 16 000000000000000000000000000000000000000000000000000000006d8d8600 vslideup.vi v22, v4, 3
#3446 0 8000028a 296182d7 v 05 000000000000000000000000000000000000000000000000000000006d8d864b vor.vv v5, v22, v3, v0.t
#3447 0 8000028e 020902a7 m f0040255   0000006d  vse8.v v5, (s2)
#3448 0 80000292     0911 r 12         f0040256  c.addi   s2, 0x4
#3449 0 80000294     0991 r 13         f004031e  c.addi   s3, 0x4
#3450 0 80000296     1ffd r 1f         00000003  c.addi   t6, -0x1
#3451 0 80000298 de0f9fe3 r 00         00000000  bne      t6, zero, . - 0x202
#3452 0 80000096     4e81 r 1d         00000000  c.li     t4, 0x0
#3453 0 80000098 5e0ec157 v 02 000000000000000000000000000000000cd5b55d328bc87cef4c92c100000000 vmv.v.x v2, t4
#3454 0 8000009c 5e0ec2d7 v 05 0000000000000000000000000000000000000000000000000000000000000000 vmv.v.x v5, t4
#3455 0 800000a0 5e0ec557 v 0a 0000000000000000000000000000000000000000000000000000000000000000 vmv.v.x v10, t4
#3456 0 800000a4 5e0ec757 v 0e 0000000000000000000000000000000000000000000000000000000000000000 vmv.v.x v14, t4
#3457 0 800000a8 5e0ec957 v 12 0000000000000000000000000000000000000000000000000000000000000000 vmv.v.x v18, t4
#3458 0 800000ac 5e0ecb57 v 16 0000000000000000000000000000000000000000000000000000000000000000 vmv.v.x v22, t4
#3459 0 800000b0 5e0ec0d7 v 01 000000000000000000000000000000000b06010c07020d08030e090400000000 vmv.v.x v1, t4
#3460 0 800000b4 02090307 v 06 00000000000000000000000000000000000000000000000000000000fc03e878 vle8.v v6, (s2)
#3461 0 800000b8 08000393 r 07         00000080  addi     t2, zero, 128
#3462 0 800000bc 5e03c0d7 v 01 000000000000000000000000000000000b06010c07020d08030e090480808080 vmv.v.x v1, t2
#3463 0 800000c0 26608757 v 0e 0000000000000000000000000000000000000000000000000000000080008000 vand.vv v14, v6, v1
#3464 0 800000c4 66e03057 v 00 00000000000000000000000000000000bc15f911bcb8f2ca879d837c0000000a vmsne.vi v0, v14, 0
#3465 0 800000c8 9660b557 v 0a 00000000000000000000000000000000000000000000000000000000f806d0f0 vsll.vi v10, v6, 1
#3466 0 800000cc     4e6d r 1c         0000001b  c.li     t3, 0x1b
#3467 0 800000ce 5e0e4157 v 02 000000000000000000000000000000000cd5b55d328bc87cef4c92c11b1b1b1b vmv.v.x v2, t3
#3468 0 800000d2 2ca10557 v 0a 00000000000000000000000000000000000000000000000000000000e306cbf0 vxor.vv v10, v10, v2, v0.t
#3469 0 800000d6 2ea30957 v 12 000000000000000000000000000000000000000000000000000000001f052388 vxor.vv v18, v10, v6
#3470 0 800000da 70040397 r 07         f00400da  auipc    t2, 0x70040
#3471 0 800000de 21838393 r 07         f00402f2  addi     t2, t2, 536
#3472 0 800000e2 02038007 v 00 00000000000000000000000000000000bc15f911bcb8f2ca879d837c00000001 vle8.v v0, (t2)
#3473 0 800000e6     4e81 r 1d         00000000  c.li     t4, 0x0
#3474 0 800000e8 5e0ec1d7 v 03 000000000000000000000000000000002329634cdfa8d510fc03e87800000000 vmv.v.x v3, t4
#3475 0 800000ec 5e0ec157 v 02 000000000000000000000000000000000cd5b55d328bc87cef4c92c100000000 vmv.v.x v2, t4
#3476 0 800000f0 28a18157 v 02 000000000000000000000000000000000cd5b55d328bc87cef4c92c1000000f0 vor.vv v2, v10, v3, v0.t
#3477 0 800000f4 70040397 r 07         f00400f4  auipc    t2, 0x70040
#3478 0 800000f8 20238393 r 07         f00402f6  addi     t2, t2, 514
#3479 0 800000fc 02038007 v 00 00000000000000000000000000000000bc15f911bcb8f2ca879d837c00000002 vle8.v v0, (t2)
#3480 0 80000100     4e81 r 1d         00000000  c.li     t4, 0x0
#3481 0 80000102 5e0ec1d7 v 03 000000000000000000000000000000002329634cdfa8d510fc03e87800000000 vmv.v.x v3, t4
#3482 0 80000106 29218157 v 02 000000000000000000000000000000000cd5b55d328bc87cef4c92c1000023f0 vor.vv v2, v18, v3, v0.t
#3483 0 8000010a 70040397 r 07         f004010a  auipc    t2, 0x70040
#3484 0 8000010e 1f038393 r 07         f00402fa  addi     t2, t2, 496
#3485 0 80000112 02038007 v 00 00000000000000000000000000000000bc15f911bcb8f2ca879d837c00000004 vle8.v v0, (t2)
#3486 0 80000116     4e81 r 1d         00000000  c.li     t4, 0x0
#3487 0 80000118 5e0ec1d7 v 03 000000000000000000000000000000002329634cdfa8d510fc03e87800000000 vmv.v.x v3, t4
#3488 0 8000011c 28618157 v 02 000000000000000000000000000000000cd5b55d328bc87cef4c92c1000323f0 vor.vv v2, v6, v3, v0.t
#3489 0 80000120 70040397 r 07         f0040120  auipc    t2, 0x70040
#3490 0 80000124 1de38393 r 07         f00402fe  addi     t2, t2, 478
#3491 0 80000128 02038007 v 00 00000000000000000000000000000000bc15f911bcb8f2ca879d837c00000008 vle8.v v0, (t2)
#3492 0 8000012c     4e81 r 1d         00000000  c.li     t4, 0x0
#3493 0 8000012e 5e0ec1d7 v 03 000000000000000000000000000000002329634cdfa8d510fc03e87800000000 vmv.v.x v3, t4
#3494 0 80000132 28618157 v 02 000000000000000000000000000000000cd5b55d328bc87cef4c92c1fc0323f0 vor.vv v2, v6, v3, v0.t
#3495 0 80000136 70040397 r 07         f0040136  auipc    t2, 0x70040
#3496 0 8000013a 1bc38393 r 07         f00402f2  addi     t2, t2, 444
#3497 0 8000013e 02038007 v 00 00000000000000000000000000000000bc15f911bcb8f2ca879d837c00000001 vle8.v v0, (t2)
#3498 0 80000142 0e21a257 v 04 000000000000000000000000000000000000000000000000000000000000002c vredxor.vs v4, v2, v3
#3499 0 80000146 284182d7 v 05 000000000000000000000000000000000000000000000000000000000000002c vor.vv v5, v4, v3, v0.t
#3500 0 8000014a 70040397 r 07         f004014a  auipc    t2, 0x70040
#3501 0 8000014e 1a838393 r 07         f00402f2  addi     t2, t2, 424
#3502 0 80000152 02038007 v 00 00000000000000000000000000000000bc15f911bcb8f2ca879d837c00000001 vle8.v v0, (t2)
#3503 0 80000156     4e81 r 1d         00000000  c.li     t4, 0x0
#3504 0 80000158 5e0ec157 v 02 000000000000000000000000000000000cd5b55d328bc87cef4c92c100000000 vmv.v.x v2, t4
#3505 0 8000015c 28610157 v 02 000000000000000000000000000000000cd5b55d328bc87cef4c92c100000078 vor.vv v2, v6, v2, v0.t
#3506 0 80000160 70040397 r 07         f0040160  auipc    t2, 0x70040
#3507 0 80000164 19638393 r 07         f00402f6  addi     t2, t2, 406
#3508 0 80000168 02038007 v 00 00000000000000000000000000000000bc15f911bcb8f2ca879d837c00000002 vle8.v v0, (t2)
#3509 0 8000016c     4e81 r 1d         00000000  c.li     t4, 0x0
#3510 0 8000016e 5e0ec1d7 v 03 000000000000000000000000000000002329634cdfa8d510fc03e87800000000 vmv.v.x v3, t4
#3511 0 80000172 28a18157 v 02 000000000000000000000000000000000cd5b55d328bc87cef4c92c10000cb78 vor.vv v2, v10, v3, v0.t
#3512 0 80000176 70040397 r 07         f0040176  auipc    t2, 0x70040
#3513 0 8000017a 18438393 r 07         f00402fa  addi     t2, t2, 388
#3514 0 8000017e 02038007 v 00 00000000000000000000000000000000bc15f911bcb8f2ca879d837c00000004 vle8.v v0, (t2)
#3515 0 80000182     4e81 r 1d         00000000  c.li     t4, 0x0
#3516 0 80000184 5e0ec1d7 v 03 000000000000000000000000000000002329634cdfa8d510fc03e87800000000 vmv.v.x v3, t4
#3517 0 80000188 29218157 v 02 000000000000000000000000000000000cd5b55d328bc87cef4c92c10005cb78 vor.vv v2, v18, v3, v0.t
#3518 0 8000018c 70040397 r 07         f004018c  auipc    t2, 0x70040
#3519 0 80000190 17238393 r 07         f00402fe  addi     t2, t2, 370
#3520 0 80000194 02038007 v 00 00000000000000000000000000000000bc15f911bcb8f2ca879d837c00000008 vle8.v v0, (t2)
#3521 0 80000198     4e81 r 1d         00000000  c.li     t4, 0x0
#3522 0 8000019a 5e0ec1d7 v 03 000000000000000000000000000000002329634cdfa8d510fc03e87800000000 vmv.v.x v3, t4
#3523 0 8000019e 28618157 v 02 000000000000000000000000000000000cd5b55d328bc87cef4c92c1fc05cb78 vor.vv v2, v6, v3, v0.t
#3524 0 800001a2 70040397 r 07         f00401a2  auipc    t2, 0x70040
#3525 0 800001a6 15438393 r 07         f00402f6  addi     t2, t2, 340
#3526 0 800001aa 02038007 v 00 00000000000000000000000000000000bc15f911bcb8f2ca879d837c00000002 vle8.v v0, (t2)
#3527 0 800001ae 0e21a257 v 04 000000000000000000000000000000000000000000000000000000000000004a vredxor.vs v4, v2, v3
#3528 0 800001b2 3a40bb57 v 16 0000000000000000000000000000000000000000000000000000000000004a00 vslideup.vi v22, v4, 1
#3529 0 800001b6 296182d7 v 05 0000000000000000000000000000000000000000000000000000000000004a2c vor.vv v5, v22, v3, v0.t
#3530 0 800001ba 70040397 r 07         f00401ba  auipc    t2, 0x70040
#3531 0 800001be 13838393 r 07         f00402f2  addi     t2, t2, 312
#3532 0 800001c2 02038007 v 00 00000000000000000000000000000000bc15f911bcb8f2ca879d837c00000001 vle8.v v0, (t2)
#3533 0 800001c6     4e81 r 1d         00000000  c.li     t4, 0x0
#3534 0 800001c8 5e0ec157 v 02 000000000000000000000000000000000cd5b55d328bc87cef4c92c100000000 vmv.v.x v2, t4
#3535 0 800001cc 28610157 v 02 000000000000000000000000000000000cd5b55d328bc87cef4c92c100000078 vor.vv v2, v6, v2, v0.t
#3536 0 800001d0 70040397 r 07         f00401d0  auipc    t2, 0x70040
#3537 0 800001d4 12638393 r 07         f00402f6  addi     t2, t2, 294
#3538 0 800001d8 02038007 v 00 00000000000000000000000000000000bc15f911bcb8f2ca879d837c00000002 vle8.v v0, (t2)
#3539 0 800001dc     4e81 r 1d         00000000  c.li     t4, 0x0
#3540 0 800001de 5e0ec1d7 v 03 000000000000000000000000000000002329634cdfa8d510fc03e87800000000 vmv.v.x v3, t4
#3541 0 800001e2 28618157 v 02 000000000000000000000000000000000cd5b55d328bc87cef4c92c10000e878 vor.vv v2, v6, v3, v0.t
#3542 0 800001e6 70040397 r 07         f00401e6  auipc    t2, 0x70040
#3543 0 800001ea 11438393 r 07         f00402fa  addi     t2, t2, 276
#3544 0 800001ee 02038007 v 00 00000000000000000000000000000000bc15f911bcb8f2ca879d837c00000004 vle8.v v0, (t2)
#3545 0 800001f2     4e81 r 1d         00000000  c.li     t4, 0x0
#3546 0 800001f4 5e0ec1d7 v 03 000000000000000000000000000000002329634cdfa8d510fc03e87800000000 vmv.v.x v3, t4
#3547 0 800001f8 28a18157 v 02 000000000000000000000000000000000cd5b55d328bc87cef4c92c10006e878 vor.vv v2, v10, v3, v0.t
#3548 0 800001fc 70040397 r 07         f00401fc  auipc    t2, 0x70040
#3549 0 80000200 10238393 r 07         f00402fe  addi     t2, t2, 258
#3550 0 80000204 02038007 v 00 00000000000000000000000000000000bc15f911bcb8f2ca879d837c00000008 vle8.v v0, (t2)
#3551 0 80000208     4e81 r 1d         00000000  c.li     t4, 0x0
#3552 0 8000020a 5e0ec1d7 v 03 000000000000000000000000000000002329634cdfa8d510fc03e87800000000 vmv.v.x v3, t4
#3553 0 8000020e 29218157 v 02 000000000000000000000000000000000cd5b55d328bc87cef4c92c11f06e878 vor.vv v2, v18, v3, v0.t
#3554 0 80000212 70040397 r 07         f0040212  auipc    t2, 0x70040
#3555 0 80000216 0e838393 r 07         f00402fa  addi     t2, t2, 232
#3556 0 8000021a 02038007 v 00 00000000000000000000000000000000bc15f911bcb8f2ca879d837c00000004 vle8.v v0, (t2)
#3557 0 8000021e 0e21a257 v 04 0000000000000000000000000000000000000000000000000000000000000089 vredxor.vs v4, v2, v3
#3558 0 80000222 3a413b57 v 16 0000000000000000000000000000000000000000000000000000000000894a00 vslideup.vi v22, v4, 2
#3559 0 80000226 296182d7 v 05 0000000000000000000000000000000000000000000000000000000000894a2c vor.vv v5, v22, v3, v0.t
#3560 0 8000022a 70040397 r 07         f004022a  auipc    t2, 0x70040
#3561 0 8000022e 0c838393 r 07         f00402f2  addi     t2, t2, 200
#3562 0 80000232 02038007 v 00 00000000000000000000000000000000bc15f911bcb8f2ca879d837c00000001 vle8.v v0, (t2)
#3563 0 80000236     4e81 r 1d         00000000  c.li     t4, 0x0
#3564 0 80000238 5e0ec157 v 02 000000000000000000000000000000000cd5b55d328bc87cef4c92c100000000 vmv.v.x v2, t4
#3565 0 8000023c 29210157 v 02 000000000000000000000000000000000cd5b55d328bc87cef4c92c100000088 vor.vv v2, v18, v2, v0.t
#3566 0 80000240 70040397 r 07         f0040240  auipc    t2, 0x70040
#3567 0 80000244 0b638393 r 07         f00402f6  addi     t2, t2, 182
#3568 0 80000248 02038007 v 00 00000000000000000000000000000000bc15f911bcb8f2ca879d837c00000002 vle8.v v0, (t2)
#3569 0 8000024c     4e81 r 1d         00000000  c.li     t4, 0x0
#3570 0 8000024e 5e0ec1d7 v 03 000000000000000000000000000000002329634cdfa8d510fc03e87800000000 vmv.v.x v3, t4
#3571 0 80000252 28618157 v 02 000000000000000000000000000000000cd5b55d328bc87cef4c92c10000e888 vor.vv v2, v6, v3, v0.t
#3572 0 80000256 70040397 r 07         f0040256  auipc    t2, 0x70040
#3573 0 8000025a 0a438393 r 07         f00402fa  addi     t2, t2, 164
#3574 0 8000025e 02038007 v 00 00000000000000000000000000000000bc15f911bcb8f2ca879d837c00000004 vle8.v v0, (t2)
#3575 0 80000262     4e81 r 1d         00000000  c.li     t4, 0x0
#3576 0 80000264 5e0ec1d7 v 03 000000000000000000000000000000002329634cdfa8d510fc03e87800000000 vmv.v.x v3, t4
#3577 0 80000268 28618157 v 02 000000000000000000000000000000000cd5b55d328bc87cef4c92c10003e888 vor.vv v2, v6, v3, v0.t
#3578 0 8000026c 70040397 r 07         f004026c  auipc    t2, 0x70040
#3579 0 80000270 09238393 r 07         f00402fe  addi     t2, t2, 146
#3580 0 80000274 02038007 v 00 00000000000000000000000000000000bc15f911bcb8f2ca879d837c00000008 vle8.v v0, (t2)
#3581 0 80000278     4e81 r 1d         00000000  c.li     t4, 0x0
#3582 0 8000027a 5e0ec1d7 v 03 000000000000000000000000000000002329634cdfa8d510fc03e87800000000 vmv.v.x v3, t4
#3583 0 8000027e 28a18157 v 02 000000000000000000000000000000000cd5b55d328bc87cef4c92c1e303e888 vor.vv v2, v10, v3, v0.t
#3584 0 80000282 0e21a257 v 04 0000000000000000000000000000000000000000000000000000000000000080 vredxor.vs v4, v2, v3
#3585 0 80000286 3a41bb57 v 16 0000000000000000000000000000000000000000000000000000000080894a00 vslideup.vi v22, v4, 3
#3586 0 8000028a 296182d7 v 05 0000000000000000000000000000000000000000000000000000000080894a2c vor.vv v5, v22, v3, v0.t
#3587 0 8000028e 020902a7 m f0040259   00000080  vse8.v v5, (s2)
#3588 0 80000292     0911 r 12         f004025a  c.addi   s2, 0x4
#3589 0 80000294     0991 r 13         f0040322  c.addi   s3, 0x4
#3590 0 80000296     1ffd r 1f         00000002  c.addi   t6, -0x1
#3591 0 80000298 de0f9fe3 r 00         00000000  bne      t6, zero, . - 0x202
#3592 0 80000096     4e81 r 1d         00000000  c.li     t4, 0x0
#3593 0 80000098 5e0ec157 v 02 000000000000000000000000000000000cd5b55d328bc87cef4c92c100000000 vmv.v.x v2, t4
#3594 0 8000009c 5e0ec2d7 v 05 0000000000000000000000000000000000000000000000000000000000000000 vmv.v.x v5, t4
#3595 0 800000a0 5e0ec557 v 0a 0000000000000000000000000000000000000000000000000000000000000000 vmv.v.x v10, t4
#3596 0 800000a4 5e0ec757 v 0e 0000000000000000000000000000000000000000000000000000000000000000 vmv.v.x v14, t4
#3597 0 800000a8 5e0ec957 v 12 0000000000000000000000000000000000000000000000000000000000000000 vmv.v.x v18, t4
#3598 0 800000ac 5e0ecb57 v 16 0000000000000000000000000000000000000000000000000000000000000000 vmv.v.x v22, t4
#3599 0 800000b0 5e0ec0d7 v 01 000000000000000000000000000000000b06010c07020d08030e090400000000 vmv.v.x v1, t4
#3600 0 800000b4 02090307 v 06 00000000000000000000000000000000000000000000000000000000dfa8d510 vle8.v v6, (s2)
#3601 0 800000b8 08000393 r 07         00000080  addi     t2, zero, 128
#3602 0 800000bc 5e03c0d7 v 01 000000000000000000000000000000000b06010c07020d08030e090480808080 vmv.v.x v1, t2
#3603 0 800000c0 26608757 v 0e 0000000000000000000000000000000000000000000000000000000080808000 vand.vv v14, v6, v1
#3604 0 800000c4 66e03057 v 00 00000000000000000000000000000000bc15f911bcb8f2ca879d837c0000000e vmsne.vi v0, v14, 0
#3605 0 800000c8 9660b557 v 0a 00000000000000000000000000000000000000000000000000000000be50aa20 vsll.vi v10, v6, 1
#3606 0 800000cc     4e6d r 1c         0000001b  c.li     t3, 0x1b
#3607 0 800000ce 5e0e4157 v 02 000000000000000000000000000000000cd5b55d328bc87cef4c92c11b1b1b1b vmv.v.x v2, t3
#3608 0 800000d2 2ca10557 v 0a 00000000000000000000000000000000000000000000000000000000a54bb120 vxor.vv v10, v10, v2, v0.t
#3609 0 800000d6 2ea30957 v 12 000000000000000000000000000000000000000000000000000000007ae36430 vxor.vv v18, v10, v6
#3610 0 800000da 70040397 r 07         f00400da  auipc    t2, 0x70040
#3611 0 800000de 21838393 r 07         f00402f2  addi     t2, t2, 536
#3612 0 800000e2 02038007 v 00 00000000000000000000000000000000bc15f911bcb8f2ca879d837c00000001 vle8.v v0, (t2)
#3613 0 800000e6     4e81 r 1d         00000000  c.li     t4, 0x0
#3614 0 800000e8 5e0ec1d7 v 03 000000000000000000000000000000002329634cdfa8d510fc03e87800000000 vmv.v.x v3, t4
#3615 0 800000ec 5e0ec157 v 02 000000000000000000000000000000000cd5b55d328bc87cef4c92c100000000 vmv.v.x v2, t4
#3616 0 800000f0 28a18157 v 02 000000000000000000000000000000000cd5b55d328bc87cef4c92c100000020 vor.vv v2, v10, v3, v0.t
#3617 0 800000f4 70040397 r 07         f00400f4  auipc    t2, 0x70040
#3618 0 800000f8 20238393 r 07         f00402f6  addi     t2, t2, 514
#3619 0 800000fc 02038007 v 00 00000000000000000000000000000000bc15f911bcb8f2ca879d837c00000002 vle8.v v0, (t2)
#3620 0 80000100     4e81 r 1d         00000000  c.li     t4, 0x0
#3621 0 80000102 5e0ec1d7 v 03 000000000000000000000000000000002329634cdfa8d510fc03e87800000000 vmv.v.x v3, t4
#3622 0 80000106 29218157 v 02 000000000000000000000000000000000cd5b55d328bc87cef4c92c100006420 vor.vv v2, v18, v3, v0.t
#3623 0 8000010a 70040397 r 07         f004010a  auipc    t2, 0x70040
#3624 0 8000010e 1f038393 r 07         f00402fa  addi     t2, t2, 496
#3625 0 80000112 02038007 v 00 00000000000000000000000000000000bc15f911bcb8f2ca879d837c00000004 vle8.v v0, (t2)
#3626 0 80000116     4e81 r 1d         00000000  c.li     t4, 0x0
#3627 0 80000118 5e0ec1d7 v 03 000000000000000000000000000000002329634cdfa8d510fc03e87800000000 vmv.v.x v3, t4
#3628 0 8000011c 28618157 v 02 000000000000000000000000000000000cd5b55d328bc87cef4c92c100a86420 vor.vv v2, v6, v3, v0.t
#3629 0 80000120 70040397 r 07         f0040120  auipc    t2, 0x70040
#3630 0 80000124 1de38393 r 07         f00402fe  addi     t2, t2, 478
#3631 0 80000128 02038007 v 00 00000000000000000000000000000000bc15f911bcb8f2ca879d837c00000008 vle8.v v0, (t2)
#3632 0 8000012c     4e81 r 1d         00000000  c.li     t4, 0x0
#3633 0 8000012e 5e0ec1d7 v 03 000000000000000000000000000000002329634cdfa8d510fc03e87800000000 vmv.v.x v3, t4
#3634 0 80000132 28618157 v 02 000000000000000000000000000000000cd5b55d328bc87cef4c92c1dfa86420 vor.vv v2, v6, v3, v0.t
#3635 0 80000136 70040397 r 07         f0040136  auipc    t2, 0x70040
#3636 0 8000013a 1bc38393 r 07         f00402f2  addi     t2, t2, 444
#3637 0 8000013e 02038007 v 00 00000000000000000000000000000000bc15f911bcb8f2ca879d837c00000001 vle8.v v0, (t2)
#3638 0 80000142 0e21a257 v 04 0000000000000000000000000000000000000000000000000000000000000033 vredxor.vs v4, v2, v3
#3639 0 80000146 284182d7 v 05 0000000000000000000000000000000000000000000000000000000000000033 vor.vv v5, v4, v3, v0.t
#3640 0 8000014a 70040397 r 07         f004014a  auipc    t2, 0x70040
#3641 0 8000014e 1a838393 r 07         f00402f2  addi     t2, t2, 424
#3642 0 80000152 02038007 v 00 00000000000000000000000000000000bc15f911bcb8f2ca879d837c00000001 vle8.v v0, (t2)
#3643 0 80000156     4e81 r 1d         00000000  c.li     t4, 0x0
#3644 0 80000158 5e0ec157 v 02 000000000000000000000000000000000cd5b55d328bc87cef4c92c100000000 vmv.v.x v2, t4
#3645 0 8000015c 28610157 v 02 000000000000000000000000000000000cd5b55d328bc87cef4c92c100000010 vor.vv v2, v6, v2, v0.t
#3646 0 80000160 70040397 r 07         f0040160  auipc    t2, 0x70040
#3647 0 80000164 19638393 r 07         f00402f6  addi     t2, t2, 406
#3648 0 80000168 02038007 v 00 00000000000000000000000000000000bc15f911bcb8f2ca879d837c00000002 vle8.v v0, (t2)
#3649 0 8000016c     4e81 r 1d         00000000  c.li     t4, 0x0
#3650 0 8000016e 5e0ec1d7 v 03 000000000000000000000000000000002329634cdfa8d510fc03e87800000000 vmv.v.x v3, t4
#3651 0 80000172 28a18157 v 02 000000000000000000000000000000000cd5b55d328bc87cef4c92c10000b110 vor.vv v2, v10, v3, v0.t
#3652 0 80000176 70040397 r 07         f0040176  auipc    t2, 0x70040
#3653 0 8000017a 18438393 r 07         f00402fa  addi     t2, t2, 388
#3654 0 8000017e 02038007 v 00 00000000000000000000000000000000bc15f911bcb8f2ca879d837c00000004 vle8.v v0, (t2)
#3655 0 80000182     4e81 r 1d         00000000  c.li     t4, 0x0
#3656 0 80000184 5e0ec1d7 v 03 000000000000000000000000000000002329634cdfa8d510fc03e87800000000 vmv.v.x v3, t4
#3657 0 80000188 29218157 v 02 000000000000000000000000000000000cd5b55d328bc87cef4c92c100e3b110 vor.vv v2, v18, v3, v0.t
#3658 0 8000018c 70040397 r 07         f004018c  auipc    t2, 0x70040
#3659 0 80000190 17238393 r 07         f00402fe  addi     t2, t2, 370
#3660 0 80000194 02038007 v 00 00000000000000000000000000000000bc15f911bcb8f2ca879d837c00000008 vle8.v v0, (t2)
#3661 0 80000198     4e81 r 1d         00000000  c.li     t4, 0x0
#3662 0 8000019a 5e0ec1d7 v 03 000000000000000000000000000000002329634cdfa8d510fc03e87800000000 vmv.v.x v3, t4
#3663 0 8000019e 28618157 v 02 000000000000000000000000000000000cd5b55d328bc87cef4c92c1dfe3b110 vor.vv v2, v6, v3, v0.t
#3664 0 800001a2 70040397 r 07         f00401a2  auipc    t2, 0x70040
#3665 0 800001a6 15438393 r 07         f00402f6  addi     t2, t2, 340
#3666 0 800001aa 02038007 v 00 00000000000000000000000000000000bc15f911bcb8f2ca879d837c00000002 vle8.v v0, (t2)
#3667 0 800001ae 0e21a257 v 04 000000000000000000000000000000000000000000000000000000000000009d vredxor.vs v4, v2, v3
#3668 0 800001b2 3a40bb57 v 16 0000000000000000000000000000000000000000000000000000000000009d00 vslideup.vi v22, v4, 1
#3669 0 800001b6 296182d7 v 05 0000000000000000000000000000000000000000000000000000000000009d33 vor.vv v5, v22, v3, v0.t
#3670 0 800001ba 70040397 r 07         f00401ba  auipc    t2, 0x70040
#3671 0 800001be 13838393 r 07         f00402f2  addi     t2, t2, 312
#3672 0 800001c2 02038007 v 00 00000000000000000000000000000000bc15f911bcb8f2ca879d837c00000001 vle8.v v0, (t2)
#3673 0 800001c6     4e81 r 1d         00000000  c.li     t4, 0x0
#3674 0 800001c8 5e0ec157 v 02 000000000000000000000000000000000cd5b55d328bc87cef4c92c100000000 vmv.v.x v2, t4
#3675 0 800001cc 28610157 v 02 000000000000000000000000000000000cd5b55d328bc87cef4c92c100000010 vor.vv v2, v6, v2, v0.t
#3676 0 800001d0 70040397 r 07         f00401d0  auipc    t2, 0x70040
#3677 0 800001d4 12638393 r 07         f00402f6  addi     t2, t2, 294
#3678 0 800001d8 02038007 v 00 00000000000000000000000000000000bc15f911bcb8f2ca879d837c00000002 vle8.v v0, (t2)
#3679 0 800001dc     4e81 r 1d         00000000  c.li     t4, 0x0
#3680 0 800001de 5e0ec1d7 v 03 000000000000000000000000000000002329634cdfa8d510fc03e87800000000 vmv.v.x v3, t4
#3681 0 800001e2 28618157 v 02 000000000000000000000000000000000cd5b55d328bc87cef4c92c10000d510 vor.vv v2, v6, v3, v0.t
#3682 0 800001e6 70040397 r 07         f00401e6  auipc    t2, 0x70040
#3683 0 800001ea 11438393 r 07         f00402fa  addi     t2, t2, 276
#3684 0 800001ee 02038007 v 00 00000000000000000000000000000000bc15f911bcb8f2ca879d837c00000004 vle8.v v0, (t2)
#3685 0 800001f2     4e81 r 1d         00000000  c.li     t4, 0x0
#3686 0 800001f4 5e0ec1d7 v 03 000000000000000000000000000000002329634cdfa8d510fc03e87800000000 vmv.v.x v3, t4
#3687 0 800001f8 28a18157 v 02 000000000000000000000000000000000cd5b55d328bc87cef4c92c1004bd510 vor.vv v2, v10, v3, v0.t
#3688 0 800001fc 70040397 r 07         f00401fc  auipc    t2, 0x70040
#3689 0 80000200 10238393 r 07         f00402fe  addi     t2, t2, 258
#3690 0 80000204 02038007 v 00 00000000000000000000000000000000bc15f911bcb8f2ca879d837c00000008 vle8.v v0, (t2)
#3691 0 80000208     4e81 r 1d         00000000  c.li     t4, 0x0
#3692 0 8000020a 5e0ec1d7 v 03 000000000000000000000000000000002329634cdfa8d510fc03e87800000000 vmv.v.x v3, t4
#3693 0 8000020e 29218157 v 02 000000000000000000000000000000000cd5b55d328bc87cef4c92c17a4bd510 vor.vv v2, v18, v3, v0.t
#3694 0 80000212 70040397 r 07         f0040212  auipc    t2, 0x70040
#3695 0 80000216 0e838393 r 07         f00402fa  addi     t2, t2, 232
#3696 0 8000021a 02038007 v 00 00000000000000000000000000000000bc15f911bcb8f2ca879d837c00000004 vle8.v v0, (t2)
#3697 0 8000021e 0e21a257 v 04 00000000000000000000000000000000000000000000000000000000000000f4 vredxor.vs v4, v2, v3
#3698 0 80000222 3a413b57 v 16 0000000000000000000000000000000000000000000000000000000000f49d00 vslideup.vi v22, v4, 2
#3699 0 80000226 296182d7 v 05 0000000000000000000000000000000000000000000000000000000000f49d33 vor.vv v5, v22, v3, v0.t
#3700 0 8000022a 70040397 r 07         f004022a  auipc    t2, 0x70040
#3701 0 8000022e 0c838393 r 07         f00402f2  addi     t2, t2, 200
#3702 0 80000232 02038007 v 00 00000000000000000000000000000000bc15f911bcb8f2ca879d837c00000001 vle8.v v0, (t2)
#3703 0 80000236     4e81 r 1d         00000000  c.li     t4, 0x0
#3704 0 80000238 5e0ec157 v 02 000000000000000000000000000000000cd5b55d328bc87cef4c92c100000000 vmv.v.x v2, t4
#3705 0 8000023c 29210157 v 02 000000000000000000000000000000000cd5b55d328bc87cef4c92c100000030 vor.vv v2, v18, v2, v0.t
#3706 0 80000240 70040397 r 07         f0040240  auipc    t2, 0x70040
#3707 0 80000244 0b638393 r 07         f00402f6  addi     t2, t2, 182
#3708 0 80000248 02038007 v 00 00000000000000000000000000000000bc15f911bcb8f2ca879d837c00000002 vle8.v v0, (t2)
#3709 0 8000024c     4e81 r 1d         00000000  c.li     t4, 0x0
#3710 0 8000024e 5e0ec1d7 v 03 000000000000000000000000000000002329634cdfa8d510fc03e87800000000 vmv.v.x v3, t4
#3711 0 80000252 28618157 v 02 000000000000000000000000000000000cd5b55d328bc87cef4c92c10000d530 vor.vv v2, v6, v3, v0.t
#3712 0 80000256 70040397 r 07         f0040256  auipc    t2, 0x70040
#3713 0 8000025a 0a438393 r 07         f00402fa  addi     t2, t2, 164
#3714 0 8000025e 02038007 v 00 00000000000000000000000000000000bc15f911bcb8f2ca879d837c00000004 vle8.v v0, (t2)
#3715 0 80000262     4e81 r 1d         00000000  c.li     t4, 0x0
#3716 0 80000264 5e0ec1d7 v 03 000000000000000000000000000000002329634cdfa8d510fc03e87800000000 vmv.v.x v3, t4
#3717 0 80000268 28618157 v 02 000000000000000000000000000000000cd5b55d328bc87cef4c92c100a8d530 vor.vv v2, v6, v3, v0.t
#3718 0 8000026c 70040397 r 07         f004026c  auipc    t2, 0x70040
#3719 0 80000270 09238393 r 07         f00402fe  addi     t2, t2, 146
#3720 0 80000274 02038007 v 00 00000000000000000000000000000000bc15f911bcb8f2ca879d837c00000008 vle8.v v0, (t2)
#3721 0 80000278     4e81 r 1d         00000000  c.li     t4, 0x0
#3722 0 8000027a 5e0ec1d7 v 03 000000000000000000000000000000002329634cdfa8d510fc03e87800000000 vmv.v.x v3, t4
#3723 0 8000027e 28a18157 v 02 000000000000000000000000000000000cd5b55d328bc87cef4c92c1a5a8d530 vor.vv v2, v10, v3, v0.t
#3724 0 80000282 0e21a257 v 04 00000000000000000000000000000000000000000000000000000000000000e8 vredxor.vs v4, v2, v3
#3725 0 80000286 3a41bb57 v 16 00000000000000000000000000000000000000000000000000000000e8f49d00 vslideup.vi v22, v4, 3
#3726 0 8000028a 296182d7 v 05 00000000000000000000000000000000000000000000000000000000e8f49d33 vor.vv v5, v22, v3, v0.t
#3727 0 8000028e 020902a7 m f004025d   000000e8  vse8.v v5, (s2)
#3728 0 80000292     0911 r 12         f004025e  c.addi   s2, 0x4
#3729 0 80000294     0991 r 13         f0040326  c.addi   s3, 0x4
#3730 0 80000296     1ffd r 1f         00000001  c.addi   t6, -0x1
#3731 0 80000298 de0f9fe3 r 00         00000000  bne      t6, zero, . - 0x202
#3732 0 80000096     4e81 r 1d         00000000  c.li     t4, 0x0
#3733 0 80000098 5e0ec157 v 02 000000000000000000000000000000000cd5b55d328bc87cef4c92c100000000 vmv.v.x v2, t4
#3734 0 8000009c 5e0ec2d7 v 05 0000000000000000000000000000000000000000000000000000000000000000 vmv.v.x v5, t4
#3735 0 800000a0 5e0ec557 v 0a 0000000000000000000000000000000000000000000000000000000000000000 vmv.v.x v10, t4
#3736 0 800000a4 5e0ec757 v 0e 0000000000000000000000000000000000000000000000000000000000000000 vmv.v.x v14, t4
#3737 0 800000a8 5e0ec957 v 12 0000000000000000000000000000000000000000000000000000000000000000 vmv.v.x v18, t4
#3738 0 800000ac 5e0ecb57 v 16 0000000000000000000000000000000000000000000000000000000000000000 vmv.v.x v22, t4
#3739 0 800000b0 5e0ec0d7 v 01 000000000000000000000000000000000b06010c07020d08030e090400000000 vmv.v.x v1, t4
#3740 0 800000b4 02090307 v 06 000000000000000000000000000000000000000000000000000000002329634c vle8.v v6, (s2)
#3741 0 800000b8 08000393 r 07         00000080  addi     t2, zero, 128
#3742 0 800000bc 5e03c0d7 v 01 000000000000000000000000000000000b06010c07020d08030e090480808080 vmv.v.x v1, t2
#3743 0 800000c0 26608757 v 0e 0000000000000000000000000000000000000000000000000000000000000000 vand.vv v14, v6, v1
#3744 0 800000c4 66e03057 v 00 00000000000000000000000000000000bc15f911bcb8f2ca879d837c00000000 vmsne.vi v0, v14, 0
#3745 0 800000c8 9660b557 v 0a 000000000000000000000000000000000000000000000000000000004652c698 vsll.vi v10, v6, 1
#3746 0 800000cc     4e6d r 1c         0000001b  c.li     t3, 0x1b
#3747 0 800000ce 5e0e4157 v 02 000000000000000000000000000000000cd5b55d328bc87cef4c92c11b1b1b1b vmv.v.x v2, t3
#3748 0 800000d2 2ca10557 v 0a 000000000000000000000000000000000000000000000000000000004652c698 vxor.vv v10, v10, v2, v0.t
#3749 0 800000d6 2ea30957 v 12 00000000000000000000000000000000000000000000000000000000657ba5d4 vxor.vv v18, v10, v6
#3750 0 800000da 70040397 r 07         f00400da  auipc    t2, 0x70040
#3751 0 800000de 21838393 r 07         f00402f2  addi     t2, t2, 536
#3752 0 800000e2 02038007 v 00 00000000000000000000000000000000bc15f911bcb8f2ca879d837c00000001 vle8.v v0, (t2)
#3753 0 800000e6     4e81 r 1d         00000000  c.li     t4, 0x0
#3754 0 800000e8 5e0ec1d7 v 03 000000000000000000000000000000002329634cdfa8d510fc03e87800000000 vmv.v.x v3, t4
#3755 0 800000ec 5e0ec157 v 02 000000000000000000000000000000000cd5b55d328bc87cef4c92c100000000 vmv.v.x v2, t4
#3756 0 800000f0 28a18157 v 02 000000000000000000000000000000000cd5b55d328bc87cef4c92c100000098 vor.vv v2, v10, v3, v0.t
#3757 0 800000f4 70040397 r 07         f00400f4  auipc    t2, 0x70040
#3758 0 800000f8 20238393 r 07         f00402f6  addi     t2, t2, 514
#3759 0 800000fc 02038007 v 00 00000000000000000000000000000000bc15f911bcb8f2ca879d837c00000002 vle8.v v0, (t2)
#3760 0 80000100     4e81 r 1d         00000000  c.li     t4, 0x0
#3761 0 80000102 5e0ec1d7 v 03 000000000000000000000000000000002329634cdfa8d510fc03e87800000000 vmv.v.x v3, t4
#3762 0 80000106 29218157 v 02 000000000000000000000000000000000cd5b55d328bc87cef4c92c10000a598 vor.vv v2, v18, v3, v0.t
#3763 0 8000010a 70040397 r 07         f004010a  auipc    t2, 0x70040
#3764 0 8000010e 1f038393 r 07         f00402fa  addi     t2, t2, 496
#3765 0 80000112 02038007 v 00 00000000000000000000000000000000bc15f911bcb8f2ca879d837c00000004 vle8.v v0, (t2)
#3766 0 80000116     4e81 r 1d         00000000  c.li     t4, 0x0
#3767 0 80000118 5e0ec1d7 v 03 000000000000000000000000000000002329634cdfa8d510fc03e87800000000 vmv.v.x v3, t4
#3768 0 8000011c 28618157 v 02 000000000000000000000000000000000cd5b55d328bc87cef4c92c10029a598 vor.vv v2, v6, v3, v0.t
#3769 0 80000120 70040397 r 07         f0040120  auipc    t2, 0x70040
#3770 0 80000124 1de38393 r 07         f00402fe  addi     t2, t2, 478
#3771 0 80000128 02038007 v 00 00000000000000000000000000000000bc15f911bcb8f2ca879d837c00000008 vle8.v v0, (t2)
#3772 0 8000012c     4e81 r 1d         00000000  c.li     t4, 0x0
#3773 0 8000012e 5e0ec1d7 v 03 000000000000000000000000000000002329634cdfa8d510fc03e87800000000 vmv.v.x v3, t4
#3774 0 80000132 28618157 v 02 000000000000000000000000000000000cd5b55d328bc87cef4c92c12329a598 vor.vv v2, v6, v3, v0.t
#3775 0 80000136 70040397 r 07         f0040136  auipc    t2, 0x70040
#3776 0 8000013a 1bc38393 r 07         f00402f2  addi     t2, t2, 444
#3777 0 8000013e 02038007 v 00 00000000000000000000000000000000bc15f911bcb8f2ca879d837c00000001 vle8.v v0, (t2)
#3778 0 80000142 0e21a257 v 04 0000000000000000000000000000000000000000000000000000000000000037 vredxor.vs v4, v2, v3
#3779 0 80000146 284182d7 v 05 0000000000000000000000000000000000000000000000000000000000000037 vor.vv v5, v4, v3, v0.t
#3780 0 8000014a 70040397 r 07         f004014a  auipc    t2, 0x70040
#3781 0 8000014e 1a838393 r 07         f00402f2  addi     t2, t2, 424
#3782 0 80000152 02038007 v 00 00000000000000000000000000000000bc15f911bcb8f2ca879d837c00000001 vle8.v v0, (t2)
#3783 0 80000156     4e81 r 1d         00000000  c.li     t4, 0x0
#3784 0 80000158 5e0ec157 v 02 000000000000000000000000000000000cd5b55d328bc87cef4c92c100000000 vmv.v.x v2, t4
#3785 0 8000015c 28610157 v 02 000000000000000000000000000000000cd5b55d328bc87cef4c92c10000004c vor.vv v2, v6, v2, v0.t
#3786 0 80000160 70040397 r 07         f0040160  auipc    t2, 0x70040
#3787 0 80000164 19638393 r 07         f00402f6  addi     t2, t2, 406
#3788 0 80000168 02038007 v 00 00000000000000000000000000000000bc15f911bcb8f2ca879d837c00000002 vle8.v v0, (t2)
#3789 0 8000016c     4e81 r 1d         00000000  c.li     t4, 0x0
#3790 0 8000016e 5e0ec1d7 v 03 000000000000000000000000000000002329634cdfa8d510fc03e87800000000 vmv.v.x v3, t4
#3791 0 80000172 28a18157 v 02 000000000000000000000000000000000cd5b55d328bc87cef4c92c10000c64c vor.vv v2, v10, v3, v0.t
#3792 0 80000176 70040397 r 07         f0040176  auipc    t2, 0x70040
#3793 0 8000017a 18438393 r 07         f00402fa  addi     t2, t2, 388
#3794 0 8000017e 02038007 v 00 00000000000000000000000000000000bc15f911bcb8f2ca879d837c00000004 vle8.v v0, (t2)
#3795 0 80000182     4e81 r 1d         00000000  c.li     t4, 0x0
#3796 0 80000184 5e0ec1d7 v 03 000000000000000000000000000000002329634cdfa8d510fc03e87800000000 vmv.v.x v3, t4
#3797 0 80000188 29218157 v 02 000000000000000000000000000000000cd5b55d328bc87cef4c92c1007bc64c vor.vv v2, v18, v3, v0.t
#3798 0 8000018c 70040397 r 07         f004018c  auipc    t2, 0x70040
#3799 0 80000190 17238393 r 07         f00402fe  addi     t2, t2, 370
#3800 0 80000194 02038007 v 00 00000000000000000000000000000000bc15f911bcb8f2ca879d837c00000008 vle8.v v0, (t2)
#3801 0 80000198     4e81 r 1d         00000000  c.li     t4, 0x0
#3802 0 8000019a 5e0ec1d7 v 03 000000000000000000000000000000002329634cdfa8d510fc03e87800000000 vmv.v.x v3, t4
#3803 0 8000019e 28618157 v 02 000000000000000000000000000000000cd5b55d328bc87cef4c92c1237bc64c vor.vv v2, v6, v3, v0.t
#3804 0 800001a2 70040397 r 07         f00401a2  auipc    t2, 0x70040
#3805 0 800001a6 15438393 r 07         f00402f6  addi     t2, t2, 340
#3806 0 800001aa 02038007 v 00 00000000000000000000000000000000bc15f911bcb8f2ca879d837c00000002 vle8.v v0, (t2)
#3807 0 800001ae 0e21a257 v 04 00000000000000000000000000000000000000000000000000000000000000d2 vredxor.vs v4, v2, v3
#3808 0 800001b2 3a40bb57 v 16 000000000000000000000000000000000000000000000000000000000000d200 vslideup.vi v22, v4, 1
#3809 0 800001b6 296182d7 v 05 000000000000000000000000000000000000000000000000000000000000d237 vor.vv v5, v22, v3, v0.t
#3810 0 800001ba 70040397 r 07         f00401ba  auipc    t2, 0x70040
#3811 0 800001be 13838393 r 07         f00402f2  addi     t2, t2, 312
#3812 0 800001c2 02038007 v 00 00000000000000000000000000000000bc15f911bcb8f2ca879d837c00000001 vle8.v v0, (t2)
#3813 0 800001c6     4e81 r 1d         00000000  c.li     t4, 0x0
#3814 0 800001c8 5e0ec157 v 02 000000000000000000000000000000000cd5b55d328bc87cef4c92c100000000 vmv.v.x v2, t4
#3815 0 800001cc 28610157 v 02 000000000000000000000000000000000cd5b55d328bc87cef4c92c10000004c vor.vv v2, v6, v2, v0.t
#3816 0 800001d0 70040397 r 07         f00401d0  auipc    t2, 0x70040
#3817 0 800001d4 12638393 r 07         f00402f6  addi     t2, t2, 294
#3818 0 800001d8 02038007 v 00 00000000000000000000000000000000bc15f911bcb8f2ca879d837c00000002 vle8.v v0, (t2)
#3819 0 800001dc     4e81 r 1d         00000000  c.li     t4, 0x0
#3820 0 800001de 5e0ec1d7 v 03 000000000000000000000000000000002329634cdfa8d510fc03e87800000000 vmv.v.x v3, t4
#3821 0 800001e2 28618157 v 02 000000000000000000000000000000000cd5b55d328bc87cef4c92c10000634c vor.vv v2, v6, v3, v0.t
#3822 0 800001e6 70040397 r 07         f00401e6  auipc    t2, 0x70040
#3823 0 800001ea 11438393 r 07         f00402fa  addi     t2, t2, 276
#3824 0 800001ee 02038007 v 00 00000000000000000000000000000000bc15f911bcb8f2ca879d837c00000004 vle8.v v0, (t2)
#3825 0 800001f2     4e81 r 1d         00000000  c.li     t4, 0x0
#3826 0 800001f4 5e0ec1d7 v 03 000000000000000000000000000000002329634cdfa8d510fc03e87800000000 vmv.v.x v3, t4
#3827 0 800001f8 28a18157 v 02 000000000000000000000000000000000cd5b55d328bc87cef4c92c10052634c vor.vv v2, v10, v3, v0.t
#3828 0 800001fc 70040397 r 07         f00401fc  auipc    t2, 0x70040
#3829 0 80000200 10238393 r 07         f00402fe  addi     t2, t2, 258
#3830 0 80000204 02038007 v 00 00000000000000000000000000000000bc15f911bcb8f2ca879d837c00000008 vle8.v v0, (t2)
#3831 0 80000208     4e81 r 1d         00000000  c.li     t4, 0x0
#3832 0 8000020a 5e0ec1d7 v 03 000000000000000000000000000000002329634cdfa8d510fc03e87800000000 vmv.v.x v3, t4
#3833 0 8000020e 29218157 v 02 000000000000000000000000000000000cd5b55d328bc87cef4c92c16552634c vor.vv v2, v18, v3, v0.t
#3834 0 80000212 70040397 r 07         f0040212  auipc    t2, 0x70040
#3835 0 80000216 0e838393 r 07         f00402fa  addi     t2, t2, 232
#3836 0 8000021a 02038007 v 00 00000000000000000000000000000000bc15f911bcb8f2ca879d837c00000004 vle8.v v0, (t2)
#3837 0 8000021e 0e21a257 v 04 0000000000000000000000000000000000000000000000000000000000000018 vredxor.vs v4, v2, v3
#3838 0 80000222 3a413b57 v 16 000000000000000000000000000000000000000000000000000000000018d200 vslideup.vi v22, v4, 2
#3839 0 80000226 296182d7 v 05 000000000000000000000000000000000000000000000000000000000018d237 vor.vv v5, v22, v3, v0.t
#3840 0 8000022a 70040397 r 07         f004022a  auipc    t2, 0x70040
#3841 0 8000022e 0c838393 r 07         f00402f2  addi     t2, t2, 200
#3842 0 80000232 02038007 v 00 00000000000000000000000000000000bc15f911bcb8f2ca879d837c00000001 vle8.v v0, (t2)
#3843 0 80000236     4e81 r 1d         00000000  c.li     t4, 0x0
#3844 0 80000238 5e0ec157 v 02 000000000000000000000000000000000cd5b55d328bc87cef4c92c100000000 vmv.v.x v2, t4
#3845 0 8000023c 29210157 v 02 000000000000000000000000000000000cd5b55d328bc87cef4c92c1000000d4 vor.vv v2, v18, v2, v0.t
#3846 0 80000240 70040397 r 07         f0040240  auipc    t2, 0x70040
#3847 0 80000244 0b638393 r 07         f00402f6  addi     t2, t2, 182
#3848 0 80000248 02038007 v 00 00000000000000000000000000000000bc15f911bcb8f2ca879d837c00000002 vle8.v v0, (t2)
#3849 0 8000024c     4e81 r 1d         00000000  c.li     t4, 0x0
#3850 0 8000024e 5e0ec1d7 v 03 000000000000000000000000000000002329634cdfa8d510fc03e87800000000 vmv.v.x v3, t4
#3851 0 80000252 28618157 v 02 000000000000000000000000000000000cd5b55d328bc87cef4c92c1000063d4 vor.vv v2, v6, v3, v0.t
#3852 0 80000256 70040397 r 07         f0040256  auipc    t2, 0x70040
#3853 0 8000025a 0a438393 r 07         f00402fa  addi     t2, t2, 164
#3854 0 8000025e 02038007 v 00 00000000000000000000000000000000bc15f911bcb8f2ca879d837c00000004 vle8.v v0, (t2)
#3855 0 80000262     4e81 r 1d         00000000  c.li     t4, 0x0
#3856 0 80000264 5e0ec1d7 v 03 000000000000000000000000000000002329634cdfa8d510fc03e87800000000 vmv.v.x v3, t4
#3857 0 80000268 28618157 v 02 000000000000000000000000000000000cd5b55d328bc87cef4c92c1002963d4 vor.vv v2, v6, v3, v0.t
#3858 0 8000026c 70040397 r 07         f004026c  auipc    t2, 0x70040
#3859 0 80000270 09238393 r 07         f00402fe  addi     t2, t2, 146
#3860 0 80000274 02038007 v 00 00000000000000000000000000000000bc15f911bcb8f2ca879d837c00000008 vle8.v v0, (t2)
#3861 0 80000278     4e81 r 1d         00000000  c.li     t4, 0x0
#3862 0 8000027a 5e0ec1d7 v 03 000000000000000000000000000000002329634cdfa8d510fc03e87800000000 vmv.v.x v3, t4
#3863 0 8000027e 28a18157 v 02 000000000000000000000000000000000cd5b55d328bc87cef4c92c1462963d4 vor.vv v2, v10, v3, v0.t
#3864 0 80000282 0e21a257 v 04 00000000000000000000000000000000000000000000000000000000000000d8 vredxor.vs v4, v2, v3
#3865 0 80000286 3a41bb57 v 16 00000000000000000000000000000000000000000000000000000000d818d200 vslideup.vi v22, v4, 3
#3866 0 8000028a 296182d7 v 05 00000000000000000000000000000000000000000000000000000000d818d237 vor.vv v5, v22, v3, v0.t
#3867 0 8000028e 020902a7 m f0040261   000000d8  vse8.v v5, (s2)
#3868 0 80000292     0911 r 12         f0040262  c.addi   s2, 0x4
#3869 0 80000294     0991 r 13         f004032a  c.addi   s3, 0x4
#3870 0 80000296     1ffd r 1f         00000000  c.addi   t6, -0x1
#3871 0 80000298 de0f9fe3 r 00         00000000  bne      t6, zero, . - 0x202
#3872 0 8000029c 70040917 r 12         f004029c  auipc    s2, 0x70040
#3873 0 800002a0 fa690913 r 12         f0040242  addi     s2, s2, -90
#3874 0 800002a4 70040997 r 13         f00402a4  auipc    s3, 0x70040
#3875 0 800002a8 d9e98993 r 13         f0040042  addi     s3, s3, -610
#3876 0 800002ac 70040a17 r 14         f00402ac  auipc    s4, 0x70040
#3877 0 800002b0 d8ca0a13 r 14         f0040038  addi     s4, s4, -628
#3878 0 800002b4     4291 r 05         00000004  c.li     t0, 0x4
#3879 0 800002b6 70040497 r 09         f00402b6  auipc    s1, 0x70040
#3880 0 800002ba e8c48493 r 09         f0040142  addi     s1, s1, -372
#3881 0 800002be 0002f2d7 r 05         00000004  vsetvli t0, t0, e8,m1,tu,mu  +
#3881 0 800002be 0002f2d7 c 0c20       00000004  vsetvli t0, t0, e8,m1,tu,mu  +
#3881 0 800002be 0002f2d7 c 0c21       00000000  vsetvli t0, t0, e8,m1,tu,mu
#3882 0 800002c2 02090307 v 06 00000000000000000000000000000000000000000000000000000000f8c6d1d4 vle8.v v6, (s2)
#3883 0 800002c6     0911 r 12         f0040246  c.addi   s2, 0x4
#3884 0 800002c8 02090387 v 07 00000000000000000000000000000000000000000000000000000000879d837c vle8.v v7, (s2)
#3885 0 800002cc     0911 r 12         f004024a  c.addi   s2, 0x4
#3886 0 800002ce 02090407 v 08 00000000000000000000000000000000000000000000000000000000bcb8f2ca vle8.v v8, (s2)
#3887 0 800002d2     0911 r 12         f004024e  c.addi   s2, 0x4
#3888 0 800002d4 02090487 v 09 00000000000000000000000000000000000000000000000000000000bc15f911 vle8.v v9, (s2)
#3889 0 800002d8     1951 r 12         f0040242  c.addi   s2, -0xc
#3890 0 800002da 0002f2d7 r 05         00000004  vsetvli t0, t0, e8,m1,tu,mu  +
#3890 0 800002da 0002f2d7 c 0c20       00000004  vsetvli t0, t0, e8,m1,tu,mu  +
#3890 0 800002da 0002f2d7 c 0c21       00000000  vsetvli t0, t0, e8,m1,tu,mu
#3891 0 800002de 70040e17 r 1c         f00402de  auipc    t3, 0x70040
#3892 0 800002e2 ff4e0e13 r 1c         f00402d2  addi     t3, t3, -12
#3893 0 800002e6 70040e97 r 1d         f00402e6  auipc    t4, 0x70040
#3894 0 800002ea 01ce8e93 r 1d         f0040302  addi     t4, t4, 28
#3895 0 800002ee 020e0007 v 00 00000000000000000000000000000000bc15f911bcb8f2ca879d837c00030201 vle8.v v0, (t3)
#3896 0 800002f2 020e84a7 m f0040305   000000bc  vse8.v v9, (t4)
#3897 0 800002f6 060e8507 v 0a 0000000000000000000000000000000000000000000000000000000011bc15f9 vluxei8.v v10, (t4), v0
#3898 0 800002fa 70040997 r 13         f00402fa  auipc    s3, 0x70040
#3899 0 800002fe d4898993 r 13         f0040042  addi     s3, s3, -696
#3900 0 80000302 06a98507 v 0a 0000000000000000000000000000000000000000000000000000000082655999 vluxei8.v v10, (s3), v10
#3901 0 80000306 2e650357 v 06 000000000000000000000000000000000000000000000000000000007aa3884d vxor.vv v6, v6, v10
#3902 0 8000030a     4285 r 05         00000001  c.li     t0, 0x1
#3903 0 8000030c 0002f2d7 r 05         00000001  vsetvli t0, t0, e8,m1,tu,mu  +
#3903 0 8000030c 0002f2d7 c 0c20       00000001  vsetvli t0, t0, e8,m1,tu,mu  +
#3903 0 8000030c 0002f2d7 c 0c21       00000000  vsetvli t0, t0, e8,m1,tu,mu
#3904 0 80000310 70040a17 r 14         f0040310  auipc    s4, 0x70040
#3905 0 80000314 d28a0a13 r 14         f0040038  addi     s4, s4, -728
#3906 0 80000318     9a6e r 14         f004003d  c.add    s4, s11
#3907 0 8000031a     0d85 r 1b         00000006  c.addi   s11, 0x1
#3908 0 8000031c 020a0f07 v 1e 0000000000000000000000000000000000000000000000000000000000000020 vle8.v v30, (s4)
#3909 0 80000320     4291 r 05         00000004  c.li     t0, 0x4
#3910 0 80000322 0002f2d7 r 05         00000004  vsetvli t0, t0, e8,m1,tu,mu  +
#3910 0 80000322 0002f2d7 c 0c20       00000004  vsetvli t0, t0, e8,m1,tu,mu  +
#3910 0 80000322 0002f2d7 c 0c21       00000000  vsetvli t0, t0, e8,m1,tu,mu
#3911 0 80000326 2e6f0357 v 06 000000000000000000000000000000000000000000000000000000007aa3886d vxor.vv v6, v6, v30
#3912 0 8000032a     0a05 r 14         f004003e  c.addi   s4, 0x1
#3913 0 8000032c 2e7303d7 v 07 00000000000000000000000000000000000000000000000000000000fd3e0b11 vxor.vv v7, v7, v6
#3914 0 80000330 2e838457 v 08 000000000000000000000000000000000000000000000000000000004186f9db vxor.vv v8, v8, v7
#3915 0 80000334 2e9404d7 v 09 00000000000000000000000000000000000000000000000000000000fd9300ca vxor.vv v9, v9, v8
#3916 0 80000338 70040917 r 12         f0040338  auipc    s2, 0x70040
#3917 0 8000033c f0a90913 r 12         f0040242  addi     s2, s2, -246
#3918 0 80000340     4291 r 05         00000004  c.li     t0, 0x4
#3919 0 80000342 0002f2d7 r 05         00000004  vsetvli t0, t0, e8,m1,tu,mu  +
#3919 0 80000342 0002f2d7 c 0c20       00000004  vsetvli t0, t0, e8,m1,tu,mu  +
#3919 0 80000342 0002f2d7 c 0c21       00000000  vsetvli t0, t0, e8,m1,tu,mu
#3920 0 80000346 02090327 m f0040245   0000007a  vse8.v v6, (s2)
#3921 0 8000034a     0911 r 12         f0040246  c.addi   s2, 0x4
#3922 0 8000034c 020903a7 m f0040249   000000fd  vse8.v v7, (s2)
#3923 0 80000350     0911 r 12         f004024a  c.addi   s2, 0x4
#3924 0 80000352 02090427 m f004024d   00000041  vse8.v v8, (s2)
#3925 0 80000356     0911 r 12         f004024e  c.addi   s2, 0x4
#3926 0 80000358 020904a7 m f0040251   000000fd  vse8.v v9, (s2)
#3927 0 8000035c 70040a97 r 15         f004035c  auipc    s5, 0x70040
#3928 0 80000360 ef6a8a93 r 15         f0040252  addi     s5, s5, -266
#3929 0 80000364 70040917 r 12         f0040364  auipc    s2, 0x70040
#3930 0 80000368 ede90913 r 12         f0040242  addi     s2, s2, -290
#3931 0 8000036c     42c1 r 05         00000010  c.li     t0, 0x10
#3932 0 8000036e 0002f2d7 r 05         00000010  vsetvli t0, t0, e8,m1,tu,mu  +
#3932 0 8000036e 0002f2d7 c 0c20       00000010  vsetvli t0, t0, e8,m1,tu,mu  +
#3932 0 8000036e 0002f2d7 c 0c21       00000000  vsetvli t0, t0, e8,m1,tu,mu
#3933 0 80000372 02090007 v 00 00000000000000000000000000000000fd9300ca4186f9dbfd3e0b117aa3886d vle8.v v0, (s2)
#3934 0 80000376 020a8087 v 01 00000000000000000000000000000000d818d237e8f49d3380894a2c6d8d864b vle8.v v1, (s5)
#3935 0 8000037a 2e100157 v 02 00000000000000000000000000000000258bd2fda97264e87db7413d172e0e26 vxor.vv v2, v1, v0
#3936 0 8000037e 020a8127 m f0040261   00000025  vse8.v v2, (s5)
#3937 0 80000382     137d r 06         00000003  c.addi   t1, -0x1
#3938 0 80000384 ca0317e3 r 00         00000000  bne      t1, zero, . - 0x352
#3939 0 80000032 70040a17 r 14         f0040032  auipc    s4, 0x70040
#3940 0 80000036 fcea0a13 r 14         f0040000  addi     s4, s4, -50
#3941 0 8000003a 70040997 r 13         f004003a  auipc    s3, 0x70040
#3942 0 8000003e 00898993 r 13         f0040042  addi     s3, s3, 8
#3943 0 80000042 70040a97 r 15         f0040042  auipc    s5, 0x70040
#3944 0 80000046 210a8a93 r 15         f0040252  addi     s5, s5, 528
#3945 0 8000004a     42c1 r 05         00000010  c.li     t0, 0x10
#3946 0 8000004c 0002f2d7 r 05         00000010  vsetvli t0, t0, e8,m1,tu,mu  +
#3946 0 8000004c 0002f2d7 c 0c20       00000010  vsetvli t0, t0, e8,m1,tu,mu  +
#3946 0 8000004c 0002f2d7 c 0c21       00000000  vsetvli t0, t0, e8,m1,tu,mu
#3947 0 80000050 020a8107 v 02 00000000000000000000000000000000258bd2fda97264e87db7413d172e0e26 vle8.v v2, (s5)
#3948 0 80000054 06298187 v 03 000000000000000000000000000000003f3db554d340439bffa98327f031abf7 vluxei8.v v3, (s3), v2
#3949 0 80000058 020a81a7 m f0040261   0000003f  vse8.v v3, (s5)
#3950 0 8000005c     42c1 r 05         00000010  c.li     t0, 0x10
#3951 0 8000005e 70040497 r 09         f004005e  auipc    s1, 0x70040
#3952 0 80000062 1f448493 r 09         f0040252  addi     s1, s1, 500
#3953 0 80000066 70040917 r 12         f0040066  auipc    s2, 0x70040
#3954 0 8000006a 27090913 r 12         f00402d6  addi     s2, s2, 624
#3955 0 8000006e 0002f2d7 r 05         00000010  vsetvli t0, t0, e8,m1,tu,mu  +
#3955 0 8000006e 0002f2d7 c 0c20       00000010  vsetvli t0, t0, e8,m1,tu,mu  +
#3955 0 8000006e 0002f2d7 c 0c21       00000000  vsetvli t0, t0, e8,m1,tu,mu
#3956 0 80000072 02090087 v 01 000000000000000000000000000000000b06010c07020d08030e09040f0a0500 vle8.v v1, (s2)
#3957 0 80000076 06148187 v 03 00000000000000000000000000000000d3a9ab54ff31b59bf03d43273f4083f7 vluxei8.v v3, (s1), v1
#3958 0 8000007a 020481a7 m f0040261   000000d3  vse8.v v3, (s1)
#3959 0 8000007e 70040917 r 12         f004007e  auipc    s2, 0x70040
#3960 0 80000082 1d490913 r 12         f0040252  addi     s2, s2, 468
#3961 0 80000086     4291 r 05         00000004  c.li     t0, 0x4
#3962 0 80000088 0002f2d7 r 05         00000004  vsetvli t0, t0, e8,m1,tu,mu  +
#3962 0 80000088 0002f2d7 c 0c20       00000004  vsetvli t0, t0, e8,m1,tu,mu  +
#3962 0 80000088 0002f2d7 c 0c21       00000000  vsetvli t0, t0, e8,m1,tu,mu
#3963 0 8000008c     4f91 r 1f         00000004  c.li     t6, 0x4
#3964 0 8000008e 70040997 r 13         f004008e  auipc    s3, 0x70040
#3965 0 80000092 28c98993 r 13         f004031a  addi     s3, s3, 652
#3966 0 80000096     4e81 r 1d         00000000  c.li     t4, 0x0
#3967 0 80000098 5e0ec157 v 02 00000000000000000000000000000000258bd2fda97264e87db7413d00000000 vmv.v.x v2, t4
#3968 0 8000009c 5e0ec2d7 v 05 0000000000000000000000000000000000000000000000000000000000000000 vmv.v.x v5, t4
#3969 0 800000a0 5e0ec557 v 0a 0000000000000000000000000000000000000000000000000000000000000000 vmv.v.x v10, t4
#3970 0 800000a4 5e0ec757 v 0e 0000000000000000000000000000000000000000000000000000000000000000 vmv.v.x v14, t4
#3971 0 800000a8 5e0ec957 v 12 0000000000000000000000000000000000000000000000000000000000000000 vmv.v.x v18, t4
#3972 0 800000ac 5e0ecb57 v 16 0000000000000000000000000000000000000000000000000000000000000000 vmv.v.x v22, t4
#3973 0 800000b0 5e0ec0d7 v 01 000000000000000000000000000000000b06010c07020d08030e090400000000 vmv.v.x v1, t4
#3974 0 800000b4 02090307 v 06 000000000000000000000000000000000000000000000000000000003f4083f7 vle8.v v6, (s2)
#3975 0 800000b8 08000393 r 07         00000080  addi     t2, zero, 128
#3976 0 800000bc 5e03c0d7 v 01 000000000000000000000000000000000b06010c07020d08030e090480808080 vmv.v.x v1, t2
#3977 0 800000c0 26608757 v 0e 0000000000000000000000000000000000000000000000000000000000008080 vand.vv v14, v6, v1
#3978 0 800000c4 66e03057 v 00 00000000000000000000000000000000fd9300ca4186f9dbfd3e0b117aa38863 vmsne.vi v0, v14, 0
#3979 0 800000c8 9660b557 v 0a 000000000000000000000000000000000000000000000000000000007e8006ee vsll.vi v10, v6, 1
#3980 0 800000cc     4e6d r 1c         0000001b  c.li     t3, 0x1b
#3981 0 800000ce 5e0e4157 v 02 00000000000000000000000000000000258bd2fda97264e87db7413d1b1b1b1b vmv.v.x v2, t3
#3982 0 800000d2 2ca10557 v 0a 000000000000000000000000000000000000000000000000000000007e801df5 vxor.vv v10, v10, v2, v0.t
#3983 0 800000d6 2ea30957 v 12 0000000000000000000000000000000000000000000000000000000041c09e02 vxor.vv v18, v10, v6
#3984 0 800000da 70040397 r 07         f00400da  auipc    t2, 0x70040
#3985 0 800000de 21838393 r 07         f00402f2  addi     t2, t2, 536
#3986 0 800000e2 02038007 v 00 00000000000000000000000000000000fd9300ca4186f9dbfd3e0b1100000001 vle8.v v0, (t2)
#3987 0 800000e6     4e81 r 1d         00000000  c.li     t4, 0x0
#3988 0 800000e8 5e0ec1d7 v 03 00000000000000000000000000000000d3a9ab54ff31b59bf03d432700000000 vmv.v.x v3, t4
#3989 0 800000ec 5e0ec157 v 02 00000000000000000000000000000000258bd2fda97264e87db7413d00000000 vmv.v.x v2, t4
#3990 0 800000f0 28a18157 v 02 00000000000000000000000000000000258bd2fda97264e87db7413d000000f5 vor.vv v2, v10, v3, v0.t
#3991 0 800000f4 70040397 r 07         f00400f4  auipc    t2, 0x70040
#3992 0 800000f8 20238393 r 07         f00402f6  addi     t2, t2, 514
#3993 0 800000fc 02038007 v 00 00000000000000000000000000000000fd9300ca4186f9dbfd3e0b1100000002 vle8.v v0, (t2)
#3994 0 80000100     4e81 r 1d         00000000  c.li     t4, 0x0
#3995 0 80000102 5e0ec1d7 v 03 00000000000000000000000000000000d3a9ab54ff31b59bf03d432700000000 vmv.v.x v3, t4
#3996 0 80000106 29218157 v 02 00000000000000000000000000000000258bd2fda97264e87db7413d00009ef5 vor.vv v2, v18, v3, v0.t
#3997 0 8000010a 70040397 r 07         f004010a  auipc    t2, 0x70040
#3998 0 8000010e 1f038393 r 07         f00402fa  addi     t2, t2, 496
#3999 0 80000112 02038007 v 00 00000000000000000000000000000000fd9300ca4186f9dbfd3e0b1100000004 vle8.v v0, (t2)
#4000 0 80000116     4e81 r 1d         00000000  c.li     t4, 0x0
#4001 0 80000118 5e0ec1d7 v 03 00000000000000000000000000000000d3a9ab54ff31b59bf03d432700000000 vmv.v.x v3, t4
#4002 0 8000011c 28618157 v 02 00000000000000000000000000000000258bd2fda97264e87db7413d00409ef5 vor.vv v2, v6, v3, v0.t
#4003 0 80000120 70040397 r 07         f0040120  auipc    t2, 0x70040
#4004 0 80000124 1de38393 r 07         f00402fe  addi     t2, t2, 478
#4005 0 80000128 02038007 v 00 00000000000000000000000000000000fd9300ca4186f9dbfd3e0b1100000008 vle8.v v0, (t2)
#4006 0 8000012c     4e81 r 1d         00000000  c.li     t4, 0x0
#4007 0 8000012e 5e0ec1d7 v 03 00000000000000000000000000000000d3a9ab54ff31b59bf03d432700000000 vmv.v.x v3, t4
#4008 0 80000132 28618157 v 02 00000000000000000000000000000000258bd2fda97264e87db7413d3f409ef5 vor.vv v2, v6, v3, v0.t
#4009 0 80000136 70040397 r 07         f0040136  auipc    t2, 0x70040
#4010 0 8000013a 1bc38393 r 07         f00402f2  addi     t2, t2, 444
#4011 0 8000013e 02038007 v 00 00000000000000000000000000000000fd9300ca4186f9dbfd3e0b1100000001 vle8.v v0, (t2)
#4012 0 80000142 0e21a257 v 04 0000000000000000000000000000000000000000000000000000000000000014 vredxor.vs v4, v2, v3
#4013 0 80000146 284182d7 v 05 0000000000000000000000000000000000000000000000000000000000000014 vor.vv v5, v4, v3, v0.t
#4014 0 8000014a 70040397 r 07         f004014a  auipc    t2, 0x70040
#4015 0 8000014e 1a838393 r 07         f00402f2  addi     t2, t2, 424
#4016 0 80000152 02038007 v 00 00000000000000000000000000000000fd9300ca4186f9dbfd3e0b1100000001 vle8.v v0, (t2)
#4017 0 80000156     4e81 r 1d         00000000  c.li     t4, 0x0
#4018 0 80000158 5e0ec157 v 02 00000000000000000000000000000000258bd2fda97264e87db7413d00000000 vmv.v.x v2, t4
#4019 0 8000015c 28610157 v 02 00000000000000000000000000000000258bd2fda97264e87db7413d000000f7 vor.vv v2, v6, v2, v0.t
#4020 0 80000160 70040397 r 07         f0040160  auipc    t2, 0x70040
#4021 0 80000164 19638393 r 07         f00402f6  addi     t2, t2, 406
#4022 0 80000168 02038007 v 00 00000000000000000000000000000000fd9300ca4186f9dbfd3e0b1100000002 vle8.v v0, (t2)
#4023 0 8000016c     4e81 r 1d         00000000  c.li     t4, 0x0
#4024 0 8000016e 5e0ec1d7 v 03 00000000000000000000000000000000d3a9ab54ff31b59bf03d432700000000 vmv.v.x v3, t4
#4025 0 80000172 28a18157 v 02 00000000000000000000000000000000258bd2fda97264e87db7413d00001df7 vor.vv v2, v10, v3, v0.t
#4026 0 80000176 70040397 r 07         f0040176  auipc    t2, 0x70040
#4027 0 8000017a 18438393 r 07         f00402fa  addi     t2, t2, 388
#4028 0 8000017e 02038007 v 00 00000000000000000000000000000000fd9300ca4186f9dbfd3e0b1100000004 vle8.v v0, (t2)
#4029 0 80000182     4e81 r 1d         00000000  c.li     t4, 0x0
#4030 0 80000184 5e0ec1d7 v 03 00000000000000000000000000000000d3a9ab54ff31b59bf03d432700000000 vmv.v.x v3, t4
#4031 0 80000188 29218157 v 02 00000000000000000000000000000000258bd2fda97264e87db7413d00c01df7 vor.vv v2, v18, v3, v0.t
#4032 0 8000018c 70040397 r 07         f004018c  auipc    t2, 0x70040
#4033 0 80000190 17238393 r 07         f00402fe  addi     t2, t2, 370
#4034 0 80000194 02038007 v 00 00000000000000000000000000000000fd9300ca4186f9dbfd3e0b1100000008 vle8.v v0, (t2)
#4035 0 80000198     4e81 r 1d         00000000  c.li     t4, 0x0
#4036 0 8000019a 5e0ec1d7 v 03 00000000000000000000000000000000d3a9ab54ff31b59bf03d432700000000 vmv.v.x v3, t4
#4037 0 8000019e 28618157 v 02 00000000000000000000000000000000258bd2fda97264e87db7413d3fc01df7 vor.vv v2, v6, v3, v0.t
#4038 0 800001a2 70040397 r 07         f00401a2  auipc    t2, 0x70040
#4039 0 800001a6 15438393 r 07         f00402f6  addi     t2, t2, 340
#4040 0 800001aa 02038007 v 00 00000000000000000000000000000000fd9300ca4186f9dbfd3e0b1100000002 vle8.v v0, (t2)
#4041 0 800001ae 0e21a257 v 04 0000000000000000000000000000000000000000000000000000000000000015 vredxor.vs v4, v2, v3
#4042 0 800001b2 3a40bb57 v 16 0000000000000000000000000000000000000000000000000000000000001500 vslideup.vi v22, v4, 1
#4043 0 800001b6 296182d7 v 05 0000000000000000000000000000000000000000000000000000000000001514 vor.vv v5, v22, v3, v0.t
#4044 0 800001ba 70040397 r 07         f00401ba  auipc    t2, 0x70040
#4045 0 800001be 13838393 r 07         f00402f2  addi     t2, t2, 312
#4046 0 800001c2 02038007 v 00 00000000000000000000000000000000fd9300ca4186f9dbfd3e0b1100000001 vle8.v v0, (t2)
#4047 0 800001c6     4e81 r 1d         00000000  c.li     t4, 0x0
#4048 0 800001c8 5e0ec157 v 02 00000000000000000000000000000000258bd2fda97264e87db7413d00000000 vmv.v.x v2, t4
#4049 0 800001cc 28610157 v 02 00000000000000000000000000000000258bd2fda97264e87db7413d000000f7 vor.vv v2, v6, v2, v0.t
#4050 0 800001d0 70040397 r 07         f00401d0  auipc    t2, 0x70040
#4051 0 800001d4 12638393 r 07         f00402f6  addi     t2, t2, 294
#4052 0 800001d8 02038007 v 00 00000000000000000000000000000000fd9300ca4186f9dbfd3e0b1100000002 vle8.v v0, (t2)
#4053 0 800001dc     4e81 r 1d         00000000  c.li     t4, 0x0
#4054 0 800001de 5e0ec1d7 v 03 00000000000000000000000000000000d3a9ab54ff31b59bf03d432700000000 vmv.v.x v3, t4
#4055 0 800001e2 28618157 v 02 00000000000000000000000000000000258bd2fda97264e87db7413d000083f7 vor.vv v2, v6, v3, v0.t
#4056 0 800001e6 70040397 r 07         f00401e6  auipc    t2, 0x70040
#4057 0 800001ea 11438393 r 07         f00402fa  addi     t2, t2, 276
#4058 0 800001ee 02038007 v 00 00000000000000000000000000000000fd9300ca4186f9dbfd3e0b1100000004 vle8.v v0, (t2)
#4059 0 800001f2     4e81 r 1d         00000000  c.li     t4, 0x0
#4060 0 800001f4 5e0ec1d7 v 03 00000000000000000000000000000000d3a9ab54ff31b59bf03d432700000000 vmv.v.x v3, t4
#4061 0 800001f8 28a18157 v 02 00000000000000000000000000000000258bd2fda97264e87db7413d008083f7 vor.vv v2, v10, v3, v0.t
#4062 0 800001fc 70040397 r 07         f00401fc  auipc    t2, 0x70040
#4063 0 80000200 10238393 r 07         f00402fe  addi     t2, t2, 258
#4064 0 80000204 02038007 v 00 00000000000000000000000000000000fd9300ca4186f9dbfd3e0b1100000008 vle8.v v0, (t2)
#4065 0 80000208     4e81 r 1d         00000000  c.li     t4, 0x0
#4066 0 8000020a 5e0ec1d7 v 03 00000000000000000000000000000000d3a9ab54ff31b59bf03d432700000000 vmv.v.x v3, t4
#4067 0 8000020e 29218157 v 02 00000000000000000000000000000000258bd2fda97264e87db7413d418083f7 vor.vv v2, v18, v3, v0.t
#4068 0 80000212 70040397 r 07         f0040212  auipc    t2, 0x70040
#4069 0 80000216 0e838393 r 07         f00402fa  addi     t2, t2, 232
#4070 0 8000021a 02038007 v 00 00000000000000000000000000000000fd9300ca4186f9dbfd3e0b1100000004 vle8.v v0, (t2)
#4071 0 8000021e 0e21a257 v 04 00000000000000000000000000000000000000000000000000000000000000b5 vredxor.vs v4, v2, v3
#4072 0 80000222 3a413b57 v 16 0000000000000000000000000000000000000000000000000000000000b51500 vslideup.vi v22, v4, 2
#4073 0 80000226 296182d7 v 05 0000000000000000000000000000000000000000000000000000000000b51514 vor.vv v5, v22, v3, v0.t
#4074 0 8000022a 70040397 r 07         f004022a  auipc    t2, 0x70040
#4075 0 8000022e 0c838393 r 07         f00402f2  addi     t2, t2, 200
#4076 0 80000232 02038007 v 00 00000000000000000000000000000000fd9300ca4186f9dbfd3e0b1100000001 vle8.v v0, (t2)
#4077 0 80000236     4e81 r 1d         00000000  c.li     t4, 0x0
#4078 0 80000238 5e0ec157 v 02 00000000000000000000000000000000258bd2fda97264e87db7413d00000000 vmv.v.x v2, t4
#4079 0 8000023c 29210157 v 02 00000000000000000000000000000000258bd2fda97264e87db7413d00000002 vor.vv v2, v18, v2, v0.t
#4080 0 80000240 70040397 r 07         f0040240  auipc    t2, 0x70040
#4081 0 80000244 0b638393 r 07         f00402f6  addi     t2, t2, 182
#4082 0 80000248 02038007 v 00 00000000000000000000000000000000fd9300ca4186f9dbfd3e0b1100000002 vle8.v v0, (t2)
#4083 0 8000024c     4e81 r 1d         00000000  c.li     t4, 0x0
#4084 0 8000024e 5e0ec1d7 v 03 00000000000000000000000000000000d3a9ab54ff31b59bf03d432700000000 vmv.v.x v3, t4
#4085 0 80000252 28618157 v 02 00000000000000000000000000000000258bd2fda97264e87db7413d00008302 vor.vv v2, v6, v3, v0.t
#4086 0 80000256 70040397 r 07         f0040256  auipc    t2, 0x70040
#4087 0 8000025a 0a438393 r 07         f00402fa  addi     t2, t2, 164
#4088 0 8000025e 02038007 v 00 00000000000000000000000000000000fd9300ca4186f9dbfd3e0b1100000004 vle8.v v0, (t2)
#4089 0 80000262     4e81 r 1d         00000000  c.li     t4, 0x0
#4090 0 80000264 5e0ec1d7 v 03 00000000000000000000000000000000d3a9ab54ff31b59bf03d432700000000 vmv.v.x v3, t4
#4091 0 80000268 28618157 v 02 00000000000000000000000000000000258bd2fda97264e87db7413d00408302 vor.vv v2, v6, v3, v0.t
#4092 0 8000026c 70040397 r 07         f004026c  auipc    t2, 0x70040
#4093 0 80000270 09238393 r 07         f00402fe  addi     t2, t2, 146
#4094 0 80000274 02038007 v 00 00000000000000000000000000000000fd9300ca4186f9dbfd3e0b1100000008 vle8.v v0, (t2)
#4095 0 80000278     4e81 r 1d         00000000  c.li     t4, 0x0
#4096 0 8000027a 5e0ec1d7 v 03 00000000000000000000000000000000d3a9ab54ff31b59bf03d432700000000 vmv.v.x v3, t4
#4097 0 8000027e 28a18157 v 02 00000000000000000000000000000000258bd2fda97264e87db7413d7e408302 vor.vv v2, v10, v3, v0.t
#4098 0 80000282 0e21a257 v 04 00000000000000000000000000000000000000000000000000000000000000bf vredxor.vs v4, v2, v3
#4099 0 80000286 3a41bb57 v 16 00000000000000000000000000000000000000000000000000000000bfb51500 vslideup.vi v22, v4, 3
#4100 0 8000028a 296182d7 v 05 00000000000000000000000000000000000000000000000000000000bfb51514 vor.vv v5, v22, v3, v0.t
#4101 0 8000028e 020902a7 m f0040255   000000bf  vse8.v v5, (s2)
#4102 0 80000292     0911 r 12         f0040256  c.addi   s2, 0x4
#4103 0 80000294     0991 r 13         f004031e  c.addi   s3, 0x4
#4104 0 80000296     1ffd r 1f         00000003  c.addi   t6, -0x1
#4105 0 80000298 de0f9fe3 r 00         00000000  bne      t6, zero, . - 0x202
#4106 0 80000096     4e81 r 1d         00000000  c.li     t4, 0x0
#4107 0 80000098 5e0ec157 v 02 00000000000000000000000000000000258bd2fda97264e87db7413d00000000 vmv.v.x v2, t4
#4108 0 8000009c 5e0ec2d7 v 05 0000000000000000000000000000000000000000000000000000000000000000 vmv.v.x v5, t4
#4109 0 800000a0 5e0ec557 v 0a 0000000000000000000000000000000000000000000000000000000000000000 vmv.v.x v10, t4
#4110 0 800000a4 5e0ec757 v 0e 0000000000000000000000000000000000000000000000000000000000000000 vmv.v.x v14, t4
#4111 0 800000a8 5e0ec957 v 12 0000000000000000000000000000000000000000000000000000000000000000 vmv.v.x v18, t4
#4112 0 800000ac 5e0ecb57 v 16 0000000000000000000000000000000000000000000000000000000000000000 vmv.v.x v22, t4
#4113 0 800000b0 5e0ec0d7 v 01 000000000000000000000000000000000b06010c07020d08030e090400000000 vmv.v.x v1, t4
#4114 0 800000b4 02090307 v 06 00000000000000000000000000000000000000000000000000000000f03d4327 vle8.v v6, (s2)
#4115 0 800000b8 08000393 r 07         00000080  addi     t2, zero, 128
#4116 0 800000bc 5e03c0d7 v 01 000000000000000000000000000000000b06010c07020d08030e090480808080 vmv.v.x v1, t2
#4117 0 800000c0 26608757 v 0e 0000000000000000000000000000000000000000000000000000000080000000 vand.vv v14, v6, v1
#4118 0 800000c4 66e03057 v 00 00000000000000000000000000000000fd9300ca4186f9dbfd3e0b1100000008 vmsne.vi v0, v14, 0
#4119 0 800000c8 9660b557 v 0a 00000000000000000000000000000000000000000000000000000000e07a864e vsll.vi v10, v6, 1
#4120 0 800000cc     4e6d r 1c         0000001b  c.li     t3, 0x1b
#4121 0 800000ce 5e0e4157 v 02 00000000000000000000000000000000258bd2fda97264e87db7413d1b1b1b1b vmv.v.x v2, t3
#4122 0 800000d2 2ca10557 v 0a 00000000000000000000000000000000000000000000000000000000fb7a864e vxor.vv v10, v10, v2, v0.t
#4123 0 800000d6 2ea30957 v 12 000000000000000000000000000000000000000000000000000000000b47c569 vxor.vv v18, v10, v6
#4124 0 800000da 70040397 r 07         f00400da  auipc    t2, 0x70040
#4125 0 800000de 21838393 r 07         f00402f2  addi     t2, t2, 536
#4126 0 800000e2 02038007 v 00 00000000000000000000000000000000fd9300ca4186f9dbfd3e0b1100000001 vle8.v v0, (t2)
#4127 0 800000e6     4e81 r 1d         00000000  c.li     t4, 0x0
#4128 0 800000e8 5e0ec1d7 v 03 00000000000000000000000000000000d3a9ab54ff31b59bf03d432700000000 vmv.v.x v3, t4
#4129 0 800000ec 5e0ec157 v 02 00000000000000000000000000000000258bd2fda97264e87db7413d00000000 vmv.v.x v2, t4
#4130 0 800000f0 28a18157 v 02 00000000000000000000000000000000258bd2fda97264e87db7413d0000004e vor.vv v2, v10, v3, v0.t
#4131 0 800000f4 70040397 r 07         f00400f4  auipc    t2, 0x70040
#4132 0 800000f8 20238393 r 07         f00402f6  addi     t2, t2, 514
#4133 0 800000fc 02038007 v 00 00000000000000000000000000000000fd9300ca4186f9dbfd3e0b1100000002 vle8.v v0, (t2)
#4134 0 80000100     4e81 r 1d         00000000  c.li     t4, 0x0
#4135 0 80000102 5e0ec1d7 v 03 00000000000000000000000000000000d3a9ab54ff31b59bf03d432700000000 vmv.v.x v3, t4
#4136 0 80000106 29218157 v 02 00000000000000000000000000000000258bd2fda97264e87db7413d0000c54e vor.vv v2, v18, v3, v0.t
#4137 0 8000010a 70040397 r 07         f004010a  auipc    t2, 0x70040
#4138 0 8000010e 1f038393 r 07         f00402fa  addi     t2, t2, 496
#4139 0 80000112 02038007 v 00 00000000000000000000000000000000fd9300ca4186f9dbfd3e0b1100000004 vle8.v v0, (t2)
#4140 0 80000116     4e81 r 1d         00000000  c.li     t4, 0x0
#4141 0 80000118 5e0ec1d7 v 03 00000000000000000000000000000000d3a9ab54ff31b59bf03d432700000000 vmv.v.x v3, t4
#4142 0 8000011c 28618157 v 02 00000000000000000000000000000000258bd2fda97264e87db7413d003dc54e vor.vv v2, v6, v3, v0.t
#4143 0 80000120 70040397 r 07         f0040120  auipc    t2, 0x70040
#4144 0 80000124 1de38393 r 07         f00402fe  addi     t2, t2, 478
#4145 0 80000128 02038007 v 00 00000000000000000000000000000000fd9300ca4186f9dbfd3e0b1100000008 vle8.v v0, (t2)
#4146 0 8000012c     4e81 r 1d         00000000  c.li     t4, 0x0
#4147 0 8000012e 5e0ec1d7 v 03 00000000000000000000000000000000d3a9ab54ff31b59bf03d432700000000 vmv.v.x v3, t4
#4148 0 80000132 28618157 v 02 00000000000000000000000000000000258bd2fda97264e87db7413df03dc54e vor.vv v2, v6, v3, v0.t
#4149 0 80000136 70040397 r 07         f0040136  auipc    t2, 0x70040
#4150 0 8000013a 1bc38393 r 07         f00402f2  addi     t2, t2, 444
#4151 0 8000013e 02038007 v 00 00000000000000000000000000000000fd9300ca4186f9dbfd3e0b1100000001 vle8.v v0, (t2)
#4152 0 80000142 0e21a257 v 04 0000000000000000000000000000000000000000000000000000000000000046 vredxor.vs v4, v2, v3
#4153 0 80000146 284182d7 v 05 0000000000000000000000000000000000000000000000000000000000000046 vor.vv v5, v4, v3, v0.t
#4154 0 8000014a 70040397 r 07         f004014a  auipc    t2, 0x70040
#4155 0 8000014e 1a838393 r 07         f00402f2  addi     t2, t2, 424
#4156 0 80000152 02038007 v 00 00000000000000000000000000000000fd9300ca4186f9dbfd3e0b1100000001 vle8.v v0, (t2)
#4157 0 80000156     4e81 r 1d         00000000  c.li     t4, 0x0
#4158 0 80000158 5e0ec157 v 02 00000000000000000000000000000000258bd2fda97264e87db7413d00000000 vmv.v.x v2, t4
#4159 0 8000015c 28610157 v 02 00000000000000000000000000000000258bd2fda97264e87db7413d00000027 vor.vv v2, v6, v2, v0.t
#4160 0 80000160 70040397 r 07         f0040160  auipc    t2, 0x70040
#4161 0 80000164 19638393 r 07         f00402f6  addi     t2, t2, 406
#4162 0 80000168 02038007 v 00 00000000000000000000000000000000fd9300ca4186f9dbfd3e0b1100000002 vle8.v v0, (t2)
#4163 0 8000016c     4e81 r 1d         00000000  c.li     t4, 0x0
#4164 0 8000016e 5e0ec1d7 v 03 00000000000000000000000000000000d3a9ab54ff31b59bf03d432700000000 vmv.v.x v3, t4
#4165 0 80000172 28a18157 v 02 00000000000000000000000000000000258bd2fda97264e87db7413d00008627 vor.vv v2, v10, v3, v0.t
#4166 0 80000176 70040397 r 07         f0040176  auipc    t2, 0x70040
#4167 0 8000017a 18438393 r 07         f00402fa  addi     t2, t2, 388
#4168 0 8000017e 02038007 v 00 00000000000000000000000000000000fd9300ca4186f9dbfd3e0b1100000004 vle8.v v0, (t2)
#4169 0 80000182     4e81 r 1d         00000000  c.li     t4, 0x0
#4170 0 80000184 5e0ec1d7 v 03 00000000000000000000000000000000d3a9ab54ff31b59bf03d432700000000 vmv.v.x v3, t4
#4171 0 80000188 29218157 v 02 00000000000000000000000000000000258bd2fda97264e87db7413d00478627 vor.vv v2, v18, v3, v0.t
#4172 0 8000018c 70040397 r 07         f004018c  auipc    t2, 0x70040
#4173 0 80000190 17238393 r 07         f00402fe  addi     t2, t2, 370
#4174 0 80000194 02038007 v 00 00000000000000000000000000000000fd9300ca4186f9dbfd3e0b1100000008 vle8.v v0, (t2)
#4175 0 80000198     4e81 r 1d         00000000  c.li     t4, 0x0
#4176 0 8000019a 5e0ec1d7 v 03 00000000000000000000000000000000d3a9ab54ff31b59bf03d432700000000 vmv.v.x v3, t4
#4177 0 8000019e 28618157 v 02 00000000000000000000000000000000258bd2fda97264e87db7413df0478627 vor.vv v2, v6, v3, v0.t
#4178 0 800001a2 70040397 r 07         f00401a2  auipc    t2, 0x70040
#4179 0 800001a6 15438393 r 07         f00402f6  addi     t2, t2, 340
#4180 0 800001aa 02038007 v 00 00000000000000000000000000000000fd9300ca4186f9dbfd3e0b1100000002 vle8.v v0, (t2)
#4181 0 800001ae 0e21a257 v 04 0000000000000000000000000000000000000000000000000000000000000016 vredxor.vs v4, v2, v3
#4182 0 800001b2 3a40bb57 v 16 0000000000000000000000000000000000000000000000000000000000001600 vslideup.vi v22, v4, 1
#4183 0 800001b6 296182d7 v 05 0000000000000000000000000000000000000000000000000000000000001646 vor.vv v5, v22, v3, v0.t
#4184 0 800001ba 70040397 r 07         f00401ba  auipc    t2, 0x70040
#4185 0 800001be 13838393 r 07         f00402f2  addi     t2, t2, 312
#4186 0 800001c2 02038007 v 00 00000000000000000000000000000000fd9300ca4186f9dbfd3e0b1100000001 vle8.v v0, (t2)
#4187 0 800001c6     4e81 r 1d         00000000  c.li     t4, 0x0
#4188 0 800001c8 5e0ec157 v 02 00000000000000000000000000000000258bd2fda97264e87db7413d00000000 vmv.v.x v2, t4
#4189 0 800001cc 28610157 v 02 00000000000000000000000000000000258bd2fda97264e87db7413d00000027 vor.vv v2, v6, v2, v0.t
#4190 0 800001d0 70040397 r 07         f00401d0  auipc    t2, 0x70040
#4191 0 800001d4 12638393 r 07         f00402f6  addi     t2, t2, 294
#4192 0 800001d8 02038007 v 00 00000000000000000000000000000000fd9300ca4186f9dbfd3e0b1100000002 vle8.v v0, (t2)
#4193 0 800001dc     4e81 r 1d         00000000  c.li     t4, 0x0
#4194 0 800001de 5e0ec1d7 v 03 00000000000000000000000000000000d3a9ab54ff31b59bf03d432700000000 vmv.v.x v3, t4
#4195 0 800001e2 28618157 v 02 00000000000000000000000000000000258bd2fda97264e87db7413d00004327 vor.vv v2, v6, v3, v0.t
#4196 0 800001e6 70040397 r 07         f00401e6  auipc    t2, 0x70040
#4197 0 800001ea 11438393 r 07         f00402fa  addi     t2, t2, 276
#4198 0 800001ee 02038007 v 00 00000000000000000000000000000000fd9300ca4186f9dbfd3e0b1100000004 vle8.v v0, (t2)
#4199 0 800001f2     4e81 r 1d         00000000  c.li     t4, 0x0
#4200 0 800001f4 5e0ec1d7 v 03 00000000000000000000000000000000d3a9ab54ff31b59bf03d432700000000 vmv.v.x v3, t4
#4201 0 800001f8 28a18157 v 02 00000000000000000000000000000000258bd2fda97264e87db7413d007a4327 vor.vv v2, v10, v3, v0.t
#4202 0 800001fc 70040397 r 07         f00401fc  auipc    t2, 0x70040
#4203 0 80000200 10238393 r 07         f00402fe  addi     t2, t2, 258
#4204 0 80000204 02038007 v 00 00000000000000000000000000000000fd9300ca4186f9dbfd3e0b1100000008 vle8.v v0, (t2)
#4205 0 80000208     4e81 r 1d         00000000  c.li     t4, 0x0
#4206 0 8000020a 5e0ec1d7 v 03 00000000000000000000000000000000d3a9ab54ff31b59bf03d432700000000 vmv.v.x v3, t4
#4207 0 8000020e 29218157 v 02 00000000000000000000000000000000258bd2fda97264e87db7413d0b7a4327 vor.vv v2, v18, v3, v0.t
#4208 0 80000212 70040397 r 07         f0040212  auipc    t2, 0x70040
#4209 0 80000216 0e838393 r 07         f00402fa  addi     t2, t2, 232
#4210 0 8000021a 02038007 v 00 00000000000000000000000000000000fd9300ca4186f9dbfd3e0b1100000004 vle8.v v0, (t2)
#4211 0 8000021e 0e21a257 v 04 0000000000000000000000000000000000000000000000000000000000000015 vredxor.vs v4, v2, v3
#4212 0 80000222 3a413b57 v 16 0000000000000000000000000000000000000000000000000000000000151600 vslideup.vi v22, v4, 2
#4213 0 80000226 296182d7 v 05 0000000000000000000000000000000000000000000000000000000000151646 vor.vv v5, v22, v3, v0.t
#4214 0 8000022a 70040397 r 07         f004022a  auipc    t2, 0x70040
#4215 0 8000022e 0c838393 r 07         f00402f2  addi     t2, t2, 200
#4216 0 80000232 02038007 v 00 00000000000000000000000000000000fd9300ca4186f9dbfd3e0b1100000001 vle8.v v0, (t2)
#4217 0 80000236     4e81 r 1d         00000000  c.li     t4, 0x0
#4218 0 80000238 5e0ec157 v 02 00000000000000000000000000000000258bd2fda97264e87db7413d00000000 vmv.v.x v2, t4
#4219 0 8000023c 29210157 v 02 00000000000000000000000000000000258bd2fda97264e87db7413d00000069 vor.vv v2, v18, v2, v0.t
#4220 0 80000240 70040397 r 07         f0040240  auipc    t2, 0x70040
#4221 0 80000244 0b638393 r 07         f00402f6  addi     t2, t2, 182
#4222 0 80000248 02038007 v 00 00000000000000000000000000000000fd9300ca4186f9dbfd3e0b1100000002 vle8.v v0, (t2)
#4223 0 8000024c     4e81 r 1d         00000000  c.li     t4, 0x0
#4224 0 8000024e 5e0ec1d7 v 03 00000000000000000000000000000000d3a9ab54ff31b59bf03d432700000000 vmv.v.x v3, t4
#4225 0 80000252 28618157 v 02 00000000000000000000000000000000258bd2fda97264e87db7413d00004369 vor.vv v2, v6, v3, v0.t
#4226 0 80000256 70040397 r 07         f0040256  auipc    t2, 0x70040
#4227 0 8000025a 0a438393 r 07         f00402fa  addi     t2, t2, 164
#4228 0 8000025e 02038007 v 00 00000000000000000000000000000000fd9300ca4186f9dbfd3e0b1100000004 vle8.v v0, (t2)
#4229 0 80000262     4e81 r 1d         00000000  c.li     t4, 0x0
#4230 0 80000264 5e0ec1d7 v 03 00000000000000000000000000000000d3a9ab54ff31b59bf03d432700000000 vmv.v.x v3, t4
#4231 0 80000268 28618157 v 02 00000000000000000000000000000000258bd2fda97264e87db7413d003d4369 vor.vv v2, v6, v3, v0.t
#4232 0 8000026c 70040397 r 07         f004026c  auipc    t2, 0x70040
#4233 0 80000270 09238393 r 07         f00402fe  addi     t2, t2, 146
#4234 0 80000274 02038007 v 00 00000000000000000000000000000000fd9300ca4186f9dbfd3e0b1100000008 vle8.v v0, (t2)
#4235 0 80000278     4e81 r 1d         00000000  c.li     t4, 0x0
#4236 0 8000027a 5e0ec1d7 v 03 00000000000000000000000000000000d3a9ab54ff31b59bf03d432700000000 vmv.v.x v3, t4
#4237 0 8000027e 28a18157 v 02 00000000000000000000000000000000258bd2fda97264e87db7413dfb3d4369 vor.vv v2, v10, v3, v0.t
#4238 0 80000282 0e21a257 v 04 00000000000000000000000000000000000000000000000000000000000000ec vredxor.vs v4, v2, v3
#4239 0 80000286 3a41bb57 v 16 00000000000000000000000000000000000000000000000000000000ec151600 vslideup.vi v22, v4, 3
#4240 0 8000028a 296182d7 v 05 00000000000000000000000000000000000000000000000000000000ec151646 vor.vv v5, v22, v3, v0.t
#4241 0 8000028e 020902a7 m f0040259   000000ec  vse8.v v5, (s2)
#4242 0 80000292     0911 r 12         f004025a  c.addi   s2, 0x4
#4243 0 80000294     0991 r 13         f0040322  c.addi   s3, 0x4
#4244 0 80000296     1ffd r 1f         00000002  c.addi   t6, -0x1
#4245 0 80000298 de0f9fe3 r 00         00000000  bne      t6, zero, . - 0x202
#4246 0 80000096     4e81 r 1d         00000000  c.li     t4, 0x0
#4247 0 80000098 5e0ec157 v 02 00000000000000000000000000000000258bd2fda97264e87db7413d00000000 vmv.v.x v2, t4
#4248 0 8000009c 5e0ec2d7 v 05 0000000000000000000000000000000000000000000000000000000000000000 vmv.v.x v5, t4
#4249 0 800000a0 5e0ec557 v 0a 0000000000000000000000000000000000000000000000000000000000000000 vmv.v.x v10, t4
#4250 0 800000a4 5e0ec757 v 0e 0000000000000000000000000000000000000000000000000000000000000000 vmv.v.x v14, t4
#4251 0 800000a8 5e0ec957 v 12 0000000000000000000000000000000000000000000000000000000000000000 vmv.v.x v18, t4
#4252 0 800000ac 5e0ecb57 v 16 0000000000000000000000000000000000000000000000000000000000000000 vmv.v.x v22, t4
#4253 0 800000b0 5e0ec0d7 v 01 000000000000000000000000000000000b06010c07020d08030e090400000000 vmv.v.x v1, t4
#4254 0 800000b4 02090307 v 06 00000000000000000000000000000000000000000000000000000000ff31b59b vle8.v v6, (s2)
#4255 0 800000b8 08000393 r 07         00000080  addi     t2, zero, 128
#4256 0 800000bc 5e03c0d7 v 01 000000000000000000000000000000000b06010c07020d08030e090480808080 vmv.v.x v1, t2
#4257 0 800000c0 26608757 v 0e 0000000000000000000000000000000000000000000000000000000080008080 vand.vv v14, v6, v1
#4258 0 800000c4 66e03057 v 00 00000000000000000000000000000000fd9300ca4186f9dbfd3e0b110000000b vmsne.vi v0, v14, 0
#4259 0 800000c8 9660b557 v 0a 00000000000000000000000000000000000000000000000000000000fe626a36 vsll.vi v10, v6, 1
#4260 0 800000cc     4e6d r 1c         0000001b  c.li     t3, 0x1b
#4261 0 800000ce 5e0e4157 v 02 00000000000000000000000000000000258bd2fda97264e87db7413d1b1b1b1b vmv.v.x v2, t3
#4262 0 800000d2 2ca10557 v 0a 00000000000000000000000000000000000000000000000000000000e562712d vxor.vv v10, v10, v2, v0.t
#4263 0 800000d6 2ea30957 v 12 000000000000000000000000000000000000000000000000000000001a53c4b6 vxor.vv v18, v10, v6
#4264 0 800000da 70040397 r 07         f00400da  auipc    t2, 0x70040
#4265 0 800000de 21838393 r 07         f00402f2  addi     t2, t2, 536
#4266 0 800000e2 02038007 v 00 00000000000000000000000000000000fd9300ca4186f9dbfd3e0b1100000001 vle8.v v0, (t2)
#4267 0 800000e6     4e81 r 1d         00000000  c.li     t4, 0x0
#4268 0 800000e8 5e0ec1d7 v 03 00000000000000000000000000000000d3a9ab54ff31b59bf03d432700000000 vmv.v.x v3, t4
#4269 0 800000ec 5e0ec157 v 02 00000000000000000000000000000000258bd2fda97264e87db7413d00000000 vmv.v.x v2, t4
#4270 0 800000f0 28a18157 v 02 00000000000000000000000000000000258bd2fda97264e87db7413d0000002d vor.vv v2, v10, v3, v0.t
#4271 0 800000f4 70040397 r 07         f00400f4  auipc    t2, 0x70040
#4272 0 800000f8 20238393 r 07         f00402f6  addi     t2, t2, 514
#4273 0 800000fc 02038007 v 00 00000000000000000000000000000000fd9300ca4186f9dbfd3e0b1100000002 vle8.v v0, (t2)
#4274 0 80000100     4e81 r 1d         00000000  c.li     t4, 0x0
#4275 0 80000102 5e0ec1d7 v 03 00000000000000000000000000000000d3a9ab54ff31b59bf03d432700000000 vmv.v.x v3, t4
#4276 0 80000106 29218157 v 02 00000000000000000000000000000000258bd2fda97264e87db7413d0000c42d vor.vv v2, v18, v3, v0.t
#4277 0 8000010a 70040397 r 07         f004010a  auipc    t2, 0x70040
#4278 0 8000010e 1f038393 r 07         f00402fa  addi     t2, t2, 496
#4279 0 80000112 02038007 v 00 00000000000000000000000000000000fd9300ca4186f9dbfd3e0b1100000004 vle8.v v0, (t2)
#4280 0 80000116     4e81 r 1d         00000000  c.li     t4, 0x0
#4281 0 80000118 5e0ec1d7 v 03 00000000000000000000000000000000d3a9ab54ff31b59bf03d432700000000 vmv.v.x v3, t4
#4282 0 8000011c 28618157 v 02 00000000000000000000000000000000258bd2fda97264e87db7413d0031c42d vor.vv v2, v6, v3, v0.t
#4283 0 80000120 70040397 r 07         f0040120  auipc    t2, 0x70040
#4284 0 80000124 1de38393 r 07         f00402fe  addi     t2, t2, 478
#4285 0 80000128 02038007 v 00 00000000000000000000000000000000fd9300ca4186f9dbfd3e0b1100000008 vle8.v v0, (t2)
#4286 0 8000012c     4e81 r 1d         00000000  c.li     t4, 0x0
#4287 0 8000012e 5e0ec1d7 v 03 00000000000000000000000000000000d3a9ab54ff31b59bf03d432700000000 vmv.v.x v3, t4
#4288 0 80000132 28618157 v 02 00000000000000000000000000000000258bd2fda97264e87db7413dff31c42d vor.vv v2, v6, v3, v0.t
#4289 0 80000136 70040397 r 07         f0040136  auipc    t2, 0x70040
#4290 0 8000013a 1bc38393 r 07         f00402f2  addi     t2, t2, 444
#4291 0 8000013e 02038007 v 00 00000000000000000000000000000000fd9300ca4186f9dbfd3e0b1100000001 vle8.v v0, (t2)
#4292 0 80000142 0e21a257 v 04 0000000000000000000000000000000000000000000000000000000000000027 vredxor.vs v4, v2, v3
#4293 0 80000146 284182d7 v 05 0000000000000000000000000000000000000000000000000000000000000027 vor.vv v5, v4, v3, v0.t
#4294 0 8000014a 70040397 r 07         f004014a  auipc    t2, 0x70040
#4295 0 8000014e 1a838393 r 07         f00402f2  addi     t2, t2, 424
#4296 0 80000152 02038007 v 00 00000000000000000000000000000000fd9300ca4186f9dbfd3e0b1100000001 vle8.v v0, (t2)
#4297 0 80000156     4e81 r 1d         00000000  c.li     t4, 0x0
#4298 0 80000158 5e0ec157 v 02 00000000000000000000000000000000258bd2fda97264e87db7413d00000000 vmv.v.x v2, t4
#4299 0 8000015c 28610157 v 02 00000000000000000000000000000000258bd2fda97264e87db7413d0000009b vor.vv v2, v6, v2, v0.t
#4300 0 80000160 70040397 r 07         f0040160  auipc    t2, 0x70040
#4301 0 80000164 19638393 r 07         f00402f6  addi     t2, t2, 406
#4302 0 80000168 02038007 v 00 00000000000000000000000000000000fd9300ca4186f9dbfd3e0b1100000002 vle8.v v0, (t2)
#4303 0 8000016c     4e81 r 1d         00000000  c.li     t4, 0x0
#4304 0 8000016e 5e0ec1d7 v 03 00000000000000000000000000000000d3a9ab54ff31b59bf03d432700000000 vmv.v.x v3, t4
#4305 0 80000172 28a18157 v 02 00000000000000000000000000000000258bd2fda97264e87db7413d0000719b vor.vv v2, v10, v3, v0.t
#4306 0 80000176 70040397 r 07         f0040176  auipc    t2, 0x70040
#4307 0 8000017a 18438393 r 07         f00402fa  addi     t2, t2, 388
#4308 0 8000017e 02038007 v 00 00000000000000000000000000000000fd9300ca4186f9dbfd3e0b1100000004 vle8.v v0, (t2)
#4309 0 80000182     4e81 r 1d         00000000  c.li     t4, 0x0
#4310 0 80000184 5e0ec1d7 v 03 00000000000000000000000000000000d3a9ab54ff31b59bf03d432700000000 vmv.v.x v3, t4
#4311 0 80000188 29218157 v 02 00000000000000000000000000000000258bd2fda97264e87db7413d0053719b vor.vv v2, v18, v3, v0.t
#4312 0 8000018c 70040397 r 07         f004018c  auipc    t2, 0x70040
#4313 0 80000190 17238393 r 07         f00402fe  addi     t2, t2, 370
#4314 0 80000194 02038007 v 00 00000000000000000000000000000000fd9300ca4186f9dbfd3e0b1100000008 vle8.v v0, (t2)
#4315 0 80000198     4e81 r 1d         00000000  c.li     t4, 0x0
#4316 0 8000019a 5e0ec1d7 v 03 00000000000000000000000000000000d3a9ab54ff31b59bf03d432700000000 vmv.v.x v3, t4
#4317 0 8000019e 28618157 v 02 00000000000000000000000000000000258bd2fda97264e87db7413dff53719b vor.vv v2, v6, v3, v0.t
#4318 0 800001a2 70040397 r 07         f00401a2  auipc    t2, 0x70040
#4319 0 800001a6 15438393 r 07         f00402f6  addi     t2, t2, 340
#4320 0 800001aa 02038007 v 00 00000000000000000000000000000000fd9300ca4186f9dbfd3e0b1100000002 vle8.v v0, (t2)
#4321 0 800001ae 0e21a257 v 04 0000000000000000000000000000000000000000000000000000000000000046 vredxor.vs v4, v2, v3
#4322 0 800001b2 3a40bb57 v 16 0000000000000000000000000000000000000000000000000000000000004600 vslideup.vi v22, v4, 1
#4323 0 800001b6 296182d7 v 05 0000000000000000000000000000000000000000000000000000000000004627 vor.vv v5, v22, v3, v0.t
#4324 0 800001ba 70040397 r 07         f00401ba  auipc    t2, 0x70040
#4325 0 800001be 13838393 r 07         f00402f2  addi     t2, t2, 312
#4326 0 800001c2 02038007 v 00 00000000000000000000000000000000fd9300ca4186f9dbfd3e0b1100000001 vle8.v v0, (t2)
#4327 0 800001c6     4e81 r 1d         00000000  c.li     t4, 0x0
#4328 0 800001c8 5e0ec157 v 02 00000000000000000000000000000000258bd2fda97264e87db7413d00000000 vmv.v.x v2, t4
#4329 0 800001cc 28610157 v 02 00000000000000000000000000000000258bd2fda97264e87db7413d0000009b vor.vv v2, v6, v2, v0.t
#4330 0 800001d0 70040397 r 07         f00401d0  auipc    t2, 0x70040
#4331 0 800001d4 12638393 r 07         f00402f6  addi     t2, t2, 294
#4332 0 800001d8 02038007 v 00 00000000000000000000000000000000fd9300ca4186f9dbfd3e0b1100000002 vle8.v v0, (t2)
#4333 0 800001dc     4e81 r 1d         00000000  c.li     t4, 0x0
#4334 0 800001de 5e0ec1d7 v 03 00000000000000000000000000000000d3a9ab54ff31b59bf03d432700000000 vmv.v.x v3, t4
#4335 0 800001e2 28618157 v 02 00000000000000000000000000000000258bd2fda97264e87db7413d0000b59b vor.vv v2, v6, v3, v0.t
#4336 0 800001e6 70040397 r 07         f00401e6  auipc    t2, 0x70040
#4337 0 800001ea 11438393 r 07         f00402fa  addi     t2, t2, 276
#4338 0 800001ee 02038007 v 00 00000000000000000000000000000000fd9300ca4186f9dbfd3e0b1100000004 vle8.v v0, (t2)
#4339 0 800001f2     4e81 r 1d         00000000  c.li     t4, 0x0
#4340 0 800001f4 5e0ec1d7 v 03 00000000000000000000000000000000d3a9ab54ff31b59bf03d432700000000 vmv.v.x v3, t4
#4341 0 800001f8 28a18157 v 02 00000000000000000000000000000000258bd2fda97264e87db7413d0062b59b vor.vv v2, v10, v3, v0.t
#4342 0 800001fc 70040397 r 07         f00401fc  auipc    t2, 0x70040
#4343 0 80000200 10238393 r 07         f00402fe  addi     t2, t2, 258
#4344 0 80000204 02038007 v 00 00000000000000000000000000000000fd9300ca4186f9dbfd3e0b1100000008 vle8.v v0, (t2)
#4345 0 80000208     4e81 r 1d         00000000  c.li     t4, 0x0
#4346 0 8000020a 5e0ec1d7 v 03 00000000000000000000000000000000d3a9ab54ff31b59bf03d432700000000 vmv.v.x v3, t4
#4347 0 8000020e 29218157 v 02 00000000000000000000000000000000258bd2fda97264e87db7413d1a62b59b vor.vv v2, v18, v3, v0.t
#4348 0 80000212 70040397 r 07         f0040212  auipc    t2, 0x70040
#4349 0 80000216 0e838393 r 07         f00402fa  addi     t2, t2, 232
#4350 0 8000021a 02038007 v 00 00000000000000000000000000000000fd9300ca4186f9dbfd3e0b1100000004 vle8.v v0, (t2)
#4351 0 8000021e 0e21a257 v 04 0000000000000000000000000000000000000000000000000000000000000056 vredxor.vs v4, v2, v3
#4352 0 80000222 3a413b57 v 16 0000000000000000000000000000000000000000000000000000000000564600 vslideup.vi v22, v4, 2
#4353 0 80000226 296182d7 v 05 0000000000000000000000000000000000000000000000000000000000564627 vor.vv v5, v22, v3, v0.t
#4354 0 8000022a 70040397 r 07         f004022a  auipc    t2, 0x70040
#4355 0 8000022e 0c838393 r 07         f00402f2  addi     t2, t2, 200
#4356 0 80000232 02038007 v 00 00000000000000000000000000000000fd9300ca4186f9dbfd3e0b1100000001 vle8.v v0, (t2)
#4357 0 80000236     4e81 r 1d         00000000  c.li     t4, 0x0
#4358 0 80000238 5e0ec157 v 02 00000000000000000000000000000000258bd2fda97264e87db7413d00000000 vmv.v.x v2, t4
#4359 0 8000023c 29210157 v 02 00000000000000000000000000000000258bd2fda97264e87db7413d000000b6 vor.vv v2, v18, v2, v0.t
#4360 0 80000240 70040397 r 07         f0040240  auipc    t2, 0x70040
#4361 0 80000244 0b638393 r 07         f00402f6  addi     t2, t2, 182
#4362 0 80000248 02038007 v 00 00000000000000000000000000000000fd9300ca4186f9dbfd3e0b1100000002 vle8.v v0, (t2)
#4363 0 8000024c     4e81 r 1d         00000000  c.li     t4, 0x0
#4364 0 8000024e 5e0ec1d7 v 03 00000000000000000000000000000000d3a9ab54ff31b59bf03d432700000000 vmv.v.x v3, t4
#4365 0 80000252 28618157 v 02 00000000000000000000000000000000258bd2fda97264e87db7413d0000b5b6 vor.vv v2, v6, v3, v0.t
#4366 0 80000256 70040397 r 07         f0040256  auipc    t2, 0x70040
#4367 0 8000025a 0a438393 r 07         f00402fa  addi     t2, t2, 164
#4368 0 8000025e 02038007 v 00 00000000000000000000000000000000fd9300ca4186f9dbfd3e0b1100000004 vle8.v v0, (t2)
#4369 0 80000262     4e81 r 1d         00000000  c.li     t4, 0x0
#4370 0 80000264 5e0ec1d7 v 03 00000000000000000000000000000000d3a9ab54ff31b59bf03d432700000000 vmv.v.x v3, t4
#4371 0 80000268 28618157 v 02 00000000000000000000000000000000258bd2fda97264e87db7413d0031b5b6 vor.vv v2, v6, v3, v0.t
#4372 0 8000026c 70040397 r 07         f004026c  auipc    t2, 0x70040
#4373 0 80000270 09238393 r 07         f00402fe  addi     t2, t2, 146
#4374 0 80000274 02038007 v 00 00000000000000000000000000000000fd9300ca4186f9dbfd3e0b1100000008 vle8.v v0, (t2)
#4375 0 80000278     4e81 r 1d         00000000  c.li     t4, 0x0
#4376 0 8000027a 5e0ec1d7 v 03 00000000000000000000000000000000d3a9ab54ff31b59bf03d432700000000 vmv.v.x v3, t4
#4377 0 8000027e 28a18157 v 02 00000000000000000000000000000000258bd2fda97264e87db7413de531b5b6 vor.vv v2, v10, v3, v0.t
#4378 0 80000282 0e21a257 v 04 00000000000000000000000000000000000000000000000000000000000000d7 vredxor.vs v4, v2, v3
#4379 0 80000286 3a41bb57 v 16 00000000000000000000000000000000000000000000000000000000d7564600 vslideup.vi v22, v4, 3
#4380 0 8000028a 296182d7 v 05 00000000000000000000000000000000000000000000000000000000d7564627 vor.vv v5, v22, v3, v0.t
#4381 0 8000028e 020902a7 m f004025d   000000d7  vse8.v v5, (s2)
#4382 0 80000292     0911 r 12         f004025e  c.addi   s2, 0x4
#4383 0 80000294     0991 r 13         f0040326  c.addi   s3, 0x4
#4384 0 80000296     1ffd r 1f         00000001  c.addi   t6, -0x1
#4385 0 80000298 de0f9fe3 r 00         00000000  bne      t6, zero, . - 0x202
#4386 0 80000096     4e81 r 1d         00000000  c.li     t4, 0x0
#4387 0 80000098 5e0ec157 v 02 00000000000000000000000000000000258bd2fda97264e87db7413d00000000 vmv.v.x v2, t4
#4388 0 8000009c 5e0ec2d7 v 05 0000000000000000000000000000000000000000000000000000000000000000 vmv.v.x v5, t4
#4389 0 800000a0 5e0ec557 v 0a 0000000000000000000000000000000000000000000000000000000000000000 vmv.v.x v10, t4
#4390 0 800000a4 5e0ec757 v 0e 0000000000000000000000000000000000000000000000000000000000000000 vmv.v.x v14, t4
#4391 0 800000a8 5e0ec957 v 12 0000000000000000000000000000000000000000000000000000000000000000 vmv.v.x v18, t4
#4392 0 800000ac 5e0ecb57 v 16 0000000000000000000000000000000000000000000000000000000000000000 vmv.v.x v22, t4
#4393 0 800000b0 5e0ec0d7 v 01 000000000000000000000000000000000b06010c07020d08030e090400000000 vmv.v.x v1, t4
#4394 0 800000b4 02090307 v 06 00000000000000000000000000000000000000000000000000000000d3a9ab54 vle8.v v6, (s2)
#4395 0 800000b8 08000393 r 07         00000080  addi     t2, zero, 128
#4396 0 800000bc 5e03c0d7 v 01 000000000000000000000000000000000b06010c07020d08030e090480808080 vmv.v.x v1, t2
#4397 0 800000c0 26608757 v 0e 0000000000000000000000000000000000000000000000000000000080808000 vand.vv v14, v6, v1
#4398 0 800000c4 66e03057 v 00 00000000000000000000000000000000fd9300ca4186f9dbfd3e0b110000000e vmsne.vi v0, v14, 0
#4399 0 800000c8 9660b557 v 0a 00000000000000000000000000000000000000000000000000000000a65256a8 vsll.vi v10, v6, 1
#4400 0 800000cc     4e6d r 1c         0000001b  c.li     t3, 0x1b
#4401 0 800000ce 5e0e4157 v 02 00000000000000000000000000000000258bd2fda97264e87db7413d1b1b1b1b vmv.v.x v2, t3
#4402 0 800000d2 2ca10557 v 0a 00000000000000000000000000000000000000000000000000000000bd494da8 vxor.vv v10, v10, v2, v0.t
#4403 0 800000d6 2ea30957 v 12 000000000000000000000000000000000000000000000000000000006ee0e6fc vxor.vv v18, v10, v6
#4404 0 800000da 70040397 r 07         f00400da  auipc    t2, 0x70040
#4405 0 800000de 21838393 r 07         f00402f2  addi     t2, t2, 536
#4406 0 800000e2 02038007 v 00 00000000000000000000000000000000fd9300ca4186f9dbfd3e0b1100000001 vle8.v v0, (t2)
#4407 0 800000e6     4e81 r 1d         00000000  c.li     t4, 0x0
#4408 0 800000e8 5e0ec1d7 v 03 00000000000000000000000000000000d3a9ab54ff31b59bf03d432700000000 vmv.v.x v3, t4
#4409 0 800000ec 5e0ec157 v 02 00000000000000000000000000000000258bd2fda97264e87db7413d00000000 vmv.v.x v2, t4
#4410 0 800000f0 28a18157 v 02 00000000000000000000000000000000258bd2fda97264e87db7413d000000a8 vor.vv v2, v10, v3, v0.t
#4411 0 800000f4 70040397 r 07         f00400f4  auipc    t2, 0x70040
#4412 0 800000f8 20238393 r 07         f00402f6  addi     t2, t2, 514
#4413 0 800000fc 02038007 v 00 00000000000000000000000000000000fd9300ca4186f9dbfd3e0b1100000002 vle8.v v0, (t2)
#4414 0 80000100     4e81 r 1d         00000000  c.li     t4, 0x0
#4415 0 80000102 5e0ec1d7 v 03 00000000000000000000000000000000d3a9ab54ff31b59bf03d432700000000 vmv.v.x v3, t4
#4416 0 80000106 29218157 v 02 00000000000000000000000000000000258bd2fda97264e87db7413d0000e6a8 vor.vv v2, v18, v3, v0.t
#4417 0 8000010a 70040397 r 07         f004010a  auipc    t2, 0x70040
#4418 0 8000010e 1f038393 r 07         f00402fa  addi     t2, t2, 496
#4419 0 80000112 02038007 v 00 00000000000000000000000000000000fd9300ca4186f9dbfd3e0b1100000004 vle8.v v0, (t2)
#4420 0 80000116     4e81 r 1d         00000000  c.li     t4, 0x0
#4421 0 80000118 5e0ec1d7 v 03 00000000000000000000000000000000d3a9ab54ff31b59bf03d432700000000 vmv.v.x v3, t4
#4422 0 8000011c 28618157 v 02 00000000000000000000000000000000258bd2fda97264e87db7413d00a9e6a8 vor.vv v2, v6, v3, v0.t
#4423 0 80000120 70040397 r 07         f0040120  auipc    t2, 0x70040
#4424 0 80000124 1de38393 r 07         f00402fe  addi     t2, t2, 478
#4425 0 80000128 02038007 v 00 00000000000000000000000000000000fd9300ca4186f9dbfd3e0b1100000008 vle8.v v0, (t2)
#4426 0 8000012c     4e81 r 1d         00000000  c.li     t4, 0x0
#4427 0 8000012e 5e0ec1d7 v 03 00000000000000000000000000000000d3a9ab54ff31b59bf03d432700000000 vmv.v.x v3, t4
#4428 0 80000132 28618157 v 02 00000000000000000000000000000000258bd2fda97264e87db7413dd3a9e6a8 vor.vv v2, v6, v3, v0.t
#4429 0 80000136 70040397 r 07         f0040136  auipc    t2, 0x70040
#4430 0 8000013a 1bc38393 r 07         f00402f2  addi     t2, t2, 444
#4431 0 8000013e 02038007 v 00 00000000000000000000000000000000fd9300ca4186f9dbfd3e0b1100000001 vle8.v v0, (t2)
#4432 0 80000142 0e21a257 v 04 0000000000000000000000000000000000000000000000000000000000000034 vredxor.vs v4, v2, v3
#4433 0 80000146 284182d7 v 05 0000000000000000000000000000000000000000000000000000000000000034 vor.vv v5, v4, v3, v0.t
#4434 0 8000014a 70040397 r 07         f004014a  auipc    t2, 0x70040
#4435 0 8000014e 1a838393 r 07         f00402f2  addi     t2, t2, 424
#4436 0 80000152 02038007 v 00 00000000000000000000000000000000fd9300ca4186f9dbfd3e0b1100000001 vle8.v v0, (t2)
#4437 0 80000156     4e81 r 1d         00000000  c.li     t4, 0x0
#4438 0 80000158 5e0ec157 v 02 00000000000000000000000000000000258bd2fda97264e87db7413d00000000 vmv.v.x v2, t4
#4439 0 8000015c 28610157 v 02 00000000000000000000000000000000258bd2fda97264e87db7413d00000054 vor.vv v2, v6, v2, v0.t
#4440 0 80000160 70040397 r 07         f0040160  auipc    t2, 0x70040
#4441 0 80000164 19638393 r 07         f00402f6  addi     t2, t2, 406
#4442 0 80000168 02038007 v 00 00000000000000000000000000000000fd9300ca4186f9dbfd3e0b1100000002 vle8.v v0, (t2)
#4443 0 8000016c     4e81 r 1d         00000000  c.li     t4, 0x0
#4444 0 8000016e 5e0ec1d7 v 03 00000000000000000000000000000000d3a9ab54ff31b59bf03d432700000000 vmv.v.x v3, t4
#4445 0 80000172 28a18157 v 02 00000000000000000000000000000000258bd2fda97264e87db7413d00004d54 vor.vv v2, v10, v3, v0.t
#4446 0 80000176 70040397 r 07         f0040176  auipc    t2, 0x70040
#4447 0 8000017a 18438393 r 07         f00402fa  addi     t2, t2, 388
#4448 0 8000017e 02038007 v 00 00000000000000000000000000000000fd9300ca4186f9dbfd3e0b1100000004 vle8.v v0, (t2)
#4449 0 80000182     4e81 r 1d         00000000  c.li     t4, 0x0
#4450 0 80000184 5e0ec1d7 v 03 00000000000000000000000000000000d3a9ab54ff31b59bf03d432700000000 vmv.v.x v3, t4
#4451 0 80000188 29218157 v 02 00000000000000000000000000000000258bd2fda97264e87db7413d00e04d54 vor.vv v2, v18, v3, v0.t
#4452 0 8000018c 70040397 r 07         f004018c  auipc    t2, 0x70040
#4453 0 80000190 17238393 r 07         f00402fe  addi     t2, t2, 370
#4454 0 80000194 02038007 v 00 00000000000000000000000000000000fd9300ca4186f9dbfd3e0b1100000008 vle8.v v0, (t2)
#4455 0 80000198     4e81 r 1d         00000000  c.li     t4, 0x0
#4456 0 8000019a 5e0ec1d7 v 03 00000000000000000000000000000000d3a9ab54ff31b59bf03d432700000000 vmv.v.x v3, t4
#4457 0 8000019e 28618157 v 02 00000000000000000000000000000000258bd2fda97264e87db7413dd3e04d54 vor.vv v2, v6, v3, v0.t
#4458 0 800001a2 70040397 r 07         f00401a2  auipc    t2, 0x70040
#4459 0 800001a6 15438393 r 07         f00402f6  addi     t2, t2, 340
#4460 0 800001aa 02038007 v 00 00000000000000000000000000000000fd9300ca4186f9dbfd3e0b1100000002 vle8.v v0, (t2)
#4461 0 800001ae 0e21a257 v 04 000000000000000000000000000000000000000000000000000000000000002a vredxor.vs v4, v2, v3
#4462 0 800001b2 3a40bb57 v 16 0000000000000000000000000000000000000000000000000000000000002a00 vslideup.vi v22, v4, 1
#4463 0 800001b6 296182d7 v 05 0000000000000000000000000000000000000000000000000000000000002a34 vor.vv v5, v22, v3, v0.t
#4464 0 800001ba 70040397 r 07         f00401ba  auipc    t2, 0x70040
#4465 0 800001be 13838393 r 07         f00402f2  addi     t2, t2, 312
#4466 0 800001c2 02038007 v 00 00000000000000000000000000000000fd9300ca4186f9dbfd3e0b1100000001 vle8.v v0, (t2)
#4467 0 800001c6     4e81 r 1d         00000000  c.li     t4, 0x0
#4468 0 800001c8 5e0ec157 v 02 00000000000000000000000000000000258bd2fda97264e87db7413d00000000 vmv.v.x v2, t4
#4469 0 800001cc 28610157 v 02 00000000000000000000000000000000258bd2fda97264e87db7413d00000054 vor.vv v2, v6, v2, v0.t
#4470 0 800001d0 70040397 r 07         f00401d0  auipc    t2, 0x70040
#4471 0 800001d4 12638393 r 07         f00402f6  addi     t2, t2, 294
#4472 0 800001d8 02038007 v 00 00000000000000000000000000000000fd9300ca4186f9dbfd3e0b1100000002 vle8.v v0, (t2)
#4473 0 800001dc     4e81 r 1d         00000000  c.li     t4, 0x0
#4474 0 800001de 5e0ec1d7 v 03 00000000000000000000000000000000d3a9ab54ff31b59bf03d432700000000 vmv.v.x v3, t4
#4475 0 800001e2 28618157 v 02 00000000000000000000000000000000258bd2fda97264e87db7413d0000ab54 vor.vv v2, v6, v3, v0.t
#4476 0 800001e6 70040397 r 07         f00401e6  auipc    t2, 0x70040
#4477 0 800001ea 11438393 r 07         f00402fa  addi     t2, t2, 276
#4478 0 800001ee 02038007 v 00 00000000000000000000000000000000fd9300ca4186f9dbfd3e0b1100000004 vle8.v v0, (t2)
#4479 0 800001f2     4e81 r 1d         00000000  c.li     t4, 0x0
#4480 0 800001f4 5e0ec1d7 v 03 00000000000000000000000000000000d3a9ab54ff31b59bf03d432700000000 vmv.v.x v3, t4
#4481 0 800001f8 28a18157 v 02 00000000000000000000000000000000258bd2fda97264e87db7413d0049ab54 vor.vv v2, v10, v3, v0.t
#4482 0 800001fc 70040397 r 07         f00401fc  auipc    t2, 0x70040
#4483 0 80000200 10238393 r 07         f00402fe  addi     t2, t2, 258
#4484 0 80000204 02038007 v 00 00000000000000000000000000000000fd9300ca4186f9dbfd3e0b1100000008 vle8.v v0, (t2)
#4485 0 80000208     4e81 r 1d         00000000  c.li     t4, 0x0
#4486 0 8000020a 5e0ec1d7 v 03 00000000000000000000000000000000d3a9ab54ff31b59bf03d432700000000 vmv.v.x v3, t4
#4487 0 8000020e 29218157 v 02 00000000000000000000000000000000258bd2fda97264e87db7413d6e49ab54 vor.vv v2, v18, v3, v0.t
#4488 0 80000212 70040397 r 07         f0040212  auipc    t2, 0x70040
#4489 0 80000216 0e838393 r 07         f00402fa  addi     t2, t2, 232
#4490 0 8000021a 02038007 v 00 00000000000000000000000000000000fd9300ca4186f9dbfd3e0b1100000004 vle8.v v0, (t2)
#4491 0 8000021e 0e21a257 v 04 00000000000000000000000000000000000000000000000000000000000000d8 vredxor.vs v4, v2, v3
#4492 0 80000222 3a413b57 v 16 0000000000000000000000000000000000000000000000000000000000d82a00 vslideup.vi v22, v4, 2
#4493 0 80000226 296182d7 v 05 0000000000000000000000000000000000000000000000000000000000d82a34 vor.vv v5, v22, v3, v0.t
#4494 0 8000022a 70040397 r 07         f004022a  auipc    t2, 0x70040
#4495 0 8000022e 0c838393 r 07         f00402f2  addi     t2, t2, 200
#4496 0 80000232 02038007 v 00 00000000000000000000000000000000fd9300ca4186f9dbfd3e0b1100000001 vle8.v v0, (t2)
#4497 0 80000236     4e81 r 1d         00000000  c.li     t4, 0x0
#4498 0 80000238 5e0ec157 v 02 00000000000000000000000000000000258bd2fda97264e87db7413d00000000 vmv.v.x v2, t4
#4499 0 8000023c 29210157 v 02 00000000000000000000000000000000258bd2fda97264e87db7413d000000fc vor.vv v2, v18, v2, v0.t
#4500 0 80000240 70040397 r 07         f0040240  auipc    t2, 0x70040
#4501 0 80000244 0b638393 r 07         f00402f6  addi     t2, t2, 182
#4502 0 80000248 02038007 v 00 00000000000000000000000000000000fd9300ca4186f9dbfd3e0b1100000002 vle8.v v0, (t2)
#4503 0 8000024c     4e81 r 1d         00000000  c.li     t4, 0x0
#4504 0 8000024e 5e0ec1d7 v 03 00000000000000000000000000000000d3a9ab54ff31b59bf03d432700000000 vmv.v.x v3, t4
#4505 0 80000252 28618157 v 02 00000000000000000000000000000000258bd2fda97264e87db7413d0000abfc vor.vv v2, v6, v3, v0.t
#4506 0 80000256 70040397 r 07         f0040256  auipc    t2, 0x70040
#4507 0 8000025a 0a438393 r 07         f00402fa  addi     t2, t2, 164
#4508 0 8000025e 02038007 v 00 00000000000000000000000000000000fd9300ca4186f9dbfd3e0b1100000004 vle8.v v0, (t2)
#4509 0 80000262     4e81 r 1d         00000000  c.li     t4, 0x0
#4510 0 80000264 5e0ec1d7 v 03 00000000000000000000000000000000d3a9ab54ff31b59bf03d432700000000 vmv.v.x v3, t4
#4511 0 80000268 28618157 v 02 00000000000000000000000000000000258bd2fda97264e87db7413d00a9abfc vor.vv v2, v6, v3, v0.t
#4512 0 8000026c 70040397 r 07         f004026c  auipc    t2, 0x70040
#4513 0 80000270 09238393 r 07         f00402fe  addi     t2, t2, 146
#4514 0 80000274 02038007 v 00 00000000000000000000000000000000fd9300ca4186f9dbfd3e0b1100000008 vle8.v v0, (t2)
#4515 0 80000278     4e81 r 1d         00000000  c.li     t4, 0x0
#4516 0 8000027a 5e0ec1d7 v 03 00000000000000000000000000000000d3a9ab54ff31b59bf03d432700000000 vmv.v.x v3, t4
#4517 0 8000027e 28a18157 v 02 00000000000000000000000000000000258bd2fda97264e87db7413dbda9abfc vor.vv v2, v10, v3, v0.t
#4518 0 80000282 0e21a257 v 04 0000000000000000000000000000000000000000000000000000000000000043 vredxor.vs v4, v2, v3
#4519 0 80000286 3a41bb57 v 16 0000000000000000000000000000000000000000000000000000000043d82a00 vslideup.vi v22, v4, 3
#4520 0 8000028a 296182d7 v 05 0000000000000000000000000000000000000000000000000000000043d82a34 vor.vv v5, v22, v3, v0.t
#4521 0 8000028e 020902a7 m f0040261   00000043  vse8.v v5, (s2)
#4522 0 80000292     0911 r 12         f0040262  c.addi   s2, 0x4
#4523 0 80000294     0991 r 13         f004032a  c.addi   s3, 0x4
#4524 0 80000296     1ffd r 1f         00000000  c.addi   t6, -0x1
#4525 0 80000298 de0f9fe3 r 00         00000000  bne      t6, zero, . - 0x202
#4526 0 8000029c 70040917 r 12         f004029c  auipc    s2, 0x70040
#4527 0 800002a0 fa690913 r 12         f0040242  addi     s2, s2, -90
#4528 0 800002a4 70040997 r 13         f00402a4  auipc    s3, 0x70040
#4529 0 800002a8 d9e98993 r 13         f0040042  addi     s3, s3, -610
#4530 0 800002ac 70040a17 r 14         f00402ac  auipc    s4, 0x70040
#4531 0 800002b0 d8ca0a13 r 14         f0040038  addi     s4, s4, -628
#4532 0 800002b4     4291 r 05         00000004  c.li     t0, 0x4
#4533 0 800002b6 70040497 r 09         f00402b6  auipc    s1, 0x70040
#4534 0 800002ba e8c48493 r 09         f0040142  addi     s1, s1, -372
#4535 0 800002be 0002f2d7 r 05         00000004  vsetvli t0, t0, e8,m1,tu,mu  +
#4535 0 800002be 0002f2d7 c 0c20       00000004  vsetvli t0, t0, e8,m1,tu,mu  +
#4535 0 800002be 0002f2d7 c 0c21       00000000  vsetvli t0, t0, e8,m1,tu,mu
#4536 0 800002c2 02090307 v 06 000000000000000000000000000000000000000000000000000000007aa3886d vle8.v v6, (s2)
#4537 0 800002c6     0911 r 12         f0040246  c.addi   s2, 0x4
#4538 0 800002c8 02090387 v 07 00000000000000000000000000000000000000000000000000000000fd3e0b11 vle8.v v7, (s2)
#4539 0 800002cc     0911 r 12         f004024a  c.addi   s2, 0x4
#4540 0 800002ce 02090407 v 08 000000000000000000000000000000000000000000000000000000004186f9db vle8.v v8, (s2)
#4541 0 800002d2     0911 r 12         f004024e  c.addi   s2, 0x4
#4542 0 800002d4 02090487 v 09 00000000000000000000000000000000000000000000000000000000fd9300ca vle8.v v9, (s2)
#4543 0 800002d8     1951 r 12         f0040242  c.addi   s2, -0xc
#4544 0 800002da 0002f2d7 r 05         00000004  vsetvli t0, t0, e8,m1,tu,mu  +
#4544 0 800002da 0002f2d7 c 0c20       00000004  vsetvli t0, t0, e8,m1,tu,mu  +
#4544 0 800002da 0002f2d7 c 0c21       00000000  vsetvli t0, t0, e8,m1,tu,mu
#4545 0 800002de 70040e17 r 1c         f00402de  auipc    t3, 0x70040
#4546 0 800002e2 ff4e0e13 r 1c         f00402d2  addi     t3, t3, -12
#4547 0 800002e6 70040e97 r 1d         f00402e6  auipc    t4, 0x70040
#4548 0 800002ea 01ce8e93 r 1d         f0040302  addi     t4, t4, 28
#4549 0 800002ee 020e0007 v 00 00000000000000000000000000000000fd9300ca4186f9dbfd3e0b1100030201 vle8.v v0, (t3)
#4550 0 800002f2 020e84a7 m f0040305   000000fd  vse8.v v9, (t4)
#4551 0 800002f6 060e8507 v 0a 00000000000000000000000000000000000000000000000000000000cafd9300 vluxei8.v v10, (t4), v0
#4552 0 800002fa 70040997 r 13         f00402fa  auipc    s3, 0x70040
#4553 0 800002fe d4898993 r 13         f0040042  addi     s3, s3, -696
#4554 0 80000302 06a98507 v 0a 000000000000000000000000000000000000000000000000000000007454dc63 vluxei8.v v10, (s3), v10
#4555 0 80000306 2e650357 v 06 000000000000000000000000000000000000000000000000000000000ef7540e vxor.vv v6, v6, v10
#4556 0 8000030a     4285 r 05         00000001  c.li     t0, 0x1
#4557 0 8000030c 0002f2d7 r 05         00000001  vsetvli t0, t0, e8,m1,tu,mu  +
#4557 0 8000030c 0002f2d7 c 0c20       00000001  vsetvli t0, t0, e8,m1,tu,mu  +
#4557 0 8000030c 0002f2d7 c 0c21       00000000  vsetvli t0, t0, e8,m1,tu,mu
#4558 0 80000310 70040a17 r 14         f0040310  auipc    s4, 0x70040
#4559 0 80000314 d28a0a13 r 14         f0040038  addi     s4, s4, -728
#4560 0 80000318     9a6e r 14         f004003e  c.add    s4, s11
#4561 0 8000031a     0d85 r 1b         00000007  c.addi   s11, 0x1
#4562 0 8000031c 020a0f07 v 1e 0000000000000000000000000000000000000000000000000000000000000040 vle8.v v30, (s4)
#4563 0 80000320     4291 r 05         00000004  c.li     t0, 0x4
#4564 0 80000322 0002f2d7 r 05         00000004  vsetvli t0, t0, e8,m1,tu,mu  +
#4564 0 80000322 0002f2d7 c 0c20       00000004  vsetvli t0, t0, e8,m1,tu,mu  +
#4564 0 80000322 0002f2d7 c 0c21       00000000  vsetvli t0, t0, e8,m1,tu,mu
#4565 0 80000326 2e6f0357 v 06 000000000000000000000000000000000000000000000000000000000ef7544e vxor.vv v6, v6, v30
#4566 0 8000032a     0a05 r 14         f004003f  c.addi   s4, 0x1
#4567 0 8000032c 2e7303d7 v 07 00000000000000000000000000000000000000000000000000000000f3c95f5f vxor.vv v7, v7, v6
#4568 0 80000330 2e838457 v 08 00000000000000000000000000000000000000000000000000000000b24fa684 vxor.vv v8, v8, v7
#4569 0 80000334 2e9404d7 v 09 000000000000000000000000000000000000000000000000000000004fdca64e vxor.vv v9, v9, v8
#4570 0 80000338 70040917 r 12         f0040338  auipc    s2, 0x70040
#4571 0 8000033c f0a90913 r 12         f0040242  addi     s2, s2, -246
#4572 0 80000340     4291 r 05         00000004  c.li     t0, 0x4
#4573 0 80000342 0002f2d7 r 05         00000004  vsetvli t0, t0, e8,m1,tu,mu  +
#4573 0 80000342 0002f2d7 c 0c20       00000004  vsetvli t0, t0, e8,m1,tu,mu  +
#4573 0 80000342 0002f2d7 c 0c21       00000000  vsetvli t0, t0, e8,m1,tu,mu
#4574 0 80000346 02090327 m f0040245   0000000e  vse8.v v6, (s2)
#4575 0 8000034a     0911 r 12         f0040246  c.addi   s2, 0x4
#4576 0 8000034c 020903a7 m f0040249   000000f3  vse8.v v7, (s2)
#4577 0 80000350     0911 r 12         f004024a  c.addi   s2, 0x4
#4578 0 80000352 02090427 m f004024d   000000b2  vse8.v v8, (s2)
#4579 0 80000356     0911 r 12         f004024e  c.addi   s2, 0x4
#4580 0 80000358 020904a7 m f0040251   0000004f  vse8.v v9, (s2)
#4581 0 8000035c 70040a97 r 15         f004035c  auipc    s5, 0x70040
#4582 0 80000360 ef6a8a93 r 15         f0040252  addi     s5, s5, -266
#4583 0 80000364 70040917 r 12         f0040364  auipc    s2, 0x70040
#4584 0 80000368 ede90913 r 12         f0040242  addi     s2, s2, -290
#4585 0 8000036c     42c1 r 05         00000010  c.li     t0, 0x10
#4586 0 8000036e 0002f2d7 r 05         00000010  vsetvli t0, t0, e8,m1,tu,mu  +
#4586 0 8000036e 0002f2d7 c 0c20       00000010  vsetvli t0, t0, e8,m1,tu,mu  +
#4586 0 8000036e 0002f2d7 c 0c21       00000000  vsetvli t0, t0, e8,m1,tu,mu
#4587 0 80000372 02090007 v 00 000000000000000000000000000000004fdca64eb24fa684f3c95f5f0ef7544e vle8.v v0, (s2)
#4588 0 80000376 020a8087 v 01 0000000000000000000000000000000043d82a34d7564627ec151646bfb51514 vle8.v v1, (s5)
#4589 0 8000037a 2e100157 v 02 000000000000000000000000000000000c048c7a6519e0a31fdc4919b142415a vxor.vv v2, v1, v0
#4590 0 8000037e 020a8127 m f0040261   0000000c  vse8.v v2, (s5)
#4591 0 80000382     137d r 06         00000002  c.addi   t1, -0x1
#4592 0 80000384 ca0317e3 r 00         00000000  bne      t1, zero, . - 0x352
#4593 0 80000032 70040a17 r 14         f0040032  auipc    s4, 0x70040
#4594 0 80000036 fcea0a13 r 14         f0040000  addi     s4, s4, -50
#4595 0 8000003a 70040997 r 13         f004003a  auipc    s3, 0x70040
#4596 0 8000003e 00898993 r 13         f0040042  addi     s3, s3, 8
#4597 0 80000042 70040a97 r 15         f0040042  auipc    s5, 0x70040
#4598 0 80000046 210a8a93 r 15         f0040252  addi     s5, s5, 528
#4599 0 8000004a     42c1 r 05         00000010  c.li     t0, 0x10
#4600 0 8000004c 0002f2d7 r 05         00000010  vsetvli t0, t0, e8,m1,tu,mu  +
#4600 0 8000004c 0002f2d7 c 0c20       00000010  vsetvli t0, t0, e8,m1,tu,mu  +
#4600 0 8000004c 0002f2d7 c 0c21       00000000  vsetvli t0, t0, e8,m1,tu,mu
#4601 0 80000050 020a8107 v 02 000000000000000000000000000000000c048c7a6519e0a31fdc4919b142415a vle8.v v2, (s5)
#4602 0 80000054 06298187 v 03 00000000000000000000000000000000fef264da4dd4e10ac0863bd4c82c83be vluxei8.v v3, (s3), v2
#4603 0 80000058 020a81a7 m f0040261   000000fe  vse8.v v3, (s5)
#4604 0 8000005c     42c1 r 05         00000010  c.li     t0, 0x10
#4605 0 8000005e 70040497 r 09         f004005e  auipc    s1, 0x70040
#4606 0 80000062 1f448493 r 09         f0040252  addi     s1, s1, 500
#4607 0 80000066 70040917 r 12         f0040066  auipc    s2, 0x70040
#4608 0 8000006a 27090913 r 12         f00402d6  addi     s2, s2, 624
#4609 0 8000006e 0002f2d7 r 05         00000010  vsetvli t0, t0, e8,m1,tu,mu  +
#4609 0 8000006e 0002f2d7 c 0c20       00000010  vsetvli t0, t0, e8,m1,tu,mu  +
#4609 0 8000006e 0002f2d7 c 0c21       00000000  vsetvli t0, t0, e8,m1,tu,mu
#4610 0 80000072 02090087 v 01 000000000000000000000000000000000b06010c07020d08030e09040f0a0500 vle8.v v1, (s2)
#4611 0 80000076 06148187 v 03 000000000000000000000000000000004d8683dac02c640ac8f2e1d4fed43bbe vluxei8.v v3, (s1), v1
#4612 0 8000007a 020481a7 m f0040261   0000004d  vse8.v v3, (s1)
#4613 0 8000007e 70040917 r 12         f004007e  auipc    s2, 0x70040
#4614 0 80000082 1d490913 r 12         f0040252  addi     s2, s2, 468
#4615 0 80000086     4291 r 05         00000004  c.li     t0, 0x4
#4616 0 80000088 0002f2d7 r 05         00000004  vsetvli t0, t0, e8,m1,tu,mu  +
#4616 0 80000088 0002f2d7 c 0c20       00000004  vsetvli t0, t0, e8,m1,tu,mu  +
#4616 0 80000088 0002f2d7 c 0c21       00000000  vsetvli t0, t0, e8,m1,tu,mu
#4617 0 8000008c     4f91 r 1f         00000004  c.li     t6, 0x4
#4618 0 8000008e 70040997 r 13         f004008e  auipc    s3, 0x70040
#4619 0 80000092 28c98993 r 13         f004031a  addi     s3, s3, 652
#4620 0 80000096     4e81 r 1d         00000000  c.li     t4, 0x0
#4621 0 80000098 5e0ec157 v 02 000000000000000000000000000000000c048c7a6519e0a31fdc491900000000 vmv.v.x v2, t4
#4622 0 8000009c 5e0ec2d7 v 05 0000000000000000000000000000000000000000000000000000000000000000 vmv.v.x v5, t4
#4623 0 800000a0 5e0ec557 v 0a 0000000000000000000000000000000000000000000000000000000000000000 vmv.v.x v10, t4
#4624 0 800000a4 5e0ec757 v 0e 0000000000000000000000000000000000000000000000000000000000000000 vmv.v.x v14, t4
#4625 0 800000a8 5e0ec957 v 12 0000000000000000000000000000000000000000000000000000000000000000 vmv.v.x v18, t4
#4626 0 800000ac 5e0ecb57 v 16 0000000000000000000000000000000000000000000000000000000000000000 vmv.v.x v22, t4
#4627 0 800000b0 5e0ec0d7 v 01 000000000000000000000000000000000b06010c07020d08030e090400000000 vmv.v.x v1, t4
#4628 0 800000b4 02090307 v 06 00000000000000000000000000000000000000000000000000000000fed43bbe vle8.v v6, (s2)
#4629 0 800000b8 08000393 r 07         00000080  addi     t2, zero, 128
#4630 0 800000bc 5e03c0d7 v 01 000000000000000000000000000000000b06010c07020d08030e090480808080 vmv.v.x v1, t2
#4631 0 800000c0 26608757 v 0e 0000000000000000000000000000000000000000000000000000000080800080 vand.vv v14, v6, v1
#4632 0 800000c4 66e03057 v 00 000000000000000000000000000000004fdca64eb24fa684f3c95f5f0ef7544d vmsne.vi v0, v14, 0
#4633 0 800000c8 9660b557 v 0a 00000000000000000000000000000000000000000000000000000000fca8767c vsll.vi v10, v6, 1
#4634 0 800000cc     4e6d r 1c         0000001b  c.li     t3, 0x1b
#4635 0 800000ce 5e0e4157 v 02 000000000000000000000000000000000c048c7a6519e0a31fdc49191b1b1b1b vmv.v.x v2, t3
#4636 0 800000d2 2ca10557 v 0a 00000000000000000000000000000000000000000000000000000000e7b37667 vxor.vv v10, v10, v2, v0.t
#4637 0 800000d6 2ea30957 v 12 0000000000000000000000000000000000000000000000000000000019674dd9 vxor.vv v18, v10, v6
#4638 0 800000da 70040397 r 07         f00400da  auipc    t2, 0x70040
#4639 0 800000de 21838393 r 07         f00402f2  addi     t2, t2, 536
#4640 0 800000e2 02038007 v 00 000000000000000000000000000000004fdca64eb24fa684f3c95f5f00000001 vle8.v v0, (t2)
#4641 0 800000e6     4e81 r 1d         00000000  c.li     t4, 0x0
#4642 0 800000e8 5e0ec1d7 v 03 000000000000000000000000000000004d8683dac02c640ac8f2e1d400000000 vmv.v.x v3, t4
#4643 0 800000ec 5e0ec157 v 02 000000000000000000000000000000000c048c7a6519e0a31fdc491900000000 vmv.v.x v2, t4
#4644 0 800000f0 28a18157 v 02 000000000000000000000000000000000c048c7a6519e0a31fdc491900000067 vor.vv v2, v10, v3, v0.t
#4645 0 800000f4 70040397 r 07         f00400f4  auipc    t2, 0x70040
#4646 0 800000f8 20238393 r 07         f00402f6  addi     t2, t2, 514
#4647 0 800000fc 02038007 v 00 000000000000000000000000000000004fdca64eb24fa684f3c95f5f00000002 vle8.v v0, (t2)
#4648 0 80000100     4e81 r 1d         00000000  c.li     t4, 0x0
#4649 0 80000102 5e0ec1d7 v 03 000000000000000000000000000000004d8683dac02c640ac8f2e1d400000000 vmv.v.x v3, t4
#4650 0 80000106 29218157 v 02 000000000000000000000000000000000c048c7a6519e0a31fdc491900004d67 vor.vv v2, v18, v3, v0.t
#4651 0 8000010a 70040397 r 07         f004010a  auipc    t2, 0x70040
#4652 0 8000010e 1f038393 r 07         f00402fa  addi     t2, t2, 496
#4653 0 80000112 02038007 v 00 000000000000000000000000000000004fdca64eb24fa684f3c95f5f00000004 vle8.v v0, (t2)
#4654 0 80000116     4e81 r 1d         00000000  c.li     t4, 0x0
#4655 0 80000118 5e0ec1d7 v 03 000000000000000000000000000000004d8683dac02c640ac8f2e1d400000000 vmv.v.x v3, t4
#4656 0 8000011c 28618157 v 02 000000000000000000000000000000000c048c7a6519e0a31fdc491900d44d67 vor.vv v2, v6, v3, v0.t
#4657 0 80000120 70040397 r 07         f0040120  auipc    t2, 0x70040
#4658 0 80000124 1de38393 r 07         f00402fe  addi     t2, t2, 478
#4659 0 80000128 02038007 v 00 000000000000000000000000000000004fdca64eb24fa684f3c95f5f00000008 vle8.v v0, (t2)
#4660 0 8000012c     4e81 r 1d         00000000  c.li     t4, 0x0
#4661 0 8000012e 5e0ec1d7 v 03 000000000000000000000000000000004d8683dac02c640ac8f2e1d400000000 vmv.v.x v3, t4
#4662 0 80000132 28618157 v 02 000000000000000000000000000000000c048c7a6519e0a31fdc4919fed44d67 vor.vv v2, v6, v3, v0.t
#4663 0 80000136 70040397 r 07         f0040136  auipc    t2, 0x70040
#4664 0 8000013a 1bc38393 r 07         f00402f2  addi     t2, t2, 444
#4665 0 8000013e 02038007 v 00 000000000000000000000000000000004fdca64eb24fa684f3c95f5f00000001 vle8.v v0, (t2)
#4666 0 80000142 0e21a257 v 04 0000000000000000000000000000000000000000000000000000000000000000 vredxor.vs v4, v2, v3
#4667 0 80000146 284182d7 v 05 0000000000000000000000000000000000000000000000000000000000000000 vor.vv v5, v4, v3, v0.t
#4668 0 8000014a 70040397 r 07         f004014a  auipc    t2, 0x70040
#4669 0 8000014e 1a838393 r 07         f00402f2  addi     t2, t2, 424
#4670 0 80000152 02038007 v 00 000000000000000000000000000000004fdca64eb24fa684f3c95f5f00000001 vle8.v v0, (t2)
#4671 0 80000156     4e81 r 1d         00000000  c.li     t4, 0x0
#4672 0 80000158 5e0ec157 v 02 000000000000000000000000000000000c048c7a6519e0a31fdc491900000000 vmv.v.x v2, t4
#4673 0 8000015c 28610157 v 02 000000000000000000000000000000000c048c7a6519e0a31fdc4919000000be vor.vv v2, v6, v2, v0.t
#4674 0 80000160 70040397 r 07         f0040160  auipc    t2, 0x70040
#4675 0 80000164 19638393 r 07         f00402f6  addi     t2, t2, 406
#4676 0 80000168 02038007 v 00 000000000000000000000000000000004fdca64eb24fa684f3c95f5f00000002 vle8.v v0, (t2)
#4677 0 8000016c     4e81 r 1d         00000000  c.li     t4, 0x0
#4678 0 8000016e 5e0ec1d7 v 03 000000000000000000000000000000004d8683dac02c640ac8f2e1d400000000 vmv.v.x v3, t4
#4679 0 80000172 28a18157 v 02 000000000000000000000000000000000c048c7a6519e0a31fdc4919000076be vor.vv v2, v10, v3, v0.t
#4680 0 80000176 70040397 r 07         f0040176  auipc    t2, 0x70040
#4681 0 8000017a 18438393 r 07         f00402fa  addi     t2, t2, 388
#4682 0 8000017e 02038007 v 00 000000000000000000000000000000004fdca64eb24fa684f3c95f5f00000004 vle8.v v0, (t2)
#4683 0 80000182     4e81 r 1d         00000000  c.li     t4, 0x0
#4684 0 80000184 5e0ec1d7 v 03 000000000000000000000000000000004d8683dac02c640ac8f2e1d400000000 vmv.v.x v3, t4
#4685 0 80000188 29218157 v 02 000000000000000000000000000000000c048c7a6519e0a31fdc4919006776be vor.vv v2, v18, v3, v0.t
#4686 0 8000018c 70040397 r 07         f004018c  auipc    t2, 0x70040
#4687 0 80000190 17238393 r 07         f00402fe  addi     t2, t2, 370
#4688 0 80000194 02038007 v 00 000000000000000000000000000000004fdca64eb24fa684f3c95f5f00000008 vle8.v v0, (t2)
#4689 0 80000198     4e81 r 1d         00000000  c.li     t4, 0x0
#4690 0 8000019a 5e0ec1d7 v 03 000000000000000000000000000000004d8683dac02c640ac8f2e1d400000000 vmv.v.x v3, t4
#4691 0 8000019e 28618157 v 02 000000000000000000000000000000000c048c7a6519e0a31fdc4919fe6776be vor.vv v2, v6, v3, v0.t
#4692 0 800001a2 70040397 r 07         f00401a2  auipc    t2, 0x70040
#4693 0 800001a6 15438393 r 07         f00402f6  addi     t2, t2, 340
#4694 0 800001aa 02038007 v 00 000000000000000000000000000000004fdca64eb24fa684f3c95f5f00000002 vle8.v v0, (t2)
#4695 0 800001ae 0e21a257 v 04 0000000000000000000000000000000000000000000000000000000000000051 vredxor.vs v4, v2, v3
#4696 0 800001b2 3a40bb57 v 16 0000000000000000000000000000000000000000000000000000000000005100 vslideup.vi v22, v4, 1
#4697 0 800001b6 296182d7 v 05 0000000000000000000000000000000000000000000000000000000000005100 vor.vv v5, v22, v3, v0.t
#4698 0 800001ba 70040397 r 07         f00401ba  auipc    t2, 0x70040
#4699 0 800001be 13838393 r 07         f00402f2  addi     t2, t2, 312
#4700 0 800001c2 02038007 v 00 000000000000000000000000000000004fdca64eb24fa684f3c95f5f00000001 vle8.v v0, (t2)
#4701 0 800001c6     4e81 r 1d         00000000  c.li     t4, 0x0
#4702 0 800001c8 5e0ec157 v 02 000000000000000000000000000000000c048c7a6519e0a31fdc491900000000 vmv.v.x v2, t4
#4703 0 800001cc 28610157 v 02 000000000000000000000000000000000c048c7a6519e0a31fdc4919000000be vor.vv v2, v6, v2, v0.t
#4704 0 800001d0 70040397 r 07         f00401d0  auipc    t2, 0x70040
#4705 0 800001d4 12638393 r 07         f00402f6  addi     t2, t2, 294
#4706 0 800001d8 02038007 v 00 000000000000000000000000000000004fdca64eb24fa684f3c95f5f00000002 vle8.v v0, (t2)
#4707 0 800001dc     4e81 r 1d         00000000  c.li     t4, 0x0
#4708 0 800001de 5e0ec1d7 v 03 000000000000000000000000000000004d8683dac02c640ac8f2e1d400000000 vmv.v.x v3, t4
#4709 0 800001e2 28618157 v 02 000000000000000000000000000000000c048c7a6519e0a31fdc491900003bbe vor.vv v2, v6, v3, v0.t
#4710 0 800001e6 70040397 r 07         f00401e6  auipc    t2, 0x70040
#4711 0 800001ea 11438393 r 07         f00402fa  addi     t2, t2, 276
#4712 0 800001ee 02038007 v 00 000000000000000000000000000000004fdca64eb24fa684f3c95f5f00000004 vle8.v v0, (t2)
#4713 0 800001f2     4e81 r 1d         00000000  c.li     t4, 0x0
#4714 0 800001f4 5e0ec1d7 v 03 000000000000000000000000000000004d8683dac02c640ac8f2e1d400000000 vmv.v.x v3, t4
#4715 0 800001f8 28a18157 v 02 000000000000000000000000000000000c048c7a6519e0a31fdc491900b33bbe vor.vv v2, v10, v3, v0.t
#4716 0 800001fc 70040397 r 07         f00401fc  auipc    t2, 0x70040
#4717 0 80000200 10238393 r 07         f00402fe  addi     t2, t2, 258
#4718 0 80000204 02038007 v 00 000000000000000000000000000000004fdca64eb24fa684f3c95f5f00000008 vle8.v v0, (t2)
#4719 0 80000208     4e81 r 1d         00000000  c.li     t4, 0x0
#4720 0 8000020a 5e0ec1d7 v 03 000000000000000000000000000000004d8683dac02c640ac8f2e1d400000000 vmv.v.x v3, t4
#4721 0 8000020e 29218157 v 02 000000000000000000000000000000000c048c7a6519e0a31fdc491919b33bbe vor.vv v2, v18, v3, v0.t
#4722 0 80000212 70040397 r 07         f0040212  auipc    t2, 0x70040
#4723 0 80000216 0e838393 r 07         f00402fa  addi     t2, t2, 232
#4724 0 8000021a 02038007 v 00 000000000000000000000000000000004fdca64eb24fa684f3c95f5f00000004 vle8.v v0, (t2)
#4725 0 8000021e 0e21a257 v 04 000000000000000000000000000000000000000000000000000000000000002f vredxor.vs v4, v2, v3
#4726 0 80000222 3a413b57 v 16 00000000000000000000000000000000000000000000000000000000002f5100 vslideup.vi v22, v4, 2
#4727 0 80000226 296182d7 v 05 00000000000000000000000000000000000000000000000000000000002f5100 vor.vv v5, v22, v3, v0.t
#4728 0 8000022a 70040397 r 07         f004022a  auipc    t2, 0x70040
#4729 0 8000022e 0c838393 r 07         f00402f2  addi     t2, t2, 200
#4730 0 80000232 02038007 v 00 000000000000000000000000000000004fdca64eb24fa684f3c95f5f00000001 vle8.v v0, (t2)
#4731 0 80000236     4e81 r 1d         00000000  c.li     t4, 0x0
#4732 0 80000238 5e0ec157 v 02 000000000000000000000000000000000c048c7a6519e0a31fdc491900000000 vmv.v.x v2, t4
#4733 0 8000023c 29210157 v 02 000000000000000000000000000000000c048c7a6519e0a31fdc4919000000d9 vor.vv v2, v18, v2, v0.t
#4734 0 80000240 70040397 r 07         f0040240  auipc    t2, 0x70040
#4735 0 80000244 0b638393 r 07         f00402f6  addi     t2, t2, 182
#4736 0 80000248 02038007 v 00 000000000000000000000000000000004fdca64eb24fa684f3c95f5f00000002 vle8.v v0, (t2)
#4737 0 8000024c     4e81 r 1d         00000000  c.li     t4, 0x0
#4738 0 8000024e 5e0ec1d7 v 03 000000000000000000000000000000004d8683dac02c640ac8f2e1d400000000 vmv.v.x v3, t4
#4739 0 80000252 28618157 v 02 000000000000000000000000000000000c048c7a6519e0a31fdc491900003bd9 vor.vv v2, v6, v3, v0.t
#4740 0 80000256 70040397 r 07         f0040256  auipc    t2, 0x70040
#4741 0 8000025a 0a438393 r 07         f00402fa  addi     t2, t2, 164
#4742 0 8000025e 02038007 v 00 000000000000000000000000000000004fdca64eb24fa684f3c95f5f00000004 vle8.v v0, (t2)
#4743 0 80000262     4e81 r 1d         00000000  c.li     t4, 0x0
#4744 0 80000264 5e0ec1d7 v 03 000000000000000000000000000000004d8683dac02c640ac8f2e1d400000000 vmv.v.x v3, t4
#4745 0 80000268 28618157 v 02 000000000000000000000000000000000c048c7a6519e0a31fdc491900d43bd9 vor.vv v2, v6, v3, v0.t
#4746 0 8000026c 70040397 r 07         f004026c  auipc    t2, 0x70040
#4747 0 80000270 09238393 r 07         f00402fe  addi     t2, t2, 146
#4748 0 80000274 02038007 v 00 000000000000000000000000000000004fdca64eb24fa684f3c95f5f00000008 vle8.v v0, (t2)
#4749 0 80000278     4e81 r 1d         00000000  c.li     t4, 0x0
#4750 0 8000027a 5e0ec1d7 v 03 000000000000000000000000000000004d8683dac02c640ac8f2e1d400000000 vmv.v.x v3, t4
#4751 0 8000027e 28a18157 v 02 000000000000000000000000000000000c048c7a6519e0a31fdc4919e7d43bd9 vor.vv v2, v10, v3, v0.t
#4752 0 80000282 0e21a257 v 04 00000000000000000000000000000000000000000000000000000000000000d1 vredxor.vs v4, v2, v3
#4753 0 80000286 3a41bb57 v 16 00000000000000000000000000000000000000000000000000000000d12f5100 vslideup.vi v22, v4, 3
#4754 0 8000028a 296182d7 v 05 00000000000000000000000000000000000000000000000000000000d12f5100 vor.vv v5, v22, v3, v0.t
#4755 0 8000028e 020902a7 m f0040255   000000d1  vse8.v v5, (s2)
#4756 0 80000292     0911 r 12         f0040256  c.addi   s2, 0x4
#4757 0 80000294     0991 r 13         f004031e  c.addi   s3, 0x4
#4758 0 80000296     1ffd r 1f         00000003  c.addi   t6, -0x1
#4759 0 80000298 de0f9fe3 r 00         00000000  bne      t6, zero, . - 0x202
#4760 0 80000096     4e81 r 1d         00000000  c.li     t4, 0x0
#4761 0 80000098 5e0ec157 v 02 000000000000000000000000000000000c048c7a6519e0a31fdc491900000000 vmv.v.x v2, t4
#4762 0 8000009c 5e0ec2d7 v 05 0000000000000000000000000000000000000000000000000000000000000000 vmv.v.x v5, t4
#4763 0 800000a0 5e0ec557 v 0a 0000000000000000000000000000000000000000000000000000000000000000 vmv.v.x v10, t4
#4764 0 800000a4 5e0ec757 v 0e 0000000000000000000000000000000000000000000000000000000000000000 vmv.v.x v14, t4
#4765 0 800000a8 5e0ec957 v 12 0000000000000000000000000000000000000000000000000000000000000000 vmv.v.x v18, t4
#4766 0 800000ac 5e0ecb57 v 16 0000000000000000000000000000000000000000000000000000000000000000 vmv.v.x v22, t4
#4767 0 800000b0 5e0ec0d7 v 01 000000000000000000000000000000000b06010c07020d08030e090400000000 vmv.v.x v1, t4
#4768 0 800000b4 02090307 v 06 00000000000000000000000000000000000000000000000000000000c8f2e1d4 vle8.v v6, (s2)
#4769 0 800000b8 08000393 r 07         00000080  addi     t2, zero, 128
#4770 0 800000bc 5e03c0d7 v 01 000000000000000000000000000000000b06010c07020d08030e090480808080 vmv.v.x v1, t2
#4771 0 800000c0 26608757 v 0e 0000000000000000000000000000000000000000000000000000000080808080 vand.vv v14, v6, v1
#4772 0 800000c4 66e03057 v 00 000000000000000000000000000000004fdca64eb24fa684f3c95f5f0000000f vmsne.vi v0, v14, 0
#4773 0 800000c8 9660b557 v 0a 0000000000000000000000000000000000000000000000000000000090e4c2a8 vsll.vi v10, v6, 1
#4774 0 800000cc     4e6d r 1c         0000001b  c.li     t3, 0x1b
#4775 0 800000ce 5e0e4157 v 02 000000000000000000000000000000000c048c7a6519e0a31fdc49191b1b1b1b vmv.v.x v2, t3
#4776 0 800000d2 2ca10557 v 0a 000000000000000000000000000000000000000000000000000000008bffd9b3 vxor.vv v10, v10, v2, v0.t
#4777 0 800000d6 2ea30957 v 12 00000000000000000000000000000000000000000000000000000000430d3867 vxor.vv v18, v10, v6
#4778 0 800000da 70040397 r 07         f00400da  auipc    t2, 0x70040
#4779 0 800000de 21838393 r 07         f00402f2  addi     t2, t2, 536
#4780 0 800000e2 02038007 v 00 000000000000000000000000000000004fdca64eb24fa684f3c95f5f00000001 vle8.v v0, (t2)
#4781 0 800000e6     4e81 r 1d         00000000  c.li     t4, 0x0
#4782 0 800000e8 5e0ec1d7 v 03 000000000000000000000000000000004d8683dac02c640ac8f2e1d400000000 vmv.v.x v3, t4
#4783 0 800000ec 5e0ec157 v 02 000000000000000000000000000000000c048c7a6519e0a31fdc491900000000 vmv.v.x v2, t4
#4784 0 800000f0 28a18157 v 02 000000000000000000000000000000000c048c7a6519e0a31fdc4919000000b3 vor.vv v2, v10, v3, v0.t
#4785 0 800000f4 70040397 r 07         f00400f4  auipc    t2, 0x70040
#4786 0 800000f8 20238393 r 07         f00402f6  addi     t2, t2, 514
#4787 0 800000fc 02038007 v 00 000000000000000000000000000000004fdca64eb24fa684f3c95f5f00000002 vle8.v v0, (t2)
#4788 0 80000100     4e81 r 1d         00000000  c.li     t4, 0x0
#4789 0 80000102 5e0ec1d7 v 03 000000000000000000000000000000004d8683dac02c640ac8f2e1d400000000 vmv.v.x v3, t4
#4790 0 80000106 29218157 v 02 000000000000000000000000000000000c048c7a6519e0a31fdc4919000038b3 vor.vv v2, v18, v3, v0.t
#4791 0 8000010a 70040397 r 07         f004010a  auipc    t2, 0x70040
#4792 0 8000010e 1f038393 r 07         f00402fa  addi     t2, t2, 496
#4793 0 80000112 02038007 v 00 000000000000000000000000000000004fdca64eb24fa684f3c95f5f00000004 vle8.v v0, (t2)
#4794 0 80000116     4e81 r 1d         00000000  c.li     t4, 0x0
#4795 0 80000118 5e0ec1d7 v 03 000000000000000000000000000000004d8683dac02c640ac8f2e1d400000000 vmv.v.x v3, t4
#4796 0 8000011c 28618157 v 02 000000000000000000000000000000000c048c7a6519e0a31fdc491900f238b3 vor.vv v2, v6, v3, v0.t
#4797 0 80000120 70040397 r 07         f0040120  auipc    t2, 0x70040
#4798 0 80000124 1de38393 r 07         f00402fe  addi     t2, t2, 478
#4799 0 80000128 02038007 v 00 000000000000000000000000000000004fdca64eb24fa684f3c95f5f00000008 vle8.v v0, (t2)
#4800 0 8000012c     4e81 r 1d         00000000  c.li     t4, 0x0
#4801 0 8000012e 5e0ec1d7 v 03 000000000000000000000000000000004d8683dac02c640ac8f2e1d400000000 vmv.v.x v3, t4
#4802 0 80000132 28618157 v 02 000000000000000000000000000000000c048c7a6519e0a31fdc4919c8f238b3 vor.vv v2, v6, v3, v0.t
#4803 0 80000136 70040397 r 07         f0040136  auipc    t2, 0x70040
#4804 0 8000013a 1bc38393 r 07         f00402f2  addi     t2, t2, 444
#4805 0 8000013e 02038007 v 00 000000000000000000000000000000004fdca64eb24fa684f3c95f5f00000001 vle8.v v0, (t2)
#4806 0 80000142 0e21a257 v 04 00000000000000000000000000000000000000000000000000000000000000b1 vredxor.vs v4, v2, v3
#4807 0 80000146 284182d7 v 05 00000000000000000000000000000000000000000000000000000000000000b1 vor.vv v5, v4, v3, v0.t
#4808 0 8000014a 70040397 r 07         f004014a  auipc    t2, 0x70040
#4809 0 8000014e 1a838393 r 07         f00402f2  addi     t2, t2, 424
#4810 0 80000152 02038007 v 00 000000000000000000000000000000004fdca64eb24fa684f3c95f5f00000001 vle8.v v0, (t2)
#4811 0 80000156     4e81 r 1d         00000000  c.li     t4, 0x0
#4812 0 80000158 5e0ec157 v 02 000000000000000000000000000000000c048c7a6519e0a31fdc491900000000 vmv.v.x v2, t4
#4813 0 8000015c 28610157 v 02 000000000000000000000000000000000c048c7a6519e0a31fdc4919000000d4 vor.vv v2, v6, v2, v0.t
#4814 0 80000160 70040397 r 07         f0040160  auipc    t2, 0x70040
#4815 0 80000164 19638393 r 07         f00402f6  addi     t2, t2, 406
#4816 0 80000168 02038007 v 00 000000000000000000000000000000004fdca64eb24fa684f3c95f5f00000002 vle8.v v0, (t2)
#4817 0 8000016c     4e81 r 1d         00000000  c.li     t4, 0x0
#4818 0 8000016e 5e0ec1d7 v 03 000000000000000000000000000000004d8683dac02c640ac8f2e1d400000000 vmv.v.x v3, t4
#4819 0 80000172 28a18157 v 02 000000000000000000000000000000000c048c7a6519e0a31fdc49190000d9d4 vor.vv v2, v10, v3, v0.t
#4820 0 80000176 70040397 r 07         f0040176  auipc    t2, 0x70040
#4821 0 8000017a 18438393 r 07         f00402fa  addi     t2, t2, 388
#4822 0 8000017e 02038007 v 00 000000000000000000000000000000004fdca64eb24fa684f3c95f5f00000004 vle8.v v0, (t2)
#4823 0 80000182     4e81 r 1d         00000000  c.li     t4, 0x0
#4824 0 80000184 5e0ec1d7 v 03 000000000000000000000000000000004d8683dac02c640ac8f2e1d400000000 vmv.v.x v3, t4
#4825 0 80000188 29218157 v 02 000000000000000000000000000000000c048c7a6519e0a31fdc4919000dd9d4 vor.vv v2, v18, v3, v0.t
#4826 0 8000018c 70040397 r 07         f004018c  auipc    t2, 0x70040
#4827 0 80000190 17238393 r 07         f00402fe  addi     t2, t2, 370
#4828 0 80000194 02038007 v 00 000000000000000000000000000000004fdca64eb24fa684f3c95f5f00000008 vle8.v v0, (t2)
#4829 0 80000198     4e81 r 1d         00000000  c.li     t4, 0x0
#4830 0 8000019a 5e0ec1d7 v 03 000000000000000000000000000000004d8683dac02c640ac8f2e1d400000000 vmv.v.x v3, t4
#4831 0 8000019e 28618157 v 02 000000000000000000000000000000000c048c7a6519e0a31fdc4919c80dd9d4 vor.vv v2, v6, v3, v0.t
#4832 0 800001a2 70040397 r 07         f00401a2  auipc    t2, 0x70040
#4833 0 800001a6 15438393 r 07         f00402f6  addi     t2, t2, 340
#4834 0 800001aa 02038007 v 00 000000000000000000000000000000004fdca64eb24fa684f3c95f5f00000002 vle8.v v0, (t2)
#4835 0 800001ae 0e21a257 v 04 00000000000000000000000000000000000000000000000000000000000000c8 vredxor.vs v4, v2, v3
#4836 0 800001b2 3a40bb57 v 16 000000000000000000000000000000000000000000000000000000000000c800 vslideup.vi v22, v4, 1
#4837 0 800001b6 296182d7 v 05 000000000000000000000000000000000000000000000000000000000000c8b1 vor.vv v5, v22, v3, v0.t
#4838 0 800001ba 70040397 r 07         f00401ba  auipc    t2, 0x70040
#4839 0 800001be 13838393 r 07         f00402f2  addi     t2, t2, 312
#4840 0 800001c2 02038007 v 00 000000000000000000000000000000004fdca64eb24fa684f3c95f5f00000001 vle8.v v0, (t2)
#4841 0 800001c6     4e81 r 1d         00000000  c.li     t4, 0x0
#4842 0 800001c8 5e0ec157 v 02 000000000000000000000000000000000c048c7a6519e0a31fdc491900000000 vmv.v.x v2, t4
#4843 0 800001cc 28610157 v 02 000000000000000000000000000000000c048c7a6519e0a31fdc4919000000d4 vor.vv v2, v6, v2, v0.t
#4844 0 800001d0 70040397 r 07         f00401d0  auipc    t2, 0x70040
#4845 0 800001d4 12638393 r 07         f00402f6  addi     t2, t2, 294
#4846 0 800001d8 02038007 v 00 000000000000000000000000000000004fdca64eb24fa684f3c95f5f00000002 vle8.v v0, (t2)
#4847 0 800001dc     4e81 r 1d         00000000  c.li     t4, 0x0
#4848 0 800001de 5e0ec1d7 v 03 000000000000000000000000000000004d8683dac02c640ac8f2e1d400000000 vmv.v.x v3, t4
#4849 0 800001e2 28618157 v 02 000000000000000000000000000000000c048c7a6519e0a31fdc49190000e1d4 vor.vv v2, v6, v3, v0.t
#4850 0 800001e6 70040397 r 07         f00401e6  auipc    t2, 0x70040
#4851 0 800001ea 11438393 r 07         f00402fa  addi     t2, t2, 276
#4852 0 800001ee 02038007 v 00 000000000000000000000000000000004fdca64eb24fa684f3c95f5f00000004 vle8.v v0, (t2)
#4853 0 800001f2     4e81 r 1d         00000000  c.li     t4, 0x0
#4854 0 800001f4 5e0ec1d7 v 03 000000000000000000000000000000004d8683dac02c640ac8f2e1d400000000 vmv.v.x v3, t4
#4855 0 800001f8 28a18157 v 02 000000000000000000000000000000000c048c7a6519e0a31fdc491900ffe1d4 vor.vv v2, v10, v3, v0.t
#4856 0 800001fc 70040397 r 07         f00401fc  auipc    t2, 0x70040
#4857 0 80000200 10238393 r 07         f00402fe  addi     t2, t2, 258
#4858 0 80000204 02038007 v 00 000000000000000000000000000000004fdca64eb24fa684f3c95f5f00000008 vle8.v v0, (t2)
#4859 0 80000208     4e81 r 1d         00000000  c.li     t4, 0x0
#4860 0 8000020a 5e0ec1d7 v 03 000000000000000000000000000000004d8683dac02c640ac8f2e1d400000000 vmv.v.x v3, t4
#4861 0 8000020e 29218157 v 02 000000000000000000000000000000000c048c7a6519e0a31fdc491943ffe1d4 vor.vv v2, v18, v3, v0.t
#4862 0 80000212 70040397 r 07         f0040212  auipc    t2, 0x70040
#4863 0 80000216 0e838393 r 07         f00402fa  addi     t2, t2, 232
#4864 0 8000021a 02038007 v 00 000000000000000000000000000000004fdca64eb24fa684f3c95f5f00000004 vle8.v v0, (t2)
#4865 0 8000021e 0e21a257 v 04 0000000000000000000000000000000000000000000000000000000000000089 vredxor.vs v4, v2, v3
#4866 0 80000222 3a413b57 v 16 000000000000000000000000000000000000000000000000000000000089c800 vslideup.vi v22, v4, 2
#4867 0 80000226 296182d7 v 05 000000000000000000000000000000000000000000000000000000000089c8b1 vor.vv v5, v22, v3, v0.t
#4868 0 8000022a 70040397 r 07         f004022a  auipc    t2, 0x70040
#4869 0 8000022e 0c838393 r 07         f00402f2  addi     t2, t2, 200
#4870 0 80000232 02038007 v 00 000000000000000000000000000000004fdca64eb24fa684f3c95f5f00000001 vle8.v v0, (t2)
#4871 0 80000236     4e81 r 1d         00000000  c.li     t4, 0x0
#4872 0 80000238 5e0ec157 v 02 000000000000000000000000000000000c048c7a6519e0a31fdc491900000000 vmv.v.x v2, t4
#4873 0 8000023c 29210157 v 02 000000000000000000000000000000000c048c7a6519e0a31fdc491900000067 vor.vv v2, v18, v2, v0.t
#4874 0 80000240 70040397 r 07         f0040240  auipc    t2, 0x70040
#4875 0 80000244 0b638393 r 07         f00402f6  addi     t2, t2, 182
#4876 0 80000248 02038007 v 00 000000000000000000000000000000004fdca64eb24fa684f3c95f5f00000002 vle8.v v0, (t2)
#4877 0 8000024c     4e81 r 1d         00000000  c.li     t4, 0x0
#4878 0 8000024e 5e0ec1d7 v 03 000000000000000000000000000000004d8683dac02c640ac8f2e1d400000000 vmv.v.x v3, t4
#4879 0 80000252 28618157 v 02 000000000000000000000000000000000c048c7a6519e0a31fdc49190000e167 vor.vv v2, v6, v3, v0.t
#4880 0 80000256 70040397 r 07         f0040256  auipc    t2, 0x70040
#4881 0 8000025a 0a438393 r 07         f00402fa  addi     t2, t2, 164
#4882 0 8000025e 02038007 v 00 000000000000000000000000000000004fdca64eb24fa684f3c95f5f00000004 vle8.v v0, (t2)
#4883 0 80000262     4e81 r 1d         00000000  c.li     t4, 0x0
#4884 0 80000264 5e0ec1d7 v 03 000000000000000000000000000000004d8683dac02c640ac8f2e1d400000000 vmv.v.x v3, t4
#4885 0 80000268 28618157 v 02 000000000000000000000000000000000c048c7a6519e0a31fdc491900f2e167 vor.vv v2, v6, v3, v0.t
#4886 0 8000026c 70040397 r 07         f004026c  auipc    t2, 0x70040
#4887 0 80000270 09238393 r 07         f00402fe  addi     t2, t2, 146
#4888 0 80000274 02038007 v 00 000000000000000000000000000000004fdca64eb24fa684f3c95f5f00000008 vle8.v v0, (t2)
#4889 0 80000278     4e81 r 1d         00000000  c.li     t4, 0x0
#4890 0 8000027a 5e0ec1d7 v 03 000000000000000000000000000000004d8683dac02c640ac8f2e1d400000000 vmv.v.x v3, t4
#4891 0 8000027e 28a18157 v 02 000000000000000000000000000000000c048c7a6519e0a31fdc49198bf2e167 vor.vv v2, v10, v3, v0.t
#4892 0 80000282 0e21a257 v 04 00000000000000000000000000000000000000000000000000000000000000ff vredxor.vs v4, v2, v3
#4893 0 80000286 3a41bb57 v 16 00000000000000000000000000000000000000000000000000000000ff89c800 vslideup.vi v22, v4, 3
#4894 0 8000028a 296182d7 v 05 00000000000000000000000000000000000000000000000000000000ff89c8b1 vor.vv v5, v22, v3, v0.t
#4895 0 8000028e 020902a7 m f0040259   000000ff  vse8.v v5, (s2)
#4896 0 80000292     0911 r 12         f004025a  c.addi   s2, 0x4
#4897 0 80000294     0991 r 13         f0040322  c.addi   s3, 0x4
#4898 0 80000296     1ffd r 1f         00000002  c.addi   t6, -0x1
#4899 0 80000298 de0f9fe3 r 00         00000000  bne      t6, zero, . - 0x202
#4900 0 80000096     4e81 r 1d         00000000  c.li     t4, 0x0
#4901 0 80000098 5e0ec157 v 02 000000000000000000000000000000000c048c7a6519e0a31fdc491900000000 vmv.v.x v2, t4
#4902 0 8000009c 5e0ec2d7 v 05 0000000000000000000000000000000000000000000000000000000000000000 vmv.v.x v5, t4
#4903 0 800000a0 5e0ec557 v 0a 0000000000000000000000000000000000000000000000000000000000000000 vmv.v.x v10, t4
#4904 0 800000a4 5e0ec757 v 0e 0000000000000000000000000000000000000000000000000000000000000000 vmv.v.x v14, t4
#4905 0 800000a8 5e0ec957 v 12 0000000000000000000000000000000000000000000000000000000000000000 vmv.v.x v18, t4
#4906 0 800000ac 5e0ecb57 v 16 0000000000000000000000000000000000000000000000000000000000000000 vmv.v.x v22, t4
#4907 0 800000b0 5e0ec0d7 v 01 000000000000000000000000000000000b06010c07020d08030e090400000000 vmv.v.x v1, t4
#4908 0 800000b4 02090307 v 06 00000000000000000000000000000000000000000000000000000000c02c640a vle8.v v6, (s2)
#4909 0 800000b8 08000393 r 07         00000080  addi     t2, zero, 128
#4910 0 800000bc 5e03c0d7 v 01 000000000000000000000000000000000b06010c07020d08030e090480808080 vmv.v.x v1, t2
#4911 0 800000c0 26608757 v 0e 0000000000000000000000000000000000000000000000000000000080000000 vand.vv v14, v6, v1
#4912 0 800000c4 66e03057 v 00 000000000000000000000000000000004fdca64eb24fa684f3c95f5f00000008 vmsne.vi v0, v14, 0
#4913 0 800000c8 9660b557 v 0a 000000000000000000000000000000000000000000000000000000008058c814 vsll.vi v10, v6, 1
#4914 0 800000cc     4e6d r 1c         0000001b  c.li     t3, 0x1b
#4915 0 800000ce 5e0e4157 v 02 000000000000000000000000000000000c048c7a6519e0a31fdc49191b1b1b1b vmv.v.x v2, t3
#4916 0 800000d2 2ca10557 v 0a 000000000000000000000000000000000000000000000000000000009b58c814 vxor.vv v10, v10, v2, v0.t
#4917 0 800000d6 2ea30957 v 12 000000000000000000000000000000000000000000000000000000005b74ac1e vxor.vv v18, v10, v6
#4918 0 800000da 70040397 r 07         f00400da  auipc    t2, 0x70040
#4919 0 800000de 21838393 r 07         f00402f2  addi     t2, t2, 536
#4920 0 800000e2 02038007 v 00 000000000000000000000000000000004fdca64eb24fa684f3c95f5f00000001 vle8.v v0, (t2)
#4921 0 800000e6     4e81 r 1d         00000000  c.li     t4, 0x0
#4922 0 800000e8 5e0ec1d7 v 03 000000000000000000000000000000004d8683dac02c640ac8f2e1d400000000 vmv.v.x v3, t4
#4923 0 800000ec 5e0ec157 v 02 000000000000000000000000000000000c048c7a6519e0a31fdc491900000000 vmv.v.x v2, t4
#4924 0 800000f0 28a18157 v 02 000000000000000000000000000000000c048c7a6519e0a31fdc491900000014 vor.vv v2, v10, v3, v0.t
#4925 0 800000f4 70040397 r 07         f00400f4  auipc    t2, 0x70040
#4926 0 800000f8 20238393 r 07         f00402f6  addi     t2, t2, 514
#4927 0 800000fc 02038007 v 00 000000000000000000000000000000004fdca64eb24fa684f3c95f5f00000002 vle8.v v0, (t2)
#4928 0 80000100     4e81 r 1d         00000000  c.li     t4, 0x0
#4929 0 80000102 5e0ec1d7 v 03 000000000000000000000000000000004d8683dac02c640ac8f2e1d400000000 vmv.v.x v3, t4
#4930 0 80000106 29218157 v 02 000000000000000000000000000000000c048c7a6519e0a31fdc49190000ac14 vor.vv v2, v18, v3, v0.t
#4931 0 8000010a 70040397 r 07         f004010a  auipc    t2, 0x70040
#4932 0 8000010e 1f038393 r 07         f00402fa  addi     t2, t2, 496
#4933 0 80000112 02038007 v 00 000000000000000000000000000000004fdca64eb24fa684f3c95f5f00000004 vle8.v v0, (t2)
#4934 0 80000116     4e81 r 1d         00000000  c.li     t4, 0x0
#4935 0 80000118 5e0ec1d7 v 03 000000000000000000000000000000004d8683dac02c640ac8f2e1d400000000 vmv.v.x v3, t4
#4936 0 8000011c 28618157 v 02 000000000000000000000000000000000c048c7a6519e0a31fdc4919002cac14 vor.vv v2, v6, v3, v0.t
#4937 0 80000120 70040397 r 07         f0040120  auipc    t2, 0x70040
#4938 0 80000124 1de38393 r 07         f00402fe  addi     t2, t2, 478
#4939 0 80000128 02038007 v 00 000000000000000000000000000000004fdca64eb24fa684f3c95f5f00000008 vle8.v v0, (t2)
#4940 0 8000012c     4e81 r 1d         00000000  c.li     t4, 0x0
#4941 0 8000012e 5e0ec1d7 v 03 000000000000000000000000000000004d8683dac02c640ac8f2e1d400000000 vmv.v.x v3, t4
#4942 0 80000132 28618157 v 02 000000000000000000000000000000000c048c7a6519e0a31fdc4919c02cac14 vor.vv v2, v6, v3, v0.t
#4943 0 80000136 70040397 r 07         f0040136  auipc    t2, 0x70040
#4944 0 8000013a 1bc38393 r 07         f00402f2  addi     t2, t2, 444
#4945 0 8000013e 02038007 v 00 000000000000000000000000000000004fdca64eb24fa684f3c95f5f00000001 vle8.v v0, (t2)
#4946 0 80000142 0e21a257 v 04 0000000000000000000000000000000000000000000000000000000000000054 vredxor.vs v4, v2, v3
#4947 0 80000146 284182d7 v 05 0000000000000000000000000000000000000000000000000000000000000054 vor.vv v5, v4, v3, v0.t
#4948 0 8000014a 70040397 r 07         f004014a  auipc    t2, 0x70040
#4949 0 8000014e 1a838393 r 07         f00402f2  addi     t2, t2, 424
#4950 0 80000152 02038007 v 00 000000000000000000000000000000004fdca64eb24fa684f3c95f5f00000001 vle8.v v0, (t2)
#4951 0 80000156     4e81 r 1d         00000000  c.li     t4, 0x0
#4952 0 80000158 5e0ec157 v 02 000000000000000000000000000000000c048c7a6519e0a31fdc491900000000 vmv.v.x v2, t4
#4953 0 8000015c 28610157 v 02 000000000000000000000000000000000c048c7a6519e0a31fdc49190000000a vor.vv v2, v6, v2, v0.t
#4954 0 80000160 70040397 r 07         f0040160  auipc    t2, 0x70040
#4955 0 80000164 19638393 r 07         f00402f6  addi     t2, t2, 406
#4956 0 80000168 02038007 v 00 000000000000000000000000000000004fdca64eb24fa684f3c95f5f00000002 vle8.v v0, (t2)
#4957 0 8000016c     4e81 r 1d         00000000  c.li     t4, 0x0
#4958 0 8000016e 5e0ec1d7 v 03 000000000000000000000000000000004d8683dac02c640ac8f2e1d400000000 vmv.v.x v3, t4
#4959 0 80000172 28a18157 v 02 000000000000000000000000000000000c048c7a6519e0a31fdc49190000c80a vor.vv v2, v10, v3, v0.t
#4960 0 80000176 70040397 r 07         f0040176  auipc    t2, 0x70040
#4961 0 8000017a 18438393 r 07         f00402fa  addi     t2, t2, 388
#4962 0 8000017e 02038007 v 00 000000000000000000000000000000004fdca64eb24fa684f3c95f5f00000004 vle8.v v0, (t2)
#4963 0 80000182     4e81 r 1d         00000000  c.li     t4, 0x0
#4964 0 80000184 5e0ec1d7 v 03 000000000000000000000000000000004d8683dac02c640ac8f2e1d400000000 vmv.v.x v3, t4
#4965 0 80000188 29218157 v 02 000000000000000000000000000000000c048c7a6519e0a31fdc49190074c80a vor.vv v2, v18, v3, v0.t
#4966 0 8000018c 70040397 r 07         f004018c  auipc    t2, 0x70040
#4967 0 80000190 17238393 r 07         f00402fe  addi     t2, t2, 370
#4968 0 80000194 02038007 v 00 000000000000000000000000000000004fdca64eb24fa684f3c95f5f00000008 vle8.v v0, (t2)
#4969 0 80000198     4e81 r 1d         00000000  c.li     t4, 0x0
#4970 0 8000019a 5e0ec1d7 v 03 000000000000000000000000000000004d8683dac02c640ac8f2e1d400000000 vmv.v.x v3, t4
#4971 0 8000019e 28618157 v 02 000000000000000000000000000000000c048c7a6519e0a31fdc4919c074c80a vor.vv v2, v6, v3, v0.t
#4972 0 800001a2 70040397 r 07         f00401a2  auipc    t2, 0x70040
#4973 0 800001a6 15438393 r 07         f00402f6  addi     t2, t2, 340
#4974 0 800001aa 02038007 v 00 000000000000000000000000000000004fdca64eb24fa684f3c95f5f00000002 vle8.v v0, (t2)
#4975 0 800001ae 0e21a257 v 04 0000000000000000000000000000000000000000000000000000000000000076 vredxor.vs v4, v2, v3
#4976 0 800001b2 3a40bb57 v 16 0000000000000000000000000000000000000000000000000000000000007600 vslideup.vi v22, v4, 1
#4977 0 800001b6 296182d7 v 05 0000000000000000000000000000000000000000000000000000000000007654 vor.vv v5, v22, v3, v0.t
#4978 0 800001ba 70040397 r 07         f00401ba  auipc    t2, 0x70040
#4979 0 800001be 13838393 r 07         f00402f2  addi     t2, t2, 312
#4980 0 800001c2 02038007 v 00 000000000000000000000000000000004fdca64eb24fa684f3c95f5f00000001 vle8.v v0, (t2)
#4981 0 800001c6     4e81 r 1d         00000000  c.li     t4, 0x0
#4982 0 800001c8 5e0ec157 v 02 000000000000000000000000000000000c048c7a6519e0a31fdc491900000000 vmv.v.x v2, t4
#4983 0 800001cc 28610157 v 02 000000000000000000000000000000000c048c7a6519e0a31fdc49190000000a vor.vv v2, v6, v2, v0.t
#4984 0 800001d0 70040397 r 07         f00401d0  auipc    t2, 0x70040
#4985 0 800001d4 12638393 r 07         f00402f6  addi     t2, t2, 294
#4986 0 800001d8 02038007 v 00 000000000000000000000000000000004fdca64eb24fa684f3c95f5f00000002 vle8.v v0, (t2)
#4987 0 800001dc     4e81 r 1d         00000000  c.li     t4, 0x0
#4988 0 800001de 5e0ec1d7 v 03 000000000000000000000000000000004d8683dac02c640ac8f2e1d400000000 vmv.v.x v3, t4
#4989 0 800001e2 28618157 v 02 000000000000000000000000000000000c048c7a6519e0a31fdc49190000640a vor.vv v2, v6, v3, v0.t
#4990 0 800001e6 70040397 r 07         f00401e6  auipc    t2, 0x70040
#4991 0 800001ea 11438393 r 07         f00402fa  addi     t2, t2, 276
#4992 0 800001ee 02038007 v 00 000000000000000000000000000000004fdca64eb24fa684f3c95f5f00000004 vle8.v v0, (t2)
#4993 0 800001f2     4e81 r 1d         00000000  c.li     t4, 0x0
#4994 0 800001f4 5e0ec1d7 v 03 000000000000000000000000000000004d8683dac02c640ac8f2e1d400000000 vmv.v.x v3, t4
#4995 0 800001f8 28a18157 v 02 000000000000000000000000000000000c048c7a6519e0a31fdc49190058640a vor.vv v2, v10, v3, v0.t
#4996 0 800001fc 70040397 r 07         f00401fc  auipc    t2, 0x70040
#4997 0 80000200 10238393 r 07         f00402fe  addi     t2, t2, 258
#4998 0 80000204 02038007 v 00 000000000000000000000000000000004fdca64eb24fa684f3c95f5f00000008 vle8.v v0, (t2)
#4999 0 80000208     4e81 r 1d         00000000  c.li     t4, 0x0
#5000 0 8000020a 5e0ec1d7 v 03 000000000000000000000000000000004d8683dac02c640ac8f2e1d400000000 vmv.v.x v3, t4
#5001 0 8000020e 29218157 v 02 000000000000000000000000000000000c048c7a6519e0a31fdc49195b58640a vor.vv v2, v18, v3, v0.t
#5002 0 80000212 70040397 r 07         f0040212  auipc    t2, 0x70040
#5003 0 80000216 0e838393 r 07         f00402fa  addi     t2, t2, 232
#5004 0 8000021a 02038007 v 00 000000000000000000000000000000004fdca64eb24fa684f3c95f5f00000004 vle8.v v0, (t2)
#5005 0 8000021e 0e21a257 v 04 000000000000000000000000000000000000000000000000000000000000006d vredxor.vs v4, v2, v3
#5006 0 80000222 3a413b57 v 16 00000000000000000000000000000000000000000000000000000000006d7600 vslideup.vi v22, v4, 2
#5007 0 80000226 296182d7 v 05 00000000000000000000000000000000000000000000000000000000006d7654 vor.vv v5, v22, v3, v0.t
#5008 0 8000022a 70040397 r 07         f004022a  auipc    t2, 0x70040
#5009 0 8000022e 0c838393 r 07         f00402f2  addi     t2, t2, 200
#5010 0 80000232 02038007 v 00 000000000000000000000000000000004fdca64eb24fa684f3c95f5f00000001 vle8.v v0, (t2)
#5011 0 80000236     4e81 r 1d         00000000  c.li     t4, 0x0
#5012 0 80000238 5e0ec157 v 02 000000000000000000000000000000000c048c7a6519e0a31fdc491900000000 vmv.v.x v2, t4
#5013 0 8000023c 29210157 v 02 000000000000000000000000000000000c048c7a6519e0a31fdc49190000001e vor.vv v2, v18, v2, v0.t
#5014 0 80000240 70040397 r 07         f0040240  auipc    t2, 0x70040
#5015 0 80000244 0b638393 r 07         f00402f6  addi     t2, t2, 182
#5016 0 80000248 02038007 v 00 000000000000000000000000000000004fdca64eb24fa684f3c95f5f00000002 vle8.v v0, (t2)
#5017 0 8000024c     4e81 r 1d         00000000  c.li     t4, 0x0
#5018 0 8000024e 5e0ec1d7 v 03 000000000000000000000000000000004d8683dac02c640ac8f2e1d400000000 vmv.v.x v3, t4
#5019 0 80000252 28618157 v 02 000000000000000000000000000000000c048c7a6519e0a31fdc49190000641e vor.vv v2, v6, v3, v0.t
#5020 0 80000256 70040397 r 07         f0040256  auipc    t2, 0x70040
#5021 0 8000025a 0a438393 r 07         f00402fa  addi     t2, t2, 164
#5022 0 8000025e 02038007 v 00 000000000000000000000000000000004fdca64eb24fa684f3c95f5f00000004 vle8.v v0, (t2)
#5023 0 80000262     4e81 r 1d         00000000  c.li     t4, 0x0
#5024 0 80000264 5e0ec1d7 v 03 000000000000000000000000000000004d8683dac02c640ac8f2e1d400000000 vmv.v.x v3, t4
#5025 0 80000268 28618157 v 02 000000000000000000000000000000000c048c7a6519e0a31fdc4919002c641e vor.vv v2, v6, v3, v0.t
#5026 0 8000026c 70040397 r 07         f004026c  auipc    t2, 0x70040
#5027 0 80000270 09238393 r 07         f00402fe  addi     t2, t2, 146
#5028 0 80000274 02038007 v 00 000000000000000000000000000000004fdca64eb24fa684f3c95f5f00000008 vle8.v v0, (t2)
#5029 0 80000278     4e81 r 1d         00000000  c.li     t4, 0x0
#5030 0 8000027a 5e0ec1d7 v 03 000000000000000000000000000000004d8683dac02c640ac8f2e1d400000000 vmv.v.x v3, t4
#5031 0 8000027e 28a18157 v 02 000000000000000000000000000000000c048c7a6519e0a31fdc49199b2c641e vor.vv v2, v10, v3, v0.t
#5032 0 80000282 0e21a257 v 04 00000000000000000000000000000000000000000000000000000000000000cd vredxor.vs v4, v2, v3
#5033 0 80000286 3a41bb57 v 16 00000000000000000000000000000000000000000000000000000000cd6d7600 vslideup.vi v22, v4, 3
#5034 0 8000028a 296182d7 v 05 00000000000000000000000000000000000000000000000000000000cd6d7654 vor.vv v5, v22, v3, v0.t
#5035 0 8000028e 020902a7 m f004025d   000000cd  vse8.v v5, (s2)
#5036 0 80000292     0911 r 12         f004025e  c.addi   s2, 0x4
#5037 0 80000294     0991 r 13         f0040326  c.addi   s3, 0x4
#5038 0 80000296     1ffd r 1f         00000001  c.addi   t6, -0x1
#5039 0 80000298 de0f9fe3 r 00         00000000  bne      t6, zero, . - 0x202
#5040 0 80000096     4e81 r 1d         00000000  c.li     t4, 0x0
#5041 0 80000098 5e0ec157 v 02 000000000000000000000000000000000c048c7a6519e0a31fdc491900000000 vmv.v.x v2, t4
#5042 0 8000009c 5e0ec2d7 v 05 0000000000000000000000000000000000000000000000000000000000000000 vmv.v.x v5, t4
#5043 0 800000a0 5e0ec557 v 0a 0000000000000000000000000000000000000000000000000000000000000000 vmv.v.x v10, t4
#5044 0 800000a4 5e0ec757 v 0e 0000000000000000000000000000000000000000000000000000000000000000 vmv.v.x v14, t4
#5045 0 800000a8 5e0ec957 v 12 0000000000000000000000000000000000000000000000000000000000000000 vmv.v.x v18, t4
#5046 0 800000ac 5e0ecb57 v 16 0000000000000000000000000000000000000000000000000000000000000000 vmv.v.x v22, t4
#5047 0 800000b0 5e0ec0d7 v 01 000000000000000000000000000000000b06010c07020d08030e090400000000 vmv.v.x v1, t4
#5048 0 800000b4 02090307 v 06 000000000000000000000000000000000000000000000000000000004d8683da vle8.v v6, (s2)
#5049 0 800000b8 08000393 r 07         00000080  addi     t2, zero, 128
#5050 0 800000bc 5e03c0d7 v 01 000000000000000000000000000000000b06010c07020d08030e090480808080 vmv.v.x v1, t2
#5051 0 800000c0 26608757 v 0e 0000000000000000000000000000000000000000000000000000000000808080 vand.vv v14, v6, v1
#5052 0 800000c4 66e03057 v 00 000000000000000000000000000000004fdca64eb24fa684f3c95f5f00000007 vmsne.vi v0, v14, 0
#5053 0 800000c8 9660b557 v 0a 000000000000000000000000000000000000000000000000000000009a0c06b4 vsll.vi v10, v6, 1
#5054 0 800000cc     4e6d r 1c         0000001b  c.li     t3, 0x1b
#5055 0 800000ce 5e0e4157 v 02 000000000000000000000000000000000c048c7a6519e0a31fdc49191b1b1b1b vmv.v.x v2, t3
#5056 0 800000d2 2ca10557 v 0a 000000000000000000000000000000000000000000000000000000009a171daf vxor.vv v10, v10, v2, v0.t
#5057 0 800000d6 2ea30957 v 12 00000000000000000000000000000000000000000000000000000000d7919e75 vxor.vv v18, v10, v6
#5058 0 800000da 70040397 r 07         f00400da  auipc    t2, 0x70040
#5059 0 800000de 21838393 r 07         f00402f2  addi     t2, t2, 536
#5060 0 800000e2 02038007 v 00 000000000000000000000000000000004fdca64eb24fa684f3c95f5f00000001 vle8.v v0, (t2)
#5061 0 800000e6     4e81 r 1d         00000000  c.li     t4, 0x0
#5062 0 800000e8 5e0ec1d7 v 03 000000000000000000000000000000004d8683dac02c640ac8f2e1d400000000 vmv.v.x v3, t4
#5063 0 800000ec 5e0ec157 v 02 000000000000000000000000000000000c048c7a6519e0a31fdc491900000000 vmv.v.x v2, t4
#5064 0 800000f0 28a18157 v 02 000000000000000000000000000000000c048c7a6519e0a31fdc4919000000af vor.vv v2, v10, v3, v0.t
#5065 0 800000f4 70040397 r 07         f00400f4  auipc    t2, 0x70040
#5066 0 800000f8 20238393 r 07         f00402f6  addi     t2, t2, 514
#5067 0 800000fc 02038007 v 00 000000000000000000000000000000004fdca64eb24fa684f3c95f5f00000002 vle8.v v0, (t2)
#5068 0 80000100     4e81 r 1d         00000000  c.li     t4, 0x0
#5069 0 80000102 5e0ec1d7 v 03 000000000000000000000000000000004d8683dac02c640ac8f2e1d400000000 vmv.v.x v3, t4
#5070 0 80000106 29218157 v 02 000000000000000000000000000000000c048c7a6519e0a31fdc491900009eaf vor.vv v2, v18, v3, v0.t
#5071 0 8000010a 70040397 r 07         f004010a  auipc    t2, 0x70040
#5072 0 8000010e 1f038393 r 07         f00402fa  addi     t2, t2, 496
#5073 0 80000112 02038007 v 00 000000000000000000000000000000004fdca64eb24fa684f3c95f5f00000004 vle8.v v0, (t2)
#5074 0 80000116     4e81 r 1d         00000000  c.li     t4, 0x0
#5075 0 80000118 5e0ec1d7 v 03 000000000000000000000000000000004d8683dac02c640ac8f2e1d400000000 vmv.v.x v3, t4
#5076 0 8000011c 28618157 v 02 000000000000000000000000000000000c048c7a6519e0a31fdc491900869eaf vor.vv v2, v6, v3, v0.t
#5077 0 80000120 70040397 r 07         f0040120  auipc    t2, 0x70040
#5078 0 80000124 1de38393 r 07         f00402fe  addi     t2, t2, 478
#5079 0 80000128 02038007 v 00 000000000000000000000000000000004fdca64eb24fa684f3c95f5f00000008 vle8.v v0, (t2)
#5080 0 8000012c     4e81 r 1d         00000000  c.li     t4, 0x0
#5081 0 8000012e 5e0ec1d7 v 03 000000000000000000000000000000004d8683dac02c640ac8f2e1d400000000 vmv.v.x v3, t4
#5082 0 80000132 28618157 v 02 000000000000000000000000000000000c048c7a6519e0a31fdc49194d869eaf vor.vv v2, v6, v3, v0.t
#5083 0 80000136 70040397 r 07         f0040136  auipc    t2, 0x70040
#5084 0 8000013a 1bc38393 r 07         f00402f2  addi     t2, t2, 444
#5085 0 8000013e 02038007 v 00 000000000000000000000000000000004fdca64eb24fa684f3c95f5f00000001 vle8.v v0, (t2)
#5086 0 80000142 0e21a257 v 04 00000000000000000000000000000000000000000000000000000000000000fa vredxor.vs v4, v2, v3
#5087 0 80000146 284182d7 v 05 00000000000000000000000000000000000000000000000000000000000000fa vor.vv v5, v4, v3, v0.t
#5088 0 8000014a 70040397 r 07         f004014a  auipc    t2, 0x70040
#5089 0 8000014e 1a838393 r 07         f00402f2  addi     t2, t2, 424
#5090 0 80000152 02038007 v 00 000000000000000000000000000000004fdca64eb24fa684f3c95f5f00000001 vle8.v v0, (t2)
#5091 0 80000156     4e81 r 1d         00000000  c.li     t4, 0x0
#5092 0 80000158 5e0ec157 v 02 000000000000000000000000000000000c048c7a6519e0a31fdc491900000000 vmv.v.x v2, t4
#5093 0 8000015c 28610157 v 02 000000000000000000000000000000000c048c7a6519e0a31fdc4919000000da vor.vv v2, v6, v2, v0.t
#5094 0 80000160 70040397 r 07         f0040160  auipc    t2, 0x70040
#5095 0 80000164 19638393 r 07         f00402f6  addi     t2, t2, 406
#5096 0 80000168 02038007 v 00 000000000000000000000000000000004fdca64eb24fa684f3c95f5f00000002 vle8.v v0, (t2)
#5097 0 8000016c     4e81 r 1d         00000000  c.li     t4, 0x0
#5098 0 8000016e 5e0ec1d7 v 03 000000000000000000000000000000004d8683dac02c640ac8f2e1d400000000 vmv.v.x v3, t4
#5099 0 80000172 28a18157 v 02 000000000000000000000000000000000c048c7a6519e0a31fdc491900001dda vor.vv v2, v10, v3, v0.t
#5100 0 80000176 70040397 r 07         f0040176  auipc    t2, 0x70040
#5101 0 8000017a 18438393 r 07         f00402fa  addi     t2, t2, 388
#5102 0 8000017e 02038007 v 00 000000000000000000000000000000004fdca64eb24fa684f3c95f5f00000004 vle8.v v0, (t2)
#5103 0 80000182     4e81 r 1d         00000000  c.li     t4, 0x0
#5104 0 80000184 5e0ec1d7 v 03 000000000000000000000000000000004d8683dac02c640ac8f2e1d400000000 vmv.v.x v3, t4
#5105 0 80000188 29218157 v 02 000000000000000000000000000000000c048c7a6519e0a31fdc491900911dda vor.vv v2, v18, v3, v0.t
#5106 0 8000018c 70040397 r 07         f004018c  auipc    t2, 0x70040
#5107 0 80000190 17238393 r 07         f00402fe  addi     t2, t2, 370
#5108 0 80000194 02038007 v 00 000000000000000000000000000000004fdca64eb24fa684f3c95f5f00000008 vle8.v v0, (t2)
#5109 0 80000198     4e81 r 1d         00000000  c.li     t4, 0x0
#5110 0 8000019a 5e0ec1d7 v 03 000000000000000000000000000000004d8683dac02c640ac8f2e1d400000000 vmv.v.x v3, t4
#5111 0 8000019e 28618157 v 02 000000000000000000000000000000000c048c7a6519e0a31fdc49194d911dda vor.vv v2, v6, v3, v0.t
#5112 0 800001a2 70040397 r 07         f00401a2  auipc    t2, 0x70040
#5113 0 800001a6 15438393 r 07         f00402f6  addi     t2, t2, 340
#5114 0 800001aa 02038007 v 00 000000000000000000000000000000004fdca64eb24fa684f3c95f5f00000002 vle8.v v0, (t2)
#5115 0 800001ae 0e21a257 v 04 000000000000000000000000000000000000000000000000000000000000001b vredxor.vs v4, v2, v3
#5116 0 800001b2 3a40bb57 v 16 0000000000000000000000000000000000000000000000000000000000001b00 vslideup.vi v22, v4, 1
#5117 0 800001b6 296182d7 v 05 0000000000000000000000000000000000000000000000000000000000001bfa vor.vv v5, v22, v3, v0.t
#5118 0 800001ba 70040397 r 07         f00401ba  auipc    t2, 0x70040
#5119 0 800001be 13838393 r 07         f00402f2  addi     t2, t2, 312
#5120 0 800001c2 02038007 v 00 000000000000000000000000000000004fdca64eb24fa684f3c95f5f00000001 vle8.v v0, (t2)
#5121 0 800001c6     4e81 r 1d         00000000  c.li     t4, 0x0
#5122 0 800001c8 5e0ec157 v 02 000000000000000000000000000000000c048c7a6519e0a31fdc491900000000 vmv.v.x v2, t4
#5123 0 800001cc 28610157 v 02 000000000000000000000000000000000c048c7a6519e0a31fdc4919000000da vor.vv v2, v6, v2, v0.t
#5124 0 800001d0 70040397 r 07         f00401d0  auipc    t2, 0x70040
#5125 0 800001d4 12638393 r 07         f00402f6  addi     t2, t2, 294
#5126 0 800001d8 02038007 v 00 000000000000000000000000000000004fdca64eb24fa684f3c95f5f00000002 vle8.v v0, (t2)
#5127 0 800001dc     4e81 r 1d         00000000  c.li     t4, 0x0
#5128 0 800001de 5e0ec1d7 v 03 000000000000000000000000000000004d8683dac02c640ac8f2e1d400000000 vmv.v.x v3, t4
#5129 0 800001e2 28618157 v 02 000000000000000000000000000000000c048c7a6519e0a31fdc4919000083da vor.vv v2, v6, v3, v0.t
#5130 0 800001e6 70040397 r 07         f00401e6  auipc    t2, 0x70040
#5131 0 800001ea 11438393 r 07         f00402fa  addi     t2, t2, 276
#5132 0 800001ee 02038007 v 00 000000000000000000000000000000004fdca64eb24fa684f3c95f5f00000004 vle8.v v0, (t2)
#5133 0 800001f2     4e81 r 1d         00000000  c.li     t4, 0x0
#5134 0 800001f4 5e0ec1d7 v 03 000000000000000000000000000000004d8683dac02c640ac8f2e1d400000000 vmv.v.x v3, t4
#5135 0 800001f8 28a18157 v 02 000000000000000000000000000000000c048c7a6519e0a31fdc4919001783da vor.vv v2, v10, v3, v0.t
#5136 0 800001fc 70040397 r 07         f00401fc  auipc    t2, 0x70040
#5137 0 80000200 10238393 r 07         f00402fe  addi     t2, t2, 258
#5138 0 80000204 02038007 v 00 000000000000000000000000000000004fdca64eb24fa684f3c95f5f00000008 vle8.v v0, (t2)
#5139 0 80000208     4e81 r 1d         00000000  c.li     t4, 0x0
#5140 0 8000020a 5e0ec1d7 v 03 000000000000000000000000000000004d8683dac02c640ac8f2e1d400000000 vmv.v.x v3, t4
#5141 0 8000020e 29218157 v 02 000000000000000000000000000000000c048c7a6519e0a31fdc4919d71783da vor.vv v2, v18, v3, v0.t
#5142 0 80000212 70040397 r 07         f0040212  auipc    t2, 0x70040
#5143 0 80000216 0e838393 r 07         f00402fa  addi     t2, t2, 232
#5144 0 8000021a 02038007 v 00 000000000000000000000000000000004fdca64eb24fa684f3c95f5f00000004 vle8.v v0, (t2)
#5145 0 8000021e 0e21a257 v 04 0000000000000000000000000000000000000000000000000000000000000099 vredxor.vs v4, v2, v3
#5146 0 80000222 3a413b57 v 16 0000000000000000000000000000000000000000000000000000000000991b00 vslideup.vi v22, v4, 2
#5147 0 80000226 296182d7 v 05 0000000000000000000000000000000000000000000000000000000000991bfa vor.vv v5, v22, v3, v0.t
#5148 0 8000022a 70040397 r 07         f004022a  auipc    t2, 0x70040
#5149 0 8000022e 0c838393 r 07         f00402f2  addi     t2, t2, 200
#5150 0 80000232 02038007 v 00 000000000000000000000000000000004fdca64eb24fa684f3c95f5f00000001 vle8.v v0, (t2)
#5151 0 80000236     4e81 r 1d         00000000  c.li     t4, 0x0
#5152 0 80000238 5e0ec157 v 02 000000000000000000000000000000000c048c7a6519e0a31fdc491900000000 vmv.v.x v2, t4
#5153 0 8000023c 29210157 v 02 000000000000000000000000000000000c048c7a6519e0a31fdc491900000075 vor.vv v2, v18, v2, v0.t
#5154 0 80000240 70040397 r 07         f0040240  auipc    t2, 0x70040
#5155 0 80000244 0b638393 r 07         f00402f6  addi     t2, t2, 182
#5156 0 80000248 02038007 v 00 000000000000000000000000000000004fdca64eb24fa684f3c95f5f00000002 vle8.v v0, (t2)
#5157 0 8000024c     4e81 r 1d         00000000  c.li     t4, 0x0
#5158 0 8000024e 5e0ec1d7 v 03 000000000000000000000000000000004d8683dac02c640ac8f2e1d400000000 vmv.v.x v3, t4
#5159 0 80000252 28618157 v 02 000000000000000000000000000000000c048c7a6519e0a31fdc491900008375 vor.vv v2, v6, v3, v0.t
#5160 0 80000256 70040397 r 07         f0040256  auipc    t2, 0x70040
#5161 0 8000025a 0a438393 r 07         f00402fa  addi     t2, t2, 164
#5162 0 8000025e 02038007 v 00 000000000000000000000000000000004fdca64eb24fa684f3c95f5f00000004 vle8.v v0, (t2)
#5163 0 80000262     4e81 r 1d         00000000  c.li     t4, 0x0
#5164 0 80000264 5e0ec1d7 v 03 000000000000000000000000000000004d8683dac02c640ac8f2e1d400000000 vmv.v.x v3, t4
#5165 0 80000268 28618157 v 02 000000000000000000000000000000000c048c7a6519e0a31fdc491900868375 vor.vv v2, v6, v3, v0.t
#5166 0 8000026c 70040397 r 07         f004026c  auipc    t2, 0x70040
#5167 0 80000270 09238393 r 07         f00402fe  addi     t2, t2, 146
#5168 0 80000274 02038007 v 00 000000000000000000000000000000004fdca64eb24fa684f3c95f5f00000008 vle8.v v0, (t2)
#5169 0 80000278     4e81 r 1d         00000000  c.li     t4, 0x0
#5170 0 8000027a 5e0ec1d7 v 03 000000000000000000000000000000004d8683dac02c640ac8f2e1d400000000 vmv.v.x v3, t4
#5171 0 8000027e 28a18157 v 02 000000000000000000000000000000000c048c7a6519e0a31fdc49199a868375 vor.vv v2, v10, v3, v0.t
#5172 0 80000282 0e21a257 v 04 00000000000000000000000000000000000000000000000000000000000000ea vredxor.vs v4, v2, v3
#5173 0 80000286 3a41bb57 v 16 00000000000000000000000000000000000000000000000000000000ea991b00 vslideup.vi v22, v4, 3
#5174 0 8000028a 296182d7 v 05 00000000000000000000000000000000000000000000000000000000ea991bfa vor.vv v5, v22, v3, v0.t
#5175 0 8000028e 020902a7 m f0040261   000000ea  vse8.v v5, (s2)
#5176 0 80000292     0911 r 12         f0040262  c.addi   s2, 0x4
#5177 0 80000294     0991 r 13         f004032a  c.addi   s3, 0x4
#5178 0 80000296     1ffd r 1f         00000000  c.addi   t6, -0x1
#5179 0 80000298 de0f9fe3 r 00         00000000  bne      t6, zero, . - 0x202
#5180 0 8000029c 70040917 r 12         f004029c  auipc    s2, 0x70040
#5181 0 800002a0 fa690913 r 12         f0040242  addi     s2, s2, -90
#5182 0 800002a4 70040997 r 13         f00402a4  auipc    s3, 0x70040
#5183 0 800002a8 d9e98993 r 13         f0040042  addi     s3, s3, -610
#5184 0 800002ac 70040a17 r 14         f00402ac  auipc    s4, 0x70040
#5185 0 800002b0 d8ca0a13 r 14         f0040038  addi     s4, s4, -628
#5186 0 800002b4     4291 r 05         00000004  c.li     t0, 0x4
#5187 0 800002b6 70040497 r 09         f00402b6  auipc    s1, 0x70040
#5188 0 800002ba e8c48493 r 09         f0040142  addi     s1, s1, -372
#5189 0 800002be 0002f2d7 r 05         00000004  vsetvli t0, t0, e8,m1,tu,mu  +
#5189 0 800002be 0002f2d7 c 0c20       00000004  vsetvli t0, t0, e8,m1,tu,mu  +
#5189 0 800002be 0002f2d7 c 0c21       00000000  vsetvli t0, t0, e8,m1,tu,mu
#5190 0 800002c2 02090307 v 06 000000000000000000000000000000000000000000000000000000000ef7544e vle8.v v6, (s2)
#5191 0 800002c6     0911 r 12         f0040246  c.addi   s2, 0x4
#5192 0 800002c8 02090387 v 07 00000000000000000000000000000000000000000000000000000000f3c95f5f vle8.v v7, (s2)
#5193 0 800002cc     0911 r 12         f004024a  c.addi   s2, 0x4
#5194 0 800002ce 02090407 v 08 00000000000000000000000000000000000000000000000000000000b24fa684 vle8.v v8, (s2)
#5195 0 800002d2     0911 r 12         f004024e  c.addi   s2, 0x4
#5196 0 800002d4 02090487 v 09 000000000000000000000000000000000000000000000000000000004fdca64e vle8.v v9, (s2)
#5197 0 800002d8     1951 r 12         f0040242  c.addi   s2, -0xc
#5198 0 800002da 0002f2d7 r 05         00000004  vsetvli t0, t0, e8,m1,tu,mu  +
#5198 0 800002da 0002f2d7 c 0c20       00000004  vsetvli t0, t0, e8,m1,tu,mu  +
#5198 0 800002da 0002f2d7 c 0c21       00000000  vsetvli t0, t0, e8,m1,tu,mu
#5199 0 800002de 70040e17 r 1c         f00402de  auipc    t3, 0x70040
#5200 0 800002e2 ff4e0e13 r 1c         f00402d2  addi     t3, t3, -12
#5201 0 800002e6 70040e97 r 1d         f00402e6  auipc    t4, 0x70040
#5202 0 800002ea 01ce8e93 r 1d         f0040302  addi     t4, t4, 28
#5203 0 800002ee 020e0007 v 00 000000000000000000000000000000004fdca64eb24fa684f3c95f5f00030201 vle8.v v0, (t3)
#5204 0 800002f2 020e84a7 m f0040305   0000004f  vse8.v v9, (t4)
#5205 0 800002f6 060e8507 v 0a 000000000000000000000000000000000000000000000000000000004e4fdca6 vluxei8.v v10, (t4), v0
#5206 0 800002fa 70040997 r 13         f00402fa  auipc    s3, 0x70040
#5207 0 800002fe d4898993 r 13         f0040042  addi     s3, s3, -696
#5208 0 80000302 06a98507 v 0a 000000000000000000000000000000000000000000000000000000002f848624 vluxei8.v v10, (s3), v10
#5209 0 80000306 2e650357 v 06 000000000000000000000000000000000000000000000000000000002173d26a vxor.vv v6, v6, v10
#5210 0 8000030a     4285 r 05         00000001  c.li     t0, 0x1
#5211 0 8000030c 0002f2d7 r 05         00000001  vsetvli t0, t0, e8,m1,tu,mu  +
#5211 0 8000030c 0002f2d7 c 0c20       00000001  vsetvli t0, t0, e8,m1,tu,mu  +
#5211 0 8000030c 0002f2d7 c 0c21       00000000  vsetvli t0, t0, e8,m1,tu,mu
#5212 0 80000310 70040a17 r 14         f0040310  auipc    s4, 0x70040
#5213 0 80000314 d28a0a13 r 14         f0040038  addi     s4, s4, -728
#5214 0 80000318     9a6e r 14         f004003f  c.add    s4, s11
#5215 0 8000031a     0d85 r 1b         00000008  c.addi   s11, 0x1
#5216 0 8000031c 020a0f07 v 1e 0000000000000000000000000000000000000000000000000000000000000080 vle8.v v30, (s4)
#5217 0 80000320     4291 r 05         00000004  c.li     t0, 0x4
#5218 0 80000322 0002f2d7 r 05         00000004  vsetvli t0, t0, e8,m1,tu,mu  +
#5218 0 80000322 0002f2d7 c 0c20       00000004  vsetvli t0, t0, e8,m1,tu,mu  +
#5218 0 80000322 0002f2d7 c 0c21       00000000  vsetvli t0, t0, e8,m1,tu,mu
#5219 0 80000326 2e6f0357 v 06 000000000000000000000000000000000000000000000000000000002173d2ea vxor.vv v6, v6, v30
#5220 0 8000032a     0a05 r 14         f0040040  c.addi   s4, 0x1
#5221 0 8000032c 2e7303d7 v 07 00000000000000000000000000000000000000000000000000000000d2ba8db5 vxor.vv v7, v7, v6
#5222 0 80000330 2e838457 v 08 0000000000000000000000000000000000000000000000000000000060f52b31 vxor.vv v8, v8, v7
#5223 0 80000334 2e9404d7 v 09 000000000000000000000000000000000000000000000000000000002f298d7f vxor.vv v9, v9, v8
#5224 0 80000338 70040917 r 12         f0040338  auipc    s2, 0x70040
#5225 0 8000033c f0a90913 r 12         f0040242  addi     s2, s2, -246
#5226 0 80000340     4291 r 05         00000004  c.li     t0, 0x4
#5227 0 80000342 0002f2d7 r 05         00000004  vsetvli t0, t0, e8,m1,tu,mu  +
#5227 0 80000342 0002f2d7 c 0c20       00000004  vsetvli t0, t0, e8,m1,tu,mu  +
#5227 0 80000342 0002f2d7 c 0c21       00000000  vsetvli t0, t0, e8,m1,tu,mu
#5228 0 80000346 02090327 m f0040245   00000021  vse8.v v6, (s2)
#5229 0 8000034a     0911 r 12         f0040246  c.addi   s2, 0x4
#5230 0 8000034c 020903a7 m f0040249   000000d2  vse8.v v7, (s2)
#5231 0 80000350     0911 r 12         f004024a  c.addi   s2, 0x4
#5232 0 80000352 02090427 m f004024d   00000060  vse8.v v8, (s2)
#5233 0 80000356     0911 r 12         f004024e  c.addi   s2, 0x4
#5234 0 80000358 020904a7 m f0040251   0000002f  vse8.v v9, (s2)
#5235 0 8000035c 70040a97 r 15         f004035c  auipc    s5, 0x70040
#5236 0 80000360 ef6a8a93 r 15         f0040252  addi     s5, s5, -266
#5237 0 80000364 70040917 r 12         f0040364  auipc    s2, 0x70040
#5238 0 80000368 ede90913 r 12         f0040242  addi     s2, s2, -290
#5239 0 8000036c     42c1 r 05         00000010  c.li     t0, 0x10
#5240 0 8000036e 0002f2d7 r 05         00000010  vsetvli t0, t0, e8,m1,tu,mu  +
#5240 0 8000036e 0002f2d7 c 0c20       00000010  vsetvli t0, t0, e8,m1,tu,mu  +
#5240 0 8000036e 0002f2d7 c 0c21       00000000  vsetvli t0, t0, e8,m1,tu,mu
#5241 0 80000372 02090007 v 00 000000000000000000000000000000002f298d7f60f52b31d2ba8db52173d2ea vle8.v v0, (s2)
#5242 0 80000376 020a8087 v 01 00000000000000000000000000000000ea991bfacd6d7654ff89c8b1d12f5100 vle8.v v1, (s5)
#5243 0 8000037a 2e100157 v 02 00000000000000000000000000000000c5b09685ad985d652d334504f05c83ea vxor.vv v2, v1, v0
#5244 0 8000037e 020a8127 m f0040261   000000c5  vse8.v v2, (s5)
#5245 0 80000382     137d r 06         00000001  c.addi   t1, -0x1
#5246 0 80000384 ca0317e3 r 00         00000000  bne      t1, zero, . - 0x352
#5247 0 80000032 70040a17 r 14         f0040032  auipc    s4, 0x70040
#5248 0 80000036 fcea0a13 r 14         f0040000  addi     s4, s4, -50
#5249 0 8000003a 70040997 r 13         f004003a  auipc    s3, 0x70040
#5250 0 8000003e 00898993 r 13         f0040042  addi     s3, s3, 8
#5251 0 80000042 70040a97 r 15         f0040042  auipc    s5, 0x70040
#5252 0 80000046 210a8a93 r 15         f0040252  addi     s5, s5, 528
#5253 0 8000004a     42c1 r 05         00000010  c.li     t0, 0x10
#5254 0 8000004c 0002f2d7 r 05         00000010  vsetvli t0, t0, e8,m1,tu,mu  +
#5254 0 8000004c 0002f2d7 c 0c20       00000010  vsetvli t0, t0, e8,m1,tu,mu  +
#5254 0 8000004c 0002f2d7 c 0c21       00000000  vsetvli t0, t0, e8,m1,tu,mu
#5255 0 80000050 020a8107 v 02 00000000000000000000000000000000c5b09685ad985d652d334504f05c83ea vle8.v v2, (s5)
#5256 0 80000054 06298187 v 03 00000000000000000000000000000000a6e7909795464c4dd8c36ef28c4aec87 vluxei8.v v3, (s3), v2
#5257 0 80000058 020a81a7 m f0040261   000000a6  vse8.v v3, (s5)
#5258 0 8000005c     42c1 r 05         00000010  c.li     t0, 0x10
#5259 0 8000005e 70040497 r 09         f004005e  auipc    s1, 0x70040
#5260 0 80000062 1f448493 r 09         f0040252  addi     s1, s1, 500
#5261 0 80000066 70040917 r 12         f0040066  auipc    s2, 0x70040
#5262 0 8000006a 27090913 r 12         f00402d6  addi     s2, s2, 624
#5263 0 8000006e 0002f2d7 r 05         00000010  vsetvli t0, t0, e8,m1,tu,mu  +
#5263 0 8000006e 0002f2d7 c 0c20       00000010  vsetvli t0, t0, e8,m1,tu,mu  +
#5263 0 8000006e 0002f2d7 c 0c21       00000000  vsetvli t0, t0, e8,m1,tu,mu
#5264 0 80000072 02090087 v 01 000000000000000000000000000000000b06010c07020d08030e09040f0a0500 vle8.v v1, (s2)
#5265 0 80000076 06148187 v 03 0000000000000000000000000000000095c3ec97d84a904d8ce74cf2a6466e87 vluxei8.v v3, (s1), v1
#5266 0 8000007a 020481a7 m f0040261   00000095  vse8.v v3, (s1)
#5267 0 8000007e 70040917 r 12         f004007e  auipc    s2, 0x70040
#5268 0 80000082 1d490913 r 12         f0040252  addi     s2, s2, 468
#5269 0 80000086     4291 r 05         00000004  c.li     t0, 0x4
#5270 0 80000088 0002f2d7 r 05         00000004  vsetvli t0, t0, e8,m1,tu,mu  +
#5270 0 80000088 0002f2d7 c 0c20       00000004  vsetvli t0, t0, e8,m1,tu,mu  +
#5270 0 80000088 0002f2d7 c 0c21       00000000  vsetvli t0, t0, e8,m1,tu,mu
#5271 0 8000008c     4f91 r 1f         00000004  c.li     t6, 0x4
#5272 0 8000008e 70040997 r 13         f004008e  auipc    s3, 0x70040
#5273 0 80000092 28c98993 r 13         f004031a  addi     s3, s3, 652
#5274 0 80000096     4e81 r 1d         00000000  c.li     t4, 0x0
#5275 0 80000098 5e0ec157 v 02 00000000000000000000000000000000c5b09685ad985d652d33450400000000 vmv.v.x v2, t4
#5276 0 8000009c 5e0ec2d7 v 05 0000000000000000000000000000000000000000000000000000000000000000 vmv.v.x v5, t4
#5277 0 800000a0 5e0ec557 v 0a 0000000000000000000000000000000000000000000000000000000000000000 vmv.v.x v10, t4
#5278 0 800000a4 5e0ec757 v 0e 0000000000000000000000000000000000000000000000000000000000000000 vmv.v.x v14, t4
#5279 0 800000a8 5e0ec957 v 12 0000000000000000000000000000000000000000000000000000000000000000 vmv.v.x v18, t4
#5280 0 800000ac 5e0ecb57 v 16 0000000000000000000000000000000000000000000000000000000000000000 vmv.v.x v22, t4
#5281 0 800000b0 5e0ec0d7 v 01 000000000000000000000000000000000b06010c07020d08030e090400000000 vmv.v.x v1, t4
#5282 0 800000b4 02090307 v 06 00000000000000000000000000000000000000000000000000000000a6466e87 vle8.v v6, (s2)
#5283 0 800000b8 08000393 r 07         00000080  addi     t2, zero, 128
#5284 0 800000bc 5e03c0d7 v 01 000000000000000000000000000000000b06010c07020d08030e090480808080 vmv.v.x v1, t2
#5285 0 800000c0 26608757 v 0e 0000000000000000000000000000000000000000000000000000000080000080 vand.vv v14, v6, v1
#5286 0 800000c4 66e03057 v 00 000000000000000000000000000000002f298d7f60f52b31d2ba8db52173d2e9 vmsne.vi v0, v14, 0
#5287 0 800000c8 9660b557 v 0a 000000000000000000000000000000000000000000000000000000004c8cdc0e vsll.vi v10, v6, 1
#5288 0 800000cc     4e6d r 1c         0000001b  c.li     t3, 0x1b
#5289 0 800000ce 5e0e4157 v 02 00000000000000000000000000000000c5b09685ad985d652d3345041b1b1b1b vmv.v.x v2, t3
#5290 0 800000d2 2ca10557 v 0a 00000000000000000000000000000000000000000000000000000000578cdc15 vxor.vv v10, v10, v2, v0.t
#5291 0 800000d6 2ea30957 v 12 00000000000000000000000000000000000000000000000000000000f1cab292 vxor.vv v18, v10, v6
#5292 0 800000da 70040397 r 07         f00400da  auipc    t2, 0x70040
#5293 0 800000de 21838393 r 07         f00402f2  addi     t2, t2, 536
#5294 0 800000e2 02038007 v 00 000000000000000000000000000000002f298d7f60f52b31d2ba8db500000001 vle8.v v0, (t2)
#5295 0 800000e6     4e81 r 1d         00000000  c.li     t4, 0x0
#5296 0 800000e8 5e0ec1d7 v 03 0000000000000000000000000000000095c3ec97d84a904d8ce74cf200000000 vmv.v.x v3, t4
#5297 0 800000ec 5e0ec157 v 02 00000000000000000000000000000000c5b09685ad985d652d33450400000000 vmv.v.x v2, t4
#5298 0 800000f0 28a18157 v 02 00000000000000000000000000000000c5b09685ad985d652d33450400000015 vor.vv v2, v10, v3, v0.t
#5299 0 800000f4 70040397 r 07         f00400f4  auipc    t2, 0x70040
#5300 0 800000f8 20238393 r 07         f00402f6  addi     t2, t2, 514
#5301 0 800000fc 02038007 v 00 000000000000000000000000000000002f298d7f60f52b31d2ba8db500000002 vle8.v v0, (t2)
#5302 0 80000100     4e81 r 1d         00000000  c.li     t4, 0x0
#5303 0 80000102 5e0ec1d7 v 03 0000000000000000000000000000000095c3ec97d84a904d8ce74cf200000000 vmv.v.x v3, t4
#5304 0 80000106 29218157 v 02 00000000000000000000000000000000c5b09685ad985d652d3345040000b215 vor.vv v2, v18, v3, v0.t
#5305 0 8000010a 70040397 r 07         f004010a  auipc    t2, 0x70040
#5306 0 8000010e 1f038393 r 07         f00402fa  addi     t2, t2, 496
#5307 0 80000112 02038007 v 00 000000000000000000000000000000002f298d7f60f52b31d2ba8db500000004 vle8.v v0, (t2)
#5308 0 80000116     4e81 r 1d         00000000  c.li     t4, 0x0
#5309 0 80000118 5e0ec1d7 v 03 0000000000000000000000000000000095c3ec97d84a904d8ce74cf200000000 vmv.v.x v3, t4
#5310 0 8000011c 28618157 v 02 00000000000000000000000000000000c5b09685ad985d652d3345040046b215 vor.vv v2, v6, v3, v0.t
#5311 0 80000120 70040397 r 07         f0040120  auipc    t2, 0x70040
#5312 0 80000124 1de38393 r 07         f00402fe  addi     t2, t2, 478
#5313 0 80000128 02038007 v 00 000000000000000000000000000000002f298d7f60f52b31d2ba8db500000008 vle8.v v0, (t2)
#5314 0 8000012c     4e81 r 1d         00000000  c.li     t4, 0x0
#5315 0 8000012e 5e0ec1d7 v 03 0000000000000000000000000000000095c3ec97d84a904d8ce74cf200000000 vmv.v.x v3, t4
#5316 0 80000132 28618157 v 02 00000000000000000000000000000000c5b09685ad985d652d334504a646b215 vor.vv v2, v6, v3, v0.t
#5317 0 80000136 70040397 r 07         f0040136  auipc    t2, 0x70040
#5318 0 8000013a 1bc38393 r 07         f00402f2  addi     t2, t2, 444
#5319 0 8000013e 02038007 v 00 000000000000000000000000000000002f298d7f60f52b31d2ba8db500000001 vle8.v v0, (t2)
#5320 0 80000142 0e21a257 v 04 0000000000000000000000000000000000000000000000000000000000000047 vredxor.vs v4, v2, v3
#5321 0 80000146 284182d7 v 05 0000000000000000000000000000000000000000000000000000000000000047 vor.vv v5, v4, v3, v0.t
#5322 0 8000014a 70040397 r 07         f004014a  auipc    t2, 0x70040
#5323 0 8000014e 1a838393 r 07         f00402f2  addi     t2, t2, 424
#5324 0 80000152 02038007 v 00 000000000000000000000000000000002f298d7f60f52b31d2ba8db500000001 vle8.v v0, (t2)
#5325 0 80000156     4e81 r 1d         00000000  c.li     t4, 0x0
#5326 0 80000158 5e0ec157 v 02 00000000000000000000000000000000c5b09685ad985d652d33450400000000 vmv.v.x v2, t4
#5327 0 8000015c 28610157 v 02 00000000000000000000000000000000c5b09685ad985d652d33450400000087 vor.vv v2, v6, v2, v0.t
#5328 0 80000160 70040397 r 07         f0040160  auipc    t2, 0x70040
#5329 0 80000164 19638393 r 07         f00402f6  addi     t2, t2, 406
#5330 0 80000168 02038007 v 00 000000000000000000000000000000002f298d7f60f52b31d2ba8db500000002 vle8.v v0, (t2)
#5331 0 8000016c     4e81 r 1d         00000000  c.li     t4, 0x0
#5332 0 8000016e 5e0ec1d7 v 03 0000000000000000000000000000000095c3ec97d84a904d8ce74cf200000000 vmv.v.x v3, t4
#5333 0 80000172 28a18157 v 02 00000000000000000000000000000000c5b09685ad985d652d3345040000dc87 vor.vv v2, v10, v3, v0.t
#5334 0 80000176 70040397 r 07         f0040176  auipc    t2, 0x70040
#5335 0 8000017a 18438393 r 07         f00402fa  addi     t2, t2, 388
#5336 0 8000017e 02038007 v 00 000000000000000000000000000000002f298d7f60f52b31d2ba8db500000004 vle8.v v0, (t2)
#5337 0 80000182     4e81 r 1d         00000000  c.li     t4, 0x0
#5338 0 80000184 5e0ec1d7 v 03 0000000000000000000000000000000095c3ec97d84a904d8ce74cf200000000 vmv.v.x v3, t4
#5339 0 80000188 29218157 v 02 00000000000000000000000000000000c5b09685ad985d652d33450400cadc87 vor.vv v2, v18, v3, v0.t
#5340 0 8000018c 70040397 r 07         f004018c  auipc    t2, 0x70040
#5341 0 80000190 17238393 r 07         f00402fe  addi     t2, t2, 370
#5342 0 80000194 02038007 v 00 000000000000000000000000000000002f298d7f60f52b31d2ba8db500000008 vle8.v v0, (t2)
#5343 0 80000198     4e81 r 1d         00000000  c.li     t4, 0x0
#5344 0 8000019a 5e0ec1d7 v 03 0000000000000000000000000000000095c3ec97d84a904d8ce74cf200000000 vmv.v.x v3, t4
#5345 0 8000019e 28618157 v 02 00000000000000000000000000000000c5b09685ad985d652d334504a6cadc87 vor.vv v2, v6, v3, v0.t
#5346 0 800001a2 70040397 r 07         f00401a2  auipc    t2, 0x70040
#5347 0 800001a6 15438393 r 07         f00402f6  addi     t2, t2, 340
#5348 0 800001aa 02038007 v 00 000000000000000000000000000000002f298d7f60f52b31d2ba8db500000002 vle8.v v0, (t2)
#5349 0 800001ae 0e21a257 v 04 0000000000000000000000000000000000000000000000000000000000000037 vredxor.vs v4, v2, v3
#5350 0 800001b2 3a40bb57 v 16 0000000000000000000000000000000000000000000000000000000000003700 vslideup.vi v22, v4, 1
#5351 0 800001b6 296182d7 v 05 0000000000000000000000000000000000000000000000000000000000003747 vor.vv v5, v22, v3, v0.t
#5352 0 800001ba 70040397 r 07         f00401ba  auipc    t2, 0x70040
#5353 0 800001be 13838393 r 07         f00402f2  addi     t2, t2, 312
#5354 0 800001c2 02038007 v 00 000000000000000000000000000000002f298d7f60f52b31d2ba8db500000001 vle8.v v0, (t2)
#5355 0 800001c6     4e81 r 1d         00000000  c.li     t4, 0x0
#5356 0 800001c8 5e0ec157 v 02 00000000000000000000000000000000c5b09685ad985d652d33450400000000 vmv.v.x v2, t4
#5357 0 800001cc 28610157 v 02 00000000000000000000000000000000c5b09685ad985d652d33450400000087 vor.vv v2, v6, v2, v0.t
#5358 0 800001d0 70040397 r 07         f00401d0  auipc    t2, 0x70040
#5359 0 800001d4 12638393 r 07         f00402f6  addi     t2, t2, 294
#5360 0 800001d8 02038007 v 00 000000000000000000000000000000002f298d7f60f52b31d2ba8db500000002 vle8.v v0, (t2)
#5361 0 800001dc     4e81 r 1d         00000000  c.li     t4, 0x0
#5362 0 800001de 5e0ec1d7 v 03 0000000000000000000000000000000095c3ec97d84a904d8ce74cf200000000 vmv.v.x v3, t4
#5363 0 800001e2 28618157 v 02 00000000000000000000000000000000c5b09685ad985d652d33450400006e87 vor.vv v2, v6, v3, v0.t
#5364 0 800001e6 70040397 r 07         f00401e6  auipc    t2, 0x70040
#5365 0 800001ea 11438393 r 07         f00402fa  addi     t2, t2, 276
#5366 0 800001ee 02038007 v 00 000000000000000000000000000000002f298d7f60f52b31d2ba8db500000004 vle8.v v0, (t2)
#5367 0 800001f2     4e81 r 1d         00000000  c.li     t4, 0x0
#5368 0 800001f4 5e0ec1d7 v 03 0000000000000000000000000000000095c3ec97d84a904d8ce74cf200000000 vmv.v.x v3, t4
#5369 0 800001f8 28a18157 v 02 00000000000000000000000000000000c5b09685ad985d652d334504008c6e87 vor.vv v2, v10, v3, v0.t
#5370 0 800001fc 70040397 r 07         f00401fc  auipc    t2, 0x70040
#5371 0 80000200 10238393 r 07         f00402fe  addi     t2, t2, 258
#5372 0 80000204 02038007 v 00 000000000000000000000000000000002f298d7f60f52b31d2ba8db500000008 vle8.v v0, (t2)
#5373 0 80000208     4e81 r 1d         00000000  c.li     t4, 0x0
#5374 0 8000020a 5e0ec1d7 v 03 0000000000000000000000000000000095c3ec97d84a904d8ce74cf200000000 vmv.v.x v3, t4
#5375 0 8000020e 29218157 v 02 00000000000000000000000000000000c5b09685ad985d652d334504f18c6e87 vor.vv v2, v18, v3, v0.t
#5376 0 80000212 70040397 r 07         f0040212  auipc    t2, 0x70040
#5377 0 80000216 0e838393 r 07         f00402fa  addi     t2, t2, 232
#5378 0 8000021a 02038007 v 00 000000000000000000000000000000002f298d7f60f52b31d2ba8db500000004 vle8.v v0, (t2)
#5379 0 8000021e 0e21a257 v 04 0000000000000000000000000000000000000000000000000000000000000094 vredxor.vs v4, v2, v3
#5380 0 80000222 3a413b57 v 16 0000000000000000000000000000000000000000000000000000000000943700 vslideup.vi v22, v4, 2
#5381 0 80000226 296182d7 v 05 0000000000000000000000000000000000000000000000000000000000943747 vor.vv v5, v22, v3, v0.t
#5382 0 8000022a 70040397 r 07         f004022a  auipc    t2, 0x70040
#5383 0 8000022e 0c838393 r 07         f00402f2  addi     t2, t2, 200
#5384 0 80000232 02038007 v 00 000000000000000000000000000000002f298d7f60f52b31d2ba8db500000001 vle8.v v0, (t2)
#5385 0 80000236     4e81 r 1d         00000000  c.li     t4, 0x0
#5386 0 80000238 5e0ec157 v 02 00000000000000000000000000000000c5b09685ad985d652d33450400000000 vmv.v.x v2, t4
#5387 0 8000023c 29210157 v 02 00000000000000000000000000000000c5b09685ad985d652d33450400000092 vor.vv v2, v18, v2, v0.t
#5388 0 80000240 70040397 r 07         f0040240  auipc    t2, 0x70040
#5389 0 80000244 0b638393 r 07         f00402f6  addi     t2, t2, 182
#5390 0 80000248 02038007 v 00 000000000000000000000000000000002f298d7f60f52b31d2ba8db500000002 vle8.v v0, (t2)
#5391 0 8000024c     4e81 r 1d         00000000  c.li     t4, 0x0
#5392 0 8000024e 5e0ec1d7 v 03 0000000000000000000000000000000095c3ec97d84a904d8ce74cf200000000 vmv.v.x v3, t4
#5393 0 80000252 28618157 v 02 00000000000000000000000000000000c5b09685ad985d652d33450400006e92 vor.vv v2, v6, v3, v0.t
#5394 0 80000256 70040397 r 07         f0040256  auipc    t2, 0x70040
#5395 0 8000025a 0a438393 r 07         f00402fa  addi     t2, t2, 164
#5396 0 8000025e 02038007 v 00 000000000000000000000000000000002f298d7f60f52b31d2ba8db500000004 vle8.v v0, (t2)
#5397 0 80000262     4e81 r 1d         00000000  c.li     t4, 0x0
#5398 0 80000264 5e0ec1d7 v 03 0000000000000000000000000000000095c3ec97d84a904d8ce74cf200000000 vmv.v.x v3, t4
#5399 0 80000268 28618157 v 02 00000000000000000000000000000000c5b09685ad985d652d33450400466e92 vor.vv v2, v6, v3, v0.t
#5400 0 8000026c 70040397 r 07         f004026c  auipc    t2, 0x70040
#5401 0 80000270 09238393 r 07         f00402fe  addi     t2, t2, 146
#5402 0 80000274 02038007 v 00 000000000000000000000000000000002f298d7f60f52b31d2ba8db500000008 vle8.v v0, (t2)
#5403 0 80000278     4e81 r 1d         00000000  c.li     t4, 0x0
#5404 0 8000027a 5e0ec1d7 v 03 0000000000000000000000000000000095c3ec97d84a904d8ce74cf200000000 vmv.v.x v3, t4
#5405 0 8000027e 28a18157 v 02 00000000000000000000000000000000c5b09685ad985d652d33450457466e92 vor.vv v2, v10, v3, v0.t
#5406 0 80000282 0e21a257 v 04 00000000000000000000000000000000000000000000000000000000000000ed vredxor.vs v4, v2, v3
#5407 0 80000286 3a41bb57 v 16 00000000000000000000000000000000000000000000000000000000ed943700 vslideup.vi v22, v4, 3
#5408 0 8000028a 296182d7 v 05 00000000000000000000000000000000000000000000000000000000ed943747 vor.vv v5, v22, v3, v0.t
#5409 0 8000028e 020902a7 m f0040255   000000ed  vse8.v v5, (s2)
#5410 0 80000292     0911 r 12         f0040256  c.addi   s2, 0x4
#5411 0 80000294     0991 r 13         f004031e  c.addi   s3, 0x4
#5412 0 80000296     1ffd r 1f         00000003  c.addi   t6, -0x1
#5413 0 80000298 de0f9fe3 r 00         00000000  bne      t6, zero, . - 0x202
#5414 0 80000096     4e81 r 1d         00000000  c.li     t4, 0x0
#5415 0 80000098 5e0ec157 v 02 00000000000000000000000000000000c5b09685ad985d652d33450400000000 vmv.v.x v2, t4
#5416 0 8000009c 5e0ec2d7 v 05 0000000000000000000000000000000000000000000000000000000000000000 vmv.v.x v5, t4
#5417 0 800000a0 5e0ec557 v 0a 0000000000000000000000000000000000000000000000000000000000000000 vmv.v.x v10, t4
#5418 0 800000a4 5e0ec757 v 0e 0000000000000000000000000000000000000000000000000000000000000000 vmv.v.x v14, t4
#5419 0 800000a8 5e0ec957 v 12 0000000000000000000000000000000000000000000000000000000000000000 vmv.v.x v18, t4
#5420 0 800000ac 5e0ecb57 v 16 0000000000000000000000000000000000000000000000000000000000000000 vmv.v.x v22, t4
#5421 0 800000b0 5e0ec0d7 v 01 000000000000000000000000000000000b06010c07020d08030e090400000000 vmv.v.x v1, t4
#5422 0 800000b4 02090307 v 06 000000000000000000000000000000000000000000000000000000008ce74cf2 vle8.v v6, (s2)
#5423 0 800000b8 08000393 r 07         00000080  addi     t2, zero, 128
#5424 0 800000bc 5e03c0d7 v 01 000000000000000000000000000000000b06010c07020d08030e090480808080 vmv.v.x v1, t2
#5425 0 800000c0 26608757 v 0e 0000000000000000000000000000000000000000000000000000000080800080 vand.vv v14, v6, v1
#5426 0 800000c4 66e03057 v 00 000000000000000000000000000000002f298d7f60f52b31d2ba8db50000000d vmsne.vi v0, v14, 0
#5427 0 800000c8 9660b557 v 0a 0000000000000000000000000000000000000000000000000000000018ce98e4 vsll.vi v10, v6, 1
#5428 0 800000cc     4e6d r 1c         0000001b  c.li     t3, 0x1b
#5429 0 800000ce 5e0e4157 v 02 00000000000000000000000000000000c5b09685ad985d652d3345041b1b1b1b vmv.v.x v2, t3
#5430 0 800000d2 2ca10557 v 0a 0000000000000000000000000000000000000000000000000000000003d598ff vxor.vv v10, v10, v2, v0.t
#5431 0 800000d6 2ea30957 v 12 000000000000000000000000000000000000000000000000000000008f32d40d vxor.vv v18, v10, v6
#5432 0 800000da 70040397 r 07         f00400da  auipc    t2, 0x70040
#5433 0 800000de 21838393 r 07         f00402f2  addi     t2, t2, 536
#5434 0 800000e2 02038007 v 00 000000000000000000000000000000002f298d7f60f52b31d2ba8db500000001 vle8.v v0, (t2)
#5435 0 800000e6     4e81 r 1d         00000000  c.li     t4, 0x0
#5436 0 800000e8 5e0ec1d7 v 03 0000000000000000000000000000000095c3ec97d84a904d8ce74cf200000000 vmv.v.x v3, t4
#5437 0 800000ec 5e0ec157 v 02 00000000000000000000000000000000c5b09685ad985d652d33450400000000 vmv.v.x v2, t4
#5438 0 800000f0 28a18157 v 02 00000000000000000000000000000000c5b09685ad985d652d334504000000ff vor.vv v2, v10, v3, v0.t
#5439 0 800000f4 70040397 r 07         f00400f4  auipc    t2, 0x70040
#5440 0 800000f8 20238393 r 07         f00402f6  addi     t2, t2, 514
#5441 0 800000fc 02038007 v 00 000000000000000000000000000000002f298d7f60f52b31d2ba8db500000002 vle8.v v0, (t2)
#5442 0 80000100     4e81 r 1d         00000000  c.li     t4, 0x0
#5443 0 80000102 5e0ec1d7 v 03 0000000000000000000000000000000095c3ec97d84a904d8ce74cf200000000 vmv.v.x v3, t4
#5444 0 80000106 29218157 v 02 00000000000000000000000000000000c5b09685ad985d652d3345040000d4ff vor.vv v2, v18, v3, v0.t
#5445 0 8000010a 70040397 r 07         f004010a  auipc    t2, 0x70040
#5446 0 8000010e 1f038393 r 07         f00402fa  addi     t2, t2, 496
#5447 0 80000112 02038007 v 00 000000000000000000000000000000002f298d7f60f52b31d2ba8db500000004 vle8.v v0, (t2)
#5448 0 80000116     4e81 r 1d         00000000  c.li     t4, 0x0
#5449 0 80000118 5e0ec1d7 v 03 0000000000000000000000000000000095c3ec97d84a904d8ce74cf200000000 vmv.v.x v3, t4
#5450 0 8000011c 28618157 v 02 00000000000000000000000000000000c5b09685ad985d652d33450400e7d4ff vor.vv v2, v6, v3, v0.t
#5451 0 80000120 70040397 r 07         f0040120  auipc    t2, 0x70040
#5452 0 80000124 1de38393 r 07         f00402fe  addi     t2, t2, 478
#5453 0 80000128 02038007 v 00 000000000000000000000000000000002f298d7f60f52b31d2ba8db500000008 vle8.v v0, (t2)
#5454 0 8000012c     4e81 r 1d         00000000  c.li     t4, 0x0
#5455 0 8000012e 5e0ec1d7 v 03 0000000000000000000000000000000095c3ec97d84a904d8ce74cf200000000 vmv.v.x v3, t4
#5456 0 80000132 28618157 v 02 00000000000000000000000000000000c5b09685ad985d652d3345048ce7d4ff vor.vv v2, v6, v3, v0.t
#5457 0 80000136 70040397 r 07         f0040136  auipc    t2, 0x70040
#5458 0 8000013a 1bc38393 r 07         f00402f2  addi     t2, t2, 444
#5459 0 8000013e 02038007 v 00 000000000000000000000000000000002f298d7f60f52b31d2ba8db500000001 vle8.v v0, (t2)
#5460 0 80000142 0e21a257 v 04 0000000000000000000000000000000000000000000000000000000000000040 vredxor.vs v4, v2, v3
#5461 0 80000146 284182d7 v 05 0000000000000000000000000000000000000000000000000000000000000040 vor.vv v5, v4, v3, v0.t
#5462 0 8000014a 70040397 r 07         f004014a  auipc    t2, 0x70040
#5463 0 8000014e 1a838393 r 07         f00402f2  addi     t2, t2, 424
#5464 0 80000152 02038007 v 00 000000000000000000000000000000002f298d7f60f52b31d2ba8db500000001 vle8.v v0, (t2)
#5465 0 80000156     4e81 r 1d         00000000  c.li     t4, 0x0
#5466 0 80000158 5e0ec157 v 02 00000000000000000000000000000000c5b09685ad985d652d33450400000000 vmv.v.x v2, t4
#5467 0 8000015c 28610157 v 02 00000000000000000000000000000000c5b09685ad985d652d334504000000f2 vor.vv v2, v6, v2, v0.t
#5468 0 80000160 70040397 r 07         f0040160  auipc    t2, 0x70040
#5469 0 80000164 19638393 r 07         f00402f6  addi     t2, t2, 406
#5470 0 80000168 02038007 v 00 000000000000000000000000000000002f298d7f60f52b31d2ba8db500000002 vle8.v v0, (t2)
#5471 0 8000016c     4e81 r 1d         00000000  c.li     t4, 0x0
#5472 0 8000016e 5e0ec1d7 v 03 0000000000000000000000000000000095c3ec97d84a904d8ce74cf200000000 vmv.v.x v3, t4
#5473 0 80000172 28a18157 v 02 00000000000000000000000000000000c5b09685ad985d652d334504000098f2 vor.vv v2, v10, v3, v0.t
#5474 0 80000176 70040397 r 07         f0040176  auipc    t2, 0x70040
#5475 0 8000017a 18438393 r 07         f00402fa  addi     t2, t2, 388
#5476 0 8000017e 02038007 v 00 000000000000000000000000000000002f298d7f60f52b31d2ba8db500000004 vle8.v v0, (t2)
#5477 0 80000182     4e81 r 1d         00000000  c.li     t4, 0x0
#5478 0 80000184 5e0ec1d7 v 03 0000000000000000000000000000000095c3ec97d84a904d8ce74cf200000000 vmv.v.x v3, t4
#5479 0 80000188 29218157 v 02 00000000000000000000000000000000c5b09685ad985d652d334504003298f2 vor.vv v2, v18, v3, v0.t
#5480 0 8000018c 70040397 r 07         f004018c  auipc    t2, 0x70040
#5481 0 80000190 17238393 r 07         f00402fe  addi     t2, t2, 370
#5482 0 80000194 02038007 v 00 000000000000000000000000000000002f298d7f60f52b31d2ba8db500000008 vle8.v v0, (t2)
#5483 0 80000198     4e81 r 1d         00000000  c.li     t4, 0x0
#5484 0 8000019a 5e0ec1d7 v 03 0000000000000000000000000000000095c3ec97d84a904d8ce74cf200000000 vmv.v.x v3, t4
#5485 0 8000019e 28618157 v 02 00000000000000000000000000000000c5b09685ad985d652d3345048c3298f2 vor.vv v2, v6, v3, v0.t
#5486 0 800001a2 70040397 r 07         f00401a2  auipc    t2, 0x70040
#5487 0 800001a6 15438393 r 07         f00402f6  addi     t2, t2, 340
#5488 0 800001aa 02038007 v 00 000000000000000000000000000000002f298d7f60f52b31d2ba8db500000002 vle8.v v0, (t2)
#5489 0 800001ae 0e21a257 v 04 00000000000000000000000000000000000000000000000000000000000000d4 vredxor.vs v4, v2, v3
#5490 0 800001b2 3a40bb57 v 16 000000000000000000000000000000000000000000000000000000000000d400 vslideup.vi v22, v4, 1
#5491 0 800001b6 296182d7 v 05 000000000000000000000000000000000000000000000000000000000000d440 vor.vv v5, v22, v3, v0.t
#5492 0 800001ba 70040397 r 07         f00401ba  auipc    t2, 0x70040
#5493 0 800001be 13838393 r 07         f00402f2  addi     t2, t2, 312
#5494 0 800001c2 02038007 v 00 000000000000000000000000000000002f298d7f60f52b31d2ba8db500000001 vle8.v v0, (t2)
#5495 0 800001c6     4e81 r 1d         00000000  c.li     t4, 0x0
#5496 0 800001c8 5e0ec157 v 02 00000000000000000000000000000000c5b09685ad985d652d33450400000000 vmv.v.x v2, t4
#5497 0 800001cc 28610157 v 02 00000000000000000000000000000000c5b09685ad985d652d334504000000f2 vor.vv v2, v6, v2, v0.t
#5498 0 800001d0 70040397 r 07         f00401d0  auipc    t2, 0x70040
#5499 0 800001d4 12638393 r 07         f00402f6  addi     t2, t2, 294
#5500 0 800001d8 02038007 v 00 000000000000000000000000000000002f298d7f60f52b31d2ba8db500000002 vle8.v v0, (t2)
#5501 0 800001dc     4e81 r 1d         00000000  c.li     t4, 0x0
#5502 0 800001de 5e0ec1d7 v 03 0000000000000000000000000000000095c3ec97d84a904d8ce74cf200000000 vmv.v.x v3, t4
#5503 0 800001e2 28618157 v 02 00000000000000000000000000000000c5b09685ad985d652d33450400004cf2 vor.vv v2, v6, v3, v0.t
#5504 0 800001e6 70040397 r 07         f00401e6  auipc    t2, 0x70040
#5505 0 800001ea 11438393 r 07         f00402fa  addi     t2, t2, 276
#5506 0 800001ee 02038007 v 00 000000000000000000000000000000002f298d7f60f52b31d2ba8db500000004 vle8.v v0, (t2)
#5507 0 800001f2     4e81 r 1d         00000000  c.li     t4, 0x0
#5508 0 800001f4 5e0ec1d7 v 03 0000000000000000000000000000000095c3ec97d84a904d8ce74cf200000000 vmv.v.x v3, t4
#5509 0 800001f8 28a18157 v 02 00000000000000000000000000000000c5b09685ad985d652d33450400d54cf2 vor.vv v2, v10, v3, v0.t
#5510 0 800001fc 70040397 r 07         f00401fc  auipc    t2, 0x70040
#5511 0 80000200 10238393 r 07         f00402fe  addi     t2, t2, 258
#5512 0 80000204 02038007 v 00 000000000000000000000000000000002f298d7f60f52b31d2ba8db500000008 vle8.v v0, (t2)
#5513 0 80000208     4e81 r 1d         00000000  c.li     t4, 0x0
#5514 0 8000020a 5e0ec1d7 v 03 0000000000000000000000000000000095c3ec97d84a904d8ce74cf200000000 vmv.v.x v3, t4
#5515 0 8000020e 29218157 v 02 00000000000000000000000000000000c5b09685ad985d652d3345048fd54cf2 vor.vv v2, v18, v3, v0.t
#5516 0 80000212 70040397 r 07         f0040212  auipc    t2, 0x70040
#5517 0 80000216 0e838393 r 07         f00402fa  addi     t2, t2, 232
#5518 0 8000021a 02038007 v 00 000000000000000000000000000000002f298d7f60f52b31d2ba8db500000004 vle8.v v0, (t2)
#5519 0 8000021e 0e21a257 v 04 00000000000000000000000000000000000000000000000000000000000000e4 vredxor.vs v4, v2, v3
#5520 0 80000222 3a413b57 v 16 0000000000000000000000000000000000000000000000000000000000e4d400 vslideup.vi v22, v4, 2
#5521 0 80000226 296182d7 v 05 0000000000000000000000000000000000000000000000000000000000e4d440 vor.vv v5, v22, v3, v0.t
#5522 0 8000022a 70040397 r 07         f004022a  auipc    t2, 0x70040
#5523 0 8000022e 0c838393 r 07         f00402f2  addi     t2, t2, 200
#5524 0 80000232 02038007 v 00 000000000000000000000000000000002f298d7f60f52b31d2ba8db500000001 vle8.v v0, (t2)
#5525 0 80000236     4e81 r 1d         00000000  c.li     t4, 0x0
#5526 0 80000238 5e0ec157 v 02 00000000000000000000000000000000c5b09685ad985d652d33450400000000 vmv.v.x v2, t4
#5527 0 8000023c 29210157 v 02 00000000000000000000000000000000c5b09685ad985d652d3345040000000d vor.vv v2, v18, v2, v0.t
#5528 0 80000240 70040397 r 07         f0040240  auipc    t2, 0x70040
#5529 0 80000244 0b638393 r 07         f00402f6  addi     t2, t2, 182
#5530 0 80000248 02038007 v 00 000000000000000000000000000000002f298d7f60f52b31d2ba8db500000002 vle8.v v0, (t2)
#5531 0 8000024c     4e81 r 1d         00000000  c.li     t4, 0x0
#5532 0 8000024e 5e0ec1d7 v 03 0000000000000000000000000000000095c3ec97d84a904d8ce74cf200000000 vmv.v.x v3, t4
#5533 0 80000252 28618157 v 02 00000000000000000000000000000000c5b09685ad985d652d33450400004c0d vor.vv v2, v6, v3, v0.t
#5534 0 80000256 70040397 r 07         f0040256  auipc    t2, 0x70040
#5535 0 8000025a 0a438393 r 07         f00402fa  addi     t2, t2, 164
#5536 0 8000025e 02038007 v 00 000000000000000000000000000000002f298d7f60f52b31d2ba8db500000004 vle8.v v0, (t2)
#5537 0 80000262     4e81 r 1d         00000000  c.li     t4, 0x0
#5538 0 80000264 5e0ec1d7 v 03 0000000000000000000000000000000095c3ec97d84a904d8ce74cf200000000 vmv.v.x v3, t4
#5539 0 80000268 28618157 v 02 00000000000000000000000000000000c5b09685ad985d652d33450400e74c0d vor.vv v2, v6, v3, v0.t
#5540 0 8000026c 70040397 r 07         f004026c  auipc    t2, 0x70040
#5541 0 80000270 09238393 r 07         f00402fe  addi     t2, t2, 146
#5542 0 80000274 02038007 v 00 000000000000000000000000000000002f298d7f60f52b31d2ba8db500000008 vle8.v v0, (t2)
#5543 0 80000278     4e81 r 1d         00000000  c.li     t4, 0x0
#5544 0 8000027a 5e0ec1d7 v 03 0000000000000000000000000000000095c3ec97d84a904d8ce74cf200000000 vmv.v.x v3, t4
#5545 0 8000027e 28a18157 v 02 00000000000000000000000000000000c5b09685ad985d652d33450403e74c0d vor.vv v2, v10, v3, v0.t
#5546 0 80000282 0e21a257 v 04 00000000000000000000000000000000000000000000000000000000000000a5 vredxor.vs v4, v2, v3
#5547 0 80000286 3a41bb57 v 16 00000000000000000000000000000000000000000000000000000000a5e4d400 vslideup.vi v22, v4, 3
#5548 0 8000028a 296182d7 v 05 00000000000000000000000000000000000000000000000000000000a5e4d440 vor.vv v5, v22, v3, v0.t
#5549 0 8000028e 020902a7 m f0040259   000000a5  vse8.v v5, (s2)
#5550 0 80000292     0911 r 12         f004025a  c.addi   s2, 0x4
#5551 0 80000294     0991 r 13         f0040322  c.addi   s3, 0x4
#5552 0 80000296     1ffd r 1f         00000002  c.addi   t6, -0x1
#5553 0 80000298 de0f9fe3 r 00         00000000  bne      t6, zero, . - 0x202
#5554 0 80000096     4e81 r 1d         00000000  c.li     t4, 0x0
#5555 0 80000098 5e0ec157 v 02 00000000000000000000000000000000c5b09685ad985d652d33450400000000 vmv.v.x v2, t4
#5556 0 8000009c 5e0ec2d7 v 05 0000000000000000000000000000000000000000000000000000000000000000 vmv.v.x v5, t4
#5557 0 800000a0 5e0ec557 v 0a 0000000000000000000000000000000000000000000000000000000000000000 vmv.v.x v10, t4
#5558 0 800000a4 5e0ec757 v 0e 0000000000000000000000000000000000000000000000000000000000000000 vmv.v.x v14, t4
#5559 0 800000a8 5e0ec957 v 12 0000000000000000000000000000000000000000000000000000000000000000 vmv.v.x v18, t4
#5560 0 800000ac 5e0ecb57 v 16 0000000000000000000000000000000000000000000000000000000000000000 vmv.v.x v22, t4
#5561 0 800000b0 5e0ec0d7 v 01 000000000000000000000000000000000b06010c07020d08030e090400000000 vmv.v.x v1, t4
#5562 0 800000b4 02090307 v 06 00000000000000000000000000000000000000000000000000000000d84a904d vle8.v v6, (s2)
#5563 0 800000b8 08000393 r 07         00000080  addi     t2, zero, 128
#5564 0 800000bc 5e03c0d7 v 01 000000000000000000000000000000000b06010c07020d08030e090480808080 vmv.v.x v1, t2
#5565 0 800000c0 26608757 v 0e 0000000000000000000000000000000000000000000000000000000080008000 vand.vv v14, v6, v1
#5566 0 800000c4 66e03057 v 00 000000000000000000000000000000002f298d7f60f52b31d2ba8db50000000a vmsne.vi v0, v14, 0
#5567 0 800000c8 9660b557 v 0a 00000000000000000000000000000000000000000000000000000000b094209a vsll.vi v10, v6, 1
#5568 0 800000cc     4e6d r 1c         0000001b  c.li     t3, 0x1b
#5569 0 800000ce 5e0e4157 v 02 00000000000000000000000000000000c5b09685ad985d652d3345041b1b1b1b vmv.v.x v2, t3
#5570 0 800000d2 2ca10557 v 0a 00000000000000000000000000000000000000000000000000000000ab943b9a vxor.vv v10, v10, v2, v0.t
#5571 0 800000d6 2ea30957 v 12 0000000000000000000000000000000000000000000000000000000073deabd7 vxor.vv v18, v10, v6
#5572 0 800000da 70040397 r 07         f00400da  auipc    t2, 0x70040
#5573 0 800000de 21838393 r 07         f00402f2  addi     t2, t2, 536
#5574 0 800000e2 02038007 v 00 000000000000000000000000000000002f298d7f60f52b31d2ba8db500000001 vle8.v v0, (t2)
#5575 0 800000e6     4e81 r 1d         00000000  c.li     t4, 0x0
#5576 0 800000e8 5e0ec1d7 v 03 0000000000000000000000000000000095c3ec97d84a904d8ce74cf200000000 vmv.v.x v3, t4
#5577 0 800000ec 5e0ec157 v 02 00000000000000000000000000000000c5b09685ad985d652d33450400000000 vmv.v.x v2, t4
#5578 0 800000f0 28a18157 v 02 00000000000000000000000000000000c5b09685ad985d652d3345040000009a vor.vv v2, v10, v3, v0.t
#5579 0 800000f4 70040397 r 07         f00400f4  auipc    t2, 0x70040
#5580 0 800000f8 20238393 r 07         f00402f6  addi     t2, t2, 514
#5581 0 800000fc 02038007 v 00 000000000000000000000000000000002f298d7f60f52b31d2ba8db500000002 vle8.v v0, (t2)
#5582 0 80000100     4e81 r 1d         00000000  c.li     t4, 0x0
#5583 0 80000102 5e0ec1d7 v 03 0000000000000000000000000000000095c3ec97d84a904d8ce74cf200000000 vmv.v.x v3, t4
#5584 0 80000106 29218157 v 02 00000000000000000000000000000000c5b09685ad985d652d3345040000ab9a vor.vv v2, v18, v3, v0.t
#5585 0 8000010a 70040397 r 07         f004010a  auipc    t2, 0x70040
#5586 0 8000010e 1f038393 r 07         f00402fa  addi     t2, t2, 496
#5587 0 80000112 02038007 v 00 000000000000000000000000000000002f298d7f60f52b31d2ba8db500000004 vle8.v v0, (t2)
#5588 0 80000116     4e81 r 1d         00000000  c.li     t4, 0x0
#5589 0 80000118 5e0ec1d7 v 03 0000000000000000000000000000000095c3ec97d84a904d8ce74cf200000000 vmv.v.x v3, t4
#5590 0 8000011c 28618157 v 02 00000000000000000000000000000000c5b09685ad985d652d334504004aab9a vor.vv v2, v6, v3, v0.t
#5591 0 80000120 70040397 r 07         f0040120  auipc    t2, 0x70040
#5592 0 80000124 1de38393 r 07         f00402fe  addi     t2, t2, 478
#5593 0 80000128 02038007 v 00 000000000000000000000000000000002f298d7f60f52b31d2ba8db500000008 vle8.v v0, (t2)
#5594 0 8000012c     4e81 r 1d         00000000  c.li     t4, 0x0
#5595 0 8000012e 5e0ec1d7 v 03 0000000000000000000000000000000095c3ec97d84a904d8ce74cf200000000 vmv.v.x v3, t4
#5596 0 80000132 28618157 v 02 00000000000000000000000000000000c5b09685ad985d652d334504d84aab9a vor.vv v2, v6, v3, v0.t
#5597 0 80000136 70040397 r 07         f0040136  auipc    t2, 0x70040
#5598 0 8000013a 1bc38393 r 07         f00402f2  addi     t2, t2, 444
#5599 0 8000013e 02038007 v 00 000000000000000000000000000000002f298d7f60f52b31d2ba8db500000001 vle8.v v0, (t2)
#5600 0 80000142 0e21a257 v 04 00000000000000000000000000000000000000000000000000000000000000a3 vredxor.vs v4, v2, v3
#5601 0 80000146 284182d7 v 05 00000000000000000000000000000000000000000000000000000000000000a3 vor.vv v5, v4, v3, v0.t
#5602 0 8000014a 70040397 r 07         f004014a  auipc    t2, 0x70040
#5603 0 8000014e 1a838393 r 07         f00402f2  addi     t2, t2, 424
#5604 0 80000152 02038007 v 00 000000000000000000000000000000002f298d7f60f52b31d2ba8db500000001 vle8.v v0, (t2)
#5605 0 80000156     4e81 r 1d         00000000  c.li     t4, 0x0
#5606 0 80000158 5e0ec157 v 02 00000000000000000000000000000000c5b09685ad985d652d33450400000000 vmv.v.x v2, t4
#5607 0 8000015c 28610157 v 02 00000000000000000000000000000000c5b09685ad985d652d3345040000004d vor.vv v2, v6, v2, v0.t
#5608 0 80000160 70040397 r 07         f0040160  auipc    t2, 0x70040
#5609 0 80000164 19638393 r 07         f00402f6  addi     t2, t2, 406
#5610 0 80000168 02038007 v 00 000000000000000000000000000000002f298d7f60f52b31d2ba8db500000002 vle8.v v0, (t2)
#5611 0 8000016c     4e81 r 1d         00000000  c.li     t4, 0x0
#5612 0 8000016e 5e0ec1d7 v 03 0000000000000000000000000000000095c3ec97d84a904d8ce74cf200000000 vmv.v.x v3, t4
#5613 0 80000172 28a18157 v 02 00000000000000000000000000000000c5b09685ad985d652d33450400003b4d vor.vv v2, v10, v3, v0.t
#5614 0 80000176 70040397 r 07         f0040176  auipc    t2, 0x70040
#5615 0 8000017a 18438393 r 07         f00402fa  addi     t2, t2, 388
#5616 0 8000017e 02038007 v 00 000000000000000000000000000000002f298d7f60f52b31d2ba8db500000004 vle8.v v0, (t2)
#5617 0 80000182     4e81 r 1d         00000000  c.li     t4, 0x0
#5618 0 80000184 5e0ec1d7 v 03 0000000000000000000000000000000095c3ec97d84a904d8ce74cf200000000 vmv.v.x v3, t4
#5619 0 80000188 29218157 v 02 00000000000000000000000000000000c5b09685ad985d652d33450400de3b4d vor.vv v2, v18, v3, v0.t
#5620 0 8000018c 70040397 r 07         f004018c  auipc    t2, 0x70040
#5621 0 80000190 17238393 r 07         f00402fe  addi     t2, t2, 370
#5622 0 80000194 02038007 v 00 000000000000000000000000000000002f298d7f60f52b31d2ba8db500000008 vle8.v v0, (t2)
#5623 0 80000198     4e81 r 1d         00000000  c.li     t4, 0x0
#5624 0 8000019a 5e0ec1d7 v 03 0000000000000000000000000000000095c3ec97d84a904d8ce74cf200000000 vmv.v.x v3, t4
#5625 0 8000019e 28618157 v 02 00000000000000000000000000000000c5b09685ad985d652d334504d8de3b4d vor.vv v2, v6, v3, v0.t
#5626 0 800001a2 70040397 r 07         f00401a2  auipc    t2, 0x70040
#5627 0 800001a6 15438393 r 07         f00402f6  addi     t2, t2, 340
#5628 0 800001aa 02038007 v 00 000000000000000000000000000000002f298d7f60f52b31d2ba8db500000002 vle8.v v0, (t2)
#5629 0 800001ae 0e21a257 v 04 0000000000000000000000000000000000000000000000000000000000000070 vredxor.vs v4, v2, v3
#5630 0 800001b2 3a40bb57 v 16 0000000000000000000000000000000000000000000000000000000000007000 vslideup.vi v22, v4, 1
#5631 0 800001b6 296182d7 v 05 00000000000000000000000000000000000000000000000000000000000070a3 vor.vv v5, v22, v3, v0.t
#5632 0 800001ba 70040397 r 07         f00401ba  auipc    t2, 0x70040
#5633 0 800001be 13838393 r 07         f00402f2  addi     t2, t2, 312
#5634 0 800001c2 02038007 v 00 000000000000000000000000000000002f298d7f60f52b31d2ba8db500000001 vle8.v v0, (t2)
#5635 0 800001c6     4e81 r 1d         00000000  c.li     t4, 0x0
#5636 0 800001c8 5e0ec157 v 02 00000000000000000000000000000000c5b09685ad985d652d33450400000000 vmv.v.x v2, t4
#5637 0 800001cc 28610157 v 02 00000000000000000000000000000000c5b09685ad985d652d3345040000004d vor.vv v2, v6, v2, v0.t
#5638 0 800001d0 70040397 r 07         f00401d0  auipc    t2, 0x70040
#5639 0 800001d4 12638393 r 07         f00402f6  addi     t2, t2, 294
#5640 0 800001d8 02038007 v 00 000000000000000000000000000000002f298d7f60f52b31d2ba8db500000002 vle8.v v0, (t2)
#5641 0 800001dc     4e81 r 1d         00000000  c.li     t4, 0x0
#5642 0 800001de 5e0ec1d7 v 03 0000000000000000000000000000000095c3ec97d84a904d8ce74cf200000000 vmv.v.x v3, t4
#5643 0 800001e2 28618157 v 02 00000000000000000000000000000000c5b09685ad985d652d3345040000904d vor.vv v2, v6, v3, v0.t
#5644 0 800001e6 70040397 r 07         f00401e6  auipc    t2, 0x70040
#5645 0 800001ea 11438393 r 07         f00402fa  addi     t2, t2, 276
#5646 0 800001ee 02038007 v 00 000000000000000000000000000000002f298d7f60f52b31d2ba8db500000004 vle8.v v0, (t2)
#5647 0 800001f2     4e81 r 1d         00000000  c.li     t4, 0x0
#5648 0 800001f4 5e0ec1d7 v 03 0000000000000000000000000000000095c3ec97d84a904d8ce74cf200000000 vmv.v.x v3, t4
#5649 0 800001f8 28a18157 v 02 00000000000000000000000000000000c5b09685ad985d652d3345040094904d vor.vv v2, v10, v3, v0.t
#5650 0 800001fc 70040397 r 07         f00401fc  auipc    t2, 0x70040
#5651 0 80000200 10238393 r 07         f00402fe  addi     t2, t2, 258
#5652 0 80000204 02038007 v 00 000000000000000000000000000000002f298d7f60f52b31d2ba8db500000008 vle8.v v0, (t2)
#5653 0 80000208     4e81 r 1d         00000000  c.li     t4, 0x0
#5654 0 8000020a 5e0ec1d7 v 03 0000000000000000000000000000000095c3ec97d84a904d8ce74cf200000000 vmv.v.x v3, t4
#5655 0 8000020e 29218157 v 02 00000000000000000000000000000000c5b09685ad985d652d3345047394904d vor.vv v2, v18, v3, v0.t
#5656 0 80000212 70040397 r 07         f0040212  auipc    t2, 0x70040
#5657 0 80000216 0e838393 r 07         f00402fa  addi     t2, t2, 232
#5658 0 8000021a 02038007 v 00 000000000000000000000000000000002f298d7f60f52b31d2ba8db500000004 vle8.v v0, (t2)
#5659 0 8000021e 0e21a257 v 04 000000000000000000000000000000000000000000000000000000000000003a vredxor.vs v4, v2, v3
#5660 0 80000222 3a413b57 v 16 00000000000000000000000000000000000000000000000000000000003a7000 vslideup.vi v22, v4, 2
#5661 0 80000226 296182d7 v 05 00000000000000000000000000000000000000000000000000000000003a70a3 vor.vv v5, v22, v3, v0.t
#5662 0 8000022a 70040397 r 07         f004022a  auipc    t2, 0x70040
#5663 0 8000022e 0c838393 r 07         f00402f2  addi     t2, t2, 200
#5664 0 80000232 02038007 v 00 000000000000000000000000000000002f298d7f60f52b31d2ba8db500000001 vle8.v v0, (t2)
#5665 0 80000236     4e81 r 1d         00000000  c.li     t4, 0x0
#5666 0 80000238 5e0ec157 v 02 00000000000000000000000000000000c5b09685ad985d652d33450400000000 vmv.v.x v2, t4
#5667 0 8000023c 29210157 v 02 00000000000000000000000000000000c5b09685ad985d652d334504000000d7 vor.vv v2, v18, v2, v0.t
#5668 0 80000240 70040397 r 07         f0040240  auipc    t2, 0x70040
#5669 0 80000244 0b638393 r 07         f00402f6  addi     t2, t2, 182
#5670 0 80000248 02038007 v 00 000000000000000000000000000000002f298d7f60f52b31d2ba8db500000002 vle8.v v0, (t2)
#5671 0 8000024c     4e81 r 1d         00000000  c.li     t4, 0x0
#5672 0 8000024e 5e0ec1d7 v 03 0000000000000000000000000000000095c3ec97d84a904d8ce74cf200000000 vmv.v.x v3, t4
#5673 0 80000252 28618157 v 02 00000000000000000000000000000000c5b09685ad985d652d334504000090d7 vor.vv v2, v6, v3, v0.t
#5674 0 80000256 70040397 r 07         f0040256  auipc    t2, 0x70040
#5675 0 8000025a 0a438393 r 07         f00402fa  addi     t2, t2, 164
#5676 0 8000025e 02038007 v 00 000000000000000000000000000000002f298d7f60f52b31d2ba8db500000004 vle8.v v0, (t2)
#5677 0 80000262     4e81 r 1d         00000000  c.li     t4, 0x0
#5678 0 80000264 5e0ec1d7 v 03 0000000000000000000000000000000095c3ec97d84a904d8ce74cf200000000 vmv.v.x v3, t4
#5679 0 80000268 28618157 v 02 00000000000000000000000000000000c5b09685ad985d652d334504004a90d7 vor.vv v2, v6, v3, v0.t
#5680 0 8000026c 70040397 r 07         f004026c  auipc    t2, 0x70040
#5681 0 80000270 09238393 r 07         f00402fe  addi     t2, t2, 146
#5682 0 80000274 02038007 v 00 000000000000000000000000000000002f298d7f60f52b31d2ba8db500000008 vle8.v v0, (t2)
#5683 0 80000278     4e81 r 1d         00000000  c.li     t4, 0x0
#5684 0 8000027a 5e0ec1d7 v 03 0000000000000000000000000000000095c3ec97d84a904d8ce74cf200000000 vmv.v.x v3, t4
#5685 0 8000027e 28a18157 v 02 00000000000000000000000000000000c5b09685ad985d652d334504ab4a90d7 vor.vv v2, v10, v3, v0.t
#5686 0 80000282 0e21a257 v 04 00000000000000000000000000000000000000000000000000000000000000a6 vredxor.vs v4, v2, v3
#5687 0 80000286 3a41bb57 v 16 00000000000000000000000000000000000000000000000000000000a63a7000 vslideup.vi v22, v4, 3
#5688 0 8000028a 296182d7 v 05 00000000000000000000000000000000000000000000000000000000a63a70a3 vor.vv v5, v22, v3, v0.t
#5689 0 8000028e 020902a7 m f004025d   000000a6  vse8.v v5, (s2)
#5690 0 80000292     0911 r 12         f004025e  c.addi   s2, 0x4
#5691 0 80000294     0991 r 13         f0040326  c.addi   s3, 0x4
#5692 0 80000296     1ffd r 1f         00000001  c.addi   t6, -0x1
#5693 0 80000298 de0f9fe3 r 00         00000000  bne      t6, zero, . - 0x202
#5694 0 80000096     4e81 r 1d         00000000  c.li     t4, 0x0
#5695 0 80000098 5e0ec157 v 02 00000000000000000000000000000000c5b09685ad985d652d33450400000000 vmv.v.x v2, t4
#5696 0 8000009c 5e0ec2d7 v 05 0000000000000000000000000000000000000000000000000000000000000000 vmv.v.x v5, t4
#5697 0 800000a0 5e0ec557 v 0a 0000000000000000000000000000000000000000000000000000000000000000 vmv.v.x v10, t4
#5698 0 800000a4 5e0ec757 v 0e 0000000000000000000000000000000000000000000000000000000000000000 vmv.v.x v14, t4
#5699 0 800000a8 5e0ec957 v 12 0000000000000000000000000000000000000000000000000000000000000000 vmv.v.x v18, t4
#5700 0 800000ac 5e0ecb57 v 16 0000000000000000000000000000000000000000000000000000000000000000 vmv.v.x v22, t4
#5701 0 800000b0 5e0ec0d7 v 01 000000000000000000000000000000000b06010c07020d08030e090400000000 vmv.v.x v1, t4
#5702 0 800000b4 02090307 v 06 0000000000000000000000000000000000000000000000000000000095c3ec97 vle8.v v6, (s2)
#5703 0 800000b8 08000393 r 07         00000080  addi     t2, zero, 128
#5704 0 800000bc 5e03c0d7 v 01 000000000000000000000000000000000b06010c07020d08030e090480808080 vmv.v.x v1, t2
#5705 0 800000c0 26608757 v 0e 0000000000000000000000000000000000000000000000000000000080808080 vand.vv v14, v6, v1
#5706 0 800000c4 66e03057 v 00 000000000000000000000000000000002f298d7f60f52b31d2ba8db50000000f vmsne.vi v0, v14, 0
#5707 0 800000c8 9660b557 v 0a 000000000000000000000000000000000000000000000000000000002a86d82e vsll.vi v10, v6, 1
#5708 0 800000cc     4e6d r 1c         0000001b  c.li     t3, 0x1b
#5709 0 800000ce 5e0e4157 v 02 00000000000000000000000000000000c5b09685ad985d652d3345041b1b1b1b vmv.v.x v2, t3
#5710 0 800000d2 2ca10557 v 0a 00000000000000000000000000000000000000000000000000000000319dc335 vxor.vv v10, v10, v2, v0.t
#5711 0 800000d6 2ea30957 v 12 00000000000000000000000000000000000000000000000000000000a45e2fa2 vxor.vv v18, v10, v6
#5712 0 800000da 70040397 r 07         f00400da  auipc    t2, 0x70040
#5713 0 800000de 21838393 r 07         f00402f2  addi     t2, t2, 536
#5714 0 800000e2 02038007 v 00 000000000000000000000000000000002f298d7f60f52b31d2ba8db500000001 vle8.v v0, (t2)
#5715 0 800000e6     4e81 r 1d         00000000  c.li     t4, 0x0
#5716 0 800000e8 5e0ec1d7 v 03 0000000000000000000000000000000095c3ec97d84a904d8ce74cf200000000 vmv.v.x v3, t4
#5717 0 800000ec 5e0ec157 v 02 00000000000000000000000000000000c5b09685ad985d652d33450400000000 vmv.v.x v2, t4
#5718 0 800000f0 28a18157 v 02 00000000000000000000000000000000c5b09685ad985d652d33450400000035 vor.vv v2, v10, v3, v0.t
#5719 0 800000f4 70040397 r 07         f00400f4  auipc    t2, 0x70040
#5720 0 800000f8 20238393 r 07         f00402f6  addi     t2, t2, 514
#5721 0 800000fc 02038007 v 00 000000000000000000000000000000002f298d7f60f52b31d2ba8db500000002 vle8.v v0, (t2)
#5722 0 80000100     4e81 r 1d         00000000  c.li     t4, 0x0
#5723 0 80000102 5e0ec1d7 v 03 0000000000000000000000000000000095c3ec97d84a904d8ce74cf200000000 vmv.v.x v3, t4
#5724 0 80000106 29218157 v 02 00000000000000000000000000000000c5b09685ad985d652d33450400002f35 vor.vv v2, v18, v3, v0.t
#5725 0 8000010a 70040397 r 07         f004010a  auipc    t2, 0x70040
#5726 0 8000010e 1f038393 r 07         f00402fa  addi     t2, t2, 496
#5727 0 80000112 02038007 v 00 000000000000000000000000000000002f298d7f60f52b31d2ba8db500000004 vle8.v v0, (t2)
#5728 0 80000116     4e81 r 1d         00000000  c.li     t4, 0x0
#5729 0 80000118 5e0ec1d7 v 03 0000000000000000000000000000000095c3ec97d84a904d8ce74cf200000000 vmv.v.x v3, t4
#5730 0 8000011c 28618157 v 02 00000000000000000000000000000000c5b09685ad985d652d33450400c32f35 vor.vv v2, v6, v3, v0.t
#5731 0 80000120 70040397 r 07         f0040120  auipc    t2, 0x70040
#5732 0 80000124 1de38393 r 07         f00402fe  addi     t2, t2, 478
#5733 0 80000128 02038007 v 00 000000000000000000000000000000002f298d7f60f52b31d2ba8db500000008 vle8.v v0, (t2)
#5734 0 8000012c     4e81 r 1d         00000000  c.li     t4, 0x0
#5735 0 8000012e 5e0ec1d7 v 03 0000000000000000000000000000000095c3ec97d84a904d8ce74cf200000000 vmv.v.x v3, t4
#5736 0 80000132 28618157 v 02 00000000000000000000000000000000c5b09685ad985d652d33450495c32f35 vor.vv v2, v6, v3, v0.t
#5737 0 80000136 70040397 r 07         f0040136  auipc    t2, 0x70040
#5738 0 8000013a 1bc38393 r 07         f00402f2  addi     t2, t2, 444
#5739 0 8000013e 02038007 v 00 000000000000000000000000000000002f298d7f60f52b31d2ba8db500000001 vle8.v v0, (t2)
#5740 0 80000142 0e21a257 v 04 000000000000000000000000000000000000000000000000000000000000004c vredxor.vs v4, v2, v3
#5741 0 80000146 284182d7 v 05 000000000000000000000000000000000000000000000000000000000000004c vor.vv v5, v4, v3, v0.t
#5742 0 8000014a 70040397 r 07         f004014a  auipc    t2, 0x70040
#5743 0 8000014e 1a838393 r 07         f00402f2  addi     t2, t2, 424
#5744 0 80000152 02038007 v 00 000000000000000000000000000000002f298d7f60f52b31d2ba8db500000001 vle8.v v0, (t2)
#5745 0 80000156     4e81 r 1d         00000000  c.li     t4, 0x0
#5746 0 80000158 5e0ec157 v 02 00000000000000000000000000000000c5b09685ad985d652d33450400000000 vmv.v.x v2, t4
#5747 0 8000015c 28610157 v 02 00000000000000000000000000000000c5b09685ad985d652d33450400000097 vor.vv v2, v6, v2, v0.t
#5748 0 80000160 70040397 r 07         f0040160  auipc    t2, 0x70040
#5749 0 80000164 19638393 r 07         f00402f6  addi     t2, t2, 406
#5750 0 80000168 02038007 v 00 000000000000000000000000000000002f298d7f60f52b31d2ba8db500000002 vle8.v v0, (t2)
#5751 0 8000016c     4e81 r 1d         00000000  c.li     t4, 0x0
#5752 0 8000016e 5e0ec1d7 v 03 0000000000000000000000000000000095c3ec97d84a904d8ce74cf200000000 vmv.v.x v3, t4
#5753 0 80000172 28a18157 v 02 00000000000000000000000000000000c5b09685ad985d652d3345040000c397 vor.vv v2, v10, v3, v0.t
#5754 0 80000176 70040397 r 07         f0040176  auipc    t2, 0x70040
#5755 0 8000017a 18438393 r 07         f00402fa  addi     t2, t2, 388
#5756 0 8000017e 02038007 v 00 000000000000000000000000000000002f298d7f60f52b31d2ba8db500000004 vle8.v v0, (t2)
#5757 0 80000182     4e81 r 1d         00000000  c.li     t4, 0x0
#5758 0 80000184 5e0ec1d7 v 03 0000000000000000000000000000000095c3ec97d84a904d8ce74cf200000000 vmv.v.x v3, t4
#5759 0 80000188 29218157 v 02 00000000000000000000000000000000c5b09685ad985d652d334504005ec397 vor.vv v2, v18, v3, v0.t
#5760 0 8000018c 70040397 r 07         f004018c  auipc    t2, 0x70040
#5761 0 80000190 17238393 r 07         f00402fe  addi     t2, t2, 370
#5762 0 80000194 02038007 v 00 000000000000000000000000000000002f298d7f60f52b31d2ba8db500000008 vle8.v v0, (t2)
#5763 0 80000198     4e81 r 1d         00000000  c.li     t4, 0x0
#5764 0 8000019a 5e0ec1d7 v 03 0000000000000000000000000000000095c3ec97d84a904d8ce74cf200000000 vmv.v.x v3, t4
#5765 0 8000019e 28618157 v 02 00000000000000000000000000000000c5b09685ad985d652d334504955ec397 vor.vv v2, v6, v3, v0.t
#5766 0 800001a2 70040397 r 07         f00401a2  auipc    t2, 0x70040
#5767 0 800001a6 15438393 r 07         f00402f6  addi     t2, t2, 340
#5768 0 800001aa 02038007 v 00 000000000000000000000000000000002f298d7f60f52b31d2ba8db500000002 vle8.v v0, (t2)
#5769 0 800001ae 0e21a257 v 04 000000000000000000000000000000000000000000000000000000000000009f vredxor.vs v4, v2, v3
#5770 0 800001b2 3a40bb57 v 16 0000000000000000000000000000000000000000000000000000000000009f00 vslideup.vi v22, v4, 1
#5771 0 800001b6 296182d7 v 05 0000000000000000000000000000000000000000000000000000000000009f4c vor.vv v5, v22, v3, v0.t
#5772 0 800001ba 70040397 r 07         f00401ba  auipc    t2, 0x70040
#5773 0 800001be 13838393 r 07         f00402f2  addi     t2, t2, 312
#5774 0 800001c2 02038007 v 00 000000000000000000000000000000002f298d7f60f52b31d2ba8db500000001 vle8.v v0, (t2)
#5775 0 800001c6     4e81 r 1d         00000000  c.li     t4, 0x0
#5776 0 800001c8 5e0ec157 v 02 00000000000000000000000000000000c5b09685ad985d652d33450400000000 vmv.v.x v2, t4
#5777 0 800001cc 28610157 v 02 00000000000000000000000000000000c5b09685ad985d652d33450400000097 vor.vv v2, v6, v2, v0.t
#5778 0 800001d0 70040397 r 07         f00401d0  auipc    t2, 0x70040
#5779 0 800001d4 12638393 r 07         f00402f6  addi     t2, t2, 294
#5780 0 800001d8 02038007 v 00 000000000000000000000000000000002f298d7f60f52b31d2ba8db500000002 vle8.v v0, (t2)
#5781 0 800001dc     4e81 r 1d         00000000  c.li     t4, 0x0
#5782 0 800001de 5e0ec1d7 v 03 0000000000000000000000000000000095c3ec97d84a904d8ce74cf200000000 vmv.v.x v3, t4
#5783 0 800001e2 28618157 v 02 00000000000000000000000000000000c5b09685ad985d652d3345040000ec97 vor.vv v2, v6, v3, v0.t
#5784 0 800001e6 70040397 r 07         f00401e6  auipc    t2, 0x70040
#5785 0 800001ea 11438393 r 07         f00402fa  addi     t2, t2, 276
#5786 0 800001ee 02038007 v 00 000000000000000000000000000000002f298d7f60f52b31d2ba8db500000004 vle8.v v0, (t2)
#5787 0 800001f2     4e81 r 1d         00000000  c.li     t4, 0x0
#5788 0 800001f4 5e0ec1d7 v 03 0000000000000000000000000000000095c3ec97d84a904d8ce74cf200000000 vmv.v.x v3, t4
#5789 0 800001f8 28a18157 v 02 00000000000000000000000000000000c5b09685ad985d652d334504009dec97 vor.vv v2, v10, v3, v0.t
#5790 0 800001fc 70040397 r 07         f00401fc  auipc    t2, 0x70040
#5791 0 80000200 10238393 r 07         f00402fe  addi     t2, t2, 258
#5792 0 80000204 02038007 v 00 000000000000000000000000000000002f298d7f60f52b31d2ba8db500000008 vle8.v v0, (t2)
#5793 0 80000208     4e81 r 1d         00000000  c.li     t4, 0x0
#5794 0 8000020a 5e0ec1d7 v 03 0000000000000000000000000000000095c3ec97d84a904d8ce74cf200000000 vmv.v.x v3, t4
#5795 0 8000020e 29218157 v 02 00000000000000000000000000000000c5b09685ad985d652d334504a49dec97 vor.vv v2, v18, v3, v0.t
#5796 0 80000212 70040397 r 07         f0040212  auipc    t2, 0x70040
#5797 0 80000216 0e838393 r 07         f00402fa  addi     t2, t2, 232
#5798 0 8000021a 02038007 v 00 000000000000000000000000000000002f298d7f60f52b31d2ba8db500000004 vle8.v v0, (t2)
#5799 0 8000021e 0e21a257 v 04 0000000000000000000000000000000000000000000000000000000000000042 vredxor.vs v4, v2, v3
#5800 0 80000222 3a413b57 v 16 0000000000000000000000000000000000000000000000000000000000429f00 vslideup.vi v22, v4, 2
#5801 0 80000226 296182d7 v 05 0000000000000000000000000000000000000000000000000000000000429f4c vor.vv v5, v22, v3, v0.t
#5802 0 8000022a 70040397 r 07         f004022a  auipc    t2, 0x70040
#5803 0 8000022e 0c838393 r 07         f00402f2  addi     t2, t2, 200
#5804 0 80000232 02038007 v 00 000000000000000000000000000000002f298d7f60f52b31d2ba8db500000001 vle8.v v0, (t2)
#5805 0 80000236     4e81 r 1d         00000000  c.li     t4, 0x0
#5806 0 80000238 5e0ec157 v 02 00000000000000000000000000000000c5b09685ad985d652d33450400000000 vmv.v.x v2, t4
#5807 0 8000023c 29210157 v 02 00000000000000000000000000000000c5b09685ad985d652d334504000000a2 vor.vv v2, v18, v2, v0.t
#5808 0 80000240 70040397 r 07         f0040240  auipc    t2, 0x70040
#5809 0 80000244 0b638393 r 07         f00402f6  addi     t2, t2, 182
#5810 0 80000248 02038007 v 00 000000000000000000000000000000002f298d7f60f52b31d2ba8db500000002 vle8.v v0, (t2)
#5811 0 8000024c     4e81 r 1d         00000000  c.li     t4, 0x0
#5812 0 8000024e 5e0ec1d7 v 03 0000000000000000000000000000000095c3ec97d84a904d8ce74cf200000000 vmv.v.x v3, t4
#5813 0 80000252 28618157 v 02 00000000000000000000000000000000c5b09685ad985d652d3345040000eca2 vor.vv v2, v6, v3, v0.t
#5814 0 80000256 70040397 r 07         f0040256  auipc    t2, 0x70040
#5815 0 8000025a 0a438393 r 07         f00402fa  addi     t2, t2, 164
#5816 0 8000025e 02038007 v 00 000000000000000000000000000000002f298d7f60f52b31d2ba8db500000004 vle8.v v0, (t2)
#5817 0 80000262     4e81 r 1d         00000000  c.li     t4, 0x0
#5818 0 80000264 5e0ec1d7 v 03 0000000000000000000000000000000095c3ec97d84a904d8ce74cf200000000 vmv.v.x v3, t4
#5819 0 80000268 28618157 v 02 00000000000000000000000000000000c5b09685ad985d652d33450400c3eca2 vor.vv v2, v6, v3, v0.t
#5820 0 8000026c 70040397 r 07         f004026c  auipc    t2, 0x70040
#5821 0 80000270 09238393 r 07         f00402fe  addi     t2, t2, 146
#5822 0 80000274 02038007 v 00 000000000000000000000000000000002f298d7f60f52b31d2ba8db500000008 vle8.v v0, (t2)
#5823 0 80000278     4e81 r 1d         00000000  c.li     t4, 0x0
#5824 0 8000027a 5e0ec1d7 v 03 0000000000000000000000000000000095c3ec97d84a904d8ce74cf200000000 vmv.v.x v3, t4
#5825 0 8000027e 28a18157 v 02 00000000000000000000000000000000c5b09685ad985d652d33450431c3eca2 vor.vv v2, v10, v3, v0.t
#5826 0 80000282 0e21a257 v 04 00000000000000000000000000000000000000000000000000000000000000bc vredxor.vs v4, v2, v3
#5827 0 80000286 3a41bb57 v 16 00000000000000000000000000000000000000000000000000000000bc429f00 vslideup.vi v22, v4, 3
#5828 0 8000028a 296182d7 v 05 00000000000000000000000000000000000000000000000000000000bc429f4c vor.vv v5, v22, v3, v0.t
#5829 0 8000028e 020902a7 m f0040261   000000bc  vse8.v v5, (s2)
#5830 0 80000292     0911 r 12         f0040262  c.addi   s2, 0x4
#5831 0 80000294     0991 r 13         f004032a  c.addi   s3, 0x4
#5832 0 80000296     1ffd r 1f         00000000  c.addi   t6, -0x1
#5833 0 80000298 de0f9fe3 r 00         00000000  bne      t6, zero, . - 0x202
#5834 0 8000029c 70040917 r 12         f004029c  auipc    s2, 0x70040
#5835 0 800002a0 fa690913 r 12         f0040242  addi     s2, s2, -90
#5836 0 800002a4 70040997 r 13         f00402a4  auipc    s3, 0x70040
#5837 0 800002a8 d9e98993 r 13         f0040042  addi     s3, s3, -610
#5838 0 800002ac 70040a17 r 14         f00402ac  auipc    s4, 0x70040
#5839 0 800002b0 d8ca0a13 r 14         f0040038  addi     s4, s4, -628
#5840 0 800002b4     4291 r 05         00000004  c.li     t0, 0x4
#5841 0 800002b6 70040497 r 09         f00402b6  auipc    s1, 0x70040
#5842 0 800002ba e8c48493 r 09         f0040142  addi     s1, s1, -372
#5843 0 800002be 0002f2d7 r 05         00000004  vsetvli t0, t0, e8,m1,tu,mu  +
#5843 0 800002be 0002f2d7 c 0c20       00000004  vsetvli t0, t0, e8,m1,tu,mu  +
#5843 0 800002be 0002f2d7 c 0c21       00000000  vsetvli t0, t0, e8,m1,tu,mu
#5844 0 800002c2 02090307 v 06 000000000000000000000000000000000000000000000000000000002173d2ea vle8.v v6, (s2)
#5845 0 800002c6     0911 r 12         f0040246  c.addi   s2, 0x4
#5846 0 800002c8 02090387 v 07 00000000000000000000000000000000000000000000000000000000d2ba8db5 vle8.v v7, (s2)
#5847 0 800002cc     0911 r 12         f004024a  c.addi   s2, 0x4
#5848 0 800002ce 02090407 v 08 0000000000000000000000000000000000000000000000000000000060f52b31 vle8.v v8, (s2)
#5849 0 800002d2     0911 r 12         f004024e  c.addi   s2, 0x4
#5850 0 800002d4 02090487 v 09 000000000000000000000000000000000000000000000000000000002f298d7f vle8.v v9, (s2)
#5851 0 800002d8     1951 r 12         f0040242  c.addi   s2, -0xc
#5852 0 800002da 0002f2d7 r 05         00000004  vsetvli t0, t0, e8,m1,tu,mu  +
#5852 0 800002da 0002f2d7 c 0c20       00000004  vsetvli t0, t0, e8,m1,tu,mu  +
#5852 0 800002da 0002f2d7 c 0c21       00000000  vsetvli t0, t0, e8,m1,tu,mu
#5853 0 800002de 70040e17 r 1c         f00402de  auipc    t3, 0x70040
#5854 0 800002e2 ff4e0e13 r 1c         f00402d2  addi     t3, t3, -12
#5855 0 800002e6 70040e97 r 1d         f00402e6  auipc    t4, 0x70040
#5856 0 800002ea 01ce8e93 r 1d         f0040302  addi     t4, t4, 28
#5857 0 800002ee 020e0007 v 00 000000000000000000000000000000002f298d7f60f52b31d2ba8db500030201 vle8.v v0, (t3)
#5858 0 800002f2 020e84a7 m f0040305   0000002f  vse8.v v9, (t4)
#5859 0 800002f6 060e8507 v 0a 000000000000000000000000000000000000000000000000000000007f2f298d vluxei8.v v10, (t4), v0
#5860 0 800002fa 70040997 r 13         f00402fa  auipc    s3, 0x70040
#5861 0 800002fe d4898993 r 13         f0040042  addi     s3, s3, -696
#5862 0 80000302 06a98507 v 0a 00000000000000000000000000000000000000000000000000000000d215a55d vluxei8.v v10, (s3), v10
#5863 0 80000306 2e650357 v 06 00000000000000000000000000000000000000000000000000000000f36677b7 vxor.vv v6, v6, v10
#5864 0 8000030a     4285 r 05         00000001  c.li     t0, 0x1
#5865 0 8000030c 0002f2d7 r 05         00000001  vsetvli t0, t0, e8,m1,tu,mu  +
#5865 0 8000030c 0002f2d7 c 0c20       00000001  vsetvli t0, t0, e8,m1,tu,mu  +
#5865 0 8000030c 0002f2d7 c 0c21       00000000  vsetvli t0, t0, e8,m1,tu,mu
#5866 0 80000310 70040a17 r 14         f0040310  auipc    s4, 0x70040
#5867 0 80000314 d28a0a13 r 14         f0040038  addi     s4, s4, -728
#5868 0 80000318     9a6e r 14         f0040040  c.add    s4, s11
#5869 0 8000031a     0d85 r 1b         00000009  c.addi   s11, 0x1
#5870 0 8000031c 020a0f07 v 1e 000000000000000000000000000000000000000000000000000000000000001b vle8.v v30, (s4)
#5871 0 80000320     4291 r 05         00000004  c.li     t0, 0x4
#5872 0 80000322 0002f2d7 r 05         00000004  vsetvli t0, t0, e8,m1,tu,mu  +
#5872 0 80000322 0002f2d7 c 0c20       00000004  vsetvli t0, t0, e8,m1,tu,mu  +
#5872 0 80000322 0002f2d7 c 0c21       00000000  vsetvli t0, t0, e8,m1,tu,mu
#5873 0 80000326 2e6f0357 v 06 00000000000000000000000000000000000000000000000000000000f36677ac vxor.vv v6, v6, v30
#5874 0 8000032a     0a05 r 14         f0040041  c.addi   s4, 0x1
#5875 0 8000032c 2e7303d7 v 07 0000000000000000000000000000000000000000000000000000000021dcfa19 vxor.vv v7, v7, v6
#5876 0 80000330 2e838457 v 08 000000000000000000000000000000000000000000000000000000004129d128 vxor.vv v8, v8, v7
#5877 0 80000334 2e9404d7 v 09 000000000000000000000000000000000000000000000000000000006e005c57 vxor.vv v9, v9, v8
#5878 0 80000338 70040917 r 12         f0040338  auipc    s2, 0x70040
#5879 0 8000033c f0a90913 r 12         f0040242  addi     s2, s2, -246
#5880 0 80000340     4291 r 05         00000004  c.li     t0, 0x4
#5881 0 80000342 0002f2d7 r 05         00000004  vsetvli t0, t0, e8,m1,tu,mu  +
#5881 0 80000342 0002f2d7 c 0c20       00000004  vsetvli t0, t0, e8,m1,tu,mu  +
#5881 0 80000342 0002f2d7 c 0c21       00000000  vsetvli t0, t0, e8,m1,tu,mu
#5882 0 80000346 02090327 m f0040245   000000f3  vse8.v v6, (s2)
#5883 0 8000034a     0911 r 12         f0040246  c.addi   s2, 0x4
#5884 0 8000034c 020903a7 m f0040249   00000021  vse8.v v7, (s2)
#5885 0 80000350     0911 r 12         f004024a  c.addi   s2, 0x4
#5886 0 80000352 02090427 m f004024d   00000041  vse8.v v8, (s2)
#5887 0 80000356     0911 r 12         f004024e  c.addi   s2, 0x4
#5888 0 80000358 020904a7 m f0040251   0000006e  vse8.v v9, (s2)
#5889 0 8000035c 70040a97 r 15         f004035c  auipc    s5, 0x70040
#5890 0 80000360 ef6a8a93 r 15         f0040252  addi     s5, s5, -266
#5891 0 80000364 70040917 r 12         f0040364  auipc    s2, 0x70040
#5892 0 80000368 ede90913 r 12         f0040242  addi     s2, s2, -290
#5893 0 8000036c     42c1 r 05         00000010  c.li     t0, 0x10
#5894 0 8000036e 0002f2d7 r 05         00000010  vsetvli t0, t0, e8,m1,tu,mu  +
#5894 0 8000036e 0002f2d7 c 0c20       00000010  vsetvli t0, t0, e8,m1,tu,mu  +
#5894 0 8000036e 0002f2d7 c 0c21       00000000  vsetvli t0, t0, e8,m1,tu,mu
#5895 0 80000372 02090007 v 00 000000000000000000000000000000006e005c574129d12821dcfa19f36677ac vle8.v v0, (s2)
#5896 0 80000376 020a8087 v 01 00000000000000000000000000000000bc429f4ca63a70a3a5e4d440ed943747 vle8.v v1, (s5)
#5897 0 8000037a 2e100157 v 02 00000000000000000000000000000000d242c31be713a18b84382e591ef240eb vxor.vv v2, v1, v0
#5898 0 8000037e 020a8127 m f0040261   000000d2  vse8.v v2, (s5)
#5899 0 80000382     137d r 06         00000000  c.addi   t1, -0x1
#5900 0 80000384 ca0317e3 r 00         00000000  bne      t1, zero, . - 0x352
#5901 0 80000388 70040a17 r 14         f0040388  auipc    s4, 0x70040
#5902 0 8000038c c78a0a13 r 14         f0040000  addi     s4, s4, -904
#5903 0 80000390 70040997 r 13         f0040390  auipc    s3, 0x70040
#5904 0 80000394 cb298993 r 13         f0040042  addi     s3, s3, -846
#5905 0 80000398 70040a97 r 15         f0040398  auipc    s5, 0x70040
#5906 0 8000039c ebaa8a93 r 15         f0040252  addi     s5, s5, -326
#5907 0 800003a0     42c1 r 05         00000010  c.li     t0, 0x10
#5908 0 800003a2 0002f2d7 r 05         00000010  vsetvli t0, t0, e8,m1,tu,mu  +
#5908 0 800003a2 0002f2d7 c 0c20       00000010  vsetvli t0, t0, e8,m1,tu,mu  +
#5908 0 800003a2 0002f2d7 c 0c21       00000000  vsetvli t0, t0, e8,m1,tu,mu
#5909 0 800003a6 020a8107 v 02 00000000000000000000000000000000d242c31be713a18b84382e591ef240eb vle8.v v2, (s5)
#5910 0 800003aa 06298187 v 03 00000000000000000000000000000000b52c2eaf947d323d5f0731cb728909e9 vluxei8.v v3, (s3), v2
#5911 0 800003ae 020a81a7 m f0040261   000000b5  vse8.v v3, (s5)
#5912 0 800003b2     42c1 r 05         00000010  c.li     t0, 0x10
#5913 0 800003b4 70040497 r 09         f00403b4  auipc    s1, 0x70040
#5914 0 800003b8 e9e48493 r 09         f0040252  addi     s1, s1, -354
#5915 0 800003bc 70040917 r 12         f00403bc  auipc    s2, 0x70040
#5916 0 800003c0 f1a90913 r 12         f00402d6  addi     s2, s2, -230
#5917 0 800003c4 0002f2d7 r 05         00000010  vsetvli t0, t0, e8,m1,tu,mu  +
#5917 0 800003c4 0002f2d7 c 0c20       00000010  vsetvli t0, t0, e8,m1,tu,mu  +
#5917 0 800003c4 0002f2d7 c 0c21       00000000  vsetvli t0, t0, e8,m1,tu,mu
#5918 0 800003c8 02090087 v 01 000000000000000000000000000000000b06010c07020d08030e09040f0a0500 vle8.v v1, (s2)
#5919 0 800003cc 06148187 v 03 00000000000000000000000000000000940709af5f892e3d722c32cbb57d31e9 vluxei8.v v3, (s1), v1
#5920 0 800003d0 020481a7 m f0040261   00000094  vse8.v v3, (s1)
#5921 0 800003d4 70040917 r 12         f00403d4  auipc    s2, 0x70040
#5922 0 800003d8 e6e90913 r 12         f0040242  addi     s2, s2, -402
#5923 0 800003dc 70040997 r 13         f00403dc  auipc    s3, 0x70040
#5924 0 800003e0 c6698993 r 13         f0040042  addi     s3, s3, -922
#5925 0 800003e4 70040a17 r 14         f00403e4  auipc    s4, 0x70040
#5926 0 800003e8 c54a0a13 r 14         f0040038  addi     s4, s4, -940
#5927 0 800003ec     4291 r 05         00000004  c.li     t0, 0x4
#5928 0 800003ee 0002f2d7 r 05         00000004  vsetvli t0, t0, e8,m1,tu,mu  +
#5928 0 800003ee 0002f2d7 c 0c20       00000004  vsetvli t0, t0, e8,m1,tu,mu  +
#5928 0 800003ee 0002f2d7 c 0c21       00000000  vsetvli t0, t0, e8,m1,tu,mu
#5929 0 800003f2 02090307 v 06 00000000000000000000000000000000000000000000000000000000f36677ac vle8.v v6, (s2)
#5930 0 800003f6     0911 r 12         f0040246  c.addi   s2, 0x4
#5931 0 800003f8 02090387 v 07 0000000000000000000000000000000000000000000000000000000021dcfa19 vle8.v v7, (s2)
#5932 0 800003fc     0911 r 12         f004024a  c.addi   s2, 0x4
#5933 0 800003fe 02090407 v 08 000000000000000000000000000000000000000000000000000000004129d128 vle8.v v8, (s2)
#5934 0 80000402     0911 r 12         f004024e  c.addi   s2, 0x4
#5935 0 80000404 02090487 v 09 000000000000000000000000000000000000000000000000000000006e005c57 vle8.v v9, (s2)
#5936 0 80000408     1951 r 12         f0040242  c.addi   s2, -0xc
#5937 0 8000040a 0002f2d7 r 05         00000004  vsetvli t0, t0, e8,m1,tu,mu  +
#5937 0 8000040a 0002f2d7 c 0c20       00000004  vsetvli t0, t0, e8,m1,tu,mu  +
#5937 0 8000040a 0002f2d7 c 0c21       00000000  vsetvli t0, t0, e8,m1,tu,mu
#5938 0 8000040e 70040e17 r 1c         f004040e  auipc    t3, 0x70040
#5939 0 80000412 ec4e0e13 r 1c         f00402d2  addi     t3, t3, -316
#5940 0 80000416 70040e97 r 1d         f0040416  auipc    t4, 0x70040
#5941 0 8000041a eece8e93 r 1d         f0040302  addi     t4, t4, -276
#5942 0 8000041e 020e0007 v 00 000000000000000000000000000000006e005c574129d12821dcfa1900030201 vle8.v v0, (t3)
#5943 0 80000422 020e84a7 m f0040305   0000006e  vse8.v v9, (t4)
#5944 0 80000426 060e8507 v 0a 00000000000000000000000000000000000000000000000000000000576e005c vluxei8.v v10, (t4), v0
#5945 0 8000042a 70040997 r 13         f004042a  auipc    s3, 0x70040
#5946 0 8000042e c1898993 r 13         f0040042  addi     s3, s3, -1000
#5947 0 80000432 06a98507 v 0a 000000000000000000000000000000000000000000000000000000005b9f634a vluxei8.v v10, (s3), v10
#5948 0 80000436 2e650357 v 06 00000000000000000000000000000000000000000000000000000000a8f914e6 vxor.vv v6, v6, v10
#5949 0 8000043a     4285 r 05         00000001  c.li     t0, 0x1
#5950 0 8000043c 0002f2d7 r 05         00000001  vsetvli t0, t0, e8,m1,tu,mu  +
#5950 0 8000043c 0002f2d7 c 0c20       00000001  vsetvli t0, t0, e8,m1,tu,mu  +
#5950 0 8000043c 0002f2d7 c 0c21       00000000  vsetvli t0, t0, e8,m1,tu,mu
#5951 0 80000440 70040a17 r 14         f0040440  auipc    s4, 0x70040
#5952 0 80000444 bf8a0a13 r 14         f0040038  addi     s4, s4, -1032
#5953 0 80000448     9a6e r 14         f0040041  c.add    s4, s11
#5954 0 8000044a 020a0f07 v 1e 0000000000000000000000000000000000000000000000000000000000000036 vle8.v v30, (s4)
#5955 0 8000044e     0d85 r 1b         0000000a  c.addi   s11, 0x1
#5956 0 80000450     4291 r 05         00000004  c.li     t0, 0x4
#5957 0 80000452 0002f2d7 r 05         00000004  vsetvli t0, t0, e8,m1,tu,mu  +
#5957 0 80000452 0002f2d7 c 0c20       00000004  vsetvli t0, t0, e8,m1,tu,mu  +
#5957 0 80000452 0002f2d7 c 0c21       00000000  vsetvli t0, t0, e8,m1,tu,mu
#5958 0 80000456 2e6f0357 v 06 00000000000000000000000000000000000000000000000000000000a8f914d0 vxor.vv v6, v6, v30
#5959 0 8000045a     0a05 r 14         f0040042  c.addi   s4, 0x1
#5960 0 8000045c 2e7303d7 v 07 000000000000000000000000000000000000000000000000000000008925eec9 vxor.vv v7, v7, v6
#5961 0 80000460 2e838457 v 08 00000000000000000000000000000000000000000000000000000000c80c3fe1 vxor.vv v8, v8, v7
#5962 0 80000464 2e9404d7 v 09 00000000000000000000000000000000000000000000000000000000a60c63b6 vxor.vv v9, v9, v8
#5963 0 80000468 70040917 r 12         f0040468  auipc    s2, 0x70040
#5964 0 8000046c dda90913 r 12         f0040242  addi     s2, s2, -550
#5965 0 80000470     4291 r 05         00000004  c.li     t0, 0x4
#5966 0 80000472 0002f2d7 r 05         00000004  vsetvli t0, t0, e8,m1,tu,mu  +
#5966 0 80000472 0002f2d7 c 0c20       00000004  vsetvli t0, t0, e8,m1,tu,mu  +
#5966 0 80000472 0002f2d7 c 0c21       00000000  vsetvli t0, t0, e8,m1,tu,mu
#5967 0 80000476 02090327 m f0040245   000000a8  vse8.v v6, (s2)
#5968 0 8000047a     0911 r 12         f0040246  c.addi   s2, 0x4
#5969 0 8000047c 020903a7 m f0040249   00000089  vse8.v v7, (s2)
#5970 0 80000480     0911 r 12         f004024a  c.addi   s2, 0x4
#5971 0 80000482 02090427 m f004024d   000000c8  vse8.v v8, (s2)
#5972 0 80000486     0911 r 12         f004024e  c.addi   s2, 0x4
#5973 0 80000488 020904a7 m f0040251   000000a6  vse8.v v9, (s2)
#5974 0 8000048c     1951 r 12         f0040242  c.addi   s2, -0xc
#5975 0 8000048e 70040a97 r 15         f004048e  auipc    s5, 0x70040
#5976 0 80000492 dc4a8a93 r 15         f0040252  addi     s5, s5, -572
#5977 0 80000496 70040917 r 12         f0040496  auipc    s2, 0x70040
#5978 0 8000049a dac90913 r 12         f0040242  addi     s2, s2, -596
#5979 0 8000049e     42c1 r 05         00000010  c.li     t0, 0x10
#5980 0 800004a0 0002f2d7 r 05         00000010  vsetvli t0, t0, e8,m1,tu,mu  +
#5980 0 800004a0 0002f2d7 c 0c20       00000010  vsetvli t0, t0, e8,m1,tu,mu  +
#5980 0 800004a0 0002f2d7 c 0c21       00000000  vsetvli t0, t0, e8,m1,tu,mu
#5981 0 800004a4 02090007 v 00 00000000000000000000000000000000a60c63b6c80c3fe18925eec9a8f914d0 vle8.v v0, (s2)
#5982 0 800004a8 020a8087 v 01 00000000000000000000000000000000940709af5f892e3d722c32cbb57d31e9 vle8.v v1, (s5)
#5983 0 800004ac 2e100157 v 02 00000000000000000000000000000000320b6a19978511dcfb09dc021d842539 vxor.vv v2, v1, v0
#5984 0 800004b0 020a8127 m f0040261   00000032  vse8.v v2, (s5)
#5985 0 800004b4     0000 c 0300       80006600  illegal  +
#5985 0 800004b4     0000 c 0341       800004b4  illegal  +
#5985 0 800004b4     0000 c 0342       00000002  illegal  +
#5985 0 800004b4     0000 c 0343       00000000  illegal
#5986 0 00000000     0000 c 0300       80006600  illegal  +
#5986 0 00000000     0000 c 0341       00000000  illegal  +
#5986 0 00000000     0000 c 0342       00000002  illegal  +
#5986 0 00000000     0000 c 0343       00000000  illegal
#5987 0 00000000     0000 c 0300       80006600  illegal  +
#5987 0 00000000     0000 c 0341       00000000  illegal  +
#5987 0 00000000     0000 c 0342       00000002  illegal  +
#5987 0 00000000     0000 c 0343       00000000  illegal
#5988 0 00000000     0000 c 0300       80006600  illegal  +
#5988 0 00000000     0000 c 0341       00000000  illegal  +
#5988 0 00000000     0000 c 0342       00000002  illegal  +
#5988 0 00000000     0000 c 0343       00000000  illegal
#5989 0 00000000     0000 c 0300       80006600  illegal  +
#5989 0 00000000     0000 c 0341       00000000  illegal  +
#5989 0 00000000     0000 c 0342       00000002  illegal  +
#5989 0 00000000     0000 c 0343       00000000  illegal
#5990 0 00000000     0000 c 0300       80006600  illegal  +
#5990 0 00000000     0000 c 0341       00000000  illegal  +
#5990 0 00000000     0000 c 0342       00000002  illegal  +
#5990 0 00000000     0000 c 0343       00000000  illegal
#5991 0 00000000     0000 c 0300       80006600  illegal  +
#5991 0 00000000     0000 c 0341       00000000  illegal  +
#5991 0 00000000     0000 c 0342       00000002  illegal  +
#5991 0 00000000     0000 c 0343       00000000  illegal
#5992 0 00000000     0000 c 0300       80006600  illegal  +
#5992 0 00000000     0000 c 0341       00000000  illegal  +
#5992 0 00000000     0000 c 0342       00000002  illegal  +
#5992 0 00000000     0000 c 0343       00000000  illegal
#5993 0 00000000     0000 c 0300       80006600  illegal  +
#5993 0 00000000     0000 c 0341       00000000  illegal  +
#5993 0 00000000     0000 c 0342       00000002  illegal  +
#5993 0 00000000     0000 c 0343       00000000  illegal
#5994 0 00000000     0000 c 0300       80006600  illegal  +
#5994 0 00000000     0000 c 0341       00000000  illegal  +
#5994 0 00000000     0000 c 0342       00000002  illegal  +
#5994 0 00000000     0000 c 0343       00000000  illegal
#5995 0 00000000     0000 c 0300       80006600  illegal  +
#5995 0 00000000     0000 c 0341       00000000  illegal  +
#5995 0 00000000     0000 c 0342       00000002  illegal  +
#5995 0 00000000     0000 c 0343       00000000  illegal
#5996 0 00000000     0000 c 0300       80006600  illegal  +
#5996 0 00000000     0000 c 0341       00000000  illegal  +
#5996 0 00000000     0000 c 0342       00000002  illegal  +
#5996 0 00000000     0000 c 0343       00000000  illegal
#5997 0 00000000     0000 c 0300       80006600  illegal  +
#5997 0 00000000     0000 c 0341       00000000  illegal  +
#5997 0 00000000     0000 c 0342       00000002  illegal  +
#5997 0 00000000     0000 c 0343       00000000  illegal
#5998 0 00000000     0000 c 0300       80006600  illegal  +
#5998 0 00000000     0000 c 0341       00000000  illegal  +
#5998 0 00000000     0000 c 0342       00000002  illegal  +
#5998 0 00000000     0000 c 0343       00000000  illegal
#5999 0 00000000     0000 c 0300       80006600  illegal  +
#5999 0 00000000     0000 c 0341       00000000  illegal  +
#5999 0 00000000     0000 c 0342       00000002  illegal  +
#5999 0 00000000     0000 c 0343       00000000  illegal
#6000 0 00000000     0000 c 0300       80006600  illegal  +
#6000 0 00000000     0000 c 0341       00000000  illegal  +
#6000 0 00000000     0000 c 0342       00000002  illegal  +
#6000 0 00000000     0000 c 0343       00000000  illegal
#6001 0 00000000     0000 c 0300       80006600  illegal  +
#6001 0 00000000     0000 c 0341       00000000  illegal  +
#6001 0 00000000     0000 c 0342       00000002  illegal  +
#6001 0 00000000     0000 c 0343       00000000  illegal
#6002 0 00000000     0000 c 0300       80006600  illegal  +
#6002 0 00000000     0000 c 0341       00000000  illegal  +
#6002 0 00000000     0000 c 0342       00000002  illegal  +
#6002 0 00000000     0000 c 0343       00000000  illegal
#6003 0 00000000     0000 c 0300       80006600  illegal  +
#6003 0 00000000     0000 c 0341       00000000  illegal  +
#6003 0 00000000     0000 c 0342       00000002  illegal  +
#6003 0 00000000     0000 c 0343       00000000  illegal
#6004 0 00000000     0000 c 0300       80006600  illegal  +
#6004 0 00000000     0000 c 0341       00000000  illegal  +
#6004 0 00000000     0000 c 0342       00000002  illegal  +
#6004 0 00000000     0000 c 0343       00000000  illegal
#6005 0 00000000     0000 c 0300       80006600  illegal  +
#6005 0 00000000     0000 c 0341       00000000  illegal  +
#6005 0 00000000     0000 c 0342       00000002  illegal  +
#6005 0 00000000     0000 c 0343       00000000  illegal
#6006 0 00000000     0000 c 0300       80006600  illegal  +
#6006 0 00000000     0000 c 0341       00000000  illegal  +
#6006 0 00000000     0000 c 0342       00000002  illegal  +
#6006 0 00000000     0000 c 0343       00000000  illegal
#6007 0 00000000     0000 c 0300       80006600  illegal  +
#6007 0 00000000     0000 c 0341       00000000  illegal  +
#6007 0 00000000     0000 c 0342       00000002  illegal  +
#6007 0 00000000     0000 c 0343       00000000  illegal
#6008 0 00000000     0000 c 0300       80006600  illegal  +
#6008 0 00000000     0000 c 0341       00000000  illegal  +
#6008 0 00000000     0000 c 0342       00000002  illegal  +
#6008 0 00000000     0000 c 0343       00000000  illegal
#6009 0 00000000     0000 c 0300       80006600  illegal  +
#6009 0 00000000     0000 c 0341       00000000  illegal  +
#6009 0 00000000     0000 c 0342       00000002  illegal  +
#6009 0 00000000     0000 c 0343       00000000  illegal
#6010 0 00000000     0000 c 0300       80006600  illegal  +
#6010 0 00000000     0000 c 0341       00000000  illegal  +
#6010 0 00000000     0000 c 0342       00000002  illegal  +
#6010 0 00000000     0000 c 0343       00000000  illegal
#6011 0 00000000     0000 c 0300       80006600  illegal  +
#6011 0 00000000     0000 c 0341       00000000  illegal  +
#6011 0 00000000     0000 c 0342       00000002  illegal  +
#6011 0 00000000     0000 c 0343       00000000  illegal
#6012 0 00000000     0000 c 0300       80006600  illegal  +
#6012 0 00000000     0000 c 0341       00000000  illegal  +
#6012 0 00000000     0000 c 0342       00000002  illegal  +
#6012 0 00000000     0000 c 0343       00000000  illegal
#6013 0 00000000     0000 c 0300       80006600  illegal  +
#6013 0 00000000     0000 c 0341       00000000  illegal  +
#6013 0 00000000     0000 c 0342       00000002  illegal  +
#6013 0 00000000     0000 c 0343       00000000  illegal
#6014 0 00000000     0000 c 0300       80006600  illegal  +
#6014 0 00000000     0000 c 0341       00000000  illegal  +
#6014 0 00000000     0000 c 0342       00000002  illegal  +
#6014 0 00000000     0000 c 0343       00000000  illegal
#6015 0 00000000     0000 c 0300       80006600  illegal  +
#6015 0 00000000     0000 c 0341       00000000  illegal  +
#6015 0 00000000     0000 c 0342       00000002  illegal  +
#6015 0 00000000     0000 c 0343       00000000  illegal
#6016 0 00000000     0000 c 0300       80006600  illegal  +
#6016 0 00000000     0000 c 0341       00000000  illegal  +
#6016 0 00000000     0000 c 0342       00000002  illegal  +
#6016 0 00000000     0000 c 0343       00000000  illegal
#6017 0 00000000     0000 c 0300       80006600  illegal  +
#6017 0 00000000     0000 c 0341       00000000  illegal  +
#6017 0 00000000     0000 c 0342       00000002  illegal  +
#6017 0 00000000     0000 c 0343       00000000  illegal
#6018 0 00000000     0000 c 0300       80006600  illegal  +
#6018 0 00000000     0000 c 0341       00000000  illegal  +
#6018 0 00000000     0000 c 0342       00000002  illegal  +
#6018 0 00000000     0000 c 0343       00000000  illegal
#6019 0 00000000     0000 c 0300       80006600  illegal  +
#6019 0 00000000     0000 c 0341       00000000  illegal  +
#6019 0 00000000     0000 c 0342       00000002  illegal  +
#6019 0 00000000     0000 c 0343       00000000  illegal
#6020 0 00000000     0000 c 0300       80006600  illegal  +
#6020 0 00000000     0000 c 0341       00000000  illegal  +
#6020 0 00000000     0000 c 0342       00000002  illegal  +
#6020 0 00000000     0000 c 0343       00000000  illegal
#6021 0 00000000     0000 c 0300       80006600  illegal  +
#6021 0 00000000     0000 c 0341       00000000  illegal  +
#6021 0 00000000     0000 c 0342       00000002  illegal  +
#6021 0 00000000     0000 c 0343       00000000  illegal
#6022 0 00000000     0000 c 0300       80006600  illegal  +
#6022 0 00000000     0000 c 0341       00000000  illegal  +
#6022 0 00000000     0000 c 0342       00000002  illegal  +
#6022 0 00000000     0000 c 0343       00000000  illegal
#6023 0 00000000     0000 c 0300       80006600  illegal  +
#6023 0 00000000     0000 c 0341       00000000  illegal  +
#6023 0 00000000     0000 c 0342       00000002  illegal  +
#6023 0 00000000     0000 c 0343       00000000  illegal
#6024 0 00000000     0000 c 0300       80006600  illegal  +
#6024 0 00000000     0000 c 0341       00000000  illegal  +
#6024 0 00000000     0000 c 0342       00000002  illegal  +
#6024 0 00000000     0000 c 0343       00000000  illegal
#6025 0 00000000     0000 c 0300       80006600  illegal  +
#6025 0 00000000     0000 c 0341       00000000  illegal  +
#6025 0 00000000     0000 c 0342       00000002  illegal  +
#6025 0 00000000     0000 c 0343       00000000  illegal
#6026 0 00000000     0000 c 0300       80006600  illegal  +
#6026 0 00000000     0000 c 0341       00000000  illegal  +
#6026 0 00000000     0000 c 0342       00000002  illegal  +
#6026 0 00000000     0000 c 0343       00000000  illegal
#6027 0 00000000     0000 c 0300       80006600  illegal  +
#6027 0 00000000     0000 c 0341       00000000  illegal  +
#6027 0 00000000     0000 c 0342       00000002  illegal  +
#6027 0 00000000     0000 c 0343       00000000  illegal
#6028 0 00000000     0000 c 0300       80006600  illegal  +
#6028 0 00000000     0000 c 0341       00000000  illegal  +
#6028 0 00000000     0000 c 0342       00000002  illegal  +
#6028 0 00000000     0000 c 0343       00000000  illegal
#6029 0 00000000     0000 c 0300       80006600  illegal  +
#6029 0 00000000     0000 c 0341       00000000  illegal  +
#6029 0 00000000     0000 c 0342       00000002  illegal  +
#6029 0 00000000     0000 c 0343       00000000  illegal
#6030 0 00000000     0000 c 0300       80006600  illegal  +
#6030 0 00000000     0000 c 0341       00000000  illegal  +
#6030 0 00000000     0000 c 0342       00000002  illegal  +
#6030 0 00000000     0000 c 0343       00000000  illegal
#6031 0 00000000     0000 c 0300       80006600  illegal  +
#6031 0 00000000     0000 c 0341       00000000  illegal  +
#6031 0 00000000     0000 c 0342       00000002  illegal  +
#6031 0 00000000     0000 c 0343       00000000  illegal
#6032 0 00000000     0000 c 0300       80006600  illegal  +
#6032 0 00000000     0000 c 0341       00000000  illegal  +
#6032 0 00000000     0000 c 0342       00000002  illegal  +
#6032 0 00000000     0000 c 0343       00000000  illegal
#6033 0 00000000     0000 c 0300       80006600  illegal  +
#6033 0 00000000     0000 c 0341       00000000  illegal  +
#6033 0 00000000     0000 c 0342       00000002  illegal  +
#6033 0 00000000     0000 c 0343       00000000  illegal
#6034 0 00000000     0000 c 0300       80006600  illegal  +
#6034 0 00000000     0000 c 0341       00000000  illegal  +
#6034 0 00000000     0000 c 0342       00000002  illegal  +
#6034 0 00000000     0000 c 0343       00000000  illegal
#6035 0 00000000     0000 c 0300       80006600  illegal  +
#6035 0 00000000     0000 c 0341       00000000  illegal  +
#6035 0 00000000     0000 c 0342       00000002  illegal  +
#6035 0 00000000     0000 c 0343       00000000  illegal
#6036 0 00000000     0000 c 0300       80006600  illegal  +
#6036 0 00000000     0000 c 0341       00000000  illegal  +
#6036 0 00000000     0000 c 0342       00000002  illegal  +
#6036 0 00000000     0000 c 0343       00000000  illegal
#6037 0 00000000     0000 c 0300       80006600  illegal  +
#6037 0 00000000     0000 c 0341       00000000  illegal  +
#6037 0 00000000     0000 c 0342       00000002  illegal  +
#6037 0 00000000     0000 c 0343       00000000  illegal
#6038 0 00000000     0000 c 0300       80006600  illegal  +
#6038 0 00000000     0000 c 0341       00000000  illegal  +
#6038 0 00000000     0000 c 0342       00000002  illegal  +
#6038 0 00000000     0000 c 0343       00000000  illegal
#6039 0 00000000     0000 c 0300       80006600  illegal  +
#6039 0 00000000     0000 c 0341       00000000  illegal  +
#6039 0 00000000     0000 c 0342       00000002  illegal  +
#6039 0 00000000     0000 c 0343       00000000  illegal
#6040 0 00000000     0000 c 0300       80006600  illegal  +
#6040 0 00000000     0000 c 0341       00000000  illegal  +
#6040 0 00000000     0000 c 0342       00000002  illegal  +
#6040 0 00000000     0000 c 0343       00000000  illegal
#6041 0 00000000     0000 c 0300       80006600  illegal  +
#6041 0 00000000     0000 c 0341       00000000  illegal  +
#6041 0 00000000     0000 c 0342       00000002  illegal  +
#6041 0 00000000     0000 c 0343       00000000  illegal
#6042 0 00000000     0000 c 0300       80006600  illegal  +
#6042 0 00000000     0000 c 0341       00000000  illegal  +
#6042 0 00000000     0000 c 0342       00000002  illegal  +
#6042 0 00000000     0000 c 0343       00000000  illegal
#6043 0 00000000     0000 c 0300       80006600  illegal  +
#6043 0 00000000     0000 c 0341       00000000  illegal  +
#6043 0 00000000     0000 c 0342       00000002  illegal  +
#6043 0 00000000     0000 c 0343       00000000  illegal
#6044 0 00000000     0000 c 0300       80006600  illegal  +
#6044 0 00000000     0000 c 0341       00000000  illegal  +
#6044 0 00000000     0000 c 0342       00000002  illegal  +
#6044 0 00000000     0000 c 0343       00000000  illegal
#6045 0 00000000     0000 c 0300       80006600  illegal  +
#6045 0 00000000     0000 c 0341       00000000  illegal  +
#6045 0 00000000     0000 c 0342       00000002  illegal  +
#6045 0 00000000     0000 c 0343       00000000  illegal
#6046 0 00000000     0000 c 0300       80006600  illegal  +
#6046 0 00000000     0000 c 0341       00000000  illegal  +
#6046 0 00000000     0000 c 0342       00000002  illegal  +
#6046 0 00000000     0000 c 0343       00000000  illegal
#6047 0 00000000     0000 c 0300       80006600  illegal  +
#6047 0 00000000     0000 c 0341       00000000  illegal  +
#6047 0 00000000     0000 c 0342       00000002  illegal  +
#6047 0 00000000     0000 c 0343       00000000  illegal
#6048 0 00000000     0000 c 0300       80006600  illegal  +
#6048 0 00000000     0000 c 0341       00000000  illegal  +
#6048 0 00000000     0000 c 0342       00000002  illegal  +
#6048 0 00000000     0000 c 0343       00000000  illegal
#6049 0 00000000     0000 c 0300       80006600  illegal  +
#6049 0 00000000     0000 c 0341       00000000  illegal  +
#6049 0 00000000     0000 c 0342       00000002  illegal  +
#6049 0 00000000     0000 c 0343       00000000  illegal
#6050 0 00000000     0000 r 00         00000000  illegal
